[0.058s] Invoking command in '/home/kevo/robotics_inc/xarm_1s/build/xarm_1s_messages': CMAKE_PREFIX_PATH=${CMAKE_PREFIX_PATH}:/home/kevo/ws_moveit2/install/moveit_configs_utils:/home/kevo/ws_moveit2/install/launch_param_builder:/opt/ros/humble /usr/bin/cmake --build /home/kevo/robotics_inc/xarm_1s/build/xarm_1s_messages -- -j8 -l8
[0.202s] [  3%] Built target xarm_1s_messages__cpp
[0.202s] [ 12%] Built target xarm_1s_messages__rosidl_generator_c
[0.249s] [ 12%] Built target ament_cmake_python_copy_xarm_1s_messages
[0.289s] [ 22%] Built target xarm_1s_messages__rosidl_typesupport_introspection_c
[0.295s] [ 32%] Built target xarm_1s_messages__rosidl_typesupport_cpp
[0.313s] [ 41%] Built target xarm_1s_messages__rosidl_typesupport_fastrtps_c
[0.317s] [ 51%] Built target xarm_1s_messages__rosidl_typesupport_c
[0.341s] [ 61%] Built target xarm_1s_messages__rosidl_typesupport_fastrtps_cpp
[0.342s] [ 70%] Built target xarm_1s_messages__rosidl_typesupport_introspection_cpp
[0.421s] [ 70%] Built target xarm_1s_messages
[0.479s] [ 74%] Built target xarm_1s_messages__py
[0.587s] [ 80%] Built target xarm_1s_messages__rosidl_generator_py
[0.680s] [ 87%] Built target xarm_1s_messages__rosidl_typesupport_introspection_c__pyext
[0.687s] [ 93%] Built target xarm_1s_messages__rosidl_typesupport_c__pyext
[0.695s] [100%] Built target xarm_1s_messages__rosidl_typesupport_fastrtps_c__pyext
[1.111s] running egg_info
[1.113s] writing xarm_1s_messages.egg-info/PKG-INFO
[1.113s] writing dependency_links to xarm_1s_messages.egg-info/dependency_links.txt
[1.114s] writing top-level names to xarm_1s_messages.egg-info/top_level.txt
[1.121s] reading manifest file 'xarm_1s_messages.egg-info/SOURCES.txt'
[1.122s] writing manifest file 'xarm_1s_messages.egg-info/SOURCES.txt'
[1.208s] [100%] Built target ament_cmake_python_build_xarm_1s_messages_egg
[1.231s] Invoked command in '/home/kevo/robotics_inc/xarm_1s/build/xarm_1s_messages' returned '0': CMAKE_PREFIX_PATH=${CMAKE_PREFIX_PATH}:/home/kevo/ws_moveit2/install/moveit_configs_utils:/home/kevo/ws_moveit2/install/launch_param_builder:/opt/ros/humble /usr/bin/cmake --build /home/kevo/robotics_inc/xarm_1s/build/xarm_1s_messages -- -j8 -l8
[1.392s] Invoking command in '/home/kevo/robotics_inc/xarm_1s/build/xarm_1s_messages': CMAKE_PREFIX_PATH=${CMAKE_PREFIX_PATH}:/home/kevo/ws_moveit2/install/moveit_configs_utils:/home/kevo/ws_moveit2/install/launch_param_builder:/opt/ros/humble /usr/bin/cmake --install /home/kevo/robotics_inc/xarm_1s/build/xarm_1s_messages
[1.410s] -- Install configuration: ""
[1.411s] -- Up-to-date: /home/kevo/robotics_inc/xarm_1s/install/xarm_1s_messages/share/ament_index/resource_index/rosidl_interfaces/xarm_1s_messages
[1.411s] -- Up-to-date: /home/kevo/robotics_inc/xarm_1s/install/xarm_1s_messages/include/xarm_1s_messages/xarm_1s_messages
[1.411s] -- Up-to-date: /home/kevo/robotics_inc/xarm_1s/install/xarm_1s_messages/include/xarm_1s_messages/xarm_1s_messages/msg
[1.412s] -- Up-to-date: /home/kevo/robotics_inc/xarm_1s/install/xarm_1s_messages/include/xarm_1s_messages/xarm_1s_messages/msg/joy_msg.h
[1.412s] -- Up-to-date: /home/kevo/robotics_inc/xarm_1s/install/xarm_1s_messages/include/xarm_1s_messages/xarm_1s_messages/msg/rosidl_generator_c__visibility_control.h
[1.412s] -- Up-to-date: /home/kevo/robotics_inc/xarm_1s/install/xarm_1s_messages/include/xarm_1s_messages/xarm_1s_messages/msg/detail
[1.413s] -- Up-to-date: /home/kevo/robotics_inc/xarm_1s/install/xarm_1s_messages/include/xarm_1s_messages/xarm_1s_messages/msg/detail/joy_msg__type_support.h
[1.413s] -- Up-to-date: /home/kevo/robotics_inc/xarm_1s/install/xarm_1s_messages/include/xarm_1s_messages/xarm_1s_messages/msg/detail/joy_msg__functions.c
[1.413s] -- Up-to-date: /home/kevo/robotics_inc/xarm_1s/install/xarm_1s_messages/include/xarm_1s_messages/xarm_1s_messages/msg/detail/joy_msg__functions.h
[1.413s] -- Up-to-date: /home/kevo/robotics_inc/xarm_1s/install/xarm_1s_messages/include/xarm_1s_messages/xarm_1s_messages/msg/detail/joy_msg__struct.h
[1.413s] -- Up-to-date: /home/kevo/robotics_inc/xarm_1s/install/xarm_1s_messages/share/xarm_1s_messages/environment/library_path.sh
[1.414s] -- Up-to-date: /home/kevo/robotics_inc/xarm_1s/install/xarm_1s_messages/share/xarm_1s_messages/environment/library_path.dsv
[1.414s] -- Up-to-date: /home/kevo/robotics_inc/xarm_1s/install/xarm_1s_messages/lib/libxarm_1s_messages__rosidl_generator_c.so
[1.414s] -- Up-to-date: /home/kevo/robotics_inc/xarm_1s/install/xarm_1s_messages/include/xarm_1s_messages/xarm_1s_messages
[1.414s] -- Up-to-date: /home/kevo/robotics_inc/xarm_1s/install/xarm_1s_messages/include/xarm_1s_messages/xarm_1s_messages/msg
[1.415s] -- Up-to-date: /home/kevo/robotics_inc/xarm_1s/install/xarm_1s_messages/include/xarm_1s_messages/xarm_1s_messages/msg/rosidl_typesupport_fastrtps_c__visibility_control.h
[1.415s] -- Up-to-date: /home/kevo/robotics_inc/xarm_1s/install/xarm_1s_messages/include/xarm_1s_messages/xarm_1s_messages/msg/detail
[1.415s] -- Up-to-date: /home/kevo/robotics_inc/xarm_1s/install/xarm_1s_messages/include/xarm_1s_messages/xarm_1s_messages/msg/detail/joy_msg__rosidl_typesupport_fastrtps_c.h
[1.415s] -- Up-to-date: /home/kevo/robotics_inc/xarm_1s/install/xarm_1s_messages/lib/libxarm_1s_messages__rosidl_typesupport_fastrtps_c.so
[1.415s] -- Up-to-date: /home/kevo/robotics_inc/xarm_1s/install/xarm_1s_messages/include/xarm_1s_messages/xarm_1s_messages
[1.415s] -- Up-to-date: /home/kevo/robotics_inc/xarm_1s/install/xarm_1s_messages/include/xarm_1s_messages/xarm_1s_messages/msg
[1.415s] -- Up-to-date: /home/kevo/robotics_inc/xarm_1s/install/xarm_1s_messages/include/xarm_1s_messages/xarm_1s_messages/msg/rosidl_typesupport_introspection_c__visibility_control.h
[1.415s] -- Up-to-date: /home/kevo/robotics_inc/xarm_1s/install/xarm_1s_messages/include/xarm_1s_messages/xarm_1s_messages/msg/detail
[1.416s] -- Up-to-date: /home/kevo/robotics_inc/xarm_1s/install/xarm_1s_messages/include/xarm_1s_messages/xarm_1s_messages/msg/detail/joy_msg__type_support.c
[1.416s] -- Up-to-date: /home/kevo/robotics_inc/xarm_1s/install/xarm_1s_messages/include/xarm_1s_messages/xarm_1s_messages/msg/detail/joy_msg__rosidl_typesupport_introspection_c.h
[1.416s] -- Up-to-date: /home/kevo/robotics_inc/xarm_1s/install/xarm_1s_messages/lib/libxarm_1s_messages__rosidl_typesupport_introspection_c.so
[1.416s] -- Up-to-date: /home/kevo/robotics_inc/xarm_1s/install/xarm_1s_messages/lib/libxarm_1s_messages__rosidl_typesupport_c.so
[1.416s] -- Up-to-date: /home/kevo/robotics_inc/xarm_1s/install/xarm_1s_messages/include/xarm_1s_messages/xarm_1s_messages
[1.416s] -- Up-to-date: /home/kevo/robotics_inc/xarm_1s/install/xarm_1s_messages/include/xarm_1s_messages/xarm_1s_messages/msg
[1.416s] -- Up-to-date: /home/kevo/robotics_inc/xarm_1s/install/xarm_1s_messages/include/xarm_1s_messages/xarm_1s_messages/msg/joy_msg.hpp
[1.417s] -- Up-to-date: /home/kevo/robotics_inc/xarm_1s/install/xarm_1s_messages/include/xarm_1s_messages/xarm_1s_messages/msg/detail
[1.417s] -- Up-to-date: /home/kevo/robotics_inc/xarm_1s/install/xarm_1s_messages/include/xarm_1s_messages/xarm_1s_messages/msg/detail/joy_msg__builder.hpp
[1.417s] -- Up-to-date: /home/kevo/robotics_inc/xarm_1s/install/xarm_1s_messages/include/xarm_1s_messages/xarm_1s_messages/msg/detail/joy_msg__traits.hpp
[1.417s] -- Up-to-date: /home/kevo/robotics_inc/xarm_1s/install/xarm_1s_messages/include/xarm_1s_messages/xarm_1s_messages/msg/detail/joy_msg__struct.hpp
[1.417s] -- Up-to-date: /home/kevo/robotics_inc/xarm_1s/install/xarm_1s_messages/include/xarm_1s_messages/xarm_1s_messages
[1.417s] -- Up-to-date: /home/kevo/robotics_inc/xarm_1s/install/xarm_1s_messages/include/xarm_1s_messages/xarm_1s_messages/msg
[1.418s] -- Up-to-date: /home/kevo/robotics_inc/xarm_1s/install/xarm_1s_messages/include/xarm_1s_messages/xarm_1s_messages/msg/rosidl_typesupport_fastrtps_cpp__visibility_control.h
[1.418s] -- Up-to-date: /home/kevo/robotics_inc/xarm_1s/install/xarm_1s_messages/include/xarm_1s_messages/xarm_1s_messages/msg/detail
[1.418s] -- Up-to-date: /home/kevo/robotics_inc/xarm_1s/install/xarm_1s_messages/include/xarm_1s_messages/xarm_1s_messages/msg/detail/dds_fastrtps
[1.418s] -- Up-to-date: /home/kevo/robotics_inc/xarm_1s/install/xarm_1s_messages/include/xarm_1s_messages/xarm_1s_messages/msg/detail/joy_msg__rosidl_typesupport_fastrtps_cpp.hpp
[1.419s] -- Up-to-date: /home/kevo/robotics_inc/xarm_1s/install/xarm_1s_messages/lib/libxarm_1s_messages__rosidl_typesupport_fastrtps_cpp.so
[1.419s] -- Up-to-date: /home/kevo/robotics_inc/xarm_1s/install/xarm_1s_messages/include/xarm_1s_messages/xarm_1s_messages
[1.420s] -- Up-to-date: /home/kevo/robotics_inc/xarm_1s/install/xarm_1s_messages/include/xarm_1s_messages/xarm_1s_messages/msg
[1.420s] -- Up-to-date: /home/kevo/robotics_inc/xarm_1s/install/xarm_1s_messages/include/xarm_1s_messages/xarm_1s_messages/msg/detail
[1.420s] -- Up-to-date: /home/kevo/robotics_inc/xarm_1s/install/xarm_1s_messages/include/xarm_1s_messages/xarm_1s_messages/msg/detail/joy_msg__rosidl_typesupport_introspection_cpp.hpp
[1.421s] -- Up-to-date: /home/kevo/robotics_inc/xarm_1s/install/xarm_1s_messages/include/xarm_1s_messages/xarm_1s_messages/msg/detail/joy_msg__type_support.cpp
[1.421s] -- Up-to-date: /home/kevo/robotics_inc/xarm_1s/install/xarm_1s_messages/lib/libxarm_1s_messages__rosidl_typesupport_introspection_cpp.so
[1.421s] -- Up-to-date: /home/kevo/robotics_inc/xarm_1s/install/xarm_1s_messages/lib/libxarm_1s_messages__rosidl_typesupport_cpp.so
[1.421s] -- Up-to-date: /home/kevo/robotics_inc/xarm_1s/install/xarm_1s_messages/share/xarm_1s_messages/environment/pythonpath.sh
[1.422s] -- Up-to-date: /home/kevo/robotics_inc/xarm_1s/install/xarm_1s_messages/share/xarm_1s_messages/environment/pythonpath.dsv
[1.422s] -- Up-to-date: /home/kevo/robotics_inc/xarm_1s/install/xarm_1s_messages/local/lib/python3.10/dist-packages/xarm_1s_messages-0.0.0-py3.10.egg-info
[1.422s] -- Installing: /home/kevo/robotics_inc/xarm_1s/install/xarm_1s_messages/local/lib/python3.10/dist-packages/xarm_1s_messages-0.0.0-py3.10.egg-info/top_level.txt
[1.422s] -- Installing: /home/kevo/robotics_inc/xarm_1s/install/xarm_1s_messages/local/lib/python3.10/dist-packages/xarm_1s_messages-0.0.0-py3.10.egg-info/dependency_links.txt
[1.422s] -- Installing: /home/kevo/robotics_inc/xarm_1s/install/xarm_1s_messages/local/lib/python3.10/dist-packages/xarm_1s_messages-0.0.0-py3.10.egg-info/SOURCES.txt
[1.422s] -- Installing: /home/kevo/robotics_inc/xarm_1s/install/xarm_1s_messages/local/lib/python3.10/dist-packages/xarm_1s_messages-0.0.0-py3.10.egg-info/PKG-INFO
[1.422s] -- Up-to-date: /home/kevo/robotics_inc/xarm_1s/install/xarm_1s_messages/local/lib/python3.10/dist-packages/xarm_1s_messages
[1.422s] -- Up-to-date: /home/kevo/robotics_inc/xarm_1s/install/xarm_1s_messages/local/lib/python3.10/dist-packages/xarm_1s_messages/libxarm_1s_messages__rosidl_generator_py.so
[1.423s] -- Up-to-date: /home/kevo/robotics_inc/xarm_1s/install/xarm_1s_messages/local/lib/python3.10/dist-packages/xarm_1s_messages/xarm_1s_messages_s__rosidl_typesupport_introspection_c.cpython-310-x86_64-linux-gnu.so
[1.423s] -- Up-to-date: /home/kevo/robotics_inc/xarm_1s/install/xarm_1s_messages/local/lib/python3.10/dist-packages/xarm_1s_messages/xarm_1s_messages_s__rosidl_typesupport_fastrtps_c.cpython-310-x86_64-linux-gnu.so
[1.423s] -- Up-to-date: /home/kevo/robotics_inc/xarm_1s/install/xarm_1s_messages/local/lib/python3.10/dist-packages/xarm_1s_messages/xarm_1s_messages_s__rosidl_typesupport_c.cpython-310-x86_64-linux-gnu.so
[1.423s] -- Up-to-date: /home/kevo/robotics_inc/xarm_1s/install/xarm_1s_messages/local/lib/python3.10/dist-packages/xarm_1s_messages/_xarm_1s_messages_s.ep.rosidl_typesupport_c.c
[1.423s] -- Up-to-date: /home/kevo/robotics_inc/xarm_1s/install/xarm_1s_messages/local/lib/python3.10/dist-packages/xarm_1s_messages/msg
[1.423s] -- Up-to-date: /home/kevo/robotics_inc/xarm_1s/install/xarm_1s_messages/local/lib/python3.10/dist-packages/xarm_1s_messages/msg/_joy_msg_s.c
[1.423s] -- Up-to-date: /home/kevo/robotics_inc/xarm_1s/install/xarm_1s_messages/local/lib/python3.10/dist-packages/xarm_1s_messages/msg/_joy_msg.py
[1.423s] -- Up-to-date: /home/kevo/robotics_inc/xarm_1s/install/xarm_1s_messages/local/lib/python3.10/dist-packages/xarm_1s_messages/msg/__init__.py
[1.423s] -- Up-to-date: /home/kevo/robotics_inc/xarm_1s/install/xarm_1s_messages/local/lib/python3.10/dist-packages/xarm_1s_messages/_xarm_1s_messages_s.ep.rosidl_typesupport_introspection_c.c
[1.424s] -- Up-to-date: /home/kevo/robotics_inc/xarm_1s/install/xarm_1s_messages/local/lib/python3.10/dist-packages/xarm_1s_messages/_xarm_1s_messages_s.ep.rosidl_typesupport_fastrtps_c.c
[1.424s] -- Up-to-date: /home/kevo/robotics_inc/xarm_1s/install/xarm_1s_messages/local/lib/python3.10/dist-packages/xarm_1s_messages/__init__.py
[1.478s] Listing '/home/kevo/robotics_inc/xarm_1s/install/xarm_1s_messages/local/lib/python3.10/dist-packages/xarm_1s_messages'...
[1.478s] Listing '/home/kevo/robotics_inc/xarm_1s/install/xarm_1s_messages/local/lib/python3.10/dist-packages/xarm_1s_messages/msg'...
[1.491s] -- Up-to-date: /home/kevo/robotics_inc/xarm_1s/install/xarm_1s_messages/local/lib/python3.10/dist-packages/xarm_1s_messages/xarm_1s_messages_s__rosidl_typesupport_fastrtps_c.cpython-310-x86_64-linux-gnu.so
[1.491s] -- Up-to-date: /home/kevo/robotics_inc/xarm_1s/install/xarm_1s_messages/local/lib/python3.10/dist-packages/xarm_1s_messages/xarm_1s_messages_s__rosidl_typesupport_introspection_c.cpython-310-x86_64-linux-gnu.so
[1.491s] -- Up-to-date: /home/kevo/robotics_inc/xarm_1s/install/xarm_1s_messages/local/lib/python3.10/dist-packages/xarm_1s_messages/xarm_1s_messages_s__rosidl_typesupport_c.cpython-310-x86_64-linux-gnu.so
[1.492s] -- Up-to-date: /home/kevo/robotics_inc/xarm_1s/install/xarm_1s_messages/lib/libxarm_1s_messages__rosidl_generator_py.so
[1.493s] -- Up-to-date: /home/kevo/robotics_inc/xarm_1s/install/xarm_1s_messages/share/xarm_1s_messages/msg/JoyMsg.idl
[1.493s] -- Up-to-date: /home/kevo/robotics_inc/xarm_1s/install/xarm_1s_messages/share/xarm_1s_messages/msg/JoyMsg.msg
[1.493s] -- Up-to-date: /home/kevo/robotics_inc/xarm_1s/install/xarm_1s_messages/share/ament_index/resource_index/package_run_dependencies/xarm_1s_messages
[1.493s] -- Up-to-date: /home/kevo/robotics_inc/xarm_1s/install/xarm_1s_messages/share/ament_index/resource_index/parent_prefix_path/xarm_1s_messages
[1.494s] -- Up-to-date: /home/kevo/robotics_inc/xarm_1s/install/xarm_1s_messages/share/xarm_1s_messages/environment/ament_prefix_path.sh
[1.494s] -- Up-to-date: /home/kevo/robotics_inc/xarm_1s/install/xarm_1s_messages/share/xarm_1s_messages/environment/ament_prefix_path.dsv
[1.494s] -- Up-to-date: /home/kevo/robotics_inc/xarm_1s/install/xarm_1s_messages/share/xarm_1s_messages/environment/path.sh
[1.494s] -- Up-to-date: /home/kevo/robotics_inc/xarm_1s/install/xarm_1s_messages/share/xarm_1s_messages/environment/path.dsv
[1.494s] -- Up-to-date: /home/kevo/robotics_inc/xarm_1s/install/xarm_1s_messages/share/xarm_1s_messages/local_setup.bash
[1.494s] -- Up-to-date: /home/kevo/robotics_inc/xarm_1s/install/xarm_1s_messages/share/xarm_1s_messages/local_setup.sh
[1.495s] -- Up-to-date: /home/kevo/robotics_inc/xarm_1s/install/xarm_1s_messages/share/xarm_1s_messages/local_setup.zsh
[1.495s] -- Up-to-date: /home/kevo/robotics_inc/xarm_1s/install/xarm_1s_messages/share/xarm_1s_messages/local_setup.dsv
[1.495s] -- Installing: /home/kevo/robotics_inc/xarm_1s/install/xarm_1s_messages/share/xarm_1s_messages/package.dsv
[1.495s] -- Up-to-date: /home/kevo/robotics_inc/xarm_1s/install/xarm_1s_messages/share/ament_index/resource_index/packages/xarm_1s_messages
[1.496s] -- Up-to-date: /home/kevo/robotics_inc/xarm_1s/install/xarm_1s_messages/share/xarm_1s_messages/cmake/export_xarm_1s_messages__rosidl_generator_cExport.cmake
[1.496s] -- Up-to-date: /home/kevo/robotics_inc/xarm_1s/install/xarm_1s_messages/share/xarm_1s_messages/cmake/export_xarm_1s_messages__rosidl_generator_cExport-noconfig.cmake
[1.496s] -- Up-to-date: /home/kevo/robotics_inc/xarm_1s/install/xarm_1s_messages/share/xarm_1s_messages/cmake/export_xarm_1s_messages__rosidl_typesupport_fastrtps_cExport.cmake
[1.496s] -- Up-to-date: /home/kevo/robotics_inc/xarm_1s/install/xarm_1s_messages/share/xarm_1s_messages/cmake/export_xarm_1s_messages__rosidl_typesupport_fastrtps_cExport-noconfig.cmake
[1.497s] -- Up-to-date: /home/kevo/robotics_inc/xarm_1s/install/xarm_1s_messages/share/xarm_1s_messages/cmake/xarm_1s_messages__rosidl_typesupport_introspection_cExport.cmake
[1.497s] -- Up-to-date: /home/kevo/robotics_inc/xarm_1s/install/xarm_1s_messages/share/xarm_1s_messages/cmake/xarm_1s_messages__rosidl_typesupport_introspection_cExport-noconfig.cmake
[1.497s] -- Up-to-date: /home/kevo/robotics_inc/xarm_1s/install/xarm_1s_messages/share/xarm_1s_messages/cmake/xarm_1s_messages__rosidl_typesupport_cExport.cmake
[1.497s] -- Up-to-date: /home/kevo/robotics_inc/xarm_1s/install/xarm_1s_messages/share/xarm_1s_messages/cmake/xarm_1s_messages__rosidl_typesupport_cExport-noconfig.cmake
[1.497s] -- Up-to-date: /home/kevo/robotics_inc/xarm_1s/install/xarm_1s_messages/share/xarm_1s_messages/cmake/export_xarm_1s_messages__rosidl_generator_cppExport.cmake
[1.498s] -- Up-to-date: /home/kevo/robotics_inc/xarm_1s/install/xarm_1s_messages/share/xarm_1s_messages/cmake/export_xarm_1s_messages__rosidl_typesupport_fastrtps_cppExport.cmake
[1.498s] -- Up-to-date: /home/kevo/robotics_inc/xarm_1s/install/xarm_1s_messages/share/xarm_1s_messages/cmake/export_xarm_1s_messages__rosidl_typesupport_fastrtps_cppExport-noconfig.cmake
[1.498s] -- Up-to-date: /home/kevo/robotics_inc/xarm_1s/install/xarm_1s_messages/share/xarm_1s_messages/cmake/xarm_1s_messages__rosidl_typesupport_introspection_cppExport.cmake
[1.498s] -- Up-to-date: /home/kevo/robotics_inc/xarm_1s/install/xarm_1s_messages/share/xarm_1s_messages/cmake/xarm_1s_messages__rosidl_typesupport_introspection_cppExport-noconfig.cmake
[1.499s] -- Up-to-date: /home/kevo/robotics_inc/xarm_1s/install/xarm_1s_messages/share/xarm_1s_messages/cmake/xarm_1s_messages__rosidl_typesupport_cppExport.cmake
[1.499s] -- Up-to-date: /home/kevo/robotics_inc/xarm_1s/install/xarm_1s_messages/share/xarm_1s_messages/cmake/xarm_1s_messages__rosidl_typesupport_cppExport-noconfig.cmake
[1.500s] -- Up-to-date: /home/kevo/robotics_inc/xarm_1s/install/xarm_1s_messages/share/xarm_1s_messages/cmake/export_xarm_1s_messages__rosidl_generator_pyExport.cmake
[1.500s] -- Up-to-date: /home/kevo/robotics_inc/xarm_1s/install/xarm_1s_messages/share/xarm_1s_messages/cmake/export_xarm_1s_messages__rosidl_generator_pyExport-noconfig.cmake
[1.500s] -- Up-to-date: /home/kevo/robotics_inc/xarm_1s/install/xarm_1s_messages/share/xarm_1s_messages/cmake/rosidl_cmake-extras.cmake
[1.500s] -- Up-to-date: /home/kevo/robotics_inc/xarm_1s/install/xarm_1s_messages/share/xarm_1s_messages/cmake/ament_cmake_export_include_directories-extras.cmake
[1.500s] -- Up-to-date: /home/kevo/robotics_inc/xarm_1s/install/xarm_1s_messages/share/xarm_1s_messages/cmake/ament_cmake_export_libraries-extras.cmake
[1.500s] -- Up-to-date: /home/kevo/robotics_inc/xarm_1s/install/xarm_1s_messages/share/xarm_1s_messages/cmake/ament_cmake_export_targets-extras.cmake
[1.500s] -- Up-to-date: /home/kevo/robotics_inc/xarm_1s/install/xarm_1s_messages/share/xarm_1s_messages/cmake/rosidl_cmake_export_typesupport_targets-extras.cmake
[1.500s] -- Up-to-date: /home/kevo/robotics_inc/xarm_1s/install/xarm_1s_messages/share/xarm_1s_messages/cmake/ament_cmake_export_dependencies-extras.cmake
[1.500s] -- Up-to-date: /home/kevo/robotics_inc/xarm_1s/install/xarm_1s_messages/share/xarm_1s_messages/cmake/rosidl_cmake_export_typesupport_libraries-extras.cmake
[1.500s] -- Up-to-date: /home/kevo/robotics_inc/xarm_1s/install/xarm_1s_messages/share/xarm_1s_messages/cmake/xarm_1s_messagesConfig.cmake
[1.501s] -- Up-to-date: /home/kevo/robotics_inc/xarm_1s/install/xarm_1s_messages/share/xarm_1s_messages/cmake/xarm_1s_messagesConfig-version.cmake
[1.501s] -- Up-to-date: /home/kevo/robotics_inc/xarm_1s/install/xarm_1s_messages/share/xarm_1s_messages/package.xml
[1.505s] Invoked command in '/home/kevo/robotics_inc/xarm_1s/build/xarm_1s_messages' returned '0': CMAKE_PREFIX_PATH=${CMAKE_PREFIX_PATH}:/home/kevo/ws_moveit2/install/moveit_configs_utils:/home/kevo/ws_moveit2/install/launch_param_builder:/opt/ros/humble /usr/bin/cmake --install /home/kevo/robotics_inc/xarm_1s/build/xarm_1s_messages
