[0.069s] Invoking command in '/home/kevo/robotics_inc/xarm_1s/build/xarm_1s_hardware_interface': CMAKE_PREFIX_PATH=${CMAKE_PREFIX_PATH}:/home/kevo/ws_moveit2/install/moveit_configs_utils:/home/kevo/ws_moveit2/install/launch_param_builder:/opt/ros/humble /usr/bin/cmake --build /home/kevo/robotics_inc/xarm_1s/build/xarm_1s_hardware_interface -- -j8 -l8
[0.234s] [  0%] Built target ament_cmake_python_copy_xarm_1s_hardware_interface
[0.236s] [100%] Built target xarm_1s_hardware_interface
[0.973s] running egg_info
[0.975s] writing xarm_1s_hardware_interface.egg-info/PKG-INFO
[0.975s] writing dependency_links to xarm_1s_hardware_interface.egg-info/dependency_links.txt
[0.976s] writing top-level names to xarm_1s_hardware_interface.egg-info/top_level.txt
[0.980s] reading manifest file 'xarm_1s_hardware_interface.egg-info/SOURCES.txt'
[0.981s] writing manifest file 'xarm_1s_hardware_interface.egg-info/SOURCES.txt'
[1.076s] [100%] Built target ament_cmake_python_build_xarm_1s_hardware_interface_egg
[1.105s] Invoked command in '/home/kevo/robotics_inc/xarm_1s/build/xarm_1s_hardware_interface' returned '0': CMAKE_PREFIX_PATH=${CMAKE_PREFIX_PATH}:/home/kevo/ws_moveit2/install/moveit_configs_utils:/home/kevo/ws_moveit2/install/launch_param_builder:/opt/ros/humble /usr/bin/cmake --build /home/kevo/robotics_inc/xarm_1s/build/xarm_1s_hardware_interface -- -j8 -l8
[1.209s] Invoking command in '/home/kevo/robotics_inc/xarm_1s/build/xarm_1s_hardware_interface': CMAKE_PREFIX_PATH=${CMAKE_PREFIX_PATH}:/home/kevo/ws_moveit2/install/moveit_configs_utils:/home/kevo/ws_moveit2/install/launch_param_builder:/opt/ros/humble /usr/bin/cmake --install /home/kevo/robotics_inc/xarm_1s/build/xarm_1s_hardware_interface
[1.230s] -- Install configuration: ""
[1.231s] -- Up-to-date: /home/kevo/robotics_inc/xarm_1s/install/xarm_1s_hardware_interface/share/xarm_1s_hardware_interface/robotic_arm_hw_plugin.xml
[1.231s] -- Up-to-date: /home/kevo/robotics_inc/xarm_1s/install/xarm_1s_hardware_interface/share/xarm_1s_hardware_interface/environment/pythonpath.sh
[1.231s] -- Up-to-date: /home/kevo/robotics_inc/xarm_1s/install/xarm_1s_hardware_interface/share/xarm_1s_hardware_interface/environment/pythonpath.dsv
[1.232s] -- Up-to-date: /home/kevo/robotics_inc/xarm_1s/install/xarm_1s_hardware_interface/local/lib/python3.10/dist-packages/xarm_1s_hardware_interface-0.0.0-py3.10.egg-info
[1.232s] -- Installing: /home/kevo/robotics_inc/xarm_1s/install/xarm_1s_hardware_interface/local/lib/python3.10/dist-packages/xarm_1s_hardware_interface-0.0.0-py3.10.egg-info/top_level.txt
[1.233s] -- Installing: /home/kevo/robotics_inc/xarm_1s/install/xarm_1s_hardware_interface/local/lib/python3.10/dist-packages/xarm_1s_hardware_interface-0.0.0-py3.10.egg-info/dependency_links.txt
[1.234s] -- Installing: /home/kevo/robotics_inc/xarm_1s/install/xarm_1s_hardware_interface/local/lib/python3.10/dist-packages/xarm_1s_hardware_interface-0.0.0-py3.10.egg-info/SOURCES.txt
[1.234s] -- Installing: /home/kevo/robotics_inc/xarm_1s/install/xarm_1s_hardware_interface/local/lib/python3.10/dist-packages/xarm_1s_hardware_interface-0.0.0-py3.10.egg-info/PKG-INFO
[1.234s] -- Up-to-date: /home/kevo/robotics_inc/xarm_1s/install/xarm_1s_hardware_interface/local/lib/python3.10/dist-packages/xarm_1s_hardware_interface
[1.234s] -- Up-to-date: /home/kevo/robotics_inc/xarm_1s/install/xarm_1s_hardware_interface/local/lib/python3.10/dist-packages/xarm_1s_hardware_interface/__init__.py
[1.306s] Listing '/home/kevo/robotics_inc/xarm_1s/install/xarm_1s_hardware_interface/local/lib/python3.10/dist-packages/xarm_1s_hardware_interface'...
[1.330s] -- Up-to-date: /home/kevo/robotics_inc/xarm_1s/install/xarm_1s_hardware_interface/lib/libxarm_1s_hardware_interface.so
[1.331s] -- Up-to-date: /home/kevo/robotics_inc/xarm_1s/install/xarm_1s_hardware_interface/include/include
[1.331s] -- Up-to-date: /home/kevo/robotics_inc/xarm_1s/install/xarm_1s_hardware_interface/include/include/xarm_1s_hardware_interface
[1.332s] -- Up-to-date: /home/kevo/robotics_inc/xarm_1s/install/xarm_1s_hardware_interface/include/include/xarm_1s_hardware_interface/xarm.hpp
[1.333s] -- Up-to-date: /home/kevo/robotics_inc/xarm_1s/install/xarm_1s_hardware_interface/include/include/xarm_1s_hardware_interface/util.hpp
[1.334s] -- Up-to-date: /home/kevo/robotics_inc/xarm_1s/install/xarm_1s_hardware_interface/include/include/xarm_1s_hardware_interface/servo.hpp
[1.334s] -- Up-to-date: /home/kevo/robotics_inc/xarm_1s/install/xarm_1s_hardware_interface/include/include/xarm_1s_hardware_interface/hardware_interface.hpp
[1.335s] -- Up-to-date: /home/kevo/robotics_inc/xarm_1s/install/xarm_1s_hardware_interface/share/xarm_1s_hardware_interface/launch
[1.335s] -- Up-to-date: /home/kevo/robotics_inc/xarm_1s/install/xarm_1s_hardware_interface/share/xarm_1s_hardware_interface/config
[1.336s] -- Up-to-date: /home/kevo/robotics_inc/xarm_1s/install/xarm_1s_hardware_interface/share/xarm_1s_hardware_interface/config/robot_arm_controllers.yaml
[1.337s] -- Up-to-date: /home/kevo/robotics_inc/xarm_1s/install/xarm_1s_hardware_interface/share/xarm_1s_hardware_interface/environment/library_path.sh
[1.337s] -- Up-to-date: /home/kevo/robotics_inc/xarm_1s/install/xarm_1s_hardware_interface/share/xarm_1s_hardware_interface/environment/library_path.dsv
[1.337s] -- Up-to-date: /home/kevo/robotics_inc/xarm_1s/install/xarm_1s_hardware_interface/share/ament_index/resource_index/package_run_dependencies/xarm_1s_hardware_interface
[1.338s] -- Up-to-date: /home/kevo/robotics_inc/xarm_1s/install/xarm_1s_hardware_interface/share/ament_index/resource_index/parent_prefix_path/xarm_1s_hardware_interface
[1.338s] -- Up-to-date: /home/kevo/robotics_inc/xarm_1s/install/xarm_1s_hardware_interface/share/xarm_1s_hardware_interface/environment/ament_prefix_path.sh
[1.338s] -- Up-to-date: /home/kevo/robotics_inc/xarm_1s/install/xarm_1s_hardware_interface/share/xarm_1s_hardware_interface/environment/ament_prefix_path.dsv
[1.339s] -- Up-to-date: /home/kevo/robotics_inc/xarm_1s/install/xarm_1s_hardware_interface/share/xarm_1s_hardware_interface/environment/path.sh
[1.339s] -- Up-to-date: /home/kevo/robotics_inc/xarm_1s/install/xarm_1s_hardware_interface/share/xarm_1s_hardware_interface/environment/path.dsv
[1.339s] -- Up-to-date: /home/kevo/robotics_inc/xarm_1s/install/xarm_1s_hardware_interface/share/xarm_1s_hardware_interface/local_setup.bash
[1.340s] -- Up-to-date: /home/kevo/robotics_inc/xarm_1s/install/xarm_1s_hardware_interface/share/xarm_1s_hardware_interface/local_setup.sh
[1.341s] -- Up-to-date: /home/kevo/robotics_inc/xarm_1s/install/xarm_1s_hardware_interface/share/xarm_1s_hardware_interface/local_setup.zsh
[1.341s] -- Up-to-date: /home/kevo/robotics_inc/xarm_1s/install/xarm_1s_hardware_interface/share/xarm_1s_hardware_interface/local_setup.dsv
[1.341s] -- Installing: /home/kevo/robotics_inc/xarm_1s/install/xarm_1s_hardware_interface/share/xarm_1s_hardware_interface/package.dsv
[1.342s] -- Up-to-date: /home/kevo/robotics_inc/xarm_1s/install/xarm_1s_hardware_interface/share/ament_index/resource_index/packages/xarm_1s_hardware_interface
[1.343s] -- Up-to-date: /home/kevo/robotics_inc/xarm_1s/install/xarm_1s_hardware_interface/share/ament_index/resource_index/hardware_interface__pluginlib__plugin/xarm_1s_hardware_interface
[1.345s] -- Up-to-date: /home/kevo/robotics_inc/xarm_1s/install/xarm_1s_hardware_interface/share/xarm_1s_hardware_interface/cmake/ament_cmake_export_include_directories-extras.cmake
[1.345s] -- Up-to-date: /home/kevo/robotics_inc/xarm_1s/install/xarm_1s_hardware_interface/share/xarm_1s_hardware_interface/cmake/ament_cmake_export_libraries-extras.cmake
[1.345s] -- Up-to-date: /home/kevo/robotics_inc/xarm_1s/install/xarm_1s_hardware_interface/share/xarm_1s_hardware_interface/cmake/ament_cmake_export_dependencies-extras.cmake
[1.346s] -- Up-to-date: /home/kevo/robotics_inc/xarm_1s/install/xarm_1s_hardware_interface/share/xarm_1s_hardware_interface/cmake/xarm_1s_hardware_interfaceConfig.cmake
[1.346s] -- Up-to-date: /home/kevo/robotics_inc/xarm_1s/install/xarm_1s_hardware_interface/share/xarm_1s_hardware_interface/cmake/xarm_1s_hardware_interfaceConfig-version.cmake
[1.346s] -- Up-to-date: /home/kevo/robotics_inc/xarm_1s/install/xarm_1s_hardware_interface/share/xarm_1s_hardware_interface/package.xml
[1.347s] Invoked command in '/home/kevo/robotics_inc/xarm_1s/build/xarm_1s_hardware_interface' returned '0': CMAKE_PREFIX_PATH=${CMAKE_PREFIX_PATH}:/home/kevo/ws_moveit2/install/moveit_configs_utils:/home/kevo/ws_moveit2/install/launch_param_builder:/opt/ros/humble /usr/bin/cmake --install /home/kevo/robotics_inc/xarm_1s/build/xarm_1s_hardware_interface
