[4.917s] DEBUG:colcon:Command line arguments: ['/usr/bin/colcon', 'list', '-p', '--base-paths', '/home/kevo/robotics_inc/xarm_1s']
[4.917s] DEBUG:colcon:Parsed command line arguments: Namespace(log_base=None, log_level=None, verb_name='list', build_base='build', ignore_user_meta=False, metas=['./colcon.meta'], base_paths=['/home/kevo/robotics_inc/xarm_1s'], packages_ignore=None, packages_ignore_regex=None, paths=None, packages_up_to=None, packages_up_to_regex=None, packages_above=None, packages_above_and_dependencies=None, packages_above_depth=None, packages_select_by_dep=None, packages_skip_by_dep=None, packages_skip_up_to=None, packages_select_build_failed=False, packages_skip_build_finished=False, packages_select_test_failures=False, packages_skip_test_passed=False, packages_select=None, packages_skip=None, packages_select_regex=None, packages_skip_regex=None, packages_start=None, packages_end=None, allow_overriding=[], topological_order=False, names_only=False, paths_only=True, topological_graph=False, topological_graph_dot=False, topological_graph_density=False, topological_graph_legend=False, topological_graph_dot_cluster=False, topological_graph_dot_include_skipped=False, mixin_files=None, mixin=None, verb_parser=<colcon_mixin.mixin.mixin_argument.MixinArgumentDecorator object at 0x7f7e93cedff0>, verb_extension=<colcon_package_information.verb.list.ListVerb object at 0x7f7e93cd5030>, main=<bound method ListVerb.main of <colcon_package_information.verb.list.ListVerb object at 0x7f7e93cd5030>>, mixin_verb=('list',))
[5.187s] Level 1:colcon.colcon_core.package_discovery:discover_packages(colcon_meta) check parameters
[5.187s] Level 1:colcon.colcon_core.package_discovery:discover_packages(recursive) check parameters
[5.187s] Level 1:colcon.colcon_core.package_discovery:discover_packages(ignore) check parameters
[5.187s] Level 1:colcon.colcon_core.package_discovery:discover_packages(path) check parameters
[5.188s] Level 1:colcon.colcon_core.package_discovery:discover_packages(recursive) discover
[5.188s] INFO:colcon.colcon_core.package_discovery:Crawling recursively for packages in '/home/kevo/robotics_inc/xarm_1s'
[5.188s] Level 1:colcon.colcon_core.package_identification:_identify(/home/kevo/robotics_inc/xarm_1s) by extensions ['ignore', 'ignore_ament_install']
[5.188s] Level 1:colcon.colcon_core.package_identification:_identify(/home/kevo/robotics_inc/xarm_1s) by extension 'ignore'
[5.188s] Level 1:colcon.colcon_core.package_identification:_identify(/home/kevo/robotics_inc/xarm_1s) by extension 'ignore_ament_install'
[5.188s] Level 1:colcon.colcon_core.package_identification:_identify(/home/kevo/robotics_inc/xarm_1s) by extensions ['colcon_pkg']
[5.189s] Level 1:colcon.colcon_core.package_identification:_identify(/home/kevo/robotics_inc/xarm_1s) by extension 'colcon_pkg'
[5.189s] Level 1:colcon.colcon_core.package_identification:_identify(/home/kevo/robotics_inc/xarm_1s) by extensions ['colcon_meta']
[5.189s] Level 1:colcon.colcon_core.package_identification:_identify(/home/kevo/robotics_inc/xarm_1s) by extension 'colcon_meta'
[5.190s] Level 1:colcon.colcon_core.package_identification:_identify(/home/kevo/robotics_inc/xarm_1s) by extensions ['ros']
[5.190s] Level 1:colcon.colcon_core.package_identification:_identify(/home/kevo/robotics_inc/xarm_1s) by extension 'ros'
[5.239s] Level 1:colcon.colcon_core.package_identification:_identify(/home/kevo/robotics_inc/xarm_1s) by extensions ['cmake', 'python']
[5.239s] Level 1:colcon.colcon_core.package_identification:_identify(/home/kevo/robotics_inc/xarm_1s) by extension 'cmake'
[5.239s] Level 1:colcon.colcon_core.package_identification:_identify(/home/kevo/robotics_inc/xarm_1s) by extension 'python'
[5.239s] Level 1:colcon.colcon_core.package_identification:_identify(/home/kevo/robotics_inc/xarm_1s) by extensions ['python_setup_py']
[5.239s] Level 1:colcon.colcon_core.package_identification:_identify(/home/kevo/robotics_inc/xarm_1s) by extension 'python_setup_py'
[5.239s] Level 1:colcon.colcon_core.package_identification:_identify(/home/kevo/robotics_inc/xarm_1s/build) by extensions ['ignore', 'ignore_ament_install']
[5.240s] Level 1:colcon.colcon_core.package_identification:_identify(/home/kevo/robotics_inc/xarm_1s/build) by extension 'ignore'
[5.240s] Level 1:colcon.colcon_core.package_identification:_identify(/home/kevo/robotics_inc/xarm_1s/build) ignored
[5.240s] Level 1:colcon.colcon_core.package_identification:_identify(/home/kevo/robotics_inc/xarm_1s/install) by extensions ['ignore', 'ignore_ament_install']
[5.240s] Level 1:colcon.colcon_core.package_identification:_identify(/home/kevo/robotics_inc/xarm_1s/install) by extension 'ignore'
[5.240s] Level 1:colcon.colcon_core.package_identification:_identify(/home/kevo/robotics_inc/xarm_1s/install) ignored
[5.241s] Level 1:colcon.colcon_core.package_identification:_identify(/home/kevo/robotics_inc/xarm_1s/log) by extensions ['ignore', 'ignore_ament_install']
[5.241s] Level 1:colcon.colcon_core.package_identification:_identify(/home/kevo/robotics_inc/xarm_1s/log) by extension 'ignore'
[5.241s] Level 1:colcon.colcon_core.package_identification:_identify(/home/kevo/robotics_inc/xarm_1s/log) ignored
[5.241s] Level 1:colcon.colcon_core.package_identification:_identify(/home/kevo/robotics_inc/xarm_1s/src) by extensions ['ignore', 'ignore_ament_install']
[5.242s] Level 1:colcon.colcon_core.package_identification:_identify(/home/kevo/robotics_inc/xarm_1s/src) by extension 'ignore'
[5.243s] Level 1:colcon.colcon_core.package_identification:_identify(/home/kevo/robotics_inc/xarm_1s/src) by extension 'ignore_ament_install'
[5.243s] Level 1:colcon.colcon_core.package_identification:_identify(/home/kevo/robotics_inc/xarm_1s/src) by extensions ['colcon_pkg']
[5.243s] Level 1:colcon.colcon_core.package_identification:_identify(/home/kevo/robotics_inc/xarm_1s/src) by extension 'colcon_pkg'
[5.244s] Level 1:colcon.colcon_core.package_identification:_identify(/home/kevo/robotics_inc/xarm_1s/src) by extensions ['colcon_meta']
[5.244s] Level 1:colcon.colcon_core.package_identification:_identify(/home/kevo/robotics_inc/xarm_1s/src) by extension 'colcon_meta'
[5.244s] Level 1:colcon.colcon_core.package_identification:_identify(/home/kevo/robotics_inc/xarm_1s/src) by extensions ['ros']
[5.244s] Level 1:colcon.colcon_core.package_identification:_identify(/home/kevo/robotics_inc/xarm_1s/src) by extension 'ros'
[5.245s] Level 1:colcon.colcon_core.package_identification:_identify(/home/kevo/robotics_inc/xarm_1s/src) by extensions ['cmake', 'python']
[5.245s] Level 1:colcon.colcon_core.package_identification:_identify(/home/kevo/robotics_inc/xarm_1s/src) by extension 'cmake'
[5.245s] Level 1:colcon.colcon_core.package_identification:_identify(/home/kevo/robotics_inc/xarm_1s/src) by extension 'python'
[5.245s] Level 1:colcon.colcon_core.package_identification:_identify(/home/kevo/robotics_inc/xarm_1s/src) by extensions ['python_setup_py']
[5.245s] Level 1:colcon.colcon_core.package_identification:_identify(/home/kevo/robotics_inc/xarm_1s/src) by extension 'python_setup_py'
[5.245s] Level 1:colcon.colcon_core.package_identification:_identify(/home/kevo/robotics_inc/xarm_1s/src/xarm_1s_description) by extensions ['ignore', 'ignore_ament_install']
[5.246s] Level 1:colcon.colcon_core.package_identification:_identify(/home/kevo/robotics_inc/xarm_1s/src/xarm_1s_description) by extension 'ignore'
[5.246s] Level 1:colcon.colcon_core.package_identification:_identify(/home/kevo/robotics_inc/xarm_1s/src/xarm_1s_description) by extension 'ignore_ament_install'
[5.246s] Level 1:colcon.colcon_core.package_identification:_identify(/home/kevo/robotics_inc/xarm_1s/src/xarm_1s_description) by extensions ['colcon_pkg']
[5.246s] Level 1:colcon.colcon_core.package_identification:_identify(/home/kevo/robotics_inc/xarm_1s/src/xarm_1s_description) by extension 'colcon_pkg'
[5.246s] Level 1:colcon.colcon_core.package_identification:_identify(/home/kevo/robotics_inc/xarm_1s/src/xarm_1s_description) by extensions ['colcon_meta']
[5.246s] Level 1:colcon.colcon_core.package_identification:_identify(/home/kevo/robotics_inc/xarm_1s/src/xarm_1s_description) by extension 'colcon_meta'
[5.247s] Level 1:colcon.colcon_core.package_identification:_identify(/home/kevo/robotics_inc/xarm_1s/src/xarm_1s_description) by extensions ['ros']
[5.247s] Level 1:colcon.colcon_core.package_identification:_identify(/home/kevo/robotics_inc/xarm_1s/src/xarm_1s_description) by extension 'ros'
[5.253s] DEBUG:colcon.colcon_core.package_identification:Package '/home/kevo/robotics_inc/xarm_1s/src/xarm_1s_description' with type 'ros.ament_cmake' and name 'xarm_1s_description'
[5.254s] Level 1:colcon.colcon_core.package_identification:_identify(/home/kevo/robotics_inc/xarm_1s/src/xarm_hardware_interface) by extensions ['ignore', 'ignore_ament_install']
[5.254s] Level 1:colcon.colcon_core.package_identification:_identify(/home/kevo/robotics_inc/xarm_1s/src/xarm_hardware_interface) by extension 'ignore'
[5.254s] Level 1:colcon.colcon_core.package_identification:_identify(/home/kevo/robotics_inc/xarm_1s/src/xarm_hardware_interface) by extension 'ignore_ament_install'
[5.254s] Level 1:colcon.colcon_core.package_identification:_identify(/home/kevo/robotics_inc/xarm_1s/src/xarm_hardware_interface) by extensions ['colcon_pkg']
[5.254s] Level 1:colcon.colcon_core.package_identification:_identify(/home/kevo/robotics_inc/xarm_1s/src/xarm_hardware_interface) by extension 'colcon_pkg'
[5.254s] Level 1:colcon.colcon_core.package_identification:_identify(/home/kevo/robotics_inc/xarm_1s/src/xarm_hardware_interface) by extensions ['colcon_meta']
[5.254s] Level 1:colcon.colcon_core.package_identification:_identify(/home/kevo/robotics_inc/xarm_1s/src/xarm_hardware_interface) by extension 'colcon_meta'
[5.255s] Level 1:colcon.colcon_core.package_identification:_identify(/home/kevo/robotics_inc/xarm_1s/src/xarm_hardware_interface) by extensions ['ros']
[5.255s] Level 1:colcon.colcon_core.package_identification:_identify(/home/kevo/robotics_inc/xarm_1s/src/xarm_hardware_interface) by extension 'ros'
[5.256s] DEBUG:colcon.colcon_core.package_identification:Package '/home/kevo/robotics_inc/xarm_1s/src/xarm_hardware_interface' with type 'ros.ament_python' and name 'xarm_hardware_interface'
[5.256s] Level 1:colcon.colcon_core.package_discovery:discover_packages(recursive) using defaults
