[0.690s] Invoking command in '/home/kevo/robotics_inc/xarm_1s/build/xarm_1s_description': CMAKE_PREFIX_PATH=${CMAKE_PREFIX_PATH}:/home/kevo/ws_moveit2/install/moveit_configs_utils:/home/kevo/ws_moveit2/install/launch_param_builder:/opt/ros/humble /usr/bin/cmake --build /home/kevo/robotics_inc/xarm_1s/build/xarm_1s_description -- -j8 -l8
[0.900s] Invoked command in '/home/kevo/robotics_inc/xarm_1s/build/xarm_1s_description' returned '0': CMAKE_PREFIX_PATH=${CMAKE_PREFIX_PATH}:/home/kevo/ws_moveit2/install/moveit_configs_utils:/home/kevo/ws_moveit2/install/launch_param_builder:/opt/ros/humble /usr/bin/cmake --build /home/kevo/robotics_inc/xarm_1s/build/xarm_1s_description -- -j8 -l8
[1.054s] Invoking command in '/home/kevo/robotics_inc/xarm_1s/build/xarm_1s_description': CMAKE_PREFIX_PATH=${CMAKE_PREFIX_PATH}:/home/kevo/ws_moveit2/install/moveit_configs_utils:/home/kevo/ws_moveit2/install/launch_param_builder:/opt/ros/humble /usr/bin/cmake --install /home/kevo/robotics_inc/xarm_1s/build/xarm_1s_description
[1.083s] -- Install configuration: ""
[1.084s] -- Up-to-date: /home/kevo/robotics_inc/xarm_1s/install/xarm_1s_description/share/xarm_1s_description/launch
[1.085s] -- Up-to-date: /home/kevo/robotics_inc/xarm_1s/install/xarm_1s_description/share/xarm_1s_description/launch/xarm_1s_display.launch.py:Zone.Identifier
[1.085s] -- Installing: /home/kevo/robotics_inc/xarm_1s/install/xarm_1s_description/share/xarm_1s_description/launch/xarm_1s_ros2_control.launch.py
[1.086s] -- Up-to-date: /home/kevo/robotics_inc/xarm_1s/install/xarm_1s_description/share/xarm_1s_description/launch/xarm_1s_display.launch.py
[1.086s] -- Up-to-date: /home/kevo/robotics_inc/xarm_1s/install/xarm_1s_description/share/xarm_1s_description/meshes
[1.087s] -- Up-to-date: /home/kevo/robotics_inc/xarm_1s/install/xarm_1s_description/share/xarm_1s_description/meshes/humerus.stl
[1.088s] -- Up-to-date: /home/kevo/robotics_inc/xarm_1s/install/xarm_1s_description/share/xarm_1s_description/meshes/hand.stl
[1.088s] -- Up-to-date: /home/kevo/robotics_inc/xarm_1s/install/xarm_1s_description/share/xarm_1s_description/meshes/wrist.stl
[1.088s] -- Up-to-date: /home/kevo/robotics_inc/xarm_1s/install/xarm_1s_description/share/xarm_1s_description/meshes/tendon.stl:Zone.Identifier
[1.089s] -- Up-to-date: /home/kevo/robotics_inc/xarm_1s/install/xarm_1s_description/share/xarm_1s_description/meshes/carpal-left.stl
[1.089s] -- Up-to-date: /home/kevo/robotics_inc/xarm_1s/install/xarm_1s_description/share/xarm_1s_description/meshes/carpal-left.stl:Zone.Identifier
[1.089s] -- Up-to-date: /home/kevo/robotics_inc/xarm_1s/install/xarm_1s_description/share/xarm_1s_description/meshes/README.md
[1.089s] -- Up-to-date: /home/kevo/robotics_inc/xarm_1s/install/xarm_1s_description/share/xarm_1s_description/meshes/README.md:Zone.Identifier
[1.090s] -- Up-to-date: /home/kevo/robotics_inc/xarm_1s/install/xarm_1s_description/share/xarm_1s_description/meshes/shoulder.stl:Zone.Identifier
[1.090s] -- Up-to-date: /home/kevo/robotics_inc/xarm_1s/install/xarm_1s_description/share/xarm_1s_description/meshes/forearm.stl:Zone.Identifier
[1.090s] -- Up-to-date: /home/kevo/robotics_inc/xarm_1s/install/xarm_1s_description/share/xarm_1s_description/meshes/base.stl:Zone.Identifier
[1.090s] -- Up-to-date: /home/kevo/robotics_inc/xarm_1s/install/xarm_1s_description/share/xarm_1s_description/meshes/tendon.stl
[1.090s] -- Up-to-date: /home/kevo/robotics_inc/xarm_1s/install/xarm_1s_description/share/xarm_1s_description/meshes/wrist.stl:Zone.Identifier
[1.090s] -- Up-to-date: /home/kevo/robotics_inc/xarm_1s/install/xarm_1s_description/share/xarm_1s_description/meshes/base.stl
[1.091s] -- Up-to-date: /home/kevo/robotics_inc/xarm_1s/install/xarm_1s_description/share/xarm_1s_description/meshes/forearm.stl
[1.091s] -- Up-to-date: /home/kevo/robotics_inc/xarm_1s/install/xarm_1s_description/share/xarm_1s_description/meshes/hand.stl:Zone.Identifier
[1.091s] -- Up-to-date: /home/kevo/robotics_inc/xarm_1s/install/xarm_1s_description/share/xarm_1s_description/meshes/finger.stl
[1.091s] -- Up-to-date: /home/kevo/robotics_inc/xarm_1s/install/xarm_1s_description/share/xarm_1s_description/meshes/shoulder.stl
[1.091s] -- Up-to-date: /home/kevo/robotics_inc/xarm_1s/install/xarm_1s_description/share/xarm_1s_description/meshes/carpal-right.stl:Zone.Identifier
[1.091s] -- Up-to-date: /home/kevo/robotics_inc/xarm_1s/install/xarm_1s_description/share/xarm_1s_description/meshes/finger.stl:Zone.Identifier
[1.092s] -- Up-to-date: /home/kevo/robotics_inc/xarm_1s/install/xarm_1s_description/share/xarm_1s_description/meshes/humerus.stl:Zone.Identifier
[1.092s] -- Up-to-date: /home/kevo/robotics_inc/xarm_1s/install/xarm_1s_description/share/xarm_1s_description/meshes/carpal-right.stl
[1.092s] -- Up-to-date: /home/kevo/robotics_inc/xarm_1s/install/xarm_1s_description/share/xarm_1s_description/rviz
[1.092s] -- Up-to-date: /home/kevo/robotics_inc/xarm_1s/install/xarm_1s_description/share/xarm_1s_description/rviz/rviz_sim.rviz
[1.093s] -- Up-to-date: /home/kevo/robotics_inc/xarm_1s/install/xarm_1s_description/share/xarm_1s_description/rviz/rviz_sim.rviz:Zone.Identifier
[1.093s] -- Up-to-date: /home/kevo/robotics_inc/xarm_1s/install/xarm_1s_description/share/xarm_1s_description/urdf
[1.093s] -- Up-to-date: /home/kevo/robotics_inc/xarm_1s/install/xarm_1s_description/share/xarm_1s_description/urdf/xarm_1s.urdf.xacro:Zone.Identifier
[1.095s] -- Up-to-date: /home/kevo/robotics_inc/xarm_1s/install/xarm_1s_description/share/xarm_1s_description/urdf/xarm_1s.urdf.xacro
[1.096s] -- Up-to-date: /home/kevo/robotics_inc/xarm_1s/install/xarm_1s_description/share/xarm_1s_description/urdf/xarm_1s_ros2_control.xacro
[1.096s] -- Up-to-date: /home/kevo/robotics_inc/xarm_1s/install/xarm_1s_description/share/ament_index/resource_index/package_run_dependencies/xarm_1s_description
[1.099s] -- Up-to-date: /home/kevo/robotics_inc/xarm_1s/install/xarm_1s_description/share/ament_index/resource_index/parent_prefix_path/xarm_1s_description
[1.099s] -- Up-to-date: /home/kevo/robotics_inc/xarm_1s/install/xarm_1s_description/share/xarm_1s_description/environment/ament_prefix_path.sh
[1.099s] -- Up-to-date: /home/kevo/robotics_inc/xarm_1s/install/xarm_1s_description/share/xarm_1s_description/environment/ament_prefix_path.dsv
[1.100s] -- Up-to-date: /home/kevo/robotics_inc/xarm_1s/install/xarm_1s_description/share/xarm_1s_description/environment/path.sh
[1.101s] -- Up-to-date: /home/kevo/robotics_inc/xarm_1s/install/xarm_1s_description/share/xarm_1s_description/environment/path.dsv
[1.102s] -- Up-to-date: /home/kevo/robotics_inc/xarm_1s/install/xarm_1s_description/share/xarm_1s_description/local_setup.bash
[1.102s] -- Up-to-date: /home/kevo/robotics_inc/xarm_1s/install/xarm_1s_description/share/xarm_1s_description/local_setup.sh
[1.102s] -- Up-to-date: /home/kevo/robotics_inc/xarm_1s/install/xarm_1s_description/share/xarm_1s_description/local_setup.zsh
[1.102s] -- Up-to-date: /home/kevo/robotics_inc/xarm_1s/install/xarm_1s_description/share/xarm_1s_description/local_setup.dsv
[1.102s] -- Installing: /home/kevo/robotics_inc/xarm_1s/install/xarm_1s_description/share/xarm_1s_description/package.dsv
[1.103s] -- Up-to-date: /home/kevo/robotics_inc/xarm_1s/install/xarm_1s_description/share/ament_index/resource_index/packages/xarm_1s_description
[1.103s] -- Up-to-date: /home/kevo/robotics_inc/xarm_1s/install/xarm_1s_description/share/xarm_1s_description/cmake/xarm_1s_descriptionConfig.cmake
[1.103s] -- Up-to-date: /home/kevo/robotics_inc/xarm_1s/install/xarm_1s_description/share/xarm_1s_description/cmake/xarm_1s_descriptionConfig-version.cmake
[1.103s] -- Up-to-date: /home/kevo/robotics_inc/xarm_1s/install/xarm_1s_description/share/xarm_1s_description/package.xml
[1.127s] Invoked command in '/home/kevo/robotics_inc/xarm_1s/build/xarm_1s_description' returned '0': CMAKE_PREFIX_PATH=${CMAKE_PREFIX_PATH}:/home/kevo/ws_moveit2/install/moveit_configs_utils:/home/kevo/ws_moveit2/install/launch_param_builder:/opt/ros/humble /usr/bin/cmake --install /home/kevo/robotics_inc/xarm_1s/build/xarm_1s_description
