[1.867s] DEBUG:colcon:Command line arguments: ['/usr/bin/colcon', 'build']
[1.867s] DEBUG:colcon:Parsed command line arguments: Namespace(log_base=None, log_level=None, verb_name='build', build_base='build', install_base='install', merge_install=False, symlink_install=False, test_result_base=None, continue_on_error=False, executor='parallel', parallel_workers=8, event_handlers=None, ignore_user_meta=False, metas=['./colcon.meta'], base_paths=['.'], packages_ignore=None, packages_ignore_regex=None, paths=None, packages_up_to=None, packages_up_to_regex=None, packages_above=None, packages_above_and_dependencies=None, packages_above_depth=None, packages_select_by_dep=None, packages_skip_by_dep=None, packages_skip_up_to=None, packages_select_build_failed=False, packages_skip_build_finished=False, packages_select_test_failures=False, packages_skip_test_passed=False, packages_select=None, packages_skip=None, packages_select_regex=None, packages_skip_regex=None, packages_start=None, packages_end=None, allow_overriding=[], cmake_args=None, cmake_target=None, cmake_target_skip_unavailable=False, cmake_clean_cache=False, cmake_clean_first=False, cmake_force_configure=False, ament_cmake_args=None, catkin_cmake_args=None, catkin_skip_building_tests=False, mixin_files=None, mixin=None, verb_parser=<colcon_mixin.mixin.mixin_argument.MixinArgumentDecorator object at 0x7f8b6fc31720>, verb_extension=<colcon_core.verb.build.BuildVerb object at 0x7f8b700c7280>, main=<bound method BuildVerb.main of <colcon_core.verb.build.BuildVerb object at 0x7f8b700c7280>>, mixin_verb=('build',))
[1.947s] Level 1:colcon.colcon_core.package_discovery:discover_packages(colcon_meta) check parameters
[1.947s] Level 1:colcon.colcon_core.package_discovery:discover_packages(recursive) check parameters
[1.947s] Level 1:colcon.colcon_core.package_discovery:discover_packages(ignore) check parameters
[1.947s] Level 1:colcon.colcon_core.package_discovery:discover_packages(path) check parameters
[1.947s] Level 1:colcon.colcon_core.package_discovery:discover_packages(colcon_meta) discover
[1.947s] Level 1:colcon.colcon_core.package_discovery:discover_packages(recursive) discover
[1.947s] INFO:colcon.colcon_core.package_discovery:Crawling recursively for packages in '/home/kevo/robotics_inc/xarm_1s'
[1.947s] Level 1:colcon.colcon_core.package_identification:_identify(.) by extensions ['ignore', 'ignore_ament_install']
[1.948s] Level 1:colcon.colcon_core.package_identification:_identify(.) by extension 'ignore'
[1.948s] Level 1:colcon.colcon_core.package_identification:_identify(.) by extension 'ignore_ament_install'
[1.948s] Level 1:colcon.colcon_core.package_identification:_identify(.) by extensions ['colcon_pkg']
[1.948s] Level 1:colcon.colcon_core.package_identification:_identify(.) by extension 'colcon_pkg'
[1.948s] Level 1:colcon.colcon_core.package_identification:_identify(.) by extensions ['colcon_meta']
[1.948s] Level 1:colcon.colcon_core.package_identification:_identify(.) by extension 'colcon_meta'
[1.948s] Level 1:colcon.colcon_core.package_identification:_identify(.) by extensions ['ros']
[1.948s] Level 1:colcon.colcon_core.package_identification:_identify(.) by extension 'ros'
[1.961s] Level 1:colcon.colcon_core.package_identification:_identify(.) by extensions ['cmake', 'python']
[1.961s] Level 1:colcon.colcon_core.package_identification:_identify(.) by extension 'cmake'
[1.961s] Level 1:colcon.colcon_core.package_identification:_identify(.) by extension 'python'
[1.961s] Level 1:colcon.colcon_core.package_identification:_identify(.) by extensions ['python_setup_py']
[1.962s] Level 1:colcon.colcon_core.package_identification:_identify(.) by extension 'python_setup_py'
[1.962s] Level 1:colcon.colcon_core.package_identification:_identify(build) by extensions ['ignore', 'ignore_ament_install']
[1.962s] Level 1:colcon.colcon_core.package_identification:_identify(build) by extension 'ignore'
[1.962s] Level 1:colcon.colcon_core.package_identification:_identify(build) ignored
[1.962s] Level 1:colcon.colcon_core.package_identification:_identify(install) by extensions ['ignore', 'ignore_ament_install']
[1.962s] Level 1:colcon.colcon_core.package_identification:_identify(install) by extension 'ignore'
[1.962s] Level 1:colcon.colcon_core.package_identification:_identify(install) ignored
[1.962s] Level 1:colcon.colcon_core.package_identification:_identify(log) by extensions ['ignore', 'ignore_ament_install']
[1.962s] Level 1:colcon.colcon_core.package_identification:_identify(log) by extension 'ignore'
[1.962s] Level 1:colcon.colcon_core.package_identification:_identify(log) ignored
[1.962s] Level 1:colcon.colcon_core.package_identification:_identify(src) by extensions ['ignore', 'ignore_ament_install']
[1.963s] Level 1:colcon.colcon_core.package_identification:_identify(src) by extension 'ignore'
[1.963s] Level 1:colcon.colcon_core.package_identification:_identify(src) by extension 'ignore_ament_install'
[1.963s] Level 1:colcon.colcon_core.package_identification:_identify(src) by extensions ['colcon_pkg']
[1.963s] Level 1:colcon.colcon_core.package_identification:_identify(src) by extension 'colcon_pkg'
[1.963s] Level 1:colcon.colcon_core.package_identification:_identify(src) by extensions ['colcon_meta']
[1.963s] Level 1:colcon.colcon_core.package_identification:_identify(src) by extension 'colcon_meta'
[1.963s] Level 1:colcon.colcon_core.package_identification:_identify(src) by extensions ['ros']
[1.963s] Level 1:colcon.colcon_core.package_identification:_identify(src) by extension 'ros'
[1.963s] Level 1:colcon.colcon_core.package_identification:_identify(src) by extensions ['cmake', 'python']
[1.963s] Level 1:colcon.colcon_core.package_identification:_identify(src) by extension 'cmake'
[1.963s] Level 1:colcon.colcon_core.package_identification:_identify(src) by extension 'python'
[1.963s] Level 1:colcon.colcon_core.package_identification:_identify(src) by extensions ['python_setup_py']
[1.963s] Level 1:colcon.colcon_core.package_identification:_identify(src) by extension 'python_setup_py'
[1.963s] Level 1:colcon.colcon_core.package_identification:_identify(src/xarm_1s_description) by extensions ['ignore', 'ignore_ament_install']
[1.963s] Level 1:colcon.colcon_core.package_identification:_identify(src/xarm_1s_description) by extension 'ignore'
[1.963s] Level 1:colcon.colcon_core.package_identification:_identify(src/xarm_1s_description) by extension 'ignore_ament_install'
[1.963s] Level 1:colcon.colcon_core.package_identification:_identify(src/xarm_1s_description) by extensions ['colcon_pkg']
[1.964s] Level 1:colcon.colcon_core.package_identification:_identify(src/xarm_1s_description) by extension 'colcon_pkg'
[1.964s] Level 1:colcon.colcon_core.package_identification:_identify(src/xarm_1s_description) by extensions ['colcon_meta']
[1.964s] Level 1:colcon.colcon_core.package_identification:_identify(src/xarm_1s_description) by extension 'colcon_meta'
[1.964s] Level 1:colcon.colcon_core.package_identification:_identify(src/xarm_1s_description) by extensions ['ros']
[1.964s] Level 1:colcon.colcon_core.package_identification:_identify(src/xarm_1s_description) by extension 'ros'
[1.967s] DEBUG:colcon.colcon_core.package_identification:Package 'src/xarm_1s_description' with type 'ros.ament_cmake' and name 'xarm_1s_description'
[1.967s] Level 1:colcon.colcon_core.package_identification:_identify(src/xarm_1s_hardware_interface) by extensions ['ignore', 'ignore_ament_install']
[1.967s] Level 1:colcon.colcon_core.package_identification:_identify(src/xarm_1s_hardware_interface) by extension 'ignore'
[1.967s] Level 1:colcon.colcon_core.package_identification:_identify(src/xarm_1s_hardware_interface) by extension 'ignore_ament_install'
[1.967s] Level 1:colcon.colcon_core.package_identification:_identify(src/xarm_1s_hardware_interface) by extensions ['colcon_pkg']
[1.967s] Level 1:colcon.colcon_core.package_identification:_identify(src/xarm_1s_hardware_interface) by extension 'colcon_pkg'
[1.967s] Level 1:colcon.colcon_core.package_identification:_identify(src/xarm_1s_hardware_interface) by extensions ['colcon_meta']
[1.967s] Level 1:colcon.colcon_core.package_identification:_identify(src/xarm_1s_hardware_interface) by extension 'colcon_meta'
[1.967s] Level 1:colcon.colcon_core.package_identification:_identify(src/xarm_1s_hardware_interface) by extensions ['ros']
[1.967s] Level 1:colcon.colcon_core.package_identification:_identify(src/xarm_1s_hardware_interface) by extension 'ros'
[1.968s] DEBUG:colcon.colcon_core.package_identification:Package 'src/xarm_1s_hardware_interface' with type 'ros.ament_cmake' and name 'xarm_1s_hardware_interface'
[1.968s] Level 1:colcon.colcon_core.package_discovery:discover_packages(recursive) using defaults
[1.968s] Level 1:colcon.colcon_core.package_discovery:discover_packages(ignore) discover
[1.968s] Level 1:colcon.colcon_core.package_discovery:discover_packages(ignore) using defaults
[1.968s] Level 1:colcon.colcon_core.package_discovery:discover_packages(path) discover
[1.968s] Level 1:colcon.colcon_core.package_discovery:discover_packages(path) using defaults
[2.121s] Level 1:colcon.colcon_core.package_discovery:discover_packages(prefix_path) check parameters
[2.121s] Level 1:colcon.colcon_core.package_discovery:discover_packages(prefix_path) discover
[2.183s] DEBUG:colcon.colcon_installed_package_information.package_discovery:Found 57 installed packages in /home/kevo/ws_moveit2/install
[2.212s] DEBUG:colcon.colcon_installed_package_information.package_discovery:Found 378 installed packages in /opt/ros/humble
[2.216s] Level 1:colcon.colcon_core.package_discovery:discover_packages(prefix_path) using defaults
[2.387s] Level 5:colcon.colcon_core.verb:set package 'xarm_1s_description' build argument 'cmake_args' from command line to 'None'
[2.387s] Level 5:colcon.colcon_core.verb:set package 'xarm_1s_description' build argument 'cmake_target' from command line to 'None'
[2.387s] Level 5:colcon.colcon_core.verb:set package 'xarm_1s_description' build argument 'cmake_target_skip_unavailable' from command line to 'False'
[2.387s] Level 5:colcon.colcon_core.verb:set package 'xarm_1s_description' build argument 'cmake_clean_cache' from command line to 'False'
[2.387s] Level 5:colcon.colcon_core.verb:set package 'xarm_1s_description' build argument 'cmake_clean_first' from command line to 'False'
[2.387s] Level 5:colcon.colcon_core.verb:set package 'xarm_1s_description' build argument 'cmake_force_configure' from command line to 'False'
[2.387s] Level 5:colcon.colcon_core.verb:set package 'xarm_1s_description' build argument 'ament_cmake_args' from command line to 'None'
[2.387s] Level 5:colcon.colcon_core.verb:set package 'xarm_1s_description' build argument 'catkin_cmake_args' from command line to 'None'
[2.387s] Level 5:colcon.colcon_core.verb:set package 'xarm_1s_description' build argument 'catkin_skip_building_tests' from command line to 'False'
[2.387s] DEBUG:colcon.colcon_core.verb:Building package 'xarm_1s_description' with the following arguments: {'ament_cmake_args': None, 'build_base': '/home/kevo/robotics_inc/xarm_1s/build/xarm_1s_description', 'catkin_cmake_args': None, 'catkin_skip_building_tests': False, 'cmake_args': None, 'cmake_clean_cache': False, 'cmake_clean_first': False, 'cmake_force_configure': False, 'cmake_target': None, 'cmake_target_skip_unavailable': False, 'install_base': '/home/kevo/robotics_inc/xarm_1s/install/xarm_1s_description', 'merge_install': False, 'path': '/home/kevo/robotics_inc/xarm_1s/src/xarm_1s_description', 'symlink_install': False, 'test_result_base': None}
[2.410s] Level 5:colcon.colcon_core.verb:set package 'xarm_1s_hardware_interface' build argument 'cmake_args' from command line to 'None'
[2.410s] Level 5:colcon.colcon_core.verb:set package 'xarm_1s_hardware_interface' build argument 'cmake_target' from command line to 'None'
[2.410s] Level 5:colcon.colcon_core.verb:set package 'xarm_1s_hardware_interface' build argument 'cmake_target_skip_unavailable' from command line to 'False'
[2.410s] Level 5:colcon.colcon_core.verb:set package 'xarm_1s_hardware_interface' build argument 'cmake_clean_cache' from command line to 'False'
[2.410s] Level 5:colcon.colcon_core.verb:set package 'xarm_1s_hardware_interface' build argument 'cmake_clean_first' from command line to 'False'
[2.410s] Level 5:colcon.colcon_core.verb:set package 'xarm_1s_hardware_interface' build argument 'cmake_force_configure' from command line to 'False'
[2.410s] Level 5:colcon.colcon_core.verb:set package 'xarm_1s_hardware_interface' build argument 'ament_cmake_args' from command line to 'None'
[2.410s] Level 5:colcon.colcon_core.verb:set package 'xarm_1s_hardware_interface' build argument 'catkin_cmake_args' from command line to 'None'
[2.410s] Level 5:colcon.colcon_core.verb:set package 'xarm_1s_hardware_interface' build argument 'catkin_skip_building_tests' from command line to 'False'
[2.410s] DEBUG:colcon.colcon_core.verb:Building package 'xarm_1s_hardware_interface' with the following arguments: {'ament_cmake_args': None, 'build_base': '/home/kevo/robotics_inc/xarm_1s/build/xarm_1s_hardware_interface', 'catkin_cmake_args': None, 'catkin_skip_building_tests': False, 'cmake_args': None, 'cmake_clean_cache': False, 'cmake_clean_first': False, 'cmake_force_configure': False, 'cmake_target': None, 'cmake_target_skip_unavailable': False, 'install_base': '/home/kevo/robotics_inc/xarm_1s/install/xarm_1s_hardware_interface', 'merge_install': False, 'path': '/home/kevo/robotics_inc/xarm_1s/src/xarm_1s_hardware_interface', 'symlink_install': False, 'test_result_base': None}
[2.438s] INFO:colcon.colcon_core.executor:Executing jobs using 'parallel' executor
[2.461s] DEBUG:colcon.colcon_parallel_executor.executor.parallel:run_until_complete
[2.461s] INFO:colcon.colcon_ros.task.ament_cmake.build:Building ROS package in '/home/kevo/robotics_inc/xarm_1s/src/xarm_1s_description' with build type 'ament_cmake'
[2.461s] INFO:colcon.colcon_cmake.task.cmake.build:Building CMake package in '/home/kevo/robotics_inc/xarm_1s/src/xarm_1s_description'
[2.490s] INFO:colcon.colcon_core.plugin_system:Skipping extension 'colcon_core.shell.bat': Not used on non-Windows systems
[2.490s] INFO:colcon.colcon_core.shell:Skip shell extension 'powershell' for command environment: Not usable outside of PowerShell
[2.490s] DEBUG:colcon.colcon_core.shell:Skip shell extension 'dsv' for command environment
[2.567s] INFO:colcon.colcon_ros.task.ament_cmake.build:Building ROS package in '/home/kevo/robotics_inc/xarm_1s/src/xarm_1s_hardware_interface' with build type 'ament_cmake'
[2.568s] INFO:colcon.colcon_cmake.task.cmake.build:Building CMake package in '/home/kevo/robotics_inc/xarm_1s/src/xarm_1s_hardware_interface'
[2.595s] INFO:colcon.colcon_core.shell:Skip shell extension 'powershell' for command environment: Not usable outside of PowerShell
[2.595s] DEBUG:colcon.colcon_core.shell:Skip shell extension 'dsv' for command environment
[2.682s] DEBUG:colcon.colcon_core.event_handler.log_command:Invoking command in '/home/kevo/robotics_inc/xarm_1s/build/xarm_1s_description': CMAKE_PREFIX_PATH=${CMAKE_PREFIX_PATH}:/home/kevo/ws_moveit2/install/moveit_configs_utils:/home/kevo/ws_moveit2/install/launch_param_builder:/opt/ros/humble /usr/bin/cmake --build /home/kevo/robotics_inc/xarm_1s/build/xarm_1s_description -- -j8 -l8
[2.691s] DEBUG:colcon.colcon_core.event_handler.log_command:Invoking command in '/home/kevo/robotics_inc/xarm_1s/build/xarm_1s_hardware_interface': CMAKE_PREFIX_PATH=${CMAKE_PREFIX_PATH}:/home/kevo/ws_moveit2/install/moveit_configs_utils:/home/kevo/ws_moveit2/install/launch_param_builder:/opt/ros/humble /usr/bin/cmake --build /home/kevo/robotics_inc/xarm_1s/build/xarm_1s_hardware_interface -- -j8 -l8
[2.753s] DEBUG:colcon.colcon_core.event_handler.log_command:Invoked command in '/home/kevo/robotics_inc/xarm_1s/build/xarm_1s_description' returned '0': CMAKE_PREFIX_PATH=${CMAKE_PREFIX_PATH}:/home/kevo/ws_moveit2/install/moveit_configs_utils:/home/kevo/ws_moveit2/install/launch_param_builder:/opt/ros/humble /usr/bin/cmake --build /home/kevo/robotics_inc/xarm_1s/build/xarm_1s_description -- -j8 -l8
[2.815s] DEBUG:colcon.colcon_core.event_handler.log_command:Invoking command in '/home/kevo/robotics_inc/xarm_1s/build/xarm_1s_description': CMAKE_PREFIX_PATH=${CMAKE_PREFIX_PATH}:/home/kevo/ws_moveit2/install/moveit_configs_utils:/home/kevo/ws_moveit2/install/launch_param_builder:/opt/ros/humble /usr/bin/cmake --install /home/kevo/robotics_inc/xarm_1s/build/xarm_1s_description
[2.841s] Level 1:colcon.colcon_core.environment:create_environment_scripts_only(xarm_1s_description)
[2.846s] DEBUG:colcon.colcon_core.event_handler.log_command:Invoked command in '/home/kevo/robotics_inc/xarm_1s/build/xarm_1s_description' returned '0': CMAKE_PREFIX_PATH=${CMAKE_PREFIX_PATH}:/home/kevo/ws_moveit2/install/moveit_configs_utils:/home/kevo/ws_moveit2/install/launch_param_builder:/opt/ros/humble /usr/bin/cmake --install /home/kevo/robotics_inc/xarm_1s/build/xarm_1s_description
[2.888s] Level 1:colcon.colcon_core.environment:checking '/home/kevo/robotics_inc/xarm_1s/install/xarm_1s_description' for CMake module files
[2.889s] Level 1:colcon.colcon_core.environment:checking '/home/kevo/robotics_inc/xarm_1s/install/xarm_1s_description' for CMake config files
[2.890s] Level 1:colcon.colcon_core.shell:create_environment_hook('xarm_1s_description', 'cmake_prefix_path')
[2.929s] INFO:colcon.colcon_core.shell:Creating environment hook '/home/kevo/robotics_inc/xarm_1s/install/xarm_1s_description/share/xarm_1s_description/hook/cmake_prefix_path.ps1'
[2.930s] INFO:colcon.colcon_core.shell:Creating environment descriptor '/home/kevo/robotics_inc/xarm_1s/install/xarm_1s_description/share/xarm_1s_description/hook/cmake_prefix_path.dsv'
[2.931s] INFO:colcon.colcon_core.shell:Creating environment hook '/home/kevo/robotics_inc/xarm_1s/install/xarm_1s_description/share/xarm_1s_description/hook/cmake_prefix_path.sh'
[2.932s] Level 1:colcon.colcon_core.environment:checking '/home/kevo/robotics_inc/xarm_1s/install/xarm_1s_description/bin'
[2.932s] Level 1:colcon.colcon_core.environment:checking '/home/kevo/robotics_inc/xarm_1s/install/xarm_1s_description/lib/pkgconfig/xarm_1s_description.pc'
[2.933s] Level 1:colcon.colcon_core.environment:checking '/home/kevo/robotics_inc/xarm_1s/install/xarm_1s_description/lib/python3.10/site-packages'
[2.933s] Level 1:colcon.colcon_core.environment:checking '/home/kevo/robotics_inc/xarm_1s/install/xarm_1s_description/bin'
[2.961s] INFO:colcon.colcon_core.shell:Creating package script '/home/kevo/robotics_inc/xarm_1s/install/xarm_1s_description/share/xarm_1s_description/package.ps1'
[2.962s] INFO:colcon.colcon_core.shell:Creating package descriptor '/home/kevo/robotics_inc/xarm_1s/install/xarm_1s_description/share/xarm_1s_description/package.dsv'
[2.963s] INFO:colcon.colcon_core.shell:Creating package script '/home/kevo/robotics_inc/xarm_1s/install/xarm_1s_description/share/xarm_1s_description/package.sh'
[2.964s] INFO:colcon.colcon_core.shell:Creating package script '/home/kevo/robotics_inc/xarm_1s/install/xarm_1s_description/share/xarm_1s_description/package.bash'
[2.965s] INFO:colcon.colcon_core.shell:Creating package script '/home/kevo/robotics_inc/xarm_1s/install/xarm_1s_description/share/xarm_1s_description/package.zsh'
[2.965s] Level 1:colcon.colcon_core.environment:create_file_with_runtime_dependencies(/home/kevo/robotics_inc/xarm_1s/install/xarm_1s_description/share/colcon-core/packages/xarm_1s_description)
[3.038s] Level 1:colcon.colcon_core.environment:create_environment_scripts_only(xarm_1s_description)
[3.077s] Level 1:colcon.colcon_core.environment:checking '/home/kevo/robotics_inc/xarm_1s/install/xarm_1s_description' for CMake module files
[3.078s] Level 1:colcon.colcon_core.environment:checking '/home/kevo/robotics_inc/xarm_1s/install/xarm_1s_description' for CMake config files
[3.079s] Level 1:colcon.colcon_core.shell:create_environment_hook('xarm_1s_description', 'cmake_prefix_path')
[3.113s] INFO:colcon.colcon_core.shell:Creating environment hook '/home/kevo/robotics_inc/xarm_1s/install/xarm_1s_description/share/xarm_1s_description/hook/cmake_prefix_path.ps1'
[3.114s] INFO:colcon.colcon_core.shell:Creating environment descriptor '/home/kevo/robotics_inc/xarm_1s/install/xarm_1s_description/share/xarm_1s_description/hook/cmake_prefix_path.dsv'
[3.115s] INFO:colcon.colcon_core.shell:Creating environment hook '/home/kevo/robotics_inc/xarm_1s/install/xarm_1s_description/share/xarm_1s_description/hook/cmake_prefix_path.sh'
[3.116s] Level 1:colcon.colcon_core.environment:checking '/home/kevo/robotics_inc/xarm_1s/install/xarm_1s_description/bin'
[3.116s] Level 1:colcon.colcon_core.environment:checking '/home/kevo/robotics_inc/xarm_1s/install/xarm_1s_description/lib/pkgconfig/xarm_1s_description.pc'
[3.116s] Level 1:colcon.colcon_core.environment:checking '/home/kevo/robotics_inc/xarm_1s/install/xarm_1s_description/lib/python3.10/site-packages'
[3.117s] Level 1:colcon.colcon_core.environment:checking '/home/kevo/robotics_inc/xarm_1s/install/xarm_1s_description/bin'
[3.160s] INFO:colcon.colcon_core.shell:Creating package script '/home/kevo/robotics_inc/xarm_1s/install/xarm_1s_description/share/xarm_1s_description/package.ps1'
[3.161s] INFO:colcon.colcon_core.shell:Creating package descriptor '/home/kevo/robotics_inc/xarm_1s/install/xarm_1s_description/share/xarm_1s_description/package.dsv'
[3.162s] INFO:colcon.colcon_core.shell:Creating package script '/home/kevo/robotics_inc/xarm_1s/install/xarm_1s_description/share/xarm_1s_description/package.sh'
[3.163s] INFO:colcon.colcon_core.shell:Creating package script '/home/kevo/robotics_inc/xarm_1s/install/xarm_1s_description/share/xarm_1s_description/package.bash'
[3.164s] INFO:colcon.colcon_core.shell:Creating package script '/home/kevo/robotics_inc/xarm_1s/install/xarm_1s_description/share/xarm_1s_description/package.zsh'
[3.165s] Level 1:colcon.colcon_core.environment:create_file_with_runtime_dependencies(/home/kevo/robotics_inc/xarm_1s/install/xarm_1s_description/share/colcon-core/packages/xarm_1s_description)
[9.947s] DEBUG:colcon.colcon_core.event_handler.log_command:Invoked command in '/home/kevo/robotics_inc/xarm_1s/build/xarm_1s_hardware_interface' returned '0': CMAKE_PREFIX_PATH=${CMAKE_PREFIX_PATH}:/home/kevo/ws_moveit2/install/moveit_configs_utils:/home/kevo/ws_moveit2/install/launch_param_builder:/opt/ros/humble /usr/bin/cmake --build /home/kevo/robotics_inc/xarm_1s/build/xarm_1s_hardware_interface -- -j8 -l8
[10.003s] DEBUG:colcon.colcon_core.event_handler.log_command:Invoking command in '/home/kevo/robotics_inc/xarm_1s/build/xarm_1s_hardware_interface': CMAKE_PREFIX_PATH=${CMAKE_PREFIX_PATH}:/home/kevo/ws_moveit2/install/moveit_configs_utils:/home/kevo/ws_moveit2/install/launch_param_builder:/opt/ros/humble /usr/bin/cmake --install /home/kevo/robotics_inc/xarm_1s/build/xarm_1s_hardware_interface
[10.081s] Level 1:colcon.colcon_core.environment:create_environment_scripts_only(xarm_1s_hardware_interface)
[10.082s] DEBUG:colcon.colcon_core.event_handler.log_command:Invoked command in '/home/kevo/robotics_inc/xarm_1s/build/xarm_1s_hardware_interface' returned '0': CMAKE_PREFIX_PATH=${CMAKE_PREFIX_PATH}:/home/kevo/ws_moveit2/install/moveit_configs_utils:/home/kevo/ws_moveit2/install/launch_param_builder:/opt/ros/humble /usr/bin/cmake --install /home/kevo/robotics_inc/xarm_1s/build/xarm_1s_hardware_interface
[10.103s] Level 1:colcon.colcon_core.environment:checking '/home/kevo/robotics_inc/xarm_1s/install/xarm_1s_hardware_interface' for CMake module files
[10.104s] Level 1:colcon.colcon_core.environment:checking '/home/kevo/robotics_inc/xarm_1s/install/xarm_1s_hardware_interface' for CMake config files
[10.104s] Level 1:colcon.colcon_core.shell:create_environment_hook('xarm_1s_hardware_interface', 'cmake_prefix_path')
[10.130s] INFO:colcon.colcon_core.shell:Creating environment hook '/home/kevo/robotics_inc/xarm_1s/install/xarm_1s_hardware_interface/share/xarm_1s_hardware_interface/hook/cmake_prefix_path.ps1'
[10.130s] INFO:colcon.colcon_core.shell:Creating environment descriptor '/home/kevo/robotics_inc/xarm_1s/install/xarm_1s_hardware_interface/share/xarm_1s_hardware_interface/hook/cmake_prefix_path.dsv'
[10.131s] INFO:colcon.colcon_core.shell:Creating environment hook '/home/kevo/robotics_inc/xarm_1s/install/xarm_1s_hardware_interface/share/xarm_1s_hardware_interface/hook/cmake_prefix_path.sh'
[10.131s] Level 1:colcon.colcon_core.environment:checking '/home/kevo/robotics_inc/xarm_1s/install/xarm_1s_hardware_interface/lib'
[10.132s] Level 1:colcon.colcon_core.shell:create_environment_hook('xarm_1s_hardware_interface', 'ld_library_path_lib')
[10.157s] INFO:colcon.colcon_core.shell:Creating environment hook '/home/kevo/robotics_inc/xarm_1s/install/xarm_1s_hardware_interface/share/xarm_1s_hardware_interface/hook/ld_library_path_lib.ps1'
[10.158s] INFO:colcon.colcon_core.shell:Creating environment descriptor '/home/kevo/robotics_inc/xarm_1s/install/xarm_1s_hardware_interface/share/xarm_1s_hardware_interface/hook/ld_library_path_lib.dsv'
[10.158s] INFO:colcon.colcon_core.shell:Creating environment hook '/home/kevo/robotics_inc/xarm_1s/install/xarm_1s_hardware_interface/share/xarm_1s_hardware_interface/hook/ld_library_path_lib.sh'
[10.159s] Level 1:colcon.colcon_core.environment:checking '/home/kevo/robotics_inc/xarm_1s/install/xarm_1s_hardware_interface/bin'
[10.159s] Level 1:colcon.colcon_core.environment:checking '/home/kevo/robotics_inc/xarm_1s/install/xarm_1s_hardware_interface/lib/pkgconfig/xarm_1s_hardware_interface.pc'
[10.159s] Level 1:colcon.colcon_core.environment:checking '/home/kevo/robotics_inc/xarm_1s/install/xarm_1s_hardware_interface/lib/python3.10/site-packages'
[10.159s] Level 1:colcon.colcon_core.environment:checking '/home/kevo/robotics_inc/xarm_1s/install/xarm_1s_hardware_interface/bin'
[10.188s] INFO:colcon.colcon_core.shell:Creating package script '/home/kevo/robotics_inc/xarm_1s/install/xarm_1s_hardware_interface/share/xarm_1s_hardware_interface/package.ps1'
[10.188s] INFO:colcon.colcon_core.shell:Creating package descriptor '/home/kevo/robotics_inc/xarm_1s/install/xarm_1s_hardware_interface/share/xarm_1s_hardware_interface/package.dsv'
[10.189s] INFO:colcon.colcon_core.shell:Creating package script '/home/kevo/robotics_inc/xarm_1s/install/xarm_1s_hardware_interface/share/xarm_1s_hardware_interface/package.sh'
[10.189s] INFO:colcon.colcon_core.shell:Creating package script '/home/kevo/robotics_inc/xarm_1s/install/xarm_1s_hardware_interface/share/xarm_1s_hardware_interface/package.bash'
[10.190s] INFO:colcon.colcon_core.shell:Creating package script '/home/kevo/robotics_inc/xarm_1s/install/xarm_1s_hardware_interface/share/xarm_1s_hardware_interface/package.zsh'
[10.190s] Level 1:colcon.colcon_core.environment:create_file_with_runtime_dependencies(/home/kevo/robotics_inc/xarm_1s/install/xarm_1s_hardware_interface/share/colcon-core/packages/xarm_1s_hardware_interface)
[10.270s] Level 1:colcon.colcon_core.environment:create_environment_scripts_only(xarm_1s_hardware_interface)
[10.291s] Level 1:colcon.colcon_core.environment:checking '/home/kevo/robotics_inc/xarm_1s/install/xarm_1s_hardware_interface' for CMake module files
[10.292s] Level 1:colcon.colcon_core.environment:checking '/home/kevo/robotics_inc/xarm_1s/install/xarm_1s_hardware_interface' for CMake config files
[10.292s] Level 1:colcon.colcon_core.shell:create_environment_hook('xarm_1s_hardware_interface', 'cmake_prefix_path')
[10.315s] INFO:colcon.colcon_core.shell:Creating environment hook '/home/kevo/robotics_inc/xarm_1s/install/xarm_1s_hardware_interface/share/xarm_1s_hardware_interface/hook/cmake_prefix_path.ps1'
[10.316s] INFO:colcon.colcon_core.shell:Creating environment descriptor '/home/kevo/robotics_inc/xarm_1s/install/xarm_1s_hardware_interface/share/xarm_1s_hardware_interface/hook/cmake_prefix_path.dsv'
[10.316s] INFO:colcon.colcon_core.shell:Creating environment hook '/home/kevo/robotics_inc/xarm_1s/install/xarm_1s_hardware_interface/share/xarm_1s_hardware_interface/hook/cmake_prefix_path.sh'
[10.316s] Level 1:colcon.colcon_core.environment:checking '/home/kevo/robotics_inc/xarm_1s/install/xarm_1s_hardware_interface/lib'
[10.317s] Level 1:colcon.colcon_core.shell:create_environment_hook('xarm_1s_hardware_interface', 'ld_library_path_lib')
[10.360s] INFO:colcon.colcon_core.shell:Creating environment hook '/home/kevo/robotics_inc/xarm_1s/install/xarm_1s_hardware_interface/share/xarm_1s_hardware_interface/hook/ld_library_path_lib.ps1'
[10.360s] INFO:colcon.colcon_core.shell:Creating environment descriptor '/home/kevo/robotics_inc/xarm_1s/install/xarm_1s_hardware_interface/share/xarm_1s_hardware_interface/hook/ld_library_path_lib.dsv'
[10.360s] INFO:colcon.colcon_core.shell:Creating environment hook '/home/kevo/robotics_inc/xarm_1s/install/xarm_1s_hardware_interface/share/xarm_1s_hardware_interface/hook/ld_library_path_lib.sh'
[10.361s] Level 1:colcon.colcon_core.environment:checking '/home/kevo/robotics_inc/xarm_1s/install/xarm_1s_hardware_interface/bin'
[10.361s] Level 1:colcon.colcon_core.environment:checking '/home/kevo/robotics_inc/xarm_1s/install/xarm_1s_hardware_interface/lib/pkgconfig/xarm_1s_hardware_interface.pc'
[10.361s] Level 1:colcon.colcon_core.environment:checking '/home/kevo/robotics_inc/xarm_1s/install/xarm_1s_hardware_interface/lib/python3.10/site-packages'
[10.362s] Level 1:colcon.colcon_core.environment:checking '/home/kevo/robotics_inc/xarm_1s/install/xarm_1s_hardware_interface/bin'
[10.383s] INFO:colcon.colcon_core.shell:Creating package script '/home/kevo/robotics_inc/xarm_1s/install/xarm_1s_hardware_interface/share/xarm_1s_hardware_interface/package.ps1'
[10.384s] INFO:colcon.colcon_core.shell:Creating package descriptor '/home/kevo/robotics_inc/xarm_1s/install/xarm_1s_hardware_interface/share/xarm_1s_hardware_interface/package.dsv'
[10.384s] INFO:colcon.colcon_core.shell:Creating package script '/home/kevo/robotics_inc/xarm_1s/install/xarm_1s_hardware_interface/share/xarm_1s_hardware_interface/package.sh'
[10.385s] INFO:colcon.colcon_core.shell:Creating package script '/home/kevo/robotics_inc/xarm_1s/install/xarm_1s_hardware_interface/share/xarm_1s_hardware_interface/package.bash'
[10.385s] INFO:colcon.colcon_core.shell:Creating package script '/home/kevo/robotics_inc/xarm_1s/install/xarm_1s_hardware_interface/share/xarm_1s_hardware_interface/package.zsh'
[10.385s] Level 1:colcon.colcon_core.environment:create_file_with_runtime_dependencies(/home/kevo/robotics_inc/xarm_1s/install/xarm_1s_hardware_interface/share/colcon-core/packages/xarm_1s_hardware_interface)
[10.386s] DEBUG:colcon.colcon_parallel_executor.executor.parallel:closing loop
[10.387s] DEBUG:colcon.colcon_parallel_executor.executor.parallel:loop closed
[10.387s] DEBUG:colcon.colcon_parallel_executor.executor.parallel:run_until_complete finished with '0'
[10.387s] DEBUG:colcon.colcon_core.event_reactor:joining thread
[10.468s] INFO:colcon.colcon_core.plugin_system:Skipping extension 'colcon_notification.desktop_notification.notify_send': Could not find 'notify-send'
[10.468s] INFO:colcon.colcon_core.plugin_system:Skipping extension 'colcon_notification.desktop_notification.terminal_notifier': Not used on non-Darwin systems
[10.468s] INFO:colcon.colcon_core.plugin_system:Skipping extension 'colcon_notification.desktop_notification.win32': Not used on non-Windows systems
[10.468s] INFO:colcon.colcon_notification.desktop_notification:Sending desktop notification using 'notify2'
[10.469s] DEBUG:colcon.colcon_notification.desktop_notification.notify2:Failed to initialize notify2: org.freedesktop.DBus.Error.ServiceUnknown: The name org.freedesktop.Notifications was not provided by any .service files
[10.469s] DEBUG:colcon.colcon_core.event_reactor:joined thread
[10.491s] INFO:colcon.colcon_core.shell:Creating prefix script '/home/kevo/robotics_inc/xarm_1s/install/local_setup.ps1'
[10.494s] INFO:colcon.colcon_core.shell:Creating prefix util module '/home/kevo/robotics_inc/xarm_1s/install/_local_setup_util_ps1.py'
[10.496s] INFO:colcon.colcon_core.shell:Creating prefix chain script '/home/kevo/robotics_inc/xarm_1s/install/setup.ps1'
[10.520s] INFO:colcon.colcon_core.shell:Creating prefix script '/home/kevo/robotics_inc/xarm_1s/install/local_setup.sh'
[10.521s] INFO:colcon.colcon_core.shell:Creating prefix util module '/home/kevo/robotics_inc/xarm_1s/install/_local_setup_util_sh.py'
[10.521s] INFO:colcon.colcon_core.shell:Creating prefix chain script '/home/kevo/robotics_inc/xarm_1s/install/setup.sh'
[10.546s] INFO:colcon.colcon_core.shell:Creating prefix script '/home/kevo/robotics_inc/xarm_1s/install/local_setup.bash'
[10.546s] INFO:colcon.colcon_core.shell:Creating prefix chain script '/home/kevo/robotics_inc/xarm_1s/install/setup.bash'
[10.572s] INFO:colcon.colcon_core.shell:Creating prefix script '/home/kevo/robotics_inc/xarm_1s/install/local_setup.zsh'
[10.572s] INFO:colcon.colcon_core.shell:Creating prefix chain script '/home/kevo/robotics_inc/xarm_1s/install/setup.zsh'
