[0.038s] Invoking command in '/home/kevo/robotics_inc/xarm_1s/build/xarm_1s_messages': CMAKE_PREFIX_PATH=${CMAKE_PREFIX_PATH}:/home/kevo/ws_moveit2/install/moveit_configs_utils:/home/kevo/ws_moveit2/install/launch_param_builder:/opt/ros/humble /usr/bin/cmake --build /home/kevo/robotics_inc/xarm_1s/build/xarm_1s_messages -- -j8 -l8
[0.122s] [  3%] Built target xarm_1s_messages__cpp
[0.137s] [ 12%] Built target xarm_1s_messages__rosidl_generator_c
[0.143s] [ 12%] Built target ament_cmake_python_copy_xarm_1s_messages
[0.183s] [ 22%] Built target xarm_1s_messages__rosidl_typesupport_cpp
[0.186s] [ 32%] Built target xarm_1s_messages__rosidl_typesupport_introspection_cpp
[0.186s] [ 41%] Built target xarm_1s_messages__rosidl_typesupport_fastrtps_cpp
[0.205s] [ 51%] Built target xarm_1s_messages__rosidl_typesupport_introspection_c
[0.205s] [ 61%] Built target xarm_1s_messages__rosidl_typesupport_fastrtps_c
[0.210s] [ 70%] Built target xarm_1s_messages__rosidl_typesupport_c
[0.249s] [ 70%] Built target xarm_1s_messages
[0.288s] [ 74%] Built target xarm_1s_messages__py
[0.332s] [ 80%] Built target xarm_1s_messages__rosidl_generator_py
[0.376s] [ 87%] Built target xarm_1s_messages__rosidl_typesupport_fastrtps_c__pyext
[0.377s] [ 93%] Built target xarm_1s_messages__rosidl_typesupport_introspection_c__pyext
[0.378s] [100%] Built target xarm_1s_messages__rosidl_typesupport_c__pyext
[0.633s] running egg_info
[0.634s] writing xarm_1s_messages.egg-info/PKG-INFO
[0.634s] writing dependency_links to xarm_1s_messages.egg-info/dependency_links.txt
[0.634s] writing top-level names to xarm_1s_messages.egg-info/top_level.txt
[0.637s] reading manifest file 'xarm_1s_messages.egg-info/SOURCES.txt'
[0.638s] writing manifest file 'xarm_1s_messages.egg-info/SOURCES.txt'
[0.694s] [100%] Built target ament_cmake_python_build_xarm_1s_messages_egg
[0.710s] Invoked command in '/home/kevo/robotics_inc/xarm_1s/build/xarm_1s_messages' returned '0': CMAKE_PREFIX_PATH=${CMAKE_PREFIX_PATH}:/home/kevo/ws_moveit2/install/moveit_configs_utils:/home/kevo/ws_moveit2/install/launch_param_builder:/opt/ros/humble /usr/bin/cmake --build /home/kevo/robotics_inc/xarm_1s/build/xarm_1s_messages -- -j8 -l8
[0.814s] Invoking command in '/home/kevo/robotics_inc/xarm_1s/build/xarm_1s_messages': CMAKE_PREFIX_PATH=${CMAKE_PREFIX_PATH}:/home/kevo/ws_moveit2/install/moveit_configs_utils:/home/kevo/ws_moveit2/install/launch_param_builder:/opt/ros/humble /usr/bin/cmake --install /home/kevo/robotics_inc/xarm_1s/build/xarm_1s_messages
[0.826s] -- Install configuration: ""
[0.826s] -- Up-to-date: /home/kevo/robotics_inc/xarm_1s/install/xarm_1s_messages/share/ament_index/resource_index/rosidl_interfaces/xarm_1s_messages
[0.827s] -- Up-to-date: /home/kevo/robotics_inc/xarm_1s/install/xarm_1s_messages/include/xarm_1s_messages/xarm_1s_messages
[0.827s] -- Up-to-date: /home/kevo/robotics_inc/xarm_1s/install/xarm_1s_messages/include/xarm_1s_messages/xarm_1s_messages/msg
[0.827s] -- Up-to-date: /home/kevo/robotics_inc/xarm_1s/install/xarm_1s_messages/include/xarm_1s_messages/xarm_1s_messages/msg/joy_msg.h
[0.828s] -- Up-to-date: /home/kevo/robotics_inc/xarm_1s/install/xarm_1s_messages/include/xarm_1s_messages/xarm_1s_messages/msg/rosidl_generator_c__visibility_control.h
[0.828s] -- Up-to-date: /home/kevo/robotics_inc/xarm_1s/install/xarm_1s_messages/include/xarm_1s_messages/xarm_1s_messages/msg/detail
[0.828s] -- Up-to-date: /home/kevo/robotics_inc/xarm_1s/install/xarm_1s_messages/include/xarm_1s_messages/xarm_1s_messages/msg/detail/joy_msg__type_support.h
[0.829s] -- Up-to-date: /home/kevo/robotics_inc/xarm_1s/install/xarm_1s_messages/include/xarm_1s_messages/xarm_1s_messages/msg/detail/joy_msg__functions.c
[0.829s] -- Up-to-date: /home/kevo/robotics_inc/xarm_1s/install/xarm_1s_messages/include/xarm_1s_messages/xarm_1s_messages/msg/detail/joy_msg__functions.h
[0.829s] -- Up-to-date: /home/kevo/robotics_inc/xarm_1s/install/xarm_1s_messages/include/xarm_1s_messages/xarm_1s_messages/msg/detail/joy_msg__struct.h
[0.829s] -- Up-to-date: /home/kevo/robotics_inc/xarm_1s/install/xarm_1s_messages/share/xarm_1s_messages/environment/library_path.sh
[0.830s] -- Up-to-date: /home/kevo/robotics_inc/xarm_1s/install/xarm_1s_messages/share/xarm_1s_messages/environment/library_path.dsv
[0.830s] -- Up-to-date: /home/kevo/robotics_inc/xarm_1s/install/xarm_1s_messages/lib/libxarm_1s_messages__rosidl_generator_c.so
[0.830s] -- Up-to-date: /home/kevo/robotics_inc/xarm_1s/install/xarm_1s_messages/include/xarm_1s_messages/xarm_1s_messages
[0.830s] -- Up-to-date: /home/kevo/robotics_inc/xarm_1s/install/xarm_1s_messages/include/xarm_1s_messages/xarm_1s_messages/msg
[0.831s] -- Up-to-date: /home/kevo/robotics_inc/xarm_1s/install/xarm_1s_messages/include/xarm_1s_messages/xarm_1s_messages/msg/rosidl_typesupport_fastrtps_c__visibility_control.h
[0.831s] -- Up-to-date: /home/kevo/robotics_inc/xarm_1s/install/xarm_1s_messages/include/xarm_1s_messages/xarm_1s_messages/msg/detail
[0.831s] -- Up-to-date: /home/kevo/robotics_inc/xarm_1s/install/xarm_1s_messages/include/xarm_1s_messages/xarm_1s_messages/msg/detail/joy_msg__rosidl_typesupport_fastrtps_c.h
[0.831s] -- Up-to-date: /home/kevo/robotics_inc/xarm_1s/install/xarm_1s_messages/lib/libxarm_1s_messages__rosidl_typesupport_fastrtps_c.so
[0.831s] -- Up-to-date: /home/kevo/robotics_inc/xarm_1s/install/xarm_1s_messages/include/xarm_1s_messages/xarm_1s_messages
[0.831s] -- Up-to-date: /home/kevo/robotics_inc/xarm_1s/install/xarm_1s_messages/include/xarm_1s_messages/xarm_1s_messages/msg
[0.832s] -- Up-to-date: /home/kevo/robotics_inc/xarm_1s/install/xarm_1s_messages/include/xarm_1s_messages/xarm_1s_messages/msg/rosidl_typesupport_introspection_c__visibility_control.h
[0.832s] -- Up-to-date: /home/kevo/robotics_inc/xarm_1s/install/xarm_1s_messages/include/xarm_1s_messages/xarm_1s_messages/msg/detail
[0.832s] -- Up-to-date: /home/kevo/robotics_inc/xarm_1s/install/xarm_1s_messages/include/xarm_1s_messages/xarm_1s_messages/msg/detail/joy_msg__type_support.c
[0.832s] -- Up-to-date: /home/kevo/robotics_inc/xarm_1s/install/xarm_1s_messages/include/xarm_1s_messages/xarm_1s_messages/msg/detail/joy_msg__rosidl_typesupport_introspection_c.h
[0.843s] -- Up-to-date: /home/kevo/robotics_inc/xarm_1s/install/xarm_1s_messages/lib/libxarm_1s_messages__rosidl_typesupport_introspection_c.so
[0.843s] -- Up-to-date: /home/kevo/robotics_inc/xarm_1s/install/xarm_1s_messages/lib/libxarm_1s_messages__rosidl_typesupport_c.so
[0.843s] -- Up-to-date: /home/kevo/robotics_inc/xarm_1s/install/xarm_1s_messages/include/xarm_1s_messages/xarm_1s_messages
[0.843s] -- Up-to-date: /home/kevo/robotics_inc/xarm_1s/install/xarm_1s_messages/include/xarm_1s_messages/xarm_1s_messages/msg
[0.843s] -- Up-to-date: /home/kevo/robotics_inc/xarm_1s/install/xarm_1s_messages/include/xarm_1s_messages/xarm_1s_messages/msg/joy_msg.hpp
[0.843s] -- Up-to-date: /home/kevo/robotics_inc/xarm_1s/install/xarm_1s_messages/include/xarm_1s_messages/xarm_1s_messages/msg/detail
[0.844s] -- Up-to-date: /home/kevo/robotics_inc/xarm_1s/install/xarm_1s_messages/include/xarm_1s_messages/xarm_1s_messages/msg/detail/joy_msg__builder.hpp
[0.844s] -- Up-to-date: /home/kevo/robotics_inc/xarm_1s/install/xarm_1s_messages/include/xarm_1s_messages/xarm_1s_messages/msg/detail/joy_msg__traits.hpp
[0.844s] -- Up-to-date: /home/kevo/robotics_inc/xarm_1s/install/xarm_1s_messages/include/xarm_1s_messages/xarm_1s_messages/msg/detail/joy_msg__struct.hpp
[0.844s] -- Up-to-date: /home/kevo/robotics_inc/xarm_1s/install/xarm_1s_messages/include/xarm_1s_messages/xarm_1s_messages
[0.844s] -- Up-to-date: /home/kevo/robotics_inc/xarm_1s/install/xarm_1s_messages/include/xarm_1s_messages/xarm_1s_messages/msg
[0.844s] -- Up-to-date: /home/kevo/robotics_inc/xarm_1s/install/xarm_1s_messages/include/xarm_1s_messages/xarm_1s_messages/msg/rosidl_typesupport_fastrtps_cpp__visibility_control.h
[0.844s] -- Up-to-date: /home/kevo/robotics_inc/xarm_1s/install/xarm_1s_messages/include/xarm_1s_messages/xarm_1s_messages/msg/detail
[0.844s] -- Up-to-date: /home/kevo/robotics_inc/xarm_1s/install/xarm_1s_messages/include/xarm_1s_messages/xarm_1s_messages/msg/detail/dds_fastrtps
[0.845s] -- Up-to-date: /home/kevo/robotics_inc/xarm_1s/install/xarm_1s_messages/include/xarm_1s_messages/xarm_1s_messages/msg/detail/joy_msg__rosidl_typesupport_fastrtps_cpp.hpp
[0.845s] -- Up-to-date: /home/kevo/robotics_inc/xarm_1s/install/xarm_1s_messages/lib/libxarm_1s_messages__rosidl_typesupport_fastrtps_cpp.so
[0.845s] -- Up-to-date: /home/kevo/robotics_inc/xarm_1s/install/xarm_1s_messages/include/xarm_1s_messages/xarm_1s_messages
[0.845s] -- Up-to-date: /home/kevo/robotics_inc/xarm_1s/install/xarm_1s_messages/include/xarm_1s_messages/xarm_1s_messages/msg
[0.845s] -- Up-to-date: /home/kevo/robotics_inc/xarm_1s/install/xarm_1s_messages/include/xarm_1s_messages/xarm_1s_messages/msg/detail
[0.845s] -- Up-to-date: /home/kevo/robotics_inc/xarm_1s/install/xarm_1s_messages/include/xarm_1s_messages/xarm_1s_messages/msg/detail/joy_msg__rosidl_typesupport_introspection_cpp.hpp
[0.846s] -- Up-to-date: /home/kevo/robotics_inc/xarm_1s/install/xarm_1s_messages/include/xarm_1s_messages/xarm_1s_messages/msg/detail/joy_msg__type_support.cpp
[0.846s] -- Up-to-date: /home/kevo/robotics_inc/xarm_1s/install/xarm_1s_messages/lib/libxarm_1s_messages__rosidl_typesupport_introspection_cpp.so
[0.846s] -- Up-to-date: /home/kevo/robotics_inc/xarm_1s/install/xarm_1s_messages/lib/libxarm_1s_messages__rosidl_typesupport_cpp.so
[0.846s] -- Up-to-date: /home/kevo/robotics_inc/xarm_1s/install/xarm_1s_messages/share/xarm_1s_messages/environment/pythonpath.sh
[0.846s] -- Up-to-date: /home/kevo/robotics_inc/xarm_1s/install/xarm_1s_messages/share/xarm_1s_messages/environment/pythonpath.dsv
[0.847s] -- Up-to-date: /home/kevo/robotics_inc/xarm_1s/install/xarm_1s_messages/local/lib/python3.10/dist-packages/xarm_1s_messages-0.0.0-py3.10.egg-info
[0.847s] -- Installing: /home/kevo/robotics_inc/xarm_1s/install/xarm_1s_messages/local/lib/python3.10/dist-packages/xarm_1s_messages-0.0.0-py3.10.egg-info/top_level.txt
[0.847s] -- Installing: /home/kevo/robotics_inc/xarm_1s/install/xarm_1s_messages/local/lib/python3.10/dist-packages/xarm_1s_messages-0.0.0-py3.10.egg-info/dependency_links.txt
[0.848s] -- Installing: /home/kevo/robotics_inc/xarm_1s/install/xarm_1s_messages/local/lib/python3.10/dist-packages/xarm_1s_messages-0.0.0-py3.10.egg-info/SOURCES.txt
[0.848s] -- Installing: /home/kevo/robotics_inc/xarm_1s/install/xarm_1s_messages/local/lib/python3.10/dist-packages/xarm_1s_messages-0.0.0-py3.10.egg-info/PKG-INFO
[0.848s] -- Up-to-date: /home/kevo/robotics_inc/xarm_1s/install/xarm_1s_messages/local/lib/python3.10/dist-packages/xarm_1s_messages
[0.849s] -- Up-to-date: /home/kevo/robotics_inc/xarm_1s/install/xarm_1s_messages/local/lib/python3.10/dist-packages/xarm_1s_messages/libxarm_1s_messages__rosidl_generator_py.so
[0.849s] -- Up-to-date: /home/kevo/robotics_inc/xarm_1s/install/xarm_1s_messages/local/lib/python3.10/dist-packages/xarm_1s_messages/xarm_1s_messages_s__rosidl_typesupport_introspection_c.cpython-310-x86_64-linux-gnu.so
[0.850s] -- Up-to-date: /home/kevo/robotics_inc/xarm_1s/install/xarm_1s_messages/local/lib/python3.10/dist-packages/xarm_1s_messages/xarm_1s_messages_s__rosidl_typesupport_fastrtps_c.cpython-310-x86_64-linux-gnu.so
[0.850s] -- Up-to-date: /home/kevo/robotics_inc/xarm_1s/install/xarm_1s_messages/local/lib/python3.10/dist-packages/xarm_1s_messages/xarm_1s_messages_s__rosidl_typesupport_c.cpython-310-x86_64-linux-gnu.so
[0.850s] -- Up-to-date: /home/kevo/robotics_inc/xarm_1s/install/xarm_1s_messages/local/lib/python3.10/dist-packages/xarm_1s_messages/_xarm_1s_messages_s.ep.rosidl_typesupport_c.c
[0.850s] -- Up-to-date: /home/kevo/robotics_inc/xarm_1s/install/xarm_1s_messages/local/lib/python3.10/dist-packages/xarm_1s_messages/msg
[0.850s] -- Up-to-date: /home/kevo/robotics_inc/xarm_1s/install/xarm_1s_messages/local/lib/python3.10/dist-packages/xarm_1s_messages/msg/_joy_msg_s.c
[0.850s] -- Up-to-date: /home/kevo/robotics_inc/xarm_1s/install/xarm_1s_messages/local/lib/python3.10/dist-packages/xarm_1s_messages/msg/_joy_msg.py
[0.850s] -- Up-to-date: /home/kevo/robotics_inc/xarm_1s/install/xarm_1s_messages/local/lib/python3.10/dist-packages/xarm_1s_messages/msg/__init__.py
[0.851s] -- Up-to-date: /home/kevo/robotics_inc/xarm_1s/install/xarm_1s_messages/local/lib/python3.10/dist-packages/xarm_1s_messages/_xarm_1s_messages_s.ep.rosidl_typesupport_introspection_c.c
[0.851s] -- Up-to-date: /home/kevo/robotics_inc/xarm_1s/install/xarm_1s_messages/local/lib/python3.10/dist-packages/xarm_1s_messages/_xarm_1s_messages_s.ep.rosidl_typesupport_fastrtps_c.c
[0.851s] -- Up-to-date: /home/kevo/robotics_inc/xarm_1s/install/xarm_1s_messages/local/lib/python3.10/dist-packages/xarm_1s_messages/__init__.py
[0.874s] Listing '/home/kevo/robotics_inc/xarm_1s/install/xarm_1s_messages/local/lib/python3.10/dist-packages/xarm_1s_messages'...
[0.874s] Listing '/home/kevo/robotics_inc/xarm_1s/install/xarm_1s_messages/local/lib/python3.10/dist-packages/xarm_1s_messages/msg'...
[0.884s] -- Up-to-date: /home/kevo/robotics_inc/xarm_1s/install/xarm_1s_messages/local/lib/python3.10/dist-packages/xarm_1s_messages/xarm_1s_messages_s__rosidl_typesupport_fastrtps_c.cpython-310-x86_64-linux-gnu.so
[0.884s] -- Up-to-date: /home/kevo/robotics_inc/xarm_1s/install/xarm_1s_messages/local/lib/python3.10/dist-packages/xarm_1s_messages/xarm_1s_messages_s__rosidl_typesupport_introspection_c.cpython-310-x86_64-linux-gnu.so
[0.884s] -- Up-to-date: /home/kevo/robotics_inc/xarm_1s/install/xarm_1s_messages/local/lib/python3.10/dist-packages/xarm_1s_messages/xarm_1s_messages_s__rosidl_typesupport_c.cpython-310-x86_64-linux-gnu.so
[0.885s] -- Up-to-date: /home/kevo/robotics_inc/xarm_1s/install/xarm_1s_messages/lib/libxarm_1s_messages__rosidl_generator_py.so
[0.885s] -- Up-to-date: /home/kevo/robotics_inc/xarm_1s/install/xarm_1s_messages/share/xarm_1s_messages/msg/JoyMsg.idl
[0.885s] -- Up-to-date: /home/kevo/robotics_inc/xarm_1s/install/xarm_1s_messages/share/xarm_1s_messages/msg/JoyMsg.msg
[0.886s] -- Up-to-date: /home/kevo/robotics_inc/xarm_1s/install/xarm_1s_messages/share/ament_index/resource_index/package_run_dependencies/xarm_1s_messages
[0.886s] -- Up-to-date: /home/kevo/robotics_inc/xarm_1s/install/xarm_1s_messages/share/ament_index/resource_index/parent_prefix_path/xarm_1s_messages
[0.886s] -- Up-to-date: /home/kevo/robotics_inc/xarm_1s/install/xarm_1s_messages/share/xarm_1s_messages/environment/ament_prefix_path.sh
[0.887s] -- Up-to-date: /home/kevo/robotics_inc/xarm_1s/install/xarm_1s_messages/share/xarm_1s_messages/environment/ament_prefix_path.dsv
[0.887s] -- Up-to-date: /home/kevo/robotics_inc/xarm_1s/install/xarm_1s_messages/share/xarm_1s_messages/environment/path.sh
[0.888s] -- Up-to-date: /home/kevo/robotics_inc/xarm_1s/install/xarm_1s_messages/share/xarm_1s_messages/environment/path.dsv
[0.889s] -- Up-to-date: /home/kevo/robotics_inc/xarm_1s/install/xarm_1s_messages/share/xarm_1s_messages/local_setup.bash
[0.889s] -- Up-to-date: /home/kevo/robotics_inc/xarm_1s/install/xarm_1s_messages/share/xarm_1s_messages/local_setup.sh
[0.889s] -- Up-to-date: /home/kevo/robotics_inc/xarm_1s/install/xarm_1s_messages/share/xarm_1s_messages/local_setup.zsh
[0.889s] -- Up-to-date: /home/kevo/robotics_inc/xarm_1s/install/xarm_1s_messages/share/xarm_1s_messages/local_setup.dsv
[0.889s] -- Installing: /home/kevo/robotics_inc/xarm_1s/install/xarm_1s_messages/share/xarm_1s_messages/package.dsv
[0.890s] -- Up-to-date: /home/kevo/robotics_inc/xarm_1s/install/xarm_1s_messages/share/ament_index/resource_index/packages/xarm_1s_messages
[0.890s] -- Up-to-date: /home/kevo/robotics_inc/xarm_1s/install/xarm_1s_messages/share/xarm_1s_messages/cmake/export_xarm_1s_messages__rosidl_generator_cExport.cmake
[0.890s] -- Up-to-date: /home/kevo/robotics_inc/xarm_1s/install/xarm_1s_messages/share/xarm_1s_messages/cmake/export_xarm_1s_messages__rosidl_generator_cExport-noconfig.cmake
[0.890s] -- Up-to-date: /home/kevo/robotics_inc/xarm_1s/install/xarm_1s_messages/share/xarm_1s_messages/cmake/export_xarm_1s_messages__rosidl_typesupport_fastrtps_cExport.cmake
[0.890s] -- Up-to-date: /home/kevo/robotics_inc/xarm_1s/install/xarm_1s_messages/share/xarm_1s_messages/cmake/export_xarm_1s_messages__rosidl_typesupport_fastrtps_cExport-noconfig.cmake
[0.891s] -- Up-to-date: /home/kevo/robotics_inc/xarm_1s/install/xarm_1s_messages/share/xarm_1s_messages/cmake/xarm_1s_messages__rosidl_typesupport_introspection_cExport.cmake
[0.891s] -- Up-to-date: /home/kevo/robotics_inc/xarm_1s/install/xarm_1s_messages/share/xarm_1s_messages/cmake/xarm_1s_messages__rosidl_typesupport_introspection_cExport-noconfig.cmake
[0.891s] -- Up-to-date: /home/kevo/robotics_inc/xarm_1s/install/xarm_1s_messages/share/xarm_1s_messages/cmake/xarm_1s_messages__rosidl_typesupport_cExport.cmake
[0.892s] -- Up-to-date: /home/kevo/robotics_inc/xarm_1s/install/xarm_1s_messages/share/xarm_1s_messages/cmake/xarm_1s_messages__rosidl_typesupport_cExport-noconfig.cmake
[0.892s] -- Up-to-date: /home/kevo/robotics_inc/xarm_1s/install/xarm_1s_messages/share/xarm_1s_messages/cmake/export_xarm_1s_messages__rosidl_generator_cppExport.cmake
[0.892s] -- Up-to-date: /home/kevo/robotics_inc/xarm_1s/install/xarm_1s_messages/share/xarm_1s_messages/cmake/export_xarm_1s_messages__rosidl_typesupport_fastrtps_cppExport.cmake
[0.893s] -- Up-to-date: /home/kevo/robotics_inc/xarm_1s/install/xarm_1s_messages/share/xarm_1s_messages/cmake/export_xarm_1s_messages__rosidl_typesupport_fastrtps_cppExport-noconfig.cmake
[0.893s] -- Up-to-date: /home/kevo/robotics_inc/xarm_1s/install/xarm_1s_messages/share/xarm_1s_messages/cmake/xarm_1s_messages__rosidl_typesupport_introspection_cppExport.cmake
[0.893s] -- Up-to-date: /home/kevo/robotics_inc/xarm_1s/install/xarm_1s_messages/share/xarm_1s_messages/cmake/xarm_1s_messages__rosidl_typesupport_introspection_cppExport-noconfig.cmake
[0.894s] -- Up-to-date: /home/kevo/robotics_inc/xarm_1s/install/xarm_1s_messages/share/xarm_1s_messages/cmake/xarm_1s_messages__rosidl_typesupport_cppExport.cmake
[0.894s] -- Up-to-date: /home/kevo/robotics_inc/xarm_1s/install/xarm_1s_messages/share/xarm_1s_messages/cmake/xarm_1s_messages__rosidl_typesupport_cppExport-noconfig.cmake
[0.894s] -- Up-to-date: /home/kevo/robotics_inc/xarm_1s/install/xarm_1s_messages/share/xarm_1s_messages/cmake/export_xarm_1s_messages__rosidl_generator_pyExport.cmake
[0.894s] -- Up-to-date: /home/kevo/robotics_inc/xarm_1s/install/xarm_1s_messages/share/xarm_1s_messages/cmake/export_xarm_1s_messages__rosidl_generator_pyExport-noconfig.cmake
[0.895s] -- Up-to-date: /home/kevo/robotics_inc/xarm_1s/install/xarm_1s_messages/share/xarm_1s_messages/cmake/rosidl_cmake-extras.cmake
[0.896s] -- Up-to-date: /home/kevo/robotics_inc/xarm_1s/install/xarm_1s_messages/share/xarm_1s_messages/cmake/ament_cmake_export_include_directories-extras.cmake
[0.896s] -- Up-to-date: /home/kevo/robotics_inc/xarm_1s/install/xarm_1s_messages/share/xarm_1s_messages/cmake/ament_cmake_export_libraries-extras.cmake
[0.897s] -- Up-to-date: /home/kevo/robotics_inc/xarm_1s/install/xarm_1s_messages/share/xarm_1s_messages/cmake/ament_cmake_export_targets-extras.cmake
[0.897s] -- Up-to-date: /home/kevo/robotics_inc/xarm_1s/install/xarm_1s_messages/share/xarm_1s_messages/cmake/rosidl_cmake_export_typesupport_targets-extras.cmake
[0.897s] -- Up-to-date: /home/kevo/robotics_inc/xarm_1s/install/xarm_1s_messages/share/xarm_1s_messages/cmake/ament_cmake_export_dependencies-extras.cmake
[0.897s] -- Up-to-date: /home/kevo/robotics_inc/xarm_1s/install/xarm_1s_messages/share/xarm_1s_messages/cmake/rosidl_cmake_export_typesupport_libraries-extras.cmake
[0.897s] -- Up-to-date: /home/kevo/robotics_inc/xarm_1s/install/xarm_1s_messages/share/xarm_1s_messages/cmake/xarm_1s_messagesConfig.cmake
[0.897s] -- Up-to-date: /home/kevo/robotics_inc/xarm_1s/install/xarm_1s_messages/share/xarm_1s_messages/cmake/xarm_1s_messagesConfig-version.cmake
[0.898s] -- Up-to-date: /home/kevo/robotics_inc/xarm_1s/install/xarm_1s_messages/share/xarm_1s_messages/package.xml
[0.898s] Invoked command in '/home/kevo/robotics_inc/xarm_1s/build/xarm_1s_messages' returned '0': CMAKE_PREFIX_PATH=${CMAKE_PREFIX_PATH}:/home/kevo/ws_moveit2/install/moveit_configs_utils:/home/kevo/ws_moveit2/install/launch_param_builder:/opt/ros/humble /usr/bin/cmake --install /home/kevo/robotics_inc/xarm_1s/build/xarm_1s_messages
