[0.074s] Invoking command in '/home/kevo/robotics_inc/xarm_1s/build/xarm_1s_hardware_interface': CMAKE_PREFIX_PATH=${CMAKE_PREFIX_PATH}:/home/kevo/ws_moveit2/install/moveit_configs_utils:/home/kevo/ws_moveit2/install/launch_param_builder:/opt/ros/humble /usr/bin/cmake --build /home/kevo/robotics_inc/xarm_1s/build/xarm_1s_hardware_interface -- -j8 -l8
[0.241s] [100%] Built target xarm_1s_hardware_interface
[0.250s] [100%] Built target ament_cmake_python_copy_xarm_1s_hardware_interface
[1.301s] running egg_info
[1.303s] writing xarm_1s_hardware_interface.egg-info/PKG-INFO
[1.303s] writing dependency_links to xarm_1s_hardware_interface.egg-info/dependency_links.txt
[1.303s] writing top-level names to xarm_1s_hardware_interface.egg-info/top_level.txt
[1.311s] reading manifest file 'xarm_1s_hardware_interface.egg-info/SOURCES.txt'
[1.313s] writing manifest file 'xarm_1s_hardware_interface.egg-info/SOURCES.txt'
[1.433s] [100%] Built target ament_cmake_python_build_xarm_1s_hardware_interface_egg
[1.461s] Invoked command in '/home/kevo/robotics_inc/xarm_1s/build/xarm_1s_hardware_interface' returned '0': CMAKE_PREFIX_PATH=${CMAKE_PREFIX_PATH}:/home/kevo/ws_moveit2/install/moveit_configs_utils:/home/kevo/ws_moveit2/install/launch_param_builder:/opt/ros/humble /usr/bin/cmake --build /home/kevo/robotics_inc/xarm_1s/build/xarm_1s_hardware_interface -- -j8 -l8
[1.570s] Invoking command in '/home/kevo/robotics_inc/xarm_1s/build/xarm_1s_hardware_interface': CMAKE_PREFIX_PATH=${CMAKE_PREFIX_PATH}:/home/kevo/ws_moveit2/install/moveit_configs_utils:/home/kevo/ws_moveit2/install/launch_param_builder:/opt/ros/humble /usr/bin/cmake --install /home/kevo/robotics_inc/xarm_1s/build/xarm_1s_hardware_interface
[1.591s] -- Install configuration: ""
[1.591s] -- Up-to-date: /home/kevo/robotics_inc/xarm_1s/install/xarm_1s_hardware_interface/share/xarm_1s_hardware_interface/robotic_arm_hw_plugin.xml
[1.591s] -- Up-to-date: /home/kevo/robotics_inc/xarm_1s/install/xarm_1s_hardware_interface/share/xarm_1s_hardware_interface/environment/pythonpath.sh
[1.591s] -- Up-to-date: /home/kevo/robotics_inc/xarm_1s/install/xarm_1s_hardware_interface/share/xarm_1s_hardware_interface/environment/pythonpath.dsv
[1.592s] -- Up-to-date: /home/kevo/robotics_inc/xarm_1s/install/xarm_1s_hardware_interface/local/lib/python3.10/dist-packages/xarm_1s_hardware_interface-0.0.0-py3.10.egg-info
[1.592s] -- Installing: /home/kevo/robotics_inc/xarm_1s/install/xarm_1s_hardware_interface/local/lib/python3.10/dist-packages/xarm_1s_hardware_interface-0.0.0-py3.10.egg-info/top_level.txt
[1.592s] -- Installing: /home/kevo/robotics_inc/xarm_1s/install/xarm_1s_hardware_interface/local/lib/python3.10/dist-packages/xarm_1s_hardware_interface-0.0.0-py3.10.egg-info/dependency_links.txt
[1.592s] -- Installing: /home/kevo/robotics_inc/xarm_1s/install/xarm_1s_hardware_interface/local/lib/python3.10/dist-packages/xarm_1s_hardware_interface-0.0.0-py3.10.egg-info/SOURCES.txt
[1.592s] -- Installing: /home/kevo/robotics_inc/xarm_1s/install/xarm_1s_hardware_interface/local/lib/python3.10/dist-packages/xarm_1s_hardware_interface-0.0.0-py3.10.egg-info/PKG-INFO
[1.593s] -- Up-to-date: /home/kevo/robotics_inc/xarm_1s/install/xarm_1s_hardware_interface/local/lib/python3.10/dist-packages/xarm_1s_hardware_interface
[1.593s] -- Up-to-date: /home/kevo/robotics_inc/xarm_1s/install/xarm_1s_hardware_interface/local/lib/python3.10/dist-packages/xarm_1s_hardware_interface/__init__.py
[1.682s] Listing '/home/kevo/robotics_inc/xarm_1s/install/xarm_1s_hardware_interface/local/lib/python3.10/dist-packages/xarm_1s_hardware_interface'...
[1.724s] -- Up-to-date: /home/kevo/robotics_inc/xarm_1s/install/xarm_1s_hardware_interface/lib/libxarm_1s_hardware_interface.so
[1.727s] -- Up-to-date: /home/kevo/robotics_inc/xarm_1s/install/xarm_1s_hardware_interface/include/include
[1.727s] -- Up-to-date: /home/kevo/robotics_inc/xarm_1s/install/xarm_1s_hardware_interface/include/include/xarm_1s_hardware_interface
[1.728s] -- Up-to-date: /home/kevo/robotics_inc/xarm_1s/install/xarm_1s_hardware_interface/include/include/xarm_1s_hardware_interface/xarm.hpp
[1.728s] -- Up-to-date: /home/kevo/robotics_inc/xarm_1s/install/xarm_1s_hardware_interface/include/include/xarm_1s_hardware_interface/util.hpp
[1.728s] -- Up-to-date: /home/kevo/robotics_inc/xarm_1s/install/xarm_1s_hardware_interface/include/include/xarm_1s_hardware_interface/servo.hpp
[1.729s] -- Up-to-date: /home/kevo/robotics_inc/xarm_1s/install/xarm_1s_hardware_interface/include/include/xarm_1s_hardware_interface/hardware_interface.hpp
[1.729s] -- Up-to-date: /home/kevo/robotics_inc/xarm_1s/install/xarm_1s_hardware_interface/share/xarm_1s_hardware_interface/launch
[1.729s] -- Up-to-date: /home/kevo/robotics_inc/xarm_1s/install/xarm_1s_hardware_interface/share/xarm_1s_hardware_interface/config
[1.730s] -- Up-to-date: /home/kevo/robotics_inc/xarm_1s/install/xarm_1s_hardware_interface/share/xarm_1s_hardware_interface/config/robot_arm_controllers.yaml
[1.730s] -- Up-to-date: /home/kevo/robotics_inc/xarm_1s/install/xarm_1s_hardware_interface/share/xarm_1s_hardware_interface/environment/library_path.sh
[1.730s] -- Up-to-date: /home/kevo/robotics_inc/xarm_1s/install/xarm_1s_hardware_interface/share/xarm_1s_hardware_interface/environment/library_path.dsv
[1.733s] -- Up-to-date: /home/kevo/robotics_inc/xarm_1s/install/xarm_1s_hardware_interface/share/ament_index/resource_index/package_run_dependencies/xarm_1s_hardware_interface
[1.734s] -- Up-to-date: /home/kevo/robotics_inc/xarm_1s/install/xarm_1s_hardware_interface/share/ament_index/resource_index/parent_prefix_path/xarm_1s_hardware_interface
[1.735s] -- Up-to-date: /home/kevo/robotics_inc/xarm_1s/install/xarm_1s_hardware_interface/share/xarm_1s_hardware_interface/environment/ament_prefix_path.sh
[1.735s] -- Up-to-date: /home/kevo/robotics_inc/xarm_1s/install/xarm_1s_hardware_interface/share/xarm_1s_hardware_interface/environment/ament_prefix_path.dsv
[1.736s] -- Up-to-date: /home/kevo/robotics_inc/xarm_1s/install/xarm_1s_hardware_interface/share/xarm_1s_hardware_interface/environment/path.sh
[1.736s] -- Up-to-date: /home/kevo/robotics_inc/xarm_1s/install/xarm_1s_hardware_interface/share/xarm_1s_hardware_interface/environment/path.dsv
[1.736s] -- Up-to-date: /home/kevo/robotics_inc/xarm_1s/install/xarm_1s_hardware_interface/share/xarm_1s_hardware_interface/local_setup.bash
[1.737s] -- Up-to-date: /home/kevo/robotics_inc/xarm_1s/install/xarm_1s_hardware_interface/share/xarm_1s_hardware_interface/local_setup.sh
[1.737s] -- Up-to-date: /home/kevo/robotics_inc/xarm_1s/install/xarm_1s_hardware_interface/share/xarm_1s_hardware_interface/local_setup.zsh
[1.737s] -- Up-to-date: /home/kevo/robotics_inc/xarm_1s/install/xarm_1s_hardware_interface/share/xarm_1s_hardware_interface/local_setup.dsv
[1.738s] -- Installing: /home/kevo/robotics_inc/xarm_1s/install/xarm_1s_hardware_interface/share/xarm_1s_hardware_interface/package.dsv
[1.738s] -- Up-to-date: /home/kevo/robotics_inc/xarm_1s/install/xarm_1s_hardware_interface/share/ament_index/resource_index/packages/xarm_1s_hardware_interface
[1.738s] -- Up-to-date: /home/kevo/robotics_inc/xarm_1s/install/xarm_1s_hardware_interface/share/ament_index/resource_index/hardware_interface__pluginlib__plugin/xarm_1s_hardware_interface
[1.739s] -- Up-to-date: /home/kevo/robotics_inc/xarm_1s/install/xarm_1s_hardware_interface/share/xarm_1s_hardware_interface/cmake/ament_cmake_export_include_directories-extras.cmake
[1.739s] -- Up-to-date: /home/kevo/robotics_inc/xarm_1s/install/xarm_1s_hardware_interface/share/xarm_1s_hardware_interface/cmake/ament_cmake_export_libraries-extras.cmake
[1.739s] -- Up-to-date: /home/kevo/robotics_inc/xarm_1s/install/xarm_1s_hardware_interface/share/xarm_1s_hardware_interface/cmake/ament_cmake_export_dependencies-extras.cmake
[1.740s] -- Up-to-date: /home/kevo/robotics_inc/xarm_1s/install/xarm_1s_hardware_interface/share/xarm_1s_hardware_interface/cmake/xarm_1s_hardware_interfaceConfig.cmake
[1.740s] -- Up-to-date: /home/kevo/robotics_inc/xarm_1s/install/xarm_1s_hardware_interface/share/xarm_1s_hardware_interface/cmake/xarm_1s_hardware_interfaceConfig-version.cmake
[1.740s] -- Up-to-date: /home/kevo/robotics_inc/xarm_1s/install/xarm_1s_hardware_interface/share/xarm_1s_hardware_interface/package.xml
[1.750s] Invoked command in '/home/kevo/robotics_inc/xarm_1s/build/xarm_1s_hardware_interface' returned '0': CMAKE_PREFIX_PATH=${CMAKE_PREFIX_PATH}:/home/kevo/ws_moveit2/install/moveit_configs_utils:/home/kevo/ws_moveit2/install/launch_param_builder:/opt/ros/humble /usr/bin/cmake --install /home/kevo/robotics_inc/xarm_1s/build/xarm_1s_hardware_interface
