[2.733s] DEBUG:colcon:Command line arguments: ['/usr/bin/colcon', 'build']
[2.733s] DEBUG:colcon:Parsed command line arguments: Namespace(log_base=None, log_level=None, verb_name='build', build_base='build', install_base='install', merge_install=False, symlink_install=False, test_result_base=None, continue_on_error=False, executor='parallel', parallel_workers=8, event_handlers=None, ignore_user_meta=False, metas=['./colcon.meta'], base_paths=['.'], packages_ignore=None, packages_ignore_regex=None, paths=None, packages_up_to=None, packages_up_to_regex=None, packages_above=None, packages_above_and_dependencies=None, packages_above_depth=None, packages_select_by_dep=None, packages_skip_by_dep=None, packages_skip_up_to=None, packages_select_build_failed=False, packages_skip_build_finished=False, packages_select_test_failures=False, packages_skip_test_passed=False, packages_select=None, packages_skip=None, packages_select_regex=None, packages_skip_regex=None, packages_start=None, packages_end=None, allow_overriding=[], cmake_args=None, cmake_target=None, cmake_target_skip_unavailable=False, cmake_clean_cache=False, cmake_clean_first=False, cmake_force_configure=False, ament_cmake_args=None, catkin_cmake_args=None, catkin_skip_building_tests=False, mixin_files=None, mixin=None, verb_parser=<colcon_mixin.mixin.mixin_argument.MixinArgumentDecorator object at 0x7f5ae5251cc0>, verb_extension=<colcon_core.verb.build.BuildVerb object at 0x7f5ae56e33d0>, main=<bound method BuildVerb.main of <colcon_core.verb.build.BuildVerb object at 0x7f5ae56e33d0>>, mixin_verb=('build',))
[2.836s] Level 1:colcon.colcon_core.package_discovery:discover_packages(colcon_meta) check parameters
[2.836s] Level 1:colcon.colcon_core.package_discovery:discover_packages(recursive) check parameters
[2.836s] Level 1:colcon.colcon_core.package_discovery:discover_packages(ignore) check parameters
[2.836s] Level 1:colcon.colcon_core.package_discovery:discover_packages(path) check parameters
[2.836s] Level 1:colcon.colcon_core.package_discovery:discover_packages(colcon_meta) discover
[2.837s] Level 1:colcon.colcon_core.package_discovery:discover_packages(recursive) discover
[2.837s] INFO:colcon.colcon_core.package_discovery:Crawling recursively for packages in '/home/kevo/robotics_inc/xarm_1s'
[2.837s] Level 1:colcon.colcon_core.package_identification:_identify(.) by extensions ['ignore', 'ignore_ament_install']
[2.837s] Level 1:colcon.colcon_core.package_identification:_identify(.) by extension 'ignore'
[2.837s] Level 1:colcon.colcon_core.package_identification:_identify(.) by extension 'ignore_ament_install'
[2.837s] Level 1:colcon.colcon_core.package_identification:_identify(.) by extensions ['colcon_pkg']
[2.837s] Level 1:colcon.colcon_core.package_identification:_identify(.) by extension 'colcon_pkg'
[2.837s] Level 1:colcon.colcon_core.package_identification:_identify(.) by extensions ['colcon_meta']
[2.837s] Level 1:colcon.colcon_core.package_identification:_identify(.) by extension 'colcon_meta'
[2.837s] Level 1:colcon.colcon_core.package_identification:_identify(.) by extensions ['ros']
[2.837s] Level 1:colcon.colcon_core.package_identification:_identify(.) by extension 'ros'
[2.857s] Level 1:colcon.colcon_core.package_identification:_identify(.) by extensions ['cmake', 'python']
[2.857s] Level 1:colcon.colcon_core.package_identification:_identify(.) by extension 'cmake'
[2.857s] Level 1:colcon.colcon_core.package_identification:_identify(.) by extension 'python'
[2.857s] Level 1:colcon.colcon_core.package_identification:_identify(.) by extensions ['python_setup_py']
[2.857s] Level 1:colcon.colcon_core.package_identification:_identify(.) by extension 'python_setup_py'
[2.857s] Level 1:colcon.colcon_core.package_identification:_identify(build) by extensions ['ignore', 'ignore_ament_install']
[2.858s] Level 1:colcon.colcon_core.package_identification:_identify(build) by extension 'ignore'
[2.858s] Level 1:colcon.colcon_core.package_identification:_identify(build) ignored
[2.858s] Level 1:colcon.colcon_core.package_identification:_identify(install) by extensions ['ignore', 'ignore_ament_install']
[2.858s] Level 1:colcon.colcon_core.package_identification:_identify(install) by extension 'ignore'
[2.858s] Level 1:colcon.colcon_core.package_identification:_identify(install) ignored
[2.858s] Level 1:colcon.colcon_core.package_identification:_identify(log) by extensions ['ignore', 'ignore_ament_install']
[2.858s] Level 1:colcon.colcon_core.package_identification:_identify(log) by extension 'ignore'
[2.858s] Level 1:colcon.colcon_core.package_identification:_identify(log) ignored
[2.859s] Level 1:colcon.colcon_core.package_identification:_identify(src) by extensions ['ignore', 'ignore_ament_install']
[2.859s] Level 1:colcon.colcon_core.package_identification:_identify(src) by extension 'ignore'
[2.859s] Level 1:colcon.colcon_core.package_identification:_identify(src) by extension 'ignore_ament_install'
[2.859s] Level 1:colcon.colcon_core.package_identification:_identify(src) by extensions ['colcon_pkg']
[2.859s] Level 1:colcon.colcon_core.package_identification:_identify(src) by extension 'colcon_pkg'
[2.859s] Level 1:colcon.colcon_core.package_identification:_identify(src) by extensions ['colcon_meta']
[2.859s] Level 1:colcon.colcon_core.package_identification:_identify(src) by extension 'colcon_meta'
[2.859s] Level 1:colcon.colcon_core.package_identification:_identify(src) by extensions ['ros']
[2.859s] Level 1:colcon.colcon_core.package_identification:_identify(src) by extension 'ros'
[2.859s] Level 1:colcon.colcon_core.package_identification:_identify(src) by extensions ['cmake', 'python']
[2.859s] Level 1:colcon.colcon_core.package_identification:_identify(src) by extension 'cmake'
[2.860s] Level 1:colcon.colcon_core.package_identification:_identify(src) by extension 'python'
[2.860s] Level 1:colcon.colcon_core.package_identification:_identify(src) by extensions ['python_setup_py']
[2.860s] Level 1:colcon.colcon_core.package_identification:_identify(src) by extension 'python_setup_py'
[2.860s] Level 1:colcon.colcon_core.package_identification:_identify(src/xarm_1s_description) by extensions ['ignore', 'ignore_ament_install']
[2.860s] Level 1:colcon.colcon_core.package_identification:_identify(src/xarm_1s_description) by extension 'ignore'
[2.860s] Level 1:colcon.colcon_core.package_identification:_identify(src/xarm_1s_description) by extension 'ignore_ament_install'
[2.860s] Level 1:colcon.colcon_core.package_identification:_identify(src/xarm_1s_description) by extensions ['colcon_pkg']
[2.860s] Level 1:colcon.colcon_core.package_identification:_identify(src/xarm_1s_description) by extension 'colcon_pkg'
[2.860s] Level 1:colcon.colcon_core.package_identification:_identify(src/xarm_1s_description) by extensions ['colcon_meta']
[2.860s] Level 1:colcon.colcon_core.package_identification:_identify(src/xarm_1s_description) by extension 'colcon_meta'
[2.860s] Level 1:colcon.colcon_core.package_identification:_identify(src/xarm_1s_description) by extensions ['ros']
[2.861s] Level 1:colcon.colcon_core.package_identification:_identify(src/xarm_1s_description) by extension 'ros'
[2.865s] DEBUG:colcon.colcon_core.package_identification:Package 'src/xarm_1s_description' with type 'ros.ament_cmake' and name 'xarm_1s_description'
[2.865s] Level 1:colcon.colcon_core.package_identification:_identify(src/xarm_1s_hardware_interface) by extensions ['ignore', 'ignore_ament_install']
[2.865s] Level 1:colcon.colcon_core.package_identification:_identify(src/xarm_1s_hardware_interface) by extension 'ignore'
[2.865s] Level 1:colcon.colcon_core.package_identification:_identify(src/xarm_1s_hardware_interface) by extension 'ignore_ament_install'
[2.866s] Level 1:colcon.colcon_core.package_identification:_identify(src/xarm_1s_hardware_interface) by extensions ['colcon_pkg']
[2.866s] Level 1:colcon.colcon_core.package_identification:_identify(src/xarm_1s_hardware_interface) by extension 'colcon_pkg'
[2.866s] Level 1:colcon.colcon_core.package_identification:_identify(src/xarm_1s_hardware_interface) by extensions ['colcon_meta']
[2.866s] Level 1:colcon.colcon_core.package_identification:_identify(src/xarm_1s_hardware_interface) by extension 'colcon_meta'
[2.866s] Level 1:colcon.colcon_core.package_identification:_identify(src/xarm_1s_hardware_interface) by extensions ['ros']
[2.866s] Level 1:colcon.colcon_core.package_identification:_identify(src/xarm_1s_hardware_interface) by extension 'ros'
[2.867s] DEBUG:colcon.colcon_core.package_identification:Package 'src/xarm_1s_hardware_interface' with type 'ros.ament_cmake' and name 'xarm_1s_hardware_interface'
[2.867s] Level 1:colcon.colcon_core.package_discovery:discover_packages(recursive) using defaults
[2.867s] Level 1:colcon.colcon_core.package_discovery:discover_packages(ignore) discover
[2.867s] Level 1:colcon.colcon_core.package_discovery:discover_packages(ignore) using defaults
[2.867s] Level 1:colcon.colcon_core.package_discovery:discover_packages(path) discover
[2.867s] Level 1:colcon.colcon_core.package_discovery:discover_packages(path) using defaults
[3.017s] Level 1:colcon.colcon_core.package_discovery:discover_packages(prefix_path) check parameters
[3.017s] Level 1:colcon.colcon_core.package_discovery:discover_packages(prefix_path) discover
[3.074s] DEBUG:colcon.colcon_installed_package_information.package_discovery:Found 3 installed packages in /home/kevo/robotics_inc/xarm_1s/install
[3.102s] DEBUG:colcon.colcon_installed_package_information.package_discovery:Found 57 installed packages in /home/kevo/ws_moveit2/install
[3.129s] DEBUG:colcon.colcon_installed_package_information.package_discovery:Found 378 installed packages in /opt/ros/humble
[3.133s] Level 1:colcon.colcon_core.package_discovery:discover_packages(prefix_path) using defaults
[3.308s] Level 5:colcon.colcon_core.verb:set package 'xarm_1s_description' build argument 'cmake_args' from command line to 'None'
[3.308s] Level 5:colcon.colcon_core.verb:set package 'xarm_1s_description' build argument 'cmake_target' from command line to 'None'
[3.308s] Level 5:colcon.colcon_core.verb:set package 'xarm_1s_description' build argument 'cmake_target_skip_unavailable' from command line to 'False'
[3.308s] Level 5:colcon.colcon_core.verb:set package 'xarm_1s_description' build argument 'cmake_clean_cache' from command line to 'False'
[3.308s] Level 5:colcon.colcon_core.verb:set package 'xarm_1s_description' build argument 'cmake_clean_first' from command line to 'False'
[3.308s] Level 5:colcon.colcon_core.verb:set package 'xarm_1s_description' build argument 'cmake_force_configure' from command line to 'False'
[3.308s] Level 5:colcon.colcon_core.verb:set package 'xarm_1s_description' build argument 'ament_cmake_args' from command line to 'None'
[3.308s] Level 5:colcon.colcon_core.verb:set package 'xarm_1s_description' build argument 'catkin_cmake_args' from command line to 'None'
[3.308s] Level 5:colcon.colcon_core.verb:set package 'xarm_1s_description' build argument 'catkin_skip_building_tests' from command line to 'False'
[3.308s] DEBUG:colcon.colcon_core.verb:Building package 'xarm_1s_description' with the following arguments: {'ament_cmake_args': None, 'build_base': '/home/kevo/robotics_inc/xarm_1s/build/xarm_1s_description', 'catkin_cmake_args': None, 'catkin_skip_building_tests': False, 'cmake_args': None, 'cmake_clean_cache': False, 'cmake_clean_first': False, 'cmake_force_configure': False, 'cmake_target': None, 'cmake_target_skip_unavailable': False, 'install_base': '/home/kevo/robotics_inc/xarm_1s/install/xarm_1s_description', 'merge_install': False, 'path': '/home/kevo/robotics_inc/xarm_1s/src/xarm_1s_description', 'symlink_install': False, 'test_result_base': None}
[3.334s] Level 5:colcon.colcon_core.verb:set package 'xarm_1s_hardware_interface' build argument 'cmake_args' from command line to 'None'
[3.335s] Level 5:colcon.colcon_core.verb:set package 'xarm_1s_hardware_interface' build argument 'cmake_target' from command line to 'None'
[3.335s] Level 5:colcon.colcon_core.verb:set package 'xarm_1s_hardware_interface' build argument 'cmake_target_skip_unavailable' from command line to 'False'
[3.335s] Level 5:colcon.colcon_core.verb:set package 'xarm_1s_hardware_interface' build argument 'cmake_clean_cache' from command line to 'False'
[3.335s] Level 5:colcon.colcon_core.verb:set package 'xarm_1s_hardware_interface' build argument 'cmake_clean_first' from command line to 'False'
[3.335s] Level 5:colcon.colcon_core.verb:set package 'xarm_1s_hardware_interface' build argument 'cmake_force_configure' from command line to 'False'
[3.335s] Level 5:colcon.colcon_core.verb:set package 'xarm_1s_hardware_interface' build argument 'ament_cmake_args' from command line to 'None'
[3.335s] Level 5:colcon.colcon_core.verb:set package 'xarm_1s_hardware_interface' build argument 'catkin_cmake_args' from command line to 'None'
[3.335s] Level 5:colcon.colcon_core.verb:set package 'xarm_1s_hardware_interface' build argument 'catkin_skip_building_tests' from command line to 'False'
[3.335s] DEBUG:colcon.colcon_core.verb:Building package 'xarm_1s_hardware_interface' with the following arguments: {'ament_cmake_args': None, 'build_base': '/home/kevo/robotics_inc/xarm_1s/build/xarm_1s_hardware_interface', 'catkin_cmake_args': None, 'catkin_skip_building_tests': False, 'cmake_args': None, 'cmake_clean_cache': False, 'cmake_clean_first': False, 'cmake_force_configure': False, 'cmake_target': None, 'cmake_target_skip_unavailable': False, 'install_base': '/home/kevo/robotics_inc/xarm_1s/install/xarm_1s_hardware_interface', 'merge_install': False, 'path': '/home/kevo/robotics_inc/xarm_1s/src/xarm_1s_hardware_interface', 'symlink_install': False, 'test_result_base': None}
[3.359s] INFO:colcon.colcon_core.executor:Executing jobs using 'parallel' executor
[3.385s] DEBUG:colcon.colcon_parallel_executor.executor.parallel:run_until_complete
[3.386s] INFO:colcon.colcon_ros.task.ament_cmake.build:Building ROS package in '/home/kevo/robotics_inc/xarm_1s/src/xarm_1s_description' with build type 'ament_cmake'
[3.386s] INFO:colcon.colcon_cmake.task.cmake.build:Building CMake package in '/home/kevo/robotics_inc/xarm_1s/src/xarm_1s_description'
[3.419s] INFO:colcon.colcon_core.plugin_system:Skipping extension 'colcon_core.shell.bat': Not used on non-Windows systems
[3.419s] INFO:colcon.colcon_core.shell:Skip shell extension 'powershell' for command environment: Not usable outside of PowerShell
[3.419s] DEBUG:colcon.colcon_core.shell:Skip shell extension 'dsv' for command environment
[3.541s] INFO:colcon.colcon_ros.task.ament_cmake.build:Building ROS package in '/home/kevo/robotics_inc/xarm_1s/src/xarm_1s_hardware_interface' with build type 'ament_cmake'
[3.541s] INFO:colcon.colcon_cmake.task.cmake.build:Building CMake package in '/home/kevo/robotics_inc/xarm_1s/src/xarm_1s_hardware_interface'
[3.572s] INFO:colcon.colcon_core.shell:Skip shell extension 'powershell' for command environment: Not usable outside of PowerShell
[3.572s] DEBUG:colcon.colcon_core.shell:Skip shell extension 'dsv' for command environment
[3.711s] DEBUG:colcon.colcon_core.event_handler.log_command:Invoking command in '/home/kevo/robotics_inc/xarm_1s/build/xarm_1s_description': CMAKE_PREFIX_PATH=${CMAKE_PREFIX_PATH}:/home/kevo/robotics_inc/xarm_1s/install/xarm_hardware_interface:/home/kevo/ws_moveit2/install/moveit_configs_utils:/home/kevo/ws_moveit2/install/launch_param_builder:/opt/ros/humble /usr/bin/cmake --build /home/kevo/robotics_inc/xarm_1s/build/xarm_1s_description -- -j8 -l8
[3.722s] DEBUG:colcon.colcon_core.event_handler.log_command:Invoking command in '/home/kevo/robotics_inc/xarm_1s/build/xarm_1s_hardware_interface': CMAKE_PREFIX_PATH=${CMAKE_PREFIX_PATH}:/home/kevo/robotics_inc/xarm_1s/install/xarm_hardware_interface:/home/kevo/ws_moveit2/install/moveit_configs_utils:/home/kevo/ws_moveit2/install/launch_param_builder:/opt/ros/humble /usr/bin/cmake --build /home/kevo/robotics_inc/xarm_1s/build/xarm_1s_hardware_interface -- -j8 -l8
[3.805s] DEBUG:colcon.colcon_core.event_handler.log_command:Invoked command in '/home/kevo/robotics_inc/xarm_1s/build/xarm_1s_description' returned '0': CMAKE_PREFIX_PATH=${CMAKE_PREFIX_PATH}:/home/kevo/robotics_inc/xarm_1s/install/xarm_hardware_interface:/home/kevo/ws_moveit2/install/moveit_configs_utils:/home/kevo/ws_moveit2/install/launch_param_builder:/opt/ros/humble /usr/bin/cmake --build /home/kevo/robotics_inc/xarm_1s/build/xarm_1s_description -- -j8 -l8
[3.908s] DEBUG:colcon.colcon_core.event_handler.log_command:Invoking command in '/home/kevo/robotics_inc/xarm_1s/build/xarm_1s_description': CMAKE_PREFIX_PATH=${CMAKE_PREFIX_PATH}:/home/kevo/robotics_inc/xarm_1s/install/xarm_hardware_interface:/home/kevo/ws_moveit2/install/moveit_configs_utils:/home/kevo/ws_moveit2/install/launch_param_builder:/opt/ros/humble /usr/bin/cmake --install /home/kevo/robotics_inc/xarm_1s/build/xarm_1s_description
[3.956s] Level 1:colcon.colcon_core.environment:create_environment_scripts_only(xarm_1s_description)
[3.962s] DEBUG:colcon.colcon_core.event_handler.log_command:Invoked command in '/home/kevo/robotics_inc/xarm_1s/build/xarm_1s_description' returned '0': CMAKE_PREFIX_PATH=${CMAKE_PREFIX_PATH}:/home/kevo/robotics_inc/xarm_1s/install/xarm_hardware_interface:/home/kevo/ws_moveit2/install/moveit_configs_utils:/home/kevo/ws_moveit2/install/launch_param_builder:/opt/ros/humble /usr/bin/cmake --install /home/kevo/robotics_inc/xarm_1s/build/xarm_1s_description
[4.025s] Level 1:colcon.colcon_core.environment:checking '/home/kevo/robotics_inc/xarm_1s/install/xarm_1s_description' for CMake module files
[4.026s] Level 1:colcon.colcon_core.environment:checking '/home/kevo/robotics_inc/xarm_1s/install/xarm_1s_description' for CMake config files
[4.026s] Level 1:colcon.colcon_core.shell:create_environment_hook('xarm_1s_description', 'cmake_prefix_path')
[4.072s] INFO:colcon.colcon_core.shell:Creating environment hook '/home/kevo/robotics_inc/xarm_1s/install/xarm_1s_description/share/xarm_1s_description/hook/cmake_prefix_path.ps1'
[4.073s] INFO:colcon.colcon_core.shell:Creating environment descriptor '/home/kevo/robotics_inc/xarm_1s/install/xarm_1s_description/share/xarm_1s_description/hook/cmake_prefix_path.dsv'
[4.074s] INFO:colcon.colcon_core.shell:Creating environment hook '/home/kevo/robotics_inc/xarm_1s/install/xarm_1s_description/share/xarm_1s_description/hook/cmake_prefix_path.sh'
[4.076s] Level 1:colcon.colcon_core.environment:checking '/home/kevo/robotics_inc/xarm_1s/install/xarm_1s_description/bin'
[4.076s] Level 1:colcon.colcon_core.environment:checking '/home/kevo/robotics_inc/xarm_1s/install/xarm_1s_description/lib/pkgconfig/xarm_1s_description.pc'
[4.077s] Level 1:colcon.colcon_core.environment:checking '/home/kevo/robotics_inc/xarm_1s/install/xarm_1s_description/lib/python3.10/site-packages'
[4.077s] Level 1:colcon.colcon_core.environment:checking '/home/kevo/robotics_inc/xarm_1s/install/xarm_1s_description/bin'
[4.126s] INFO:colcon.colcon_core.shell:Creating package script '/home/kevo/robotics_inc/xarm_1s/install/xarm_1s_description/share/xarm_1s_description/package.ps1'
[4.129s] INFO:colcon.colcon_core.shell:Creating package descriptor '/home/kevo/robotics_inc/xarm_1s/install/xarm_1s_description/share/xarm_1s_description/package.dsv'
[4.131s] INFO:colcon.colcon_core.shell:Creating package script '/home/kevo/robotics_inc/xarm_1s/install/xarm_1s_description/share/xarm_1s_description/package.sh'
[4.133s] INFO:colcon.colcon_core.shell:Creating package script '/home/kevo/robotics_inc/xarm_1s/install/xarm_1s_description/share/xarm_1s_description/package.bash'
[4.134s] INFO:colcon.colcon_core.shell:Creating package script '/home/kevo/robotics_inc/xarm_1s/install/xarm_1s_description/share/xarm_1s_description/package.zsh'
[4.135s] Level 1:colcon.colcon_core.environment:create_file_with_runtime_dependencies(/home/kevo/robotics_inc/xarm_1s/install/xarm_1s_description/share/colcon-core/packages/xarm_1s_description)
[4.236s] Level 1:colcon.colcon_core.environment:create_environment_scripts_only(xarm_1s_description)
[4.272s] Level 1:colcon.colcon_core.environment:checking '/home/kevo/robotics_inc/xarm_1s/install/xarm_1s_description' for CMake module files
[4.272s] Level 1:colcon.colcon_core.environment:checking '/home/kevo/robotics_inc/xarm_1s/install/xarm_1s_description' for CMake config files
[4.273s] Level 1:colcon.colcon_core.shell:create_environment_hook('xarm_1s_description', 'cmake_prefix_path')
[4.318s] INFO:colcon.colcon_core.shell:Creating environment hook '/home/kevo/robotics_inc/xarm_1s/install/xarm_1s_description/share/xarm_1s_description/hook/cmake_prefix_path.ps1'
[4.320s] INFO:colcon.colcon_core.shell:Creating environment descriptor '/home/kevo/robotics_inc/xarm_1s/install/xarm_1s_description/share/xarm_1s_description/hook/cmake_prefix_path.dsv'
[4.320s] INFO:colcon.colcon_core.shell:Creating environment hook '/home/kevo/robotics_inc/xarm_1s/install/xarm_1s_description/share/xarm_1s_description/hook/cmake_prefix_path.sh'
[4.322s] Level 1:colcon.colcon_core.environment:checking '/home/kevo/robotics_inc/xarm_1s/install/xarm_1s_description/bin'
[4.322s] Level 1:colcon.colcon_core.environment:checking '/home/kevo/robotics_inc/xarm_1s/install/xarm_1s_description/lib/pkgconfig/xarm_1s_description.pc'
[4.324s] Level 1:colcon.colcon_core.environment:checking '/home/kevo/robotics_inc/xarm_1s/install/xarm_1s_description/lib/python3.10/site-packages'
[4.324s] Level 1:colcon.colcon_core.environment:checking '/home/kevo/robotics_inc/xarm_1s/install/xarm_1s_description/bin'
[4.383s] INFO:colcon.colcon_core.shell:Creating package script '/home/kevo/robotics_inc/xarm_1s/install/xarm_1s_description/share/xarm_1s_description/package.ps1'
[4.384s] INFO:colcon.colcon_core.shell:Creating package descriptor '/home/kevo/robotics_inc/xarm_1s/install/xarm_1s_description/share/xarm_1s_description/package.dsv'
[4.385s] INFO:colcon.colcon_core.shell:Creating package script '/home/kevo/robotics_inc/xarm_1s/install/xarm_1s_description/share/xarm_1s_description/package.sh'
[4.385s] INFO:colcon.colcon_core.shell:Creating package script '/home/kevo/robotics_inc/xarm_1s/install/xarm_1s_description/share/xarm_1s_description/package.bash'
[4.386s] INFO:colcon.colcon_core.shell:Creating package script '/home/kevo/robotics_inc/xarm_1s/install/xarm_1s_description/share/xarm_1s_description/package.zsh'
[4.386s] Level 1:colcon.colcon_core.environment:create_file_with_runtime_dependencies(/home/kevo/robotics_inc/xarm_1s/install/xarm_1s_description/share/colcon-core/packages/xarm_1s_description)
[4.730s] DEBUG:colcon.colcon_core.event_handler.log_command:Invoked command in '/home/kevo/robotics_inc/xarm_1s/build/xarm_1s_hardware_interface' returned '0': CMAKE_PREFIX_PATH=${CMAKE_PREFIX_PATH}:/home/kevo/robotics_inc/xarm_1s/install/xarm_hardware_interface:/home/kevo/ws_moveit2/install/moveit_configs_utils:/home/kevo/ws_moveit2/install/launch_param_builder:/opt/ros/humble /usr/bin/cmake --build /home/kevo/robotics_inc/xarm_1s/build/xarm_1s_hardware_interface -- -j8 -l8
[4.797s] DEBUG:colcon.colcon_core.event_handler.log_command:Invoking command in '/home/kevo/robotics_inc/xarm_1s/build/xarm_1s_hardware_interface': CMAKE_PREFIX_PATH=${CMAKE_PREFIX_PATH}:/home/kevo/robotics_inc/xarm_1s/install/xarm_hardware_interface:/home/kevo/ws_moveit2/install/moveit_configs_utils:/home/kevo/ws_moveit2/install/launch_param_builder:/opt/ros/humble /usr/bin/cmake --install /home/kevo/robotics_inc/xarm_1s/build/xarm_1s_hardware_interface
[4.903s] Level 1:colcon.colcon_core.environment:create_environment_scripts_only(xarm_1s_hardware_interface)
[4.904s] DEBUG:colcon.colcon_core.event_handler.log_command:Invoked command in '/home/kevo/robotics_inc/xarm_1s/build/xarm_1s_hardware_interface' returned '0': CMAKE_PREFIX_PATH=${CMAKE_PREFIX_PATH}:/home/kevo/robotics_inc/xarm_1s/install/xarm_hardware_interface:/home/kevo/ws_moveit2/install/moveit_configs_utils:/home/kevo/ws_moveit2/install/launch_param_builder:/opt/ros/humble /usr/bin/cmake --install /home/kevo/robotics_inc/xarm_1s/build/xarm_1s_hardware_interface
[4.935s] Level 1:colcon.colcon_core.environment:checking '/home/kevo/robotics_inc/xarm_1s/install/xarm_1s_hardware_interface' for CMake module files
[4.936s] Level 1:colcon.colcon_core.environment:checking '/home/kevo/robotics_inc/xarm_1s/install/xarm_1s_hardware_interface' for CMake config files
[4.937s] Level 1:colcon.colcon_core.shell:create_environment_hook('xarm_1s_hardware_interface', 'cmake_prefix_path')
[4.966s] INFO:colcon.colcon_core.shell:Creating environment hook '/home/kevo/robotics_inc/xarm_1s/install/xarm_1s_hardware_interface/share/xarm_1s_hardware_interface/hook/cmake_prefix_path.ps1'
[4.967s] INFO:colcon.colcon_core.shell:Creating environment descriptor '/home/kevo/robotics_inc/xarm_1s/install/xarm_1s_hardware_interface/share/xarm_1s_hardware_interface/hook/cmake_prefix_path.dsv'
[4.968s] INFO:colcon.colcon_core.shell:Creating environment hook '/home/kevo/robotics_inc/xarm_1s/install/xarm_1s_hardware_interface/share/xarm_1s_hardware_interface/hook/cmake_prefix_path.sh'
[4.969s] Level 1:colcon.colcon_core.environment:checking '/home/kevo/robotics_inc/xarm_1s/install/xarm_1s_hardware_interface/lib'
[4.969s] Level 1:colcon.colcon_core.shell:create_environment_hook('xarm_1s_hardware_interface', 'ld_library_path_lib')
[4.996s] INFO:colcon.colcon_core.shell:Creating environment hook '/home/kevo/robotics_inc/xarm_1s/install/xarm_1s_hardware_interface/share/xarm_1s_hardware_interface/hook/ld_library_path_lib.ps1'
[4.997s] INFO:colcon.colcon_core.shell:Creating environment descriptor '/home/kevo/robotics_inc/xarm_1s/install/xarm_1s_hardware_interface/share/xarm_1s_hardware_interface/hook/ld_library_path_lib.dsv'
[5.002s] INFO:colcon.colcon_core.shell:Creating environment hook '/home/kevo/robotics_inc/xarm_1s/install/xarm_1s_hardware_interface/share/xarm_1s_hardware_interface/hook/ld_library_path_lib.sh'
[5.004s] Level 1:colcon.colcon_core.environment:checking '/home/kevo/robotics_inc/xarm_1s/install/xarm_1s_hardware_interface/bin'
[5.004s] Level 1:colcon.colcon_core.environment:checking '/home/kevo/robotics_inc/xarm_1s/install/xarm_1s_hardware_interface/lib/pkgconfig/xarm_1s_hardware_interface.pc'
[5.004s] Level 1:colcon.colcon_core.environment:checking '/home/kevo/robotics_inc/xarm_1s/install/xarm_1s_hardware_interface/lib/python3.10/site-packages'
[5.005s] Level 1:colcon.colcon_core.environment:checking '/home/kevo/robotics_inc/xarm_1s/install/xarm_1s_hardware_interface/bin'
[5.033s] INFO:colcon.colcon_core.shell:Creating package script '/home/kevo/robotics_inc/xarm_1s/install/xarm_1s_hardware_interface/share/xarm_1s_hardware_interface/package.ps1'
[5.034s] INFO:colcon.colcon_core.shell:Creating package descriptor '/home/kevo/robotics_inc/xarm_1s/install/xarm_1s_hardware_interface/share/xarm_1s_hardware_interface/package.dsv'
[5.034s] INFO:colcon.colcon_core.shell:Creating package script '/home/kevo/robotics_inc/xarm_1s/install/xarm_1s_hardware_interface/share/xarm_1s_hardware_interface/package.sh'
[5.035s] INFO:colcon.colcon_core.shell:Creating package script '/home/kevo/robotics_inc/xarm_1s/install/xarm_1s_hardware_interface/share/xarm_1s_hardware_interface/package.bash'
[5.035s] INFO:colcon.colcon_core.shell:Creating package script '/home/kevo/robotics_inc/xarm_1s/install/xarm_1s_hardware_interface/share/xarm_1s_hardware_interface/package.zsh'
[5.036s] Level 1:colcon.colcon_core.environment:create_file_with_runtime_dependencies(/home/kevo/robotics_inc/xarm_1s/install/xarm_1s_hardware_interface/share/colcon-core/packages/xarm_1s_hardware_interface)
[5.168s] Level 1:colcon.colcon_core.environment:create_environment_scripts_only(xarm_1s_hardware_interface)
[5.195s] Level 1:colcon.colcon_core.environment:checking '/home/kevo/robotics_inc/xarm_1s/install/xarm_1s_hardware_interface' for CMake module files
[5.196s] Level 1:colcon.colcon_core.environment:checking '/home/kevo/robotics_inc/xarm_1s/install/xarm_1s_hardware_interface' for CMake config files
[5.197s] Level 1:colcon.colcon_core.shell:create_environment_hook('xarm_1s_hardware_interface', 'cmake_prefix_path')
[5.241s] INFO:colcon.colcon_core.shell:Creating environment hook '/home/kevo/robotics_inc/xarm_1s/install/xarm_1s_hardware_interface/share/xarm_1s_hardware_interface/hook/cmake_prefix_path.ps1'
[5.241s] INFO:colcon.colcon_core.shell:Creating environment descriptor '/home/kevo/robotics_inc/xarm_1s/install/xarm_1s_hardware_interface/share/xarm_1s_hardware_interface/hook/cmake_prefix_path.dsv'
[5.242s] INFO:colcon.colcon_core.shell:Creating environment hook '/home/kevo/robotics_inc/xarm_1s/install/xarm_1s_hardware_interface/share/xarm_1s_hardware_interface/hook/cmake_prefix_path.sh'
[5.243s] Level 1:colcon.colcon_core.environment:checking '/home/kevo/robotics_inc/xarm_1s/install/xarm_1s_hardware_interface/lib'
[5.243s] Level 1:colcon.colcon_core.shell:create_environment_hook('xarm_1s_hardware_interface', 'ld_library_path_lib')
[5.283s] INFO:colcon.colcon_core.shell:Creating environment hook '/home/kevo/robotics_inc/xarm_1s/install/xarm_1s_hardware_interface/share/xarm_1s_hardware_interface/hook/ld_library_path_lib.ps1'
[5.283s] INFO:colcon.colcon_core.shell:Creating environment descriptor '/home/kevo/robotics_inc/xarm_1s/install/xarm_1s_hardware_interface/share/xarm_1s_hardware_interface/hook/ld_library_path_lib.dsv'
[5.284s] INFO:colcon.colcon_core.shell:Creating environment hook '/home/kevo/robotics_inc/xarm_1s/install/xarm_1s_hardware_interface/share/xarm_1s_hardware_interface/hook/ld_library_path_lib.sh'
[5.284s] Level 1:colcon.colcon_core.environment:checking '/home/kevo/robotics_inc/xarm_1s/install/xarm_1s_hardware_interface/bin'
[5.285s] Level 1:colcon.colcon_core.environment:checking '/home/kevo/robotics_inc/xarm_1s/install/xarm_1s_hardware_interface/lib/pkgconfig/xarm_1s_hardware_interface.pc'
[5.285s] Level 1:colcon.colcon_core.environment:checking '/home/kevo/robotics_inc/xarm_1s/install/xarm_1s_hardware_interface/lib/python3.10/site-packages'
[5.285s] Level 1:colcon.colcon_core.environment:checking '/home/kevo/robotics_inc/xarm_1s/install/xarm_1s_hardware_interface/bin'
[5.327s] INFO:colcon.colcon_core.shell:Creating package script '/home/kevo/robotics_inc/xarm_1s/install/xarm_1s_hardware_interface/share/xarm_1s_hardware_interface/package.ps1'
[5.329s] INFO:colcon.colcon_core.shell:Creating package descriptor '/home/kevo/robotics_inc/xarm_1s/install/xarm_1s_hardware_interface/share/xarm_1s_hardware_interface/package.dsv'
[5.330s] INFO:colcon.colcon_core.shell:Creating package script '/home/kevo/robotics_inc/xarm_1s/install/xarm_1s_hardware_interface/share/xarm_1s_hardware_interface/package.sh'
[5.331s] INFO:colcon.colcon_core.shell:Creating package script '/home/kevo/robotics_inc/xarm_1s/install/xarm_1s_hardware_interface/share/xarm_1s_hardware_interface/package.bash'
[5.335s] INFO:colcon.colcon_core.shell:Creating package script '/home/kevo/robotics_inc/xarm_1s/install/xarm_1s_hardware_interface/share/xarm_1s_hardware_interface/package.zsh'
[5.337s] Level 1:colcon.colcon_core.environment:create_file_with_runtime_dependencies(/home/kevo/robotics_inc/xarm_1s/install/xarm_1s_hardware_interface/share/colcon-core/packages/xarm_1s_hardware_interface)
[5.338s] DEBUG:colcon.colcon_parallel_executor.executor.parallel:closing loop
[5.338s] DEBUG:colcon.colcon_parallel_executor.executor.parallel:loop closed
[5.338s] DEBUG:colcon.colcon_parallel_executor.executor.parallel:run_until_complete finished with '0'
[5.338s] DEBUG:colcon.colcon_core.event_reactor:joining thread
[5.504s] INFO:colcon.colcon_core.plugin_system:Skipping extension 'colcon_notification.desktop_notification.notify_send': Could not find 'notify-send'
[5.504s] INFO:colcon.colcon_core.plugin_system:Skipping extension 'colcon_notification.desktop_notification.terminal_notifier': Not used on non-Darwin systems
[5.505s] INFO:colcon.colcon_core.plugin_system:Skipping extension 'colcon_notification.desktop_notification.win32': Not used on non-Windows systems
[5.505s] INFO:colcon.colcon_notification.desktop_notification:Sending desktop notification using 'notify2'
[5.507s] DEBUG:colcon.colcon_notification.desktop_notification.notify2:Failed to initialize notify2: org.freedesktop.DBus.Error.ServiceUnknown: The name org.freedesktop.Notifications was not provided by any .service files
[5.508s] DEBUG:colcon.colcon_core.event_reactor:joined thread
[5.542s] INFO:colcon.colcon_core.shell:Creating prefix script '/home/kevo/robotics_inc/xarm_1s/install/local_setup.ps1'
[5.545s] INFO:colcon.colcon_core.shell:Creating prefix util module '/home/kevo/robotics_inc/xarm_1s/install/_local_setup_util_ps1.py'
[5.549s] INFO:colcon.colcon_core.shell:Creating prefix chain script '/home/kevo/robotics_inc/xarm_1s/install/setup.ps1'
[5.587s] INFO:colcon.colcon_core.shell:Creating prefix script '/home/kevo/robotics_inc/xarm_1s/install/local_setup.sh'
[5.587s] INFO:colcon.colcon_core.shell:Creating prefix util module '/home/kevo/robotics_inc/xarm_1s/install/_local_setup_util_sh.py'
[5.588s] INFO:colcon.colcon_core.shell:Creating prefix chain script '/home/kevo/robotics_inc/xarm_1s/install/setup.sh'
[5.623s] INFO:colcon.colcon_core.shell:Creating prefix script '/home/kevo/robotics_inc/xarm_1s/install/local_setup.bash'
[5.624s] INFO:colcon.colcon_core.shell:Creating prefix chain script '/home/kevo/robotics_inc/xarm_1s/install/setup.bash'
[5.668s] INFO:colcon.colcon_core.shell:Creating prefix script '/home/kevo/robotics_inc/xarm_1s/install/local_setup.zsh'
[5.669s] INFO:colcon.colcon_core.shell:Creating prefix chain script '/home/kevo/robotics_inc/xarm_1s/install/setup.zsh'
