[0.336s] Invoking command in '/home/kevo/robotics_inc/xarm_1s/build/xarm_1s_description': CMAKE_PREFIX_PATH=${CMAKE_PREFIX_PATH}:/home/kevo/ws_moveit2/install/moveit_configs_utils:/home/kevo/ws_moveit2/install/launch_param_builder:/opt/ros/humble /usr/bin/cmake --build /home/kevo/robotics_inc/xarm_1s/build/xarm_1s_description -- -j8 -l8
[0.407s] Invoked command in '/home/kevo/robotics_inc/xarm_1s/build/xarm_1s_description' returned '0': CMAKE_PREFIX_PATH=${CMAKE_PREFIX_PATH}:/home/kevo/ws_moveit2/install/moveit_configs_utils:/home/kevo/ws_moveit2/install/launch_param_builder:/opt/ros/humble /usr/bin/cmake --build /home/kevo/robotics_inc/xarm_1s/build/xarm_1s_description -- -j8 -l8
[0.474s] Invoking command in '/home/kevo/robotics_inc/xarm_1s/build/xarm_1s_description': CMAKE_PREFIX_PATH=${CMAKE_PREFIX_PATH}:/home/kevo/ws_moveit2/install/moveit_configs_utils:/home/kevo/ws_moveit2/install/launch_param_builder:/opt/ros/humble /usr/bin/cmake --install /home/kevo/robotics_inc/xarm_1s/build/xarm_1s_description
[0.487s] -- Install configuration: ""
[0.488s] -- Up-to-date: /home/kevo/robotics_inc/xarm_1s/install/xarm_1s_description/share/xarm_1s_description/launch
[0.488s] -- Up-to-date: /home/kevo/robotics_inc/xarm_1s/install/xarm_1s_description/share/xarm_1s_description/launch/xarm_1s_display.launch.py:Zone.Identifier
[0.489s] -- Up-to-date: /home/kevo/robotics_inc/xarm_1s/install/xarm_1s_description/share/xarm_1s_description/launch/xarm_1s_ros2_control.launch.py
[0.489s] -- Up-to-date: /home/kevo/robotics_inc/xarm_1s/install/xarm_1s_description/share/xarm_1s_description/launch/xarm_1s_display.launch.py
[0.489s] -- Up-to-date: /home/kevo/robotics_inc/xarm_1s/install/xarm_1s_description/share/xarm_1s_description/meshes
[0.490s] -- Up-to-date: /home/kevo/robotics_inc/xarm_1s/install/xarm_1s_description/share/xarm_1s_description/meshes/humerus.stl
[0.490s] -- Up-to-date: /home/kevo/robotics_inc/xarm_1s/install/xarm_1s_description/share/xarm_1s_description/meshes/hand.stl
[0.490s] -- Up-to-date: /home/kevo/robotics_inc/xarm_1s/install/xarm_1s_description/share/xarm_1s_description/meshes/wrist.stl
[0.490s] -- Up-to-date: /home/kevo/robotics_inc/xarm_1s/install/xarm_1s_description/share/xarm_1s_description/meshes/tendon.stl:Zone.Identifier
[0.491s] -- Up-to-date: /home/kevo/robotics_inc/xarm_1s/install/xarm_1s_description/share/xarm_1s_description/meshes/carpal-left.stl
[0.491s] -- Up-to-date: /home/kevo/robotics_inc/xarm_1s/install/xarm_1s_description/share/xarm_1s_description/meshes/carpal-left.stl:Zone.Identifier
[0.491s] -- Up-to-date: /home/kevo/robotics_inc/xarm_1s/install/xarm_1s_description/share/xarm_1s_description/meshes/README.md
[0.491s] -- Up-to-date: /home/kevo/robotics_inc/xarm_1s/install/xarm_1s_description/share/xarm_1s_description/meshes/README.md:Zone.Identifier
[0.491s] -- Up-to-date: /home/kevo/robotics_inc/xarm_1s/install/xarm_1s_description/share/xarm_1s_description/meshes/shoulder.stl:Zone.Identifier
[0.491s] -- Up-to-date: /home/kevo/robotics_inc/xarm_1s/install/xarm_1s_description/share/xarm_1s_description/meshes/forearm.stl:Zone.Identifier
[0.491s] -- Up-to-date: /home/kevo/robotics_inc/xarm_1s/install/xarm_1s_description/share/xarm_1s_description/meshes/base.stl:Zone.Identifier
[0.491s] -- Up-to-date: /home/kevo/robotics_inc/xarm_1s/install/xarm_1s_description/share/xarm_1s_description/meshes/tendon.stl
[0.491s] -- Up-to-date: /home/kevo/robotics_inc/xarm_1s/install/xarm_1s_description/share/xarm_1s_description/meshes/wrist.stl:Zone.Identifier
[0.491s] -- Up-to-date: /home/kevo/robotics_inc/xarm_1s/install/xarm_1s_description/share/xarm_1s_description/meshes/base.stl
[0.492s] -- Up-to-date: /home/kevo/robotics_inc/xarm_1s/install/xarm_1s_description/share/xarm_1s_description/meshes/forearm.stl
[0.492s] -- Up-to-date: /home/kevo/robotics_inc/xarm_1s/install/xarm_1s_description/share/xarm_1s_description/meshes/hand.stl:Zone.Identifier
[0.492s] -- Up-to-date: /home/kevo/robotics_inc/xarm_1s/install/xarm_1s_description/share/xarm_1s_description/meshes/finger.stl
[0.492s] -- Up-to-date: /home/kevo/robotics_inc/xarm_1s/install/xarm_1s_description/share/xarm_1s_description/meshes/shoulder.stl
[0.493s] -- Up-to-date: /home/kevo/robotics_inc/xarm_1s/install/xarm_1s_description/share/xarm_1s_description/meshes/carpal-right.stl:Zone.Identifier
[0.493s] -- Up-to-date: /home/kevo/robotics_inc/xarm_1s/install/xarm_1s_description/share/xarm_1s_description/meshes/finger.stl:Zone.Identifier
[0.493s] -- Up-to-date: /home/kevo/robotics_inc/xarm_1s/install/xarm_1s_description/share/xarm_1s_description/meshes/humerus.stl:Zone.Identifier
[0.494s] -- Up-to-date: /home/kevo/robotics_inc/xarm_1s/install/xarm_1s_description/share/xarm_1s_description/meshes/carpal-right.stl
[0.494s] -- Up-to-date: /home/kevo/robotics_inc/xarm_1s/install/xarm_1s_description/share/xarm_1s_description/rviz
[0.494s] -- Up-to-date: /home/kevo/robotics_inc/xarm_1s/install/xarm_1s_description/share/xarm_1s_description/rviz/rviz_sim.rviz
[0.494s] -- Up-to-date: /home/kevo/robotics_inc/xarm_1s/install/xarm_1s_description/share/xarm_1s_description/rviz/rviz_sim.rviz:Zone.Identifier
[0.495s] -- Up-to-date: /home/kevo/robotics_inc/xarm_1s/install/xarm_1s_description/share/xarm_1s_description/urdf
[0.495s] -- Up-to-date: /home/kevo/robotics_inc/xarm_1s/install/xarm_1s_description/share/xarm_1s_description/urdf/xarm_1s.urdf.xacro:Zone.Identifier
[0.496s] -- Up-to-date: /home/kevo/robotics_inc/xarm_1s/install/xarm_1s_description/share/xarm_1s_description/urdf/xarm_1s.urdf.xacro
[0.496s] -- Up-to-date: /home/kevo/robotics_inc/xarm_1s/install/xarm_1s_description/share/xarm_1s_description/urdf/xarm_1s_ros2_control.xacro
[0.496s] -- Up-to-date: /home/kevo/robotics_inc/xarm_1s/install/xarm_1s_description/share/ament_index/resource_index/package_run_dependencies/xarm_1s_description
[0.497s] -- Up-to-date: /home/kevo/robotics_inc/xarm_1s/install/xarm_1s_description/share/ament_index/resource_index/parent_prefix_path/xarm_1s_description
[0.497s] -- Up-to-date: /home/kevo/robotics_inc/xarm_1s/install/xarm_1s_description/share/xarm_1s_description/environment/ament_prefix_path.sh
[0.498s] -- Up-to-date: /home/kevo/robotics_inc/xarm_1s/install/xarm_1s_description/share/xarm_1s_description/environment/ament_prefix_path.dsv
[0.498s] -- Up-to-date: /home/kevo/robotics_inc/xarm_1s/install/xarm_1s_description/share/xarm_1s_description/environment/path.sh
[0.498s] -- Up-to-date: /home/kevo/robotics_inc/xarm_1s/install/xarm_1s_description/share/xarm_1s_description/environment/path.dsv
[0.498s] -- Up-to-date: /home/kevo/robotics_inc/xarm_1s/install/xarm_1s_description/share/xarm_1s_description/local_setup.bash
[0.498s] -- Up-to-date: /home/kevo/robotics_inc/xarm_1s/install/xarm_1s_description/share/xarm_1s_description/local_setup.sh
[0.499s] -- Up-to-date: /home/kevo/robotics_inc/xarm_1s/install/xarm_1s_description/share/xarm_1s_description/local_setup.zsh
[0.500s] -- Up-to-date: /home/kevo/robotics_inc/xarm_1s/install/xarm_1s_description/share/xarm_1s_description/local_setup.dsv
[0.500s] -- Installing: /home/kevo/robotics_inc/xarm_1s/install/xarm_1s_description/share/xarm_1s_description/package.dsv
[0.500s] -- Up-to-date: /home/kevo/robotics_inc/xarm_1s/install/xarm_1s_description/share/ament_index/resource_index/packages/xarm_1s_description
[0.500s] -- Up-to-date: /home/kevo/robotics_inc/xarm_1s/install/xarm_1s_description/share/xarm_1s_description/cmake/xarm_1s_descriptionConfig.cmake
[0.501s] -- Up-to-date: /home/kevo/robotics_inc/xarm_1s/install/xarm_1s_description/share/xarm_1s_description/cmake/xarm_1s_descriptionConfig-version.cmake
[0.501s] -- Up-to-date: /home/kevo/robotics_inc/xarm_1s/install/xarm_1s_description/share/xarm_1s_description/package.xml
[0.501s] Invoked command in '/home/kevo/robotics_inc/xarm_1s/build/xarm_1s_description' returned '0': CMAKE_PREFIX_PATH=${CMAKE_PREFIX_PATH}:/home/kevo/ws_moveit2/install/moveit_configs_utils:/home/kevo/ws_moveit2/install/launch_param_builder:/opt/ros/humble /usr/bin/cmake --install /home/kevo/robotics_inc/xarm_1s/build/xarm_1s_description
