[0.317s] Invoking command in '/home/kevo/robotics_inc/xarm_1s/build/xarm_1s_hardware_interface': CMAKE_PREFIX_PATH=${CMAKE_PREFIX_PATH}:/home/kevo/ws_moveit2/install/moveit_configs_utils:/home/kevo/ws_moveit2/install/launch_param_builder:/opt/ros/humble /usr/bin/cmake --build /home/kevo/robotics_inc/xarm_1s/build/xarm_1s_hardware_interface -- -j8 -l8
[0.669s] [  0%] Built target ament_cmake_python_copy_xarm_1s_hardware_interface
[0.798s] [100%] Built target xarm_1s_hardware_interface
[1.680s] running egg_info
[1.682s] writing xarm_1s_hardware_interface.egg-info/PKG-INFO
[1.682s] writing dependency_links to xarm_1s_hardware_interface.egg-info/dependency_links.txt
[1.683s] writing top-level names to xarm_1s_hardware_interface.egg-info/top_level.txt
[1.692s] reading manifest file 'xarm_1s_hardware_interface.egg-info/SOURCES.txt'
[1.693s] writing manifest file 'xarm_1s_hardware_interface.egg-info/SOURCES.txt'
[1.859s] [100%] Built target ament_cmake_python_build_xarm_1s_hardware_interface_egg
[1.897s] Invoked command in '/home/kevo/robotics_inc/xarm_1s/build/xarm_1s_hardware_interface' returned '0': CMAKE_PREFIX_PATH=${CMAKE_PREFIX_PATH}:/home/kevo/ws_moveit2/install/moveit_configs_utils:/home/kevo/ws_moveit2/install/launch_param_builder:/opt/ros/humble /usr/bin/cmake --build /home/kevo/robotics_inc/xarm_1s/build/xarm_1s_hardware_interface -- -j8 -l8
[2.004s] Invoking command in '/home/kevo/robotics_inc/xarm_1s/build/xarm_1s_hardware_interface': CMAKE_PREFIX_PATH=${CMAKE_PREFIX_PATH}:/home/kevo/ws_moveit2/install/moveit_configs_utils:/home/kevo/ws_moveit2/install/launch_param_builder:/opt/ros/humble /usr/bin/cmake --install /home/kevo/robotics_inc/xarm_1s/build/xarm_1s_hardware_interface
[2.030s] -- Install configuration: ""
[2.031s] -- Up-to-date: /home/kevo/robotics_inc/xarm_1s/install/xarm_1s_hardware_interface/share/xarm_1s_hardware_interface/robotic_arm_hw_plugin.xml
[2.032s] -- Up-to-date: /home/kevo/robotics_inc/xarm_1s/install/xarm_1s_hardware_interface/share/xarm_1s_hardware_interface/environment/pythonpath.sh
[2.033s] -- Up-to-date: /home/kevo/robotics_inc/xarm_1s/install/xarm_1s_hardware_interface/share/xarm_1s_hardware_interface/environment/pythonpath.dsv
[2.038s] -- Up-to-date: /home/kevo/robotics_inc/xarm_1s/install/xarm_1s_hardware_interface/local/lib/python3.10/dist-packages/xarm_1s_hardware_interface-0.0.0-py3.10.egg-info
[2.039s] -- Installing: /home/kevo/robotics_inc/xarm_1s/install/xarm_1s_hardware_interface/local/lib/python3.10/dist-packages/xarm_1s_hardware_interface-0.0.0-py3.10.egg-info/top_level.txt
[2.040s] -- Installing: /home/kevo/robotics_inc/xarm_1s/install/xarm_1s_hardware_interface/local/lib/python3.10/dist-packages/xarm_1s_hardware_interface-0.0.0-py3.10.egg-info/dependency_links.txt
[2.041s] -- Installing: /home/kevo/robotics_inc/xarm_1s/install/xarm_1s_hardware_interface/local/lib/python3.10/dist-packages/xarm_1s_hardware_interface-0.0.0-py3.10.egg-info/SOURCES.txt
[2.041s] -- Installing: /home/kevo/robotics_inc/xarm_1s/install/xarm_1s_hardware_interface/local/lib/python3.10/dist-packages/xarm_1s_hardware_interface-0.0.0-py3.10.egg-info/PKG-INFO
[2.042s] -- Up-to-date: /home/kevo/robotics_inc/xarm_1s/install/xarm_1s_hardware_interface/local/lib/python3.10/dist-packages/xarm_1s_hardware_interface
[2.042s] -- Up-to-date: /home/kevo/robotics_inc/xarm_1s/install/xarm_1s_hardware_interface/local/lib/python3.10/dist-packages/xarm_1s_hardware_interface/__init__.py
[2.155s] Listing '/home/kevo/robotics_inc/xarm_1s/install/xarm_1s_hardware_interface/local/lib/python3.10/dist-packages/xarm_1s_hardware_interface'...
[2.178s] -- Up-to-date: /home/kevo/robotics_inc/xarm_1s/install/xarm_1s_hardware_interface/lib/libxarm_1s_hardware_interface.so
[2.179s] -- Up-to-date: /home/kevo/robotics_inc/xarm_1s/install/xarm_1s_hardware_interface/include/include
[2.179s] -- Up-to-date: /home/kevo/robotics_inc/xarm_1s/install/xarm_1s_hardware_interface/include/include/xarm_1s_hardware_interface
[2.179s] -- Up-to-date: /home/kevo/robotics_inc/xarm_1s/install/xarm_1s_hardware_interface/include/include/xarm_1s_hardware_interface/hardware_interface.hpp
[2.180s] -- Up-to-date: /home/kevo/robotics_inc/xarm_1s/install/xarm_1s_hardware_interface/share/xarm_1s_hardware_interface/launch
[2.180s] -- Up-to-date: /home/kevo/robotics_inc/xarm_1s/install/xarm_1s_hardware_interface/share/xarm_1s_hardware_interface/config
[2.181s] -- Up-to-date: /home/kevo/robotics_inc/xarm_1s/install/xarm_1s_hardware_interface/share/xarm_1s_hardware_interface/config/robot_arm_controllers.yaml
[2.181s] -- Up-to-date: /home/kevo/robotics_inc/xarm_1s/install/xarm_1s_hardware_interface/share/xarm_1s_hardware_interface/environment/library_path.sh
[2.182s] -- Up-to-date: /home/kevo/robotics_inc/xarm_1s/install/xarm_1s_hardware_interface/share/xarm_1s_hardware_interface/environment/library_path.dsv
[2.182s] -- Up-to-date: /home/kevo/robotics_inc/xarm_1s/install/xarm_1s_hardware_interface/share/ament_index/resource_index/package_run_dependencies/xarm_1s_hardware_interface
[2.183s] -- Up-to-date: /home/kevo/robotics_inc/xarm_1s/install/xarm_1s_hardware_interface/share/ament_index/resource_index/parent_prefix_path/xarm_1s_hardware_interface
[2.183s] -- Up-to-date: /home/kevo/robotics_inc/xarm_1s/install/xarm_1s_hardware_interface/share/xarm_1s_hardware_interface/environment/ament_prefix_path.sh
[2.184s] -- Up-to-date: /home/kevo/robotics_inc/xarm_1s/install/xarm_1s_hardware_interface/share/xarm_1s_hardware_interface/environment/ament_prefix_path.dsv
[2.184s] -- Up-to-date: /home/kevo/robotics_inc/xarm_1s/install/xarm_1s_hardware_interface/share/xarm_1s_hardware_interface/environment/path.sh
[2.185s] -- Up-to-date: /home/kevo/robotics_inc/xarm_1s/install/xarm_1s_hardware_interface/share/xarm_1s_hardware_interface/environment/path.dsv
[2.185s] -- Up-to-date: /home/kevo/robotics_inc/xarm_1s/install/xarm_1s_hardware_interface/share/xarm_1s_hardware_interface/local_setup.bash
[2.185s] -- Up-to-date: /home/kevo/robotics_inc/xarm_1s/install/xarm_1s_hardware_interface/share/xarm_1s_hardware_interface/local_setup.sh
[2.185s] -- Up-to-date: /home/kevo/robotics_inc/xarm_1s/install/xarm_1s_hardware_interface/share/xarm_1s_hardware_interface/local_setup.zsh
[2.186s] -- Up-to-date: /home/kevo/robotics_inc/xarm_1s/install/xarm_1s_hardware_interface/share/xarm_1s_hardware_interface/local_setup.dsv
[2.186s] -- Installing: /home/kevo/robotics_inc/xarm_1s/install/xarm_1s_hardware_interface/share/xarm_1s_hardware_interface/package.dsv
[2.186s] -- Up-to-date: /home/kevo/robotics_inc/xarm_1s/install/xarm_1s_hardware_interface/share/ament_index/resource_index/packages/xarm_1s_hardware_interface
[2.187s] -- Up-to-date: /home/kevo/robotics_inc/xarm_1s/install/xarm_1s_hardware_interface/share/ament_index/resource_index/hardware_interface__pluginlib__plugin/xarm_1s_hardware_interface
[2.188s] -- Up-to-date: /home/kevo/robotics_inc/xarm_1s/install/xarm_1s_hardware_interface/share/xarm_1s_hardware_interface/cmake/ament_cmake_export_include_directories-extras.cmake
[2.189s] -- Up-to-date: /home/kevo/robotics_inc/xarm_1s/install/xarm_1s_hardware_interface/share/xarm_1s_hardware_interface/cmake/ament_cmake_export_libraries-extras.cmake
[2.189s] -- Up-to-date: /home/kevo/robotics_inc/xarm_1s/install/xarm_1s_hardware_interface/share/xarm_1s_hardware_interface/cmake/ament_cmake_export_dependencies-extras.cmake
[2.189s] -- Up-to-date: /home/kevo/robotics_inc/xarm_1s/install/xarm_1s_hardware_interface/share/xarm_1s_hardware_interface/cmake/xarm_1s_hardware_interfaceConfig.cmake
[2.190s] -- Up-to-date: /home/kevo/robotics_inc/xarm_1s/install/xarm_1s_hardware_interface/share/xarm_1s_hardware_interface/cmake/xarm_1s_hardware_interfaceConfig-version.cmake
[2.191s] -- Up-to-date: /home/kevo/robotics_inc/xarm_1s/install/xarm_1s_hardware_interface/share/xarm_1s_hardware_interface/package.xml
[2.194s] Invoked command in '/home/kevo/robotics_inc/xarm_1s/build/xarm_1s_hardware_interface' returned '0': CMAKE_PREFIX_PATH=${CMAKE_PREFIX_PATH}:/home/kevo/ws_moveit2/install/moveit_configs_utils:/home/kevo/ws_moveit2/install/launch_param_builder:/opt/ros/humble /usr/bin/cmake --install /home/kevo/robotics_inc/xarm_1s/build/xarm_1s_hardware_interface
