[0.038s] Invoking command in '/home/kevo/robotics_inc/xarm_1s/build/xarm_1s_hardware_interface': CMAKE_PREFIX_PATH=${CMAKE_PREFIX_PATH}:/home/kevo/ws_moveit2/install/moveit_configs_utils:/home/kevo/ws_moveit2/install/launch_param_builder:/opt/ros/humble /usr/bin/cmake --build /home/kevo/robotics_inc/xarm_1s/build/xarm_1s_hardware_interface -- -j8 -l8
[0.153s] [100%] Built target xarm_1s_hardware_interface
[0.154s] [100%] Built target ament_cmake_python_copy_xarm_1s_hardware_interface
[0.550s] running egg_info
[0.551s] writing xarm_1s_hardware_interface.egg-info/PKG-INFO
[0.551s] writing dependency_links to xarm_1s_hardware_interface.egg-info/dependency_links.txt
[0.551s] writing top-level names to xarm_1s_hardware_interface.egg-info/top_level.txt
[0.554s] reading manifest file 'xarm_1s_hardware_interface.egg-info/SOURCES.txt'
[0.555s] writing manifest file 'xarm_1s_hardware_interface.egg-info/SOURCES.txt'
[0.613s] [100%] Built target ament_cmake_python_build_xarm_1s_hardware_interface_egg
[0.630s] Invoked command in '/home/kevo/robotics_inc/xarm_1s/build/xarm_1s_hardware_interface' returned '0': CMAKE_PREFIX_PATH=${CMAKE_PREFIX_PATH}:/home/kevo/ws_moveit2/install/moveit_configs_utils:/home/kevo/ws_moveit2/install/launch_param_builder:/opt/ros/humble /usr/bin/cmake --build /home/kevo/robotics_inc/xarm_1s/build/xarm_1s_hardware_interface -- -j8 -l8
[0.705s] Invoking command in '/home/kevo/robotics_inc/xarm_1s/build/xarm_1s_hardware_interface': CMAKE_PREFIX_PATH=${CMAKE_PREFIX_PATH}:/home/kevo/ws_moveit2/install/moveit_configs_utils:/home/kevo/ws_moveit2/install/launch_param_builder:/opt/ros/humble /usr/bin/cmake --install /home/kevo/robotics_inc/xarm_1s/build/xarm_1s_hardware_interface
[0.720s] -- Install configuration: ""
[0.720s] -- Up-to-date: /home/kevo/robotics_inc/xarm_1s/install/xarm_1s_hardware_interface/share/xarm_1s_hardware_interface/robotic_arm_hw_plugin.xml
[0.720s] -- Up-to-date: /home/kevo/robotics_inc/xarm_1s/install/xarm_1s_hardware_interface/share/xarm_1s_hardware_interface/environment/pythonpath.sh
[0.721s] -- Up-to-date: /home/kevo/robotics_inc/xarm_1s/install/xarm_1s_hardware_interface/share/xarm_1s_hardware_interface/environment/pythonpath.dsv
[0.721s] -- Up-to-date: /home/kevo/robotics_inc/xarm_1s/install/xarm_1s_hardware_interface/local/lib/python3.10/dist-packages/xarm_1s_hardware_interface-0.0.0-py3.10.egg-info
[0.721s] -- Installing: /home/kevo/robotics_inc/xarm_1s/install/xarm_1s_hardware_interface/local/lib/python3.10/dist-packages/xarm_1s_hardware_interface-0.0.0-py3.10.egg-info/top_level.txt
[0.721s] -- Installing: /home/kevo/robotics_inc/xarm_1s/install/xarm_1s_hardware_interface/local/lib/python3.10/dist-packages/xarm_1s_hardware_interface-0.0.0-py3.10.egg-info/dependency_links.txt
[0.721s] -- Installing: /home/kevo/robotics_inc/xarm_1s/install/xarm_1s_hardware_interface/local/lib/python3.10/dist-packages/xarm_1s_hardware_interface-0.0.0-py3.10.egg-info/SOURCES.txt
[0.721s] -- Installing: /home/kevo/robotics_inc/xarm_1s/install/xarm_1s_hardware_interface/local/lib/python3.10/dist-packages/xarm_1s_hardware_interface-0.0.0-py3.10.egg-info/PKG-INFO
[0.721s] -- Up-to-date: /home/kevo/robotics_inc/xarm_1s/install/xarm_1s_hardware_interface/local/lib/python3.10/dist-packages/xarm_1s_hardware_interface
[0.722s] -- Up-to-date: /home/kevo/robotics_inc/xarm_1s/install/xarm_1s_hardware_interface/local/lib/python3.10/dist-packages/xarm_1s_hardware_interface/__init__.py
[0.760s] Listing '/home/kevo/robotics_inc/xarm_1s/install/xarm_1s_hardware_interface/local/lib/python3.10/dist-packages/xarm_1s_hardware_interface'...
[0.768s] -- Up-to-date: /home/kevo/robotics_inc/xarm_1s/install/xarm_1s_hardware_interface/lib/libxarm_1s_hardware_interface.so
[0.769s] -- Up-to-date: /home/kevo/robotics_inc/xarm_1s/install/xarm_1s_hardware_interface/include/include
[0.769s] -- Up-to-date: /home/kevo/robotics_inc/xarm_1s/install/xarm_1s_hardware_interface/include/include/xarm_1s_hardware_interface
[0.769s] -- Up-to-date: /home/kevo/robotics_inc/xarm_1s/install/xarm_1s_hardware_interface/include/include/xarm_1s_hardware_interface/xarm.hpp
[0.770s] -- Up-to-date: /home/kevo/robotics_inc/xarm_1s/install/xarm_1s_hardware_interface/include/include/xarm_1s_hardware_interface/util.hpp
[0.770s] -- Up-to-date: /home/kevo/robotics_inc/xarm_1s/install/xarm_1s_hardware_interface/include/include/xarm_1s_hardware_interface/servo.hpp
[0.770s] -- Up-to-date: /home/kevo/robotics_inc/xarm_1s/install/xarm_1s_hardware_interface/include/include/xarm_1s_hardware_interface/hardware_interface.hpp
[0.770s] -- Up-to-date: /home/kevo/robotics_inc/xarm_1s/install/xarm_1s_hardware_interface/share/xarm_1s_hardware_interface/launch
[0.771s] -- Up-to-date: /home/kevo/robotics_inc/xarm_1s/install/xarm_1s_hardware_interface/share/xarm_1s_hardware_interface/config
[0.771s] -- Up-to-date: /home/kevo/robotics_inc/xarm_1s/install/xarm_1s_hardware_interface/share/xarm_1s_hardware_interface/config/robot_arm_controllers.yaml
[0.771s] -- Up-to-date: /home/kevo/robotics_inc/xarm_1s/install/xarm_1s_hardware_interface/share/xarm_1s_hardware_interface/environment/library_path.sh
[0.771s] -- Up-to-date: /home/kevo/robotics_inc/xarm_1s/install/xarm_1s_hardware_interface/share/xarm_1s_hardware_interface/environment/library_path.dsv
[0.772s] -- Up-to-date: /home/kevo/robotics_inc/xarm_1s/install/xarm_1s_hardware_interface/share/ament_index/resource_index/package_run_dependencies/xarm_1s_hardware_interface
[0.772s] -- Up-to-date: /home/kevo/robotics_inc/xarm_1s/install/xarm_1s_hardware_interface/share/ament_index/resource_index/parent_prefix_path/xarm_1s_hardware_interface
[0.772s] -- Up-to-date: /home/kevo/robotics_inc/xarm_1s/install/xarm_1s_hardware_interface/share/xarm_1s_hardware_interface/environment/ament_prefix_path.sh
[0.773s] -- Up-to-date: /home/kevo/robotics_inc/xarm_1s/install/xarm_1s_hardware_interface/share/xarm_1s_hardware_interface/environment/ament_prefix_path.dsv
[0.773s] -- Up-to-date: /home/kevo/robotics_inc/xarm_1s/install/xarm_1s_hardware_interface/share/xarm_1s_hardware_interface/environment/path.sh
[0.773s] -- Up-to-date: /home/kevo/robotics_inc/xarm_1s/install/xarm_1s_hardware_interface/share/xarm_1s_hardware_interface/environment/path.dsv
[0.773s] -- Up-to-date: /home/kevo/robotics_inc/xarm_1s/install/xarm_1s_hardware_interface/share/xarm_1s_hardware_interface/local_setup.bash
[0.774s] -- Up-to-date: /home/kevo/robotics_inc/xarm_1s/install/xarm_1s_hardware_interface/share/xarm_1s_hardware_interface/local_setup.sh
[0.774s] -- Up-to-date: /home/kevo/robotics_inc/xarm_1s/install/xarm_1s_hardware_interface/share/xarm_1s_hardware_interface/local_setup.zsh
[0.774s] -- Up-to-date: /home/kevo/robotics_inc/xarm_1s/install/xarm_1s_hardware_interface/share/xarm_1s_hardware_interface/local_setup.dsv
[0.777s] -- Installing: /home/kevo/robotics_inc/xarm_1s/install/xarm_1s_hardware_interface/share/xarm_1s_hardware_interface/package.dsv
[0.777s] -- Up-to-date: /home/kevo/robotics_inc/xarm_1s/install/xarm_1s_hardware_interface/share/ament_index/resource_index/packages/xarm_1s_hardware_interface
[0.777s] -- Up-to-date: /home/kevo/robotics_inc/xarm_1s/install/xarm_1s_hardware_interface/share/ament_index/resource_index/hardware_interface__pluginlib__plugin/xarm_1s_hardware_interface
[0.777s] -- Up-to-date: /home/kevo/robotics_inc/xarm_1s/install/xarm_1s_hardware_interface/share/xarm_1s_hardware_interface/cmake/ament_cmake_export_include_directories-extras.cmake
[0.777s] -- Up-to-date: /home/kevo/robotics_inc/xarm_1s/install/xarm_1s_hardware_interface/share/xarm_1s_hardware_interface/cmake/ament_cmake_export_libraries-extras.cmake
[0.778s] -- Up-to-date: /home/kevo/robotics_inc/xarm_1s/install/xarm_1s_hardware_interface/share/xarm_1s_hardware_interface/cmake/ament_cmake_export_dependencies-extras.cmake
[0.778s] -- Up-to-date: /home/kevo/robotics_inc/xarm_1s/install/xarm_1s_hardware_interface/share/xarm_1s_hardware_interface/cmake/xarm_1s_hardware_interfaceConfig.cmake
[0.778s] -- Up-to-date: /home/kevo/robotics_inc/xarm_1s/install/xarm_1s_hardware_interface/share/xarm_1s_hardware_interface/cmake/xarm_1s_hardware_interfaceConfig-version.cmake
[0.778s] -- Up-to-date: /home/kevo/robotics_inc/xarm_1s/install/xarm_1s_hardware_interface/share/xarm_1s_hardware_interface/package.xml
[0.779s] Invoked command in '/home/kevo/robotics_inc/xarm_1s/build/xarm_1s_hardware_interface' returned '0': CMAKE_PREFIX_PATH=${CMAKE_PREFIX_PATH}:/home/kevo/ws_moveit2/install/moveit_configs_utils:/home/kevo/ws_moveit2/install/launch_param_builder:/opt/ros/humble /usr/bin/cmake --install /home/kevo/robotics_inc/xarm_1s/build/xarm_1s_hardware_interface
