running egg_info
creating ../../build/xarm_hardware_interface/xarm_hardware_interface.egg-info
writing ../../build/xarm_hardware_interface/xarm_hardware_interface.egg-info/PKG-INFO
writing dependency_links to ../../build/xarm_hardware_interface/xarm_hardware_interface.egg-info/dependency_links.txt
writing entry points to ../../build/xarm_hardware_interface/xarm_hardware_interface.egg-info/entry_points.txt
writing requirements to ../../build/xarm_hardware_interface/xarm_hardware_interface.egg-info/requires.txt
writing top-level names to ../../build/xarm_hardware_interface/xarm_hardware_interface.egg-info/top_level.txt
writing manifest file '../../build/xarm_hardware_interface/xarm_hardware_interface.egg-info/SOURCES.txt'
reading manifest file '../../build/xarm_hardware_interface/xarm_hardware_interface.egg-info/SOURCES.txt'
writing manifest file '../../build/xarm_hardware_interface/xarm_hardware_interface.egg-info/SOURCES.txt'
running build
running build_py
creating /home/kevo/robotics_inc/xarm_1s/build/xarm_hardware_interface/build
creating /home/kevo/robotics_inc/xarm_1s/build/xarm_hardware_interface/build/lib
creating /home/kevo/robotics_inc/xarm_1s/build/xarm_hardware_interface/build/lib/xarm_hardware_interface
copying xarm_hardware_interface/__init__.py -> /home/kevo/robotics_inc/xarm_1s/build/xarm_hardware_interface/build/lib/xarm_hardware_interface
copying xarm_hardware_interface/xarm_hardware_interface.py -> /home/kevo/robotics_inc/xarm_1s/build/xarm_hardware_interface/build/lib/xarm_hardware_interface
running install
/usr/lib/python3/dist-packages/setuptools/command/install.py:34: SetuptoolsDeprecationWarning: setup.py install is deprecated. Use build and pip and other standards-based tools.
  warnings.warn(
running install_lib
creating /home/kevo/robotics_inc/xarm_1s/install/xarm_hardware_interface/lib/python3.10/site-packages/xarm_hardware_interface
copying /home/kevo/robotics_inc/xarm_1s/build/xarm_hardware_interface/build/lib/xarm_hardware_interface/__init__.py -> /home/kevo/robotics_inc/xarm_1s/install/xarm_hardware_interface/lib/python3.10/site-packages/xarm_hardware_interface
copying /home/kevo/robotics_inc/xarm_1s/build/xarm_hardware_interface/build/lib/xarm_hardware_interface/xarm_hardware_interface.py -> /home/kevo/robotics_inc/xarm_1s/install/xarm_hardware_interface/lib/python3.10/site-packages/xarm_hardware_interface
byte-compiling /home/kevo/robotics_inc/xarm_1s/install/xarm_hardware_interface/lib/python3.10/site-packages/xarm_hardware_interface/__init__.py to __init__.cpython-310.pyc
byte-compiling /home/kevo/robotics_inc/xarm_1s/install/xarm_hardware_interface/lib/python3.10/site-packages/xarm_hardware_interface/xarm_hardware_interface.py to xarm_hardware_interface.cpython-310.pyc
running install_data
creating /home/kevo/robotics_inc/xarm_1s/install/xarm_hardware_interface/share/ament_index
creating /home/kevo/robotics_inc/xarm_1s/install/xarm_hardware_interface/share/ament_index/resource_index
creating /home/kevo/robotics_inc/xarm_1s/install/xarm_hardware_interface/share/ament_index/resource_index/packages
copying resource/xarm_hardware_interface -> /home/kevo/robotics_inc/xarm_1s/install/xarm_hardware_interface/share/ament_index/resource_index/packages
copying package.xml -> /home/kevo/robotics_inc/xarm_1s/install/xarm_hardware_interface/share/xarm_hardware_interface
running install_egg_info
Copying ../../build/xarm_hardware_interface/xarm_hardware_interface.egg-info to /home/kevo/robotics_inc/xarm_1s/install/xarm_hardware_interface/lib/python3.10/site-packages/xarm_hardware_interface-0.0.0-py3.10.egg-info
running install_scripts
Installing hardware_controller script to /home/kevo/robotics_inc/xarm_1s/install/xarm_hardware_interface/lib/xarm_hardware_interface
writing list of installed files to '/home/kevo/robotics_inc/xarm_1s/build/xarm_hardware_interface/install.log'
