-- Found ament_cmake: 1.3.10 (/opt/ros/humble/share/ament_cmake/cmake)
-- Found rclcpp: 16.0.10 (/opt/ros/humble/share/rclcpp/cmake)
-- Found rosidl_generator_c: 3.1.5 (/opt/ros/humble/share/rosidl_generator_c/cmake)
-- Found rosidl_adapter: 3.1.5 (/opt/ros/humble/share/rosidl_adapter/cmake)
-- Found rosidl_generator_cpp: 3.1.5 (/opt/ros/humble/share/rosidl_generator_cpp/cmake)
-- Using all available rosidl_typesupport_c: rosidl_typesupport_fastrtps_c;rosidl_typesupport_introspection_c
-- Using all available rosidl_typesupport_cpp: rosidl_typesupport_fastrtps_cpp;rosidl_typesupport_introspection_cpp
-- Found rmw_implementation_cmake: 6.1.2 (/opt/ros/humble/share/rmw_implementation_cmake/cmake)
-- Found rmw_cyclonedds_cpp: 1.3.4 (/opt/ros/humble/share/rmw_cyclonedds_cpp/cmake)
-- Using RMW implementation 'rmw_cyclonedds_cpp' as default
-- Found ament_lint_auto: 0.12.11 (/opt/ros/humble/share/ament_lint_auto/cmake)
-- Added test 'cppcheck' to perform static code analysis on C / C++ code
-- Configured cppcheck include dirs: /home/kevo/robotics_inc/xarm_1s/src/xarm_1s_joy/include
-- Configured cppcheck exclude dirs and/or files: 
-- Added test 'lint_cmake' to check CMake code style
-- Added test 'uncrustify' to check C / C++ code style
-- Configured uncrustify additional arguments: 
-- Added test 'xmllint' to check XML markup files
-- Configuring done
-- Generating done
-- Build files have been written to: /home/kevo/robotics_inc/xarm_1s/build/xarm_1s_joy
[ 50%] [32mBuilding CXX object CMakeFiles/game_pad.dir/src/game_pad.cpp.o[0m
[100%] [32m[1mLinking CXX executable game_pad[0m
[100%] Built target game_pad
-- Install configuration: ""
-- Installing: /home/kevo/robotics_inc/xarm_1s/install/xarm_1s_joy/lib/xarm_1s_joy/game_pad
-- Set runtime path of "/home/kevo/robotics_inc/xarm_1s/install/xarm_1s_joy/lib/xarm_1s_joy/game_pad" to ""
-- Installing: /home/kevo/robotics_inc/xarm_1s/install/xarm_1s_joy/share/ament_index/resource_index/package_run_dependencies/xarm_1s_joy
-- Installing: /home/kevo/robotics_inc/xarm_1s/install/xarm_1s_joy/share/ament_index/resource_index/parent_prefix_path/xarm_1s_joy
-- Installing: /home/kevo/robotics_inc/xarm_1s/install/xarm_1s_joy/share/xarm_1s_joy/environment/ament_prefix_path.sh
-- Installing: /home/kevo/robotics_inc/xarm_1s/install/xarm_1s_joy/share/xarm_1s_joy/environment/ament_prefix_path.dsv
-- Installing: /home/kevo/robotics_inc/xarm_1s/install/xarm_1s_joy/share/xarm_1s_joy/environment/path.sh
-- Installing: /home/kevo/robotics_inc/xarm_1s/install/xarm_1s_joy/share/xarm_1s_joy/environment/path.dsv
-- Installing: /home/kevo/robotics_inc/xarm_1s/install/xarm_1s_joy/share/xarm_1s_joy/local_setup.bash
-- Installing: /home/kevo/robotics_inc/xarm_1s/install/xarm_1s_joy/share/xarm_1s_joy/local_setup.sh
-- Installing: /home/kevo/robotics_inc/xarm_1s/install/xarm_1s_joy/share/xarm_1s_joy/local_setup.zsh
-- Installing: /home/kevo/robotics_inc/xarm_1s/install/xarm_1s_joy/share/xarm_1s_joy/local_setup.dsv
-- Installing: /home/kevo/robotics_inc/xarm_1s/install/xarm_1s_joy/share/xarm_1s_joy/package.dsv
-- Installing: /home/kevo/robotics_inc/xarm_1s/install/xarm_1s_joy/share/ament_index/resource_index/packages/xarm_1s_joy
-- Installing: /home/kevo/robotics_inc/xarm_1s/install/xarm_1s_joy/share/xarm_1s_joy/cmake/xarm_1s_joyConfig.cmake
-- Installing: /home/kevo/robotics_inc/xarm_1s/install/xarm_1s_joy/share/xarm_1s_joy/cmake/xarm_1s_joyConfig-version.cmake
-- Installing: /home/kevo/robotics_inc/xarm_1s/install/xarm_1s_joy/share/xarm_1s_joy/package.xml
