[0.289s] DEBUG:colcon:Command line arguments: ['/usr/bin/colcon', 'build']
[0.290s] DEBUG:colcon:Parsed command line arguments: Namespace(log_base=None, log_level=None, verb_name='build', build_base='build', install_base='install', merge_install=False, symlink_install=False, test_result_base=None, continue_on_error=False, executor='parallel', parallel_workers=8, event_handlers=None, ignore_user_meta=False, metas=['./colcon.meta'], base_paths=['.'], packages_ignore=None, packages_ignore_regex=None, paths=None, packages_up_to=None, packages_up_to_regex=None, packages_above=None, packages_above_and_dependencies=None, packages_above_depth=None, packages_select_by_dep=None, packages_skip_by_dep=None, packages_skip_up_to=None, packages_select_build_failed=False, packages_skip_build_finished=False, packages_select_test_failures=False, packages_skip_test_passed=False, packages_select=None, packages_skip=None, packages_select_regex=None, packages_skip_regex=None, packages_start=None, packages_end=None, allow_overriding=[], cmake_args=None, cmake_target=None, cmake_target_skip_unavailable=False, cmake_clean_cache=False, cmake_clean_first=False, cmake_force_configure=False, ament_cmake_args=None, catkin_cmake_args=None, catkin_skip_building_tests=False, mixin_files=None, mixin=None, verb_parser=<colcon_mixin.mixin.mixin_argument.MixinArgumentDecorator object at 0x7fc895b308b0>, verb_extension=<colcon_core.verb.build.BuildVerb object at 0x7fc895b30160>, main=<bound method BuildVerb.main of <colcon_core.verb.build.BuildVerb object at 0x7fc895b30160>>, mixin_verb=('build',))
[0.564s] Level 1:colcon.colcon_core.package_discovery:discover_packages(colcon_meta) check parameters
[0.564s] Level 1:colcon.colcon_core.package_discovery:discover_packages(recursive) check parameters
[0.564s] Level 1:colcon.colcon_core.package_discovery:discover_packages(ignore) check parameters
[0.564s] Level 1:colcon.colcon_core.package_discovery:discover_packages(path) check parameters
[0.564s] Level 1:colcon.colcon_core.package_discovery:discover_packages(colcon_meta) discover
[0.564s] Level 1:colcon.colcon_core.package_discovery:discover_packages(recursive) discover
[0.565s] INFO:colcon.colcon_core.package_discovery:Crawling recursively for packages in '/home/kevo/robotics_inc/xarm_1s'
[0.565s] Level 1:colcon.colcon_core.package_identification:_identify(.) by extensions ['ignore', 'ignore_ament_install']
[0.565s] Level 1:colcon.colcon_core.package_identification:_identify(.) by extension 'ignore'
[0.565s] Level 1:colcon.colcon_core.package_identification:_identify(.) by extension 'ignore_ament_install'
[0.565s] Level 1:colcon.colcon_core.package_identification:_identify(.) by extensions ['colcon_pkg']
[0.565s] Level 1:colcon.colcon_core.package_identification:_identify(.) by extension 'colcon_pkg'
[0.565s] Level 1:colcon.colcon_core.package_identification:_identify(.) by extensions ['colcon_meta']
[0.565s] Level 1:colcon.colcon_core.package_identification:_identify(.) by extension 'colcon_meta'
[0.565s] Level 1:colcon.colcon_core.package_identification:_identify(.) by extensions ['ros']
[0.565s] Level 1:colcon.colcon_core.package_identification:_identify(.) by extension 'ros'
[0.600s] Level 1:colcon.colcon_core.package_identification:_identify(.) by extensions ['cmake', 'python']
[0.601s] Level 1:colcon.colcon_core.package_identification:_identify(.) by extension 'cmake'
[0.601s] Level 1:colcon.colcon_core.package_identification:_identify(.) by extension 'python'
[0.601s] Level 1:colcon.colcon_core.package_identification:_identify(.) by extensions ['python_setup_py']
[0.601s] Level 1:colcon.colcon_core.package_identification:_identify(.) by extension 'python_setup_py'
[0.601s] Level 1:colcon.colcon_core.package_identification:_identify(build) by extensions ['ignore', 'ignore_ament_install']
[0.601s] Level 1:colcon.colcon_core.package_identification:_identify(build) by extension 'ignore'
[0.601s] Level 1:colcon.colcon_core.package_identification:_identify(build) ignored
[0.601s] Level 1:colcon.colcon_core.package_identification:_identify(install) by extensions ['ignore', 'ignore_ament_install']
[0.602s] Level 1:colcon.colcon_core.package_identification:_identify(install) by extension 'ignore'
[0.602s] Level 1:colcon.colcon_core.package_identification:_identify(install) ignored
[0.602s] Level 1:colcon.colcon_core.package_identification:_identify(log) by extensions ['ignore', 'ignore_ament_install']
[0.602s] Level 1:colcon.colcon_core.package_identification:_identify(log) by extension 'ignore'
[0.602s] Level 1:colcon.colcon_core.package_identification:_identify(log) ignored
[0.602s] Level 1:colcon.colcon_core.package_identification:_identify(src) by extensions ['ignore', 'ignore_ament_install']
[0.602s] Level 1:colcon.colcon_core.package_identification:_identify(src) by extension 'ignore'
[0.602s] Level 1:colcon.colcon_core.package_identification:_identify(src) by extension 'ignore_ament_install'
[0.603s] Level 1:colcon.colcon_core.package_identification:_identify(src) by extensions ['colcon_pkg']
[0.603s] Level 1:colcon.colcon_core.package_identification:_identify(src) by extension 'colcon_pkg'
[0.603s] Level 1:colcon.colcon_core.package_identification:_identify(src) by extensions ['colcon_meta']
[0.603s] Level 1:colcon.colcon_core.package_identification:_identify(src) by extension 'colcon_meta'
[0.603s] Level 1:colcon.colcon_core.package_identification:_identify(src) by extensions ['ros']
[0.603s] Level 1:colcon.colcon_core.package_identification:_identify(src) by extension 'ros'
[0.603s] Level 1:colcon.colcon_core.package_identification:_identify(src) by extensions ['cmake', 'python']
[0.603s] Level 1:colcon.colcon_core.package_identification:_identify(src) by extension 'cmake'
[0.603s] Level 1:colcon.colcon_core.package_identification:_identify(src) by extension 'python'
[0.603s] Level 1:colcon.colcon_core.package_identification:_identify(src) by extensions ['python_setup_py']
[0.603s] Level 1:colcon.colcon_core.package_identification:_identify(src) by extension 'python_setup_py'
[0.603s] Level 1:colcon.colcon_core.package_identification:_identify(src/xarm_1s_description) by extensions ['ignore', 'ignore_ament_install']
[0.604s] Level 1:colcon.colcon_core.package_identification:_identify(src/xarm_1s_description) by extension 'ignore'
[0.604s] Level 1:colcon.colcon_core.package_identification:_identify(src/xarm_1s_description) by extension 'ignore_ament_install'
[0.604s] Level 1:colcon.colcon_core.package_identification:_identify(src/xarm_1s_description) by extensions ['colcon_pkg']
[0.604s] Level 1:colcon.colcon_core.package_identification:_identify(src/xarm_1s_description) by extension 'colcon_pkg'
[0.604s] Level 1:colcon.colcon_core.package_identification:_identify(src/xarm_1s_description) by extensions ['colcon_meta']
[0.604s] Level 1:colcon.colcon_core.package_identification:_identify(src/xarm_1s_description) by extension 'colcon_meta'
[0.604s] Level 1:colcon.colcon_core.package_identification:_identify(src/xarm_1s_description) by extensions ['ros']
[0.604s] Level 1:colcon.colcon_core.package_identification:_identify(src/xarm_1s_description) by extension 'ros'
[0.608s] DEBUG:colcon.colcon_core.package_identification:Package 'src/xarm_1s_description' with type 'ros.ament_cmake' and name 'xarm_1s_description'
[0.608s] Level 1:colcon.colcon_core.package_identification:_identify(src/xarm_1s_hardware_interface) by extensions ['ignore', 'ignore_ament_install']
[0.609s] Level 1:colcon.colcon_core.package_identification:_identify(src/xarm_1s_hardware_interface) by extension 'ignore'
[0.609s] Level 1:colcon.colcon_core.package_identification:_identify(src/xarm_1s_hardware_interface) by extension 'ignore_ament_install'
[0.609s] Level 1:colcon.colcon_core.package_identification:_identify(src/xarm_1s_hardware_interface) by extensions ['colcon_pkg']
[0.609s] Level 1:colcon.colcon_core.package_identification:_identify(src/xarm_1s_hardware_interface) by extension 'colcon_pkg'
[0.609s] Level 1:colcon.colcon_core.package_identification:_identify(src/xarm_1s_hardware_interface) by extensions ['colcon_meta']
[0.609s] Level 1:colcon.colcon_core.package_identification:_identify(src/xarm_1s_hardware_interface) by extension 'colcon_meta'
[0.609s] Level 1:colcon.colcon_core.package_identification:_identify(src/xarm_1s_hardware_interface) by extensions ['ros']
[0.609s] Level 1:colcon.colcon_core.package_identification:_identify(src/xarm_1s_hardware_interface) by extension 'ros'
[0.610s] DEBUG:colcon.colcon_core.package_identification:Package 'src/xarm_1s_hardware_interface' with type 'ros.ament_cmake' and name 'xarm_1s_hardware_interface'
[0.611s] Level 1:colcon.colcon_core.package_identification:_identify(src/xarm_1s_joy) by extensions ['ignore', 'ignore_ament_install']
[0.611s] Level 1:colcon.colcon_core.package_identification:_identify(src/xarm_1s_joy) by extension 'ignore'
[0.611s] Level 1:colcon.colcon_core.package_identification:_identify(src/xarm_1s_joy) by extension 'ignore_ament_install'
[0.611s] Level 1:colcon.colcon_core.package_identification:_identify(src/xarm_1s_joy) by extensions ['colcon_pkg']
[0.611s] Level 1:colcon.colcon_core.package_identification:_identify(src/xarm_1s_joy) by extension 'colcon_pkg'
[0.611s] Level 1:colcon.colcon_core.package_identification:_identify(src/xarm_1s_joy) by extensions ['colcon_meta']
[0.611s] Level 1:colcon.colcon_core.package_identification:_identify(src/xarm_1s_joy) by extension 'colcon_meta'
[0.611s] Level 1:colcon.colcon_core.package_identification:_identify(src/xarm_1s_joy) by extensions ['ros']
[0.611s] Level 1:colcon.colcon_core.package_identification:_identify(src/xarm_1s_joy) by extension 'ros'
[0.612s] DEBUG:colcon.colcon_core.package_identification:Package 'src/xarm_1s_joy' with type 'ros.ament_cmake' and name 'xarm_1s_joy'
[0.612s] Level 1:colcon.colcon_core.package_identification:_identify(src/xarm_1s_kinematics) by extensions ['ignore', 'ignore_ament_install']
[0.612s] Level 1:colcon.colcon_core.package_identification:_identify(src/xarm_1s_kinematics) by extension 'ignore'
[0.612s] Level 1:colcon.colcon_core.package_identification:_identify(src/xarm_1s_kinematics) by extension 'ignore_ament_install'
[0.612s] Level 1:colcon.colcon_core.package_identification:_identify(src/xarm_1s_kinematics) by extensions ['colcon_pkg']
[0.612s] Level 1:colcon.colcon_core.package_identification:_identify(src/xarm_1s_kinematics) by extension 'colcon_pkg'
[0.612s] Level 1:colcon.colcon_core.package_identification:_identify(src/xarm_1s_kinematics) by extensions ['colcon_meta']
[0.612s] Level 1:colcon.colcon_core.package_identification:_identify(src/xarm_1s_kinematics) by extension 'colcon_meta'
[0.612s] Level 1:colcon.colcon_core.package_identification:_identify(src/xarm_1s_kinematics) by extensions ['ros']
[0.612s] Level 1:colcon.colcon_core.package_identification:_identify(src/xarm_1s_kinematics) by extension 'ros'
[0.614s] DEBUG:colcon.colcon_core.package_identification:Package 'src/xarm_1s_kinematics' with type 'ros.ament_cmake' and name 'xarm_1s_kinematics'
[0.614s] Level 1:colcon.colcon_core.package_identification:_identify(src/xarm_1s_messages) by extensions ['ignore', 'ignore_ament_install']
[0.614s] Level 1:colcon.colcon_core.package_identification:_identify(src/xarm_1s_messages) by extension 'ignore'
[0.614s] Level 1:colcon.colcon_core.package_identification:_identify(src/xarm_1s_messages) by extension 'ignore_ament_install'
[0.614s] Level 1:colcon.colcon_core.package_identification:_identify(src/xarm_1s_messages) by extensions ['colcon_pkg']
[0.614s] Level 1:colcon.colcon_core.package_identification:_identify(src/xarm_1s_messages) by extension 'colcon_pkg'
[0.614s] Level 1:colcon.colcon_core.package_identification:_identify(src/xarm_1s_messages) by extensions ['colcon_meta']
[0.614s] Level 1:colcon.colcon_core.package_identification:_identify(src/xarm_1s_messages) by extension 'colcon_meta'
[0.614s] Level 1:colcon.colcon_core.package_identification:_identify(src/xarm_1s_messages) by extensions ['ros']
[0.614s] Level 1:colcon.colcon_core.package_identification:_identify(src/xarm_1s_messages) by extension 'ros'
[0.615s] DEBUG:colcon.colcon_core.package_identification:Package 'src/xarm_1s_messages' with type 'ros.ament_cmake' and name 'xarm_1s_messages'
[0.615s] Level 1:colcon.colcon_core.package_discovery:discover_packages(recursive) using defaults
[0.615s] Level 1:colcon.colcon_core.package_discovery:discover_packages(ignore) discover
[0.615s] Level 1:colcon.colcon_core.package_discovery:discover_packages(ignore) using defaults
[0.615s] Level 1:colcon.colcon_core.package_discovery:discover_packages(path) discover
[0.615s] Level 1:colcon.colcon_core.package_discovery:discover_packages(path) using defaults
[0.640s] Level 1:colcon.colcon_core.package_discovery:discover_packages(prefix_path) check parameters
[0.640s] Level 1:colcon.colcon_core.package_discovery:discover_packages(prefix_path) discover
[0.644s] DEBUG:colcon.colcon_installed_package_information.package_discovery:Found 5 installed packages in /home/kevo/robotics_inc/xarm_1s/install
[0.645s] DEBUG:colcon.colcon_installed_package_information.package_discovery:Found 57 installed packages in /home/kevo/ws_moveit2/install
[0.647s] DEBUG:colcon.colcon_installed_package_information.package_discovery:Found 377 installed packages in /opt/ros/humble
[0.652s] Level 1:colcon.colcon_core.package_discovery:discover_packages(prefix_path) using defaults
[0.716s] Level 5:colcon.colcon_core.verb:set package 'xarm_1s_description' build argument 'cmake_args' from command line to 'None'
[0.716s] Level 5:colcon.colcon_core.verb:set package 'xarm_1s_description' build argument 'cmake_target' from command line to 'None'
[0.716s] Level 5:colcon.colcon_core.verb:set package 'xarm_1s_description' build argument 'cmake_target_skip_unavailable' from command line to 'False'
[0.716s] Level 5:colcon.colcon_core.verb:set package 'xarm_1s_description' build argument 'cmake_clean_cache' from command line to 'False'
[0.716s] Level 5:colcon.colcon_core.verb:set package 'xarm_1s_description' build argument 'cmake_clean_first' from command line to 'False'
[0.716s] Level 5:colcon.colcon_core.verb:set package 'xarm_1s_description' build argument 'cmake_force_configure' from command line to 'False'
[0.716s] Level 5:colcon.colcon_core.verb:set package 'xarm_1s_description' build argument 'ament_cmake_args' from command line to 'None'
[0.716s] Level 5:colcon.colcon_core.verb:set package 'xarm_1s_description' build argument 'catkin_cmake_args' from command line to 'None'
[0.716s] Level 5:colcon.colcon_core.verb:set package 'xarm_1s_description' build argument 'catkin_skip_building_tests' from command line to 'False'
[0.716s] DEBUG:colcon.colcon_core.verb:Building package 'xarm_1s_description' with the following arguments: {'ament_cmake_args': None, 'build_base': '/home/kevo/robotics_inc/xarm_1s/build/xarm_1s_description', 'catkin_cmake_args': None, 'catkin_skip_building_tests': False, 'cmake_args': None, 'cmake_clean_cache': False, 'cmake_clean_first': False, 'cmake_force_configure': False, 'cmake_target': None, 'cmake_target_skip_unavailable': False, 'install_base': '/home/kevo/robotics_inc/xarm_1s/install/xarm_1s_description', 'merge_install': False, 'path': '/home/kevo/robotics_inc/xarm_1s/src/xarm_1s_description', 'symlink_install': False, 'test_result_base': None}
[0.717s] Level 5:colcon.colcon_core.verb:set package 'xarm_1s_hardware_interface' build argument 'cmake_args' from command line to 'None'
[0.717s] Level 5:colcon.colcon_core.verb:set package 'xarm_1s_hardware_interface' build argument 'cmake_target' from command line to 'None'
[0.717s] Level 5:colcon.colcon_core.verb:set package 'xarm_1s_hardware_interface' build argument 'cmake_target_skip_unavailable' from command line to 'False'
[0.717s] Level 5:colcon.colcon_core.verb:set package 'xarm_1s_hardware_interface' build argument 'cmake_clean_cache' from command line to 'False'
[0.717s] Level 5:colcon.colcon_core.verb:set package 'xarm_1s_hardware_interface' build argument 'cmake_clean_first' from command line to 'False'
[0.717s] Level 5:colcon.colcon_core.verb:set package 'xarm_1s_hardware_interface' build argument 'cmake_force_configure' from command line to 'False'
[0.717s] Level 5:colcon.colcon_core.verb:set package 'xarm_1s_hardware_interface' build argument 'ament_cmake_args' from command line to 'None'
[0.717s] Level 5:colcon.colcon_core.verb:set package 'xarm_1s_hardware_interface' build argument 'catkin_cmake_args' from command line to 'None'
[0.717s] Level 5:colcon.colcon_core.verb:set package 'xarm_1s_hardware_interface' build argument 'catkin_skip_building_tests' from command line to 'False'
[0.717s] DEBUG:colcon.colcon_core.verb:Building package 'xarm_1s_hardware_interface' with the following arguments: {'ament_cmake_args': None, 'build_base': '/home/kevo/robotics_inc/xarm_1s/build/xarm_1s_hardware_interface', 'catkin_cmake_args': None, 'catkin_skip_building_tests': False, 'cmake_args': None, 'cmake_clean_cache': False, 'cmake_clean_first': False, 'cmake_force_configure': False, 'cmake_target': None, 'cmake_target_skip_unavailable': False, 'install_base': '/home/kevo/robotics_inc/xarm_1s/install/xarm_1s_hardware_interface', 'merge_install': False, 'path': '/home/kevo/robotics_inc/xarm_1s/src/xarm_1s_hardware_interface', 'symlink_install': False, 'test_result_base': None}
[0.717s] Level 5:colcon.colcon_core.verb:set package 'xarm_1s_joy' build argument 'cmake_args' from command line to 'None'
[0.717s] Level 5:colcon.colcon_core.verb:set package 'xarm_1s_joy' build argument 'cmake_target' from command line to 'None'
[0.717s] Level 5:colcon.colcon_core.verb:set package 'xarm_1s_joy' build argument 'cmake_target_skip_unavailable' from command line to 'False'
[0.717s] Level 5:colcon.colcon_core.verb:set package 'xarm_1s_joy' build argument 'cmake_clean_cache' from command line to 'False'
[0.717s] Level 5:colcon.colcon_core.verb:set package 'xarm_1s_joy' build argument 'cmake_clean_first' from command line to 'False'
[0.717s] Level 5:colcon.colcon_core.verb:set package 'xarm_1s_joy' build argument 'cmake_force_configure' from command line to 'False'
[0.717s] Level 5:colcon.colcon_core.verb:set package 'xarm_1s_joy' build argument 'ament_cmake_args' from command line to 'None'
[0.717s] Level 5:colcon.colcon_core.verb:set package 'xarm_1s_joy' build argument 'catkin_cmake_args' from command line to 'None'
[0.717s] Level 5:colcon.colcon_core.verb:set package 'xarm_1s_joy' build argument 'catkin_skip_building_tests' from command line to 'False'
[0.718s] DEBUG:colcon.colcon_core.verb:Building package 'xarm_1s_joy' with the following arguments: {'ament_cmake_args': None, 'build_base': '/home/kevo/robotics_inc/xarm_1s/build/xarm_1s_joy', 'catkin_cmake_args': None, 'catkin_skip_building_tests': False, 'cmake_args': None, 'cmake_clean_cache': False, 'cmake_clean_first': False, 'cmake_force_configure': False, 'cmake_target': None, 'cmake_target_skip_unavailable': False, 'install_base': '/home/kevo/robotics_inc/xarm_1s/install/xarm_1s_joy', 'merge_install': False, 'path': '/home/kevo/robotics_inc/xarm_1s/src/xarm_1s_joy', 'symlink_install': False, 'test_result_base': None}
[0.718s] Level 5:colcon.colcon_core.verb:set package 'xarm_1s_messages' build argument 'cmake_args' from command line to 'None'
[0.718s] Level 5:colcon.colcon_core.verb:set package 'xarm_1s_messages' build argument 'cmake_target' from command line to 'None'
[0.718s] Level 5:colcon.colcon_core.verb:set package 'xarm_1s_messages' build argument 'cmake_target_skip_unavailable' from command line to 'False'
[0.718s] Level 5:colcon.colcon_core.verb:set package 'xarm_1s_messages' build argument 'cmake_clean_cache' from command line to 'False'
[0.718s] Level 5:colcon.colcon_core.verb:set package 'xarm_1s_messages' build argument 'cmake_clean_first' from command line to 'False'
[0.718s] Level 5:colcon.colcon_core.verb:set package 'xarm_1s_messages' build argument 'cmake_force_configure' from command line to 'False'
[0.718s] Level 5:colcon.colcon_core.verb:set package 'xarm_1s_messages' build argument 'ament_cmake_args' from command line to 'None'
[0.718s] Level 5:colcon.colcon_core.verb:set package 'xarm_1s_messages' build argument 'catkin_cmake_args' from command line to 'None'
[0.718s] Level 5:colcon.colcon_core.verb:set package 'xarm_1s_messages' build argument 'catkin_skip_building_tests' from command line to 'False'
[0.718s] DEBUG:colcon.colcon_core.verb:Building package 'xarm_1s_messages' with the following arguments: {'ament_cmake_args': None, 'build_base': '/home/kevo/robotics_inc/xarm_1s/build/xarm_1s_messages', 'catkin_cmake_args': None, 'catkin_skip_building_tests': False, 'cmake_args': None, 'cmake_clean_cache': False, 'cmake_clean_first': False, 'cmake_force_configure': False, 'cmake_target': None, 'cmake_target_skip_unavailable': False, 'install_base': '/home/kevo/robotics_inc/xarm_1s/install/xarm_1s_messages', 'merge_install': False, 'path': '/home/kevo/robotics_inc/xarm_1s/src/xarm_1s_messages', 'symlink_install': False, 'test_result_base': None}
[0.718s] Level 5:colcon.colcon_core.verb:set package 'xarm_1s_kinematics' build argument 'cmake_args' from command line to 'None'
[0.718s] Level 5:colcon.colcon_core.verb:set package 'xarm_1s_kinematics' build argument 'cmake_target' from command line to 'None'
[0.718s] Level 5:colcon.colcon_core.verb:set package 'xarm_1s_kinematics' build argument 'cmake_target_skip_unavailable' from command line to 'False'
[0.718s] Level 5:colcon.colcon_core.verb:set package 'xarm_1s_kinematics' build argument 'cmake_clean_cache' from command line to 'False'
[0.719s] Level 5:colcon.colcon_core.verb:set package 'xarm_1s_kinematics' build argument 'cmake_clean_first' from command line to 'False'
[0.719s] Level 5:colcon.colcon_core.verb:set package 'xarm_1s_kinematics' build argument 'cmake_force_configure' from command line to 'False'
[0.719s] Level 5:colcon.colcon_core.verb:set package 'xarm_1s_kinematics' build argument 'ament_cmake_args' from command line to 'None'
[0.719s] Level 5:colcon.colcon_core.verb:set package 'xarm_1s_kinematics' build argument 'catkin_cmake_args' from command line to 'None'
[0.719s] Level 5:colcon.colcon_core.verb:set package 'xarm_1s_kinematics' build argument 'catkin_skip_building_tests' from command line to 'False'
[0.719s] DEBUG:colcon.colcon_core.verb:Building package 'xarm_1s_kinematics' with the following arguments: {'ament_cmake_args': None, 'build_base': '/home/kevo/robotics_inc/xarm_1s/build/xarm_1s_kinematics', 'catkin_cmake_args': None, 'catkin_skip_building_tests': False, 'cmake_args': None, 'cmake_clean_cache': False, 'cmake_clean_first': False, 'cmake_force_configure': False, 'cmake_target': None, 'cmake_target_skip_unavailable': False, 'install_base': '/home/kevo/robotics_inc/xarm_1s/install/xarm_1s_kinematics', 'merge_install': False, 'path': '/home/kevo/robotics_inc/xarm_1s/src/xarm_1s_kinematics', 'symlink_install': False, 'test_result_base': None}
[0.719s] INFO:colcon.colcon_core.executor:Executing jobs using 'parallel' executor
[0.720s] DEBUG:colcon.colcon_parallel_executor.executor.parallel:run_until_complete
[0.720s] INFO:colcon.colcon_ros.task.ament_cmake.build:Building ROS package in '/home/kevo/robotics_inc/xarm_1s/src/xarm_1s_description' with build type 'ament_cmake'
[0.720s] INFO:colcon.colcon_cmake.task.cmake.build:Building CMake package in '/home/kevo/robotics_inc/xarm_1s/src/xarm_1s_description'
[0.725s] INFO:colcon.colcon_core.plugin_system:Skipping extension 'colcon_core.shell.bat': Not used on non-Windows systems
[0.725s] INFO:colcon.colcon_core.shell:Skip shell extension 'powershell' for command environment: Not usable outside of PowerShell
[0.725s] DEBUG:colcon.colcon_core.shell:Skip shell extension 'dsv' for command environment
[0.735s] INFO:colcon.colcon_ros.task.ament_cmake.build:Building ROS package in '/home/kevo/robotics_inc/xarm_1s/src/xarm_1s_hardware_interface' with build type 'ament_cmake'
[0.735s] INFO:colcon.colcon_cmake.task.cmake.build:Building CMake package in '/home/kevo/robotics_inc/xarm_1s/src/xarm_1s_hardware_interface'
[0.736s] INFO:colcon.colcon_core.shell:Skip shell extension 'powershell' for command environment: Not usable outside of PowerShell
[0.736s] DEBUG:colcon.colcon_core.shell:Skip shell extension 'dsv' for command environment
[0.744s] INFO:colcon.colcon_ros.task.ament_cmake.build:Building ROS package in '/home/kevo/robotics_inc/xarm_1s/src/xarm_1s_joy' with build type 'ament_cmake'
[0.745s] INFO:colcon.colcon_cmake.task.cmake.build:Building CMake package in '/home/kevo/robotics_inc/xarm_1s/src/xarm_1s_joy'
[0.745s] INFO:colcon.colcon_core.shell:Skip shell extension 'powershell' for command environment: Not usable outside of PowerShell
[0.746s] DEBUG:colcon.colcon_core.shell:Skip shell extension 'dsv' for command environment
[0.755s] INFO:colcon.colcon_ros.task.ament_cmake.build:Building ROS package in '/home/kevo/robotics_inc/xarm_1s/src/xarm_1s_messages' with build type 'ament_cmake'
[0.755s] INFO:colcon.colcon_cmake.task.cmake.build:Building CMake package in '/home/kevo/robotics_inc/xarm_1s/src/xarm_1s_messages'
[0.755s] INFO:colcon.colcon_core.shell:Skip shell extension 'powershell' for command environment: Not usable outside of PowerShell
[0.755s] DEBUG:colcon.colcon_core.shell:Skip shell extension 'dsv' for command environment
[0.773s] DEBUG:colcon.colcon_core.event_handler.log_command:Invoking command in '/home/kevo/robotics_inc/xarm_1s/build/xarm_1s_description': CMAKE_PREFIX_PATH=${CMAKE_PREFIX_PATH}:/home/kevo/ws_moveit2/install/moveit_configs_utils:/home/kevo/ws_moveit2/install/launch_param_builder:/opt/ros/humble /usr/bin/cmake --build /home/kevo/robotics_inc/xarm_1s/build/xarm_1s_description -- -j8 -l8
[0.780s] DEBUG:colcon.colcon_core.event_handler.log_command:Invoking command in '/home/kevo/robotics_inc/xarm_1s/build/xarm_1s_hardware_interface': CMAKE_PREFIX_PATH=${CMAKE_PREFIX_PATH}:/home/kevo/ws_moveit2/install/moveit_configs_utils:/home/kevo/ws_moveit2/install/launch_param_builder:/opt/ros/humble /usr/bin/cmake --build /home/kevo/robotics_inc/xarm_1s/build/xarm_1s_hardware_interface -- -j8 -l8
[0.789s] DEBUG:colcon.colcon_core.event_handler.log_command:Invoking command in '/home/kevo/robotics_inc/xarm_1s/build/xarm_1s_joy': CMAKE_PREFIX_PATH=${CMAKE_PREFIX_PATH}:/home/kevo/ws_moveit2/install/moveit_configs_utils:/home/kevo/ws_moveit2/install/launch_param_builder:/opt/ros/humble /usr/bin/cmake --build /home/kevo/robotics_inc/xarm_1s/build/xarm_1s_joy -- -j8 -l8
[0.796s] DEBUG:colcon.colcon_core.event_handler.log_command:Invoking command in '/home/kevo/robotics_inc/xarm_1s/build/xarm_1s_messages': CMAKE_PREFIX_PATH=${CMAKE_PREFIX_PATH}:/home/kevo/ws_moveit2/install/moveit_configs_utils:/home/kevo/ws_moveit2/install/launch_param_builder:/opt/ros/humble /usr/bin/cmake --build /home/kevo/robotics_inc/xarm_1s/build/xarm_1s_messages -- -j8 -l8
[0.836s] DEBUG:colcon.colcon_core.event_handler.log_command:Invoked command in '/home/kevo/robotics_inc/xarm_1s/build/xarm_1s_description' returned '0': CMAKE_PREFIX_PATH=${CMAKE_PREFIX_PATH}:/home/kevo/ws_moveit2/install/moveit_configs_utils:/home/kevo/ws_moveit2/install/launch_param_builder:/opt/ros/humble /usr/bin/cmake --build /home/kevo/robotics_inc/xarm_1s/build/xarm_1s_description -- -j8 -l8
[0.924s] DEBUG:colcon.colcon_core.event_handler.log_command:Invoking command in '/home/kevo/robotics_inc/xarm_1s/build/xarm_1s_description': CMAKE_PREFIX_PATH=${CMAKE_PREFIX_PATH}:/home/kevo/ws_moveit2/install/moveit_configs_utils:/home/kevo/ws_moveit2/install/launch_param_builder:/opt/ros/humble /usr/bin/cmake --install /home/kevo/robotics_inc/xarm_1s/build/xarm_1s_description
[0.950s] DEBUG:colcon.colcon_core.event_handler.log_command:Invoked command in '/home/kevo/robotics_inc/xarm_1s/build/xarm_1s_joy' returned '0': CMAKE_PREFIX_PATH=${CMAKE_PREFIX_PATH}:/home/kevo/ws_moveit2/install/moveit_configs_utils:/home/kevo/ws_moveit2/install/launch_param_builder:/opt/ros/humble /usr/bin/cmake --build /home/kevo/robotics_inc/xarm_1s/build/xarm_1s_joy -- -j8 -l8
[0.975s] Level 1:colcon.colcon_core.environment:create_environment_scripts_only(xarm_1s_description)
[0.977s] DEBUG:colcon.colcon_core.event_handler.log_command:Invoked command in '/home/kevo/robotics_inc/xarm_1s/build/xarm_1s_description' returned '0': CMAKE_PREFIX_PATH=${CMAKE_PREFIX_PATH}:/home/kevo/ws_moveit2/install/moveit_configs_utils:/home/kevo/ws_moveit2/install/launch_param_builder:/opt/ros/humble /usr/bin/cmake --install /home/kevo/robotics_inc/xarm_1s/build/xarm_1s_description
[0.983s] Level 1:colcon.colcon_core.environment:checking '/home/kevo/robotics_inc/xarm_1s/install/xarm_1s_description' for CMake module files
[0.984s] Level 1:colcon.colcon_core.environment:checking '/home/kevo/robotics_inc/xarm_1s/install/xarm_1s_description' for CMake config files
[0.985s] Level 1:colcon.colcon_core.shell:create_environment_hook('xarm_1s_description', 'cmake_prefix_path')
[0.985s] INFO:colcon.colcon_core.shell:Creating environment hook '/home/kevo/robotics_inc/xarm_1s/install/xarm_1s_description/share/xarm_1s_description/hook/cmake_prefix_path.ps1'
[0.987s] INFO:colcon.colcon_core.shell:Creating environment descriptor '/home/kevo/robotics_inc/xarm_1s/install/xarm_1s_description/share/xarm_1s_description/hook/cmake_prefix_path.dsv'
[0.988s] INFO:colcon.colcon_core.shell:Creating environment hook '/home/kevo/robotics_inc/xarm_1s/install/xarm_1s_description/share/xarm_1s_description/hook/cmake_prefix_path.sh'
[0.998s] Level 1:colcon.colcon_core.environment:checking '/home/kevo/robotics_inc/xarm_1s/install/xarm_1s_description/bin'
[0.999s] Level 1:colcon.colcon_core.environment:checking '/home/kevo/robotics_inc/xarm_1s/install/xarm_1s_description/lib/pkgconfig/xarm_1s_description.pc'
[0.999s] Level 1:colcon.colcon_core.environment:checking '/home/kevo/robotics_inc/xarm_1s/install/xarm_1s_description/lib/python3.10/site-packages'
[1.000s] Level 1:colcon.colcon_core.environment:checking '/home/kevo/robotics_inc/xarm_1s/install/xarm_1s_description/bin'
[1.001s] INFO:colcon.colcon_core.shell:Creating package script '/home/kevo/robotics_inc/xarm_1s/install/xarm_1s_description/share/xarm_1s_description/package.ps1'
[1.002s] INFO:colcon.colcon_core.shell:Creating package descriptor '/home/kevo/robotics_inc/xarm_1s/install/xarm_1s_description/share/xarm_1s_description/package.dsv'
[1.004s] INFO:colcon.colcon_core.shell:Creating package script '/home/kevo/robotics_inc/xarm_1s/install/xarm_1s_description/share/xarm_1s_description/package.sh'
[1.014s] INFO:colcon.colcon_core.shell:Creating package script '/home/kevo/robotics_inc/xarm_1s/install/xarm_1s_description/share/xarm_1s_description/package.bash'
[1.016s] INFO:colcon.colcon_core.shell:Creating package script '/home/kevo/robotics_inc/xarm_1s/install/xarm_1s_description/share/xarm_1s_description/package.zsh'
[1.017s] Level 1:colcon.colcon_core.environment:create_file_with_runtime_dependencies(/home/kevo/robotics_inc/xarm_1s/install/xarm_1s_description/share/colcon-core/packages/xarm_1s_description)
[1.082s] DEBUG:colcon.colcon_core.event_handler.log_command:Invoking command in '/home/kevo/robotics_inc/xarm_1s/build/xarm_1s_joy': CMAKE_PREFIX_PATH=${CMAKE_PREFIX_PATH}:/home/kevo/ws_moveit2/install/moveit_configs_utils:/home/kevo/ws_moveit2/install/launch_param_builder:/opt/ros/humble /usr/bin/cmake --install /home/kevo/robotics_inc/xarm_1s/build/xarm_1s_joy
[1.100s] Level 1:colcon.colcon_core.environment:create_environment_scripts_only(xarm_1s_description)
[1.101s] Level 1:colcon.colcon_core.environment:checking '/home/kevo/robotics_inc/xarm_1s/install/xarm_1s_description' for CMake module files
[1.102s] Level 1:colcon.colcon_core.environment:checking '/home/kevo/robotics_inc/xarm_1s/install/xarm_1s_description' for CMake config files
[1.102s] Level 1:colcon.colcon_core.shell:create_environment_hook('xarm_1s_description', 'cmake_prefix_path')
[1.103s] INFO:colcon.colcon_core.shell:Creating environment hook '/home/kevo/robotics_inc/xarm_1s/install/xarm_1s_description/share/xarm_1s_description/hook/cmake_prefix_path.ps1'
[1.110s] INFO:colcon.colcon_core.shell:Creating environment descriptor '/home/kevo/robotics_inc/xarm_1s/install/xarm_1s_description/share/xarm_1s_description/hook/cmake_prefix_path.dsv'
[1.111s] INFO:colcon.colcon_core.shell:Creating environment hook '/home/kevo/robotics_inc/xarm_1s/install/xarm_1s_description/share/xarm_1s_description/hook/cmake_prefix_path.sh'
[1.113s] Level 1:colcon.colcon_core.environment:checking '/home/kevo/robotics_inc/xarm_1s/install/xarm_1s_description/bin'
[1.114s] Level 1:colcon.colcon_core.environment:checking '/home/kevo/robotics_inc/xarm_1s/install/xarm_1s_description/lib/pkgconfig/xarm_1s_description.pc'
[1.114s] Level 1:colcon.colcon_core.environment:checking '/home/kevo/robotics_inc/xarm_1s/install/xarm_1s_description/lib/python3.10/site-packages'
[1.115s] Level 1:colcon.colcon_core.environment:checking '/home/kevo/robotics_inc/xarm_1s/install/xarm_1s_description/bin'
[1.116s] INFO:colcon.colcon_core.shell:Creating package script '/home/kevo/robotics_inc/xarm_1s/install/xarm_1s_description/share/xarm_1s_description/package.ps1'
[1.117s] INFO:colcon.colcon_core.shell:Creating package descriptor '/home/kevo/robotics_inc/xarm_1s/install/xarm_1s_description/share/xarm_1s_description/package.dsv'
[1.118s] INFO:colcon.colcon_core.shell:Creating package script '/home/kevo/robotics_inc/xarm_1s/install/xarm_1s_description/share/xarm_1s_description/package.sh'
[1.119s] INFO:colcon.colcon_core.shell:Creating package script '/home/kevo/robotics_inc/xarm_1s/install/xarm_1s_description/share/xarm_1s_description/package.bash'
[1.120s] INFO:colcon.colcon_core.shell:Creating package script '/home/kevo/robotics_inc/xarm_1s/install/xarm_1s_description/share/xarm_1s_description/package.zsh'
[1.120s] Level 1:colcon.colcon_core.environment:create_file_with_runtime_dependencies(/home/kevo/robotics_inc/xarm_1s/install/xarm_1s_description/share/colcon-core/packages/xarm_1s_description)
[1.122s] INFO:colcon.colcon_ros.task.ament_cmake.build:Building ROS package in '/home/kevo/robotics_inc/xarm_1s/src/xarm_1s_kinematics' with build type 'ament_cmake'
[1.122s] INFO:colcon.colcon_cmake.task.cmake.build:Building CMake package in '/home/kevo/robotics_inc/xarm_1s/src/xarm_1s_kinematics'
[1.123s] INFO:colcon.colcon_core.shell:Skip shell extension 'powershell' for command environment: Not usable outside of PowerShell
[1.123s] DEBUG:colcon.colcon_core.shell:Skip shell extension 'dsv' for command environment
[1.153s] Level 1:colcon.colcon_core.environment:create_environment_scripts_only(xarm_1s_joy)
[1.155s] Level 1:colcon.colcon_core.environment:checking '/home/kevo/robotics_inc/xarm_1s/install/xarm_1s_joy' for CMake module files
[1.156s] DEBUG:colcon.colcon_core.event_handler.log_command:Invoked command in '/home/kevo/robotics_inc/xarm_1s/build/xarm_1s_joy' returned '0': CMAKE_PREFIX_PATH=${CMAKE_PREFIX_PATH}:/home/kevo/ws_moveit2/install/moveit_configs_utils:/home/kevo/ws_moveit2/install/launch_param_builder:/opt/ros/humble /usr/bin/cmake --install /home/kevo/robotics_inc/xarm_1s/build/xarm_1s_joy
[1.160s] Level 1:colcon.colcon_core.environment:checking '/home/kevo/robotics_inc/xarm_1s/install/xarm_1s_joy' for CMake config files
[1.161s] Level 1:colcon.colcon_core.shell:create_environment_hook('xarm_1s_joy', 'cmake_prefix_path')
[1.162s] INFO:colcon.colcon_core.shell:Creating environment hook '/home/kevo/robotics_inc/xarm_1s/install/xarm_1s_joy/share/xarm_1s_joy/hook/cmake_prefix_path.ps1'
[1.163s] INFO:colcon.colcon_core.shell:Creating environment descriptor '/home/kevo/robotics_inc/xarm_1s/install/xarm_1s_joy/share/xarm_1s_joy/hook/cmake_prefix_path.dsv'
[1.164s] INFO:colcon.colcon_core.shell:Creating environment hook '/home/kevo/robotics_inc/xarm_1s/install/xarm_1s_joy/share/xarm_1s_joy/hook/cmake_prefix_path.sh'
[1.165s] Level 1:colcon.colcon_core.environment:checking '/home/kevo/robotics_inc/xarm_1s/install/xarm_1s_joy/lib'
[1.166s] Level 1:colcon.colcon_core.environment:checking '/home/kevo/robotics_inc/xarm_1s/install/xarm_1s_joy/bin'
[1.166s] Level 1:colcon.colcon_core.environment:checking '/home/kevo/robotics_inc/xarm_1s/install/xarm_1s_joy/lib/pkgconfig/xarm_1s_joy.pc'
[1.167s] Level 1:colcon.colcon_core.environment:checking '/home/kevo/robotics_inc/xarm_1s/install/xarm_1s_joy/lib/python3.10/site-packages'
[1.167s] Level 1:colcon.colcon_core.environment:checking '/home/kevo/robotics_inc/xarm_1s/install/xarm_1s_joy/bin'
[1.168s] INFO:colcon.colcon_core.shell:Creating package script '/home/kevo/robotics_inc/xarm_1s/install/xarm_1s_joy/share/xarm_1s_joy/package.ps1'
[1.169s] INFO:colcon.colcon_core.shell:Creating package descriptor '/home/kevo/robotics_inc/xarm_1s/install/xarm_1s_joy/share/xarm_1s_joy/package.dsv'
[1.170s] INFO:colcon.colcon_core.shell:Creating package script '/home/kevo/robotics_inc/xarm_1s/install/xarm_1s_joy/share/xarm_1s_joy/package.sh'
[1.173s] INFO:colcon.colcon_core.shell:Creating package script '/home/kevo/robotics_inc/xarm_1s/install/xarm_1s_joy/share/xarm_1s_joy/package.bash'
[1.177s] INFO:colcon.colcon_core.shell:Creating package script '/home/kevo/robotics_inc/xarm_1s/install/xarm_1s_joy/share/xarm_1s_joy/package.zsh'
[1.178s] Level 1:colcon.colcon_core.environment:create_file_with_runtime_dependencies(/home/kevo/robotics_inc/xarm_1s/install/xarm_1s_joy/share/colcon-core/packages/xarm_1s_joy)
[1.250s] DEBUG:colcon.colcon_core.event_handler.log_command:Invoking command in '/home/kevo/robotics_inc/xarm_1s/build/xarm_1s_kinematics': CMAKE_PREFIX_PATH=/home/kevo/robotics_inc/xarm_1s/install/xarm_1s_description:/home/kevo/robotics_inc/xarm_1s/install/xarm_1s_kinematics:/home/kevo/robotics_inc/xarm_1s/install/xarm_1s_messages:/home/kevo/robotics_inc/xarm_1s/install/xarm_1s_joy:/home/kevo/robotics_inc/xarm_1s/install/xarm_1s_hardware_interface:/home/kevo/ws_moveit2/install/pilz_industrial_motion_planner_testutils:/home/kevo/ws_moveit2/install/panda_moveit_config:/home/kevo/ws_moveit2/install/moveit_runtime:/home/kevo/ws_moveit2/install/moveit2_tutorials:/home/kevo/ws_moveit2/install/moveit:/home/kevo/ws_moveit2/install/moveit_planners:/home/kevo/ws_moveit2/install/pilz_industrial_motion_planner:/home/kevo/ws_moveit2/install/mtc_tutorial:/home/kevo/ws_moveit2/install/moveit_visual_tools:/home/kevo/ws_moveit2/install/moveit_task_constructor_visualization:/home/kevo/ws_moveit2/install/moveit_task_constructor_demo:/home/kevo/ws_moveit2/install/moveit_task_constructor_capabilities:/home/kevo/ws_moveit2/install/moveit_task_constructor_core:/home/kevo/ws_moveit2/install/moveit_ros_control_interface:/home/kevo/ws_moveit2/install/moveit_plugins:/home/kevo/ws_moveit2/install/moveit_simple_controller_manager:/home/kevo/ws_moveit2/install/moveit_setup_assistant:/home/kevo/ws_moveit2/install/moveit_setup_srdf_plugins:/home/kevo/ws_moveit2/install/moveit_setup_core_plugins:/home/kevo/ws_moveit2/install/moveit_setup_controllers:/home/kevo/ws_moveit2/install/moveit_setup_app_plugins:/home/kevo/ws_moveit2/install/moveit_setup_framework:/home/kevo/ws_moveit2/install/moveit_servo:/home/kevo/ws_moveit2/install/moveit_ros:/home/kevo/ws_moveit2/install/moveit_ros_visualization:/home/kevo/ws_moveit2/install/moveit_hybrid_planning:/home/kevo/ws_moveit2/install/moveit_ros_planning_interface:/home/kevo/ws_moveit2/install/moveit_ros_benchmarks:/home/kevo/ws_moveit2/install/moveit_ros_warehouse:/home/kevo/ws_moveit2/install/moveit_ros_robot_interaction:/home/kevo/ws_moveit2/install/moveit_ros_perception:/home/kevo/ws_moveit2/install/moveit_resources_prbt_pg70_support:/home/kevo/ws_moveit2/install/moveit_resources_prbt_moveit_config:/home/kevo/ws_moveit2/install/moveit_ros_move_group:/home/kevo/ws_moveit2/install/moveit_planners_ompl:/home/kevo/ws_moveit2/install/moveit_ros_planning:/home/kevo/ws_moveit2/install/moveit_ros_occupancy_map_monitor:/home/kevo/ws_moveit2/install/moveit_resources_prbt_ikfast_manipulator_plugin:/home/kevo/ws_moveit2/install/moveit_planners_chomp:/home/kevo/ws_moveit2/install/moveit_kinematics:/home/kevo/ws_moveit2/install/moveit_chomp_optimizer_adapter:/home/kevo/ws_moveit2/install/chomp_motion_planner:/home/kevo/ws_moveit2/install/moveit_core:/home/kevo/ws_moveit2/install/srdfdom:/home/kevo/ws_moveit2/install/rviz_marker_tools:/home/kevo/ws_moveit2/install/rosparam_shortcuts:/home/kevo/ws_moveit2/install/moveit_task_constructor_msgs:/home/kevo/ws_moveit2/install/moveit_resources_prbt_support:/home/kevo/ws_moveit2/install/moveit_resources:/home/kevo/ws_moveit2/install/moveit_resources_pr2_description:/home/kevo/ws_moveit2/install/moveit_resources_panda_moveit_config:/home/kevo/ws_moveit2/install/moveit_resources_panda_description:/home/kevo/ws_moveit2/install/moveit_resources_fanuc_moveit_config:/home/kevo/ws_moveit2/install/moveit_resources_fanuc_description:/home/kevo/ws_moveit2/install/moveit_common:/home/kevo/ws_moveit2/install/moveit_configs_utils:/home/kevo/ws_moveit2/install/launch_param_builder:/opt/ros/humble /usr/bin/cmake --build /home/kevo/robotics_inc/xarm_1s/build/xarm_1s_kinematics -- -j8 -l8
[1.282s] Level 1:colcon.colcon_core.environment:create_environment_scripts_only(xarm_1s_joy)
[1.283s] Level 1:colcon.colcon_core.environment:checking '/home/kevo/robotics_inc/xarm_1s/install/xarm_1s_joy' for CMake module files
[1.284s] Level 1:colcon.colcon_core.environment:checking '/home/kevo/robotics_inc/xarm_1s/install/xarm_1s_joy' for CMake config files
[1.284s] Level 1:colcon.colcon_core.shell:create_environment_hook('xarm_1s_joy', 'cmake_prefix_path')
[1.285s] INFO:colcon.colcon_core.shell:Creating environment hook '/home/kevo/robotics_inc/xarm_1s/install/xarm_1s_joy/share/xarm_1s_joy/hook/cmake_prefix_path.ps1'
[1.287s] INFO:colcon.colcon_core.shell:Creating environment descriptor '/home/kevo/robotics_inc/xarm_1s/install/xarm_1s_joy/share/xarm_1s_joy/hook/cmake_prefix_path.dsv'
[1.288s] INFO:colcon.colcon_core.shell:Creating environment hook '/home/kevo/robotics_inc/xarm_1s/install/xarm_1s_joy/share/xarm_1s_joy/hook/cmake_prefix_path.sh'
[1.289s] Level 1:colcon.colcon_core.environment:checking '/home/kevo/robotics_inc/xarm_1s/install/xarm_1s_joy/lib'
[1.290s] Level 1:colcon.colcon_core.environment:checking '/home/kevo/robotics_inc/xarm_1s/install/xarm_1s_joy/bin'
[1.290s] Level 1:colcon.colcon_core.environment:checking '/home/kevo/robotics_inc/xarm_1s/install/xarm_1s_joy/lib/pkgconfig/xarm_1s_joy.pc'
[1.290s] Level 1:colcon.colcon_core.environment:checking '/home/kevo/robotics_inc/xarm_1s/install/xarm_1s_joy/lib/python3.10/site-packages'
[1.291s] Level 1:colcon.colcon_core.environment:checking '/home/kevo/robotics_inc/xarm_1s/install/xarm_1s_joy/bin'
[1.292s] INFO:colcon.colcon_core.shell:Creating package script '/home/kevo/robotics_inc/xarm_1s/install/xarm_1s_joy/share/xarm_1s_joy/package.ps1'
[1.294s] INFO:colcon.colcon_core.shell:Creating package descriptor '/home/kevo/robotics_inc/xarm_1s/install/xarm_1s_joy/share/xarm_1s_joy/package.dsv'
[1.295s] INFO:colcon.colcon_core.shell:Creating package script '/home/kevo/robotics_inc/xarm_1s/install/xarm_1s_joy/share/xarm_1s_joy/package.sh'
[1.296s] INFO:colcon.colcon_core.shell:Creating package script '/home/kevo/robotics_inc/xarm_1s/install/xarm_1s_joy/share/xarm_1s_joy/package.bash'
[1.300s] INFO:colcon.colcon_core.shell:Creating package script '/home/kevo/robotics_inc/xarm_1s/install/xarm_1s_joy/share/xarm_1s_joy/package.zsh'
[1.301s] Level 1:colcon.colcon_core.environment:create_file_with_runtime_dependencies(/home/kevo/robotics_inc/xarm_1s/install/xarm_1s_joy/share/colcon-core/packages/xarm_1s_joy)
[1.766s] DEBUG:colcon.colcon_core.event_handler.log_command:Invoked command in '/home/kevo/robotics_inc/xarm_1s/build/xarm_1s_hardware_interface' returned '0': CMAKE_PREFIX_PATH=${CMAKE_PREFIX_PATH}:/home/kevo/ws_moveit2/install/moveit_configs_utils:/home/kevo/ws_moveit2/install/launch_param_builder:/opt/ros/humble /usr/bin/cmake --build /home/kevo/robotics_inc/xarm_1s/build/xarm_1s_hardware_interface -- -j8 -l8
[1.779s] DEBUG:colcon.colcon_core.event_handler.log_command:Invoked command in '/home/kevo/robotics_inc/xarm_1s/build/xarm_1s_messages' returned '0': CMAKE_PREFIX_PATH=${CMAKE_PREFIX_PATH}:/home/kevo/ws_moveit2/install/moveit_configs_utils:/home/kevo/ws_moveit2/install/launch_param_builder:/opt/ros/humble /usr/bin/cmake --build /home/kevo/robotics_inc/xarm_1s/build/xarm_1s_messages -- -j8 -l8
[1.860s] DEBUG:colcon.colcon_core.event_handler.log_command:Invoking command in '/home/kevo/robotics_inc/xarm_1s/build/xarm_1s_hardware_interface': CMAKE_PREFIX_PATH=${CMAKE_PREFIX_PATH}:/home/kevo/ws_moveit2/install/moveit_configs_utils:/home/kevo/ws_moveit2/install/launch_param_builder:/opt/ros/humble /usr/bin/cmake --install /home/kevo/robotics_inc/xarm_1s/build/xarm_1s_hardware_interface
[1.958s] DEBUG:colcon.colcon_core.event_handler.log_command:Invoking command in '/home/kevo/robotics_inc/xarm_1s/build/xarm_1s_messages': CMAKE_PREFIX_PATH=${CMAKE_PREFIX_PATH}:/home/kevo/ws_moveit2/install/moveit_configs_utils:/home/kevo/ws_moveit2/install/launch_param_builder:/opt/ros/humble /usr/bin/cmake --install /home/kevo/robotics_inc/xarm_1s/build/xarm_1s_messages
[1.972s] Level 1:colcon.colcon_core.environment:create_environment_scripts_only(xarm_1s_hardware_interface)
[1.973s] Level 1:colcon.colcon_core.environment:checking '/home/kevo/robotics_inc/xarm_1s/install/xarm_1s_hardware_interface' for CMake module files
[1.974s] DEBUG:colcon.colcon_core.event_handler.log_command:Invoked command in '/home/kevo/robotics_inc/xarm_1s/build/xarm_1s_hardware_interface' returned '0': CMAKE_PREFIX_PATH=${CMAKE_PREFIX_PATH}:/home/kevo/ws_moveit2/install/moveit_configs_utils:/home/kevo/ws_moveit2/install/launch_param_builder:/opt/ros/humble /usr/bin/cmake --install /home/kevo/robotics_inc/xarm_1s/build/xarm_1s_hardware_interface
[1.975s] Level 1:colcon.colcon_core.environment:checking '/home/kevo/robotics_inc/xarm_1s/install/xarm_1s_hardware_interface' for CMake config files
[1.975s] Level 1:colcon.colcon_core.shell:create_environment_hook('xarm_1s_hardware_interface', 'cmake_prefix_path')
[1.976s] INFO:colcon.colcon_core.shell:Creating environment hook '/home/kevo/robotics_inc/xarm_1s/install/xarm_1s_hardware_interface/share/xarm_1s_hardware_interface/hook/cmake_prefix_path.ps1'
[1.984s] INFO:colcon.colcon_core.shell:Creating environment descriptor '/home/kevo/robotics_inc/xarm_1s/install/xarm_1s_hardware_interface/share/xarm_1s_hardware_interface/hook/cmake_prefix_path.dsv'
[1.991s] INFO:colcon.colcon_core.shell:Creating environment hook '/home/kevo/robotics_inc/xarm_1s/install/xarm_1s_hardware_interface/share/xarm_1s_hardware_interface/hook/cmake_prefix_path.sh'
[1.995s] Level 1:colcon.colcon_core.environment:checking '/home/kevo/robotics_inc/xarm_1s/install/xarm_1s_hardware_interface/lib'
[1.996s] Level 1:colcon.colcon_core.shell:create_environment_hook('xarm_1s_hardware_interface', 'ld_library_path_lib')
[1.996s] INFO:colcon.colcon_core.shell:Creating environment hook '/home/kevo/robotics_inc/xarm_1s/install/xarm_1s_hardware_interface/share/xarm_1s_hardware_interface/hook/ld_library_path_lib.ps1'
[1.998s] INFO:colcon.colcon_core.shell:Creating environment descriptor '/home/kevo/robotics_inc/xarm_1s/install/xarm_1s_hardware_interface/share/xarm_1s_hardware_interface/hook/ld_library_path_lib.dsv'
[2.000s] INFO:colcon.colcon_core.shell:Creating environment hook '/home/kevo/robotics_inc/xarm_1s/install/xarm_1s_hardware_interface/share/xarm_1s_hardware_interface/hook/ld_library_path_lib.sh'
[2.004s] Level 1:colcon.colcon_core.environment:checking '/home/kevo/robotics_inc/xarm_1s/install/xarm_1s_hardware_interface/bin'
[2.004s] Level 1:colcon.colcon_core.environment:checking '/home/kevo/robotics_inc/xarm_1s/install/xarm_1s_hardware_interface/lib/pkgconfig/xarm_1s_hardware_interface.pc'
[2.005s] Level 1:colcon.colcon_core.environment:checking '/home/kevo/robotics_inc/xarm_1s/install/xarm_1s_hardware_interface/lib/python3.10/site-packages'
[2.005s] Level 1:colcon.colcon_core.environment:checking '/home/kevo/robotics_inc/xarm_1s/install/xarm_1s_hardware_interface/bin'
[2.007s] INFO:colcon.colcon_core.shell:Creating package script '/home/kevo/robotics_inc/xarm_1s/install/xarm_1s_hardware_interface/share/xarm_1s_hardware_interface/package.ps1'
[2.008s] INFO:colcon.colcon_core.shell:Creating package descriptor '/home/kevo/robotics_inc/xarm_1s/install/xarm_1s_hardware_interface/share/xarm_1s_hardware_interface/package.dsv'
[2.009s] INFO:colcon.colcon_core.shell:Creating package script '/home/kevo/robotics_inc/xarm_1s/install/xarm_1s_hardware_interface/share/xarm_1s_hardware_interface/package.sh'
[2.010s] INFO:colcon.colcon_core.shell:Creating package script '/home/kevo/robotics_inc/xarm_1s/install/xarm_1s_hardware_interface/share/xarm_1s_hardware_interface/package.bash'
[2.010s] INFO:colcon.colcon_core.shell:Creating package script '/home/kevo/robotics_inc/xarm_1s/install/xarm_1s_hardware_interface/share/xarm_1s_hardware_interface/package.zsh'
[2.011s] Level 1:colcon.colcon_core.environment:create_file_with_runtime_dependencies(/home/kevo/robotics_inc/xarm_1s/install/xarm_1s_hardware_interface/share/colcon-core/packages/xarm_1s_hardware_interface)
[2.070s] Level 1:colcon.colcon_core.environment:create_environment_scripts_only(xarm_1s_messages)
[2.070s] Level 1:colcon.colcon_core.environment:checking '/home/kevo/robotics_inc/xarm_1s/install/xarm_1s_messages' for CMake module files
[2.073s] DEBUG:colcon.colcon_core.event_handler.log_command:Invoked command in '/home/kevo/robotics_inc/xarm_1s/build/xarm_1s_messages' returned '0': CMAKE_PREFIX_PATH=${CMAKE_PREFIX_PATH}:/home/kevo/ws_moveit2/install/moveit_configs_utils:/home/kevo/ws_moveit2/install/launch_param_builder:/opt/ros/humble /usr/bin/cmake --install /home/kevo/robotics_inc/xarm_1s/build/xarm_1s_messages
[2.074s] Level 1:colcon.colcon_core.environment:checking '/home/kevo/robotics_inc/xarm_1s/install/xarm_1s_messages' for CMake config files
[2.075s] Level 1:colcon.colcon_core.shell:create_environment_hook('xarm_1s_messages', 'cmake_prefix_path')
[2.075s] INFO:colcon.colcon_core.shell:Creating environment hook '/home/kevo/robotics_inc/xarm_1s/install/xarm_1s_messages/share/xarm_1s_messages/hook/cmake_prefix_path.ps1'
[2.076s] INFO:colcon.colcon_core.shell:Creating environment descriptor '/home/kevo/robotics_inc/xarm_1s/install/xarm_1s_messages/share/xarm_1s_messages/hook/cmake_prefix_path.dsv'
[2.076s] INFO:colcon.colcon_core.shell:Creating environment hook '/home/kevo/robotics_inc/xarm_1s/install/xarm_1s_messages/share/xarm_1s_messages/hook/cmake_prefix_path.sh'
[2.077s] Level 1:colcon.colcon_core.environment:checking '/home/kevo/robotics_inc/xarm_1s/install/xarm_1s_messages/lib'
[2.077s] Level 1:colcon.colcon_core.shell:create_environment_hook('xarm_1s_messages', 'ld_library_path_lib')
[2.078s] INFO:colcon.colcon_core.shell:Creating environment hook '/home/kevo/robotics_inc/xarm_1s/install/xarm_1s_messages/share/xarm_1s_messages/hook/ld_library_path_lib.ps1'
[2.078s] INFO:colcon.colcon_core.shell:Creating environment descriptor '/home/kevo/robotics_inc/xarm_1s/install/xarm_1s_messages/share/xarm_1s_messages/hook/ld_library_path_lib.dsv'
[2.079s] INFO:colcon.colcon_core.shell:Creating environment hook '/home/kevo/robotics_inc/xarm_1s/install/xarm_1s_messages/share/xarm_1s_messages/hook/ld_library_path_lib.sh'
[2.079s] Level 1:colcon.colcon_core.environment:checking '/home/kevo/robotics_inc/xarm_1s/install/xarm_1s_messages/bin'
[2.079s] Level 1:colcon.colcon_core.environment:checking '/home/kevo/robotics_inc/xarm_1s/install/xarm_1s_messages/lib/pkgconfig/xarm_1s_messages.pc'
[2.080s] Level 1:colcon.colcon_core.environment:checking '/home/kevo/robotics_inc/xarm_1s/install/xarm_1s_messages/lib/python3.10/site-packages'
[2.080s] Level 1:colcon.colcon_core.environment:checking '/home/kevo/robotics_inc/xarm_1s/install/xarm_1s_messages/bin'
[2.081s] INFO:colcon.colcon_core.shell:Creating package script '/home/kevo/robotics_inc/xarm_1s/install/xarm_1s_messages/share/xarm_1s_messages/package.ps1'
[2.081s] INFO:colcon.colcon_core.shell:Creating package descriptor '/home/kevo/robotics_inc/xarm_1s/install/xarm_1s_messages/share/xarm_1s_messages/package.dsv'
[2.082s] INFO:colcon.colcon_core.shell:Creating package script '/home/kevo/robotics_inc/xarm_1s/install/xarm_1s_messages/share/xarm_1s_messages/package.sh'
[2.083s] INFO:colcon.colcon_core.shell:Creating package script '/home/kevo/robotics_inc/xarm_1s/install/xarm_1s_messages/share/xarm_1s_messages/package.bash'
[2.083s] INFO:colcon.colcon_core.shell:Creating package script '/home/kevo/robotics_inc/xarm_1s/install/xarm_1s_messages/share/xarm_1s_messages/package.zsh'
[2.084s] Level 1:colcon.colcon_core.environment:create_file_with_runtime_dependencies(/home/kevo/robotics_inc/xarm_1s/install/xarm_1s_messages/share/colcon-core/packages/xarm_1s_messages)
[2.104s] Level 1:colcon.colcon_core.environment:create_environment_scripts_only(xarm_1s_hardware_interface)
[2.105s] Level 1:colcon.colcon_core.environment:checking '/home/kevo/robotics_inc/xarm_1s/install/xarm_1s_hardware_interface' for CMake module files
[2.105s] Level 1:colcon.colcon_core.environment:checking '/home/kevo/robotics_inc/xarm_1s/install/xarm_1s_hardware_interface' for CMake config files
[2.106s] Level 1:colcon.colcon_core.shell:create_environment_hook('xarm_1s_hardware_interface', 'cmake_prefix_path')
[2.106s] INFO:colcon.colcon_core.shell:Creating environment hook '/home/kevo/robotics_inc/xarm_1s/install/xarm_1s_hardware_interface/share/xarm_1s_hardware_interface/hook/cmake_prefix_path.ps1'
[2.107s] INFO:colcon.colcon_core.shell:Creating environment descriptor '/home/kevo/robotics_inc/xarm_1s/install/xarm_1s_hardware_interface/share/xarm_1s_hardware_interface/hook/cmake_prefix_path.dsv'
[2.107s] INFO:colcon.colcon_core.shell:Creating environment hook '/home/kevo/robotics_inc/xarm_1s/install/xarm_1s_hardware_interface/share/xarm_1s_hardware_interface/hook/cmake_prefix_path.sh'
[2.108s] Level 1:colcon.colcon_core.environment:checking '/home/kevo/robotics_inc/xarm_1s/install/xarm_1s_hardware_interface/lib'
[2.108s] Level 1:colcon.colcon_core.shell:create_environment_hook('xarm_1s_hardware_interface', 'ld_library_path_lib')
[2.108s] INFO:colcon.colcon_core.shell:Creating environment hook '/home/kevo/robotics_inc/xarm_1s/install/xarm_1s_hardware_interface/share/xarm_1s_hardware_interface/hook/ld_library_path_lib.ps1'
[2.109s] INFO:colcon.colcon_core.shell:Creating environment descriptor '/home/kevo/robotics_inc/xarm_1s/install/xarm_1s_hardware_interface/share/xarm_1s_hardware_interface/hook/ld_library_path_lib.dsv'
[2.109s] INFO:colcon.colcon_core.shell:Creating environment hook '/home/kevo/robotics_inc/xarm_1s/install/xarm_1s_hardware_interface/share/xarm_1s_hardware_interface/hook/ld_library_path_lib.sh'
[2.110s] Level 1:colcon.colcon_core.environment:checking '/home/kevo/robotics_inc/xarm_1s/install/xarm_1s_hardware_interface/bin'
[2.110s] Level 1:colcon.colcon_core.environment:checking '/home/kevo/robotics_inc/xarm_1s/install/xarm_1s_hardware_interface/lib/pkgconfig/xarm_1s_hardware_interface.pc'
[2.110s] Level 1:colcon.colcon_core.environment:checking '/home/kevo/robotics_inc/xarm_1s/install/xarm_1s_hardware_interface/lib/python3.10/site-packages'
[2.111s] Level 1:colcon.colcon_core.environment:checking '/home/kevo/robotics_inc/xarm_1s/install/xarm_1s_hardware_interface/bin'
[2.111s] INFO:colcon.colcon_core.shell:Creating package script '/home/kevo/robotics_inc/xarm_1s/install/xarm_1s_hardware_interface/share/xarm_1s_hardware_interface/package.ps1'
[2.112s] INFO:colcon.colcon_core.shell:Creating package descriptor '/home/kevo/robotics_inc/xarm_1s/install/xarm_1s_hardware_interface/share/xarm_1s_hardware_interface/package.dsv'
[2.113s] INFO:colcon.colcon_core.shell:Creating package script '/home/kevo/robotics_inc/xarm_1s/install/xarm_1s_hardware_interface/share/xarm_1s_hardware_interface/package.sh'
[2.113s] INFO:colcon.colcon_core.shell:Creating package script '/home/kevo/robotics_inc/xarm_1s/install/xarm_1s_hardware_interface/share/xarm_1s_hardware_interface/package.bash'
[2.114s] INFO:colcon.colcon_core.shell:Creating package script '/home/kevo/robotics_inc/xarm_1s/install/xarm_1s_hardware_interface/share/xarm_1s_hardware_interface/package.zsh'
[2.114s] Level 1:colcon.colcon_core.environment:create_file_with_runtime_dependencies(/home/kevo/robotics_inc/xarm_1s/install/xarm_1s_hardware_interface/share/colcon-core/packages/xarm_1s_hardware_interface)
[2.244s] Level 1:colcon.colcon_core.environment:create_environment_scripts_only(xarm_1s_messages)
[2.245s] Level 1:colcon.colcon_core.environment:checking '/home/kevo/robotics_inc/xarm_1s/install/xarm_1s_messages' for CMake module files
[2.246s] Level 1:colcon.colcon_core.environment:checking '/home/kevo/robotics_inc/xarm_1s/install/xarm_1s_messages' for CMake config files
[2.246s] Level 1:colcon.colcon_core.shell:create_environment_hook('xarm_1s_messages', 'cmake_prefix_path')
[2.246s] INFO:colcon.colcon_core.shell:Creating environment hook '/home/kevo/robotics_inc/xarm_1s/install/xarm_1s_messages/share/xarm_1s_messages/hook/cmake_prefix_path.ps1'
[2.247s] INFO:colcon.colcon_core.shell:Creating environment descriptor '/home/kevo/robotics_inc/xarm_1s/install/xarm_1s_messages/share/xarm_1s_messages/hook/cmake_prefix_path.dsv'
[2.248s] INFO:colcon.colcon_core.shell:Creating environment hook '/home/kevo/robotics_inc/xarm_1s/install/xarm_1s_messages/share/xarm_1s_messages/hook/cmake_prefix_path.sh'
[2.249s] Level 1:colcon.colcon_core.environment:checking '/home/kevo/robotics_inc/xarm_1s/install/xarm_1s_messages/lib'
[2.249s] Level 1:colcon.colcon_core.shell:create_environment_hook('xarm_1s_messages', 'ld_library_path_lib')
[2.250s] INFO:colcon.colcon_core.shell:Creating environment hook '/home/kevo/robotics_inc/xarm_1s/install/xarm_1s_messages/share/xarm_1s_messages/hook/ld_library_path_lib.ps1'
[2.250s] INFO:colcon.colcon_core.shell:Creating environment descriptor '/home/kevo/robotics_inc/xarm_1s/install/xarm_1s_messages/share/xarm_1s_messages/hook/ld_library_path_lib.dsv'
[2.251s] INFO:colcon.colcon_core.shell:Creating environment hook '/home/kevo/robotics_inc/xarm_1s/install/xarm_1s_messages/share/xarm_1s_messages/hook/ld_library_path_lib.sh'
[2.251s] Level 1:colcon.colcon_core.environment:checking '/home/kevo/robotics_inc/xarm_1s/install/xarm_1s_messages/bin'
[2.251s] Level 1:colcon.colcon_core.environment:checking '/home/kevo/robotics_inc/xarm_1s/install/xarm_1s_messages/lib/pkgconfig/xarm_1s_messages.pc'
[2.252s] Level 1:colcon.colcon_core.environment:checking '/home/kevo/robotics_inc/xarm_1s/install/xarm_1s_messages/lib/python3.10/site-packages'
[2.252s] Level 1:colcon.colcon_core.environment:checking '/home/kevo/robotics_inc/xarm_1s/install/xarm_1s_messages/bin'
[2.252s] INFO:colcon.colcon_core.shell:Creating package script '/home/kevo/robotics_inc/xarm_1s/install/xarm_1s_messages/share/xarm_1s_messages/package.ps1'
[2.253s] INFO:colcon.colcon_core.shell:Creating package descriptor '/home/kevo/robotics_inc/xarm_1s/install/xarm_1s_messages/share/xarm_1s_messages/package.dsv'
[2.254s] INFO:colcon.colcon_core.shell:Creating package script '/home/kevo/robotics_inc/xarm_1s/install/xarm_1s_messages/share/xarm_1s_messages/package.sh'
[2.255s] INFO:colcon.colcon_core.shell:Creating package script '/home/kevo/robotics_inc/xarm_1s/install/xarm_1s_messages/share/xarm_1s_messages/package.bash'
[2.256s] INFO:colcon.colcon_core.shell:Creating package script '/home/kevo/robotics_inc/xarm_1s/install/xarm_1s_messages/share/xarm_1s_messages/package.zsh'
[2.258s] Level 1:colcon.colcon_core.environment:create_file_with_runtime_dependencies(/home/kevo/robotics_inc/xarm_1s/install/xarm_1s_messages/share/colcon-core/packages/xarm_1s_messages)
[18.496s] DEBUG:colcon.colcon_core.event_handler.log_command:Invoked command in '/home/kevo/robotics_inc/xarm_1s/build/xarm_1s_kinematics' returned '0': CMAKE_PREFIX_PATH=/home/kevo/robotics_inc/xarm_1s/install/xarm_1s_description:/home/kevo/robotics_inc/xarm_1s/install/xarm_1s_kinematics:/home/kevo/robotics_inc/xarm_1s/install/xarm_1s_messages:/home/kevo/robotics_inc/xarm_1s/install/xarm_1s_joy:/home/kevo/robotics_inc/xarm_1s/install/xarm_1s_hardware_interface:/home/kevo/ws_moveit2/install/pilz_industrial_motion_planner_testutils:/home/kevo/ws_moveit2/install/panda_moveit_config:/home/kevo/ws_moveit2/install/moveit_runtime:/home/kevo/ws_moveit2/install/moveit2_tutorials:/home/kevo/ws_moveit2/install/moveit:/home/kevo/ws_moveit2/install/moveit_planners:/home/kevo/ws_moveit2/install/pilz_industrial_motion_planner:/home/kevo/ws_moveit2/install/mtc_tutorial:/home/kevo/ws_moveit2/install/moveit_visual_tools:/home/kevo/ws_moveit2/install/moveit_task_constructor_visualization:/home/kevo/ws_moveit2/install/moveit_task_constructor_demo:/home/kevo/ws_moveit2/install/moveit_task_constructor_capabilities:/home/kevo/ws_moveit2/install/moveit_task_constructor_core:/home/kevo/ws_moveit2/install/moveit_ros_control_interface:/home/kevo/ws_moveit2/install/moveit_plugins:/home/kevo/ws_moveit2/install/moveit_simple_controller_manager:/home/kevo/ws_moveit2/install/moveit_setup_assistant:/home/kevo/ws_moveit2/install/moveit_setup_srdf_plugins:/home/kevo/ws_moveit2/install/moveit_setup_core_plugins:/home/kevo/ws_moveit2/install/moveit_setup_controllers:/home/kevo/ws_moveit2/install/moveit_setup_app_plugins:/home/kevo/ws_moveit2/install/moveit_setup_framework:/home/kevo/ws_moveit2/install/moveit_servo:/home/kevo/ws_moveit2/install/moveit_ros:/home/kevo/ws_moveit2/install/moveit_ros_visualization:/home/kevo/ws_moveit2/install/moveit_hybrid_planning:/home/kevo/ws_moveit2/install/moveit_ros_planning_interface:/home/kevo/ws_moveit2/install/moveit_ros_benchmarks:/home/kevo/ws_moveit2/install/moveit_ros_warehouse:/home/kevo/ws_moveit2/install/moveit_ros_robot_interaction:/home/kevo/ws_moveit2/install/moveit_ros_perception:/home/kevo/ws_moveit2/install/moveit_resources_prbt_pg70_support:/home/kevo/ws_moveit2/install/moveit_resources_prbt_moveit_config:/home/kevo/ws_moveit2/install/moveit_ros_move_group:/home/kevo/ws_moveit2/install/moveit_planners_ompl:/home/kevo/ws_moveit2/install/moveit_ros_planning:/home/kevo/ws_moveit2/install/moveit_ros_occupancy_map_monitor:/home/kevo/ws_moveit2/install/moveit_resources_prbt_ikfast_manipulator_plugin:/home/kevo/ws_moveit2/install/moveit_planners_chomp:/home/kevo/ws_moveit2/install/moveit_kinematics:/home/kevo/ws_moveit2/install/moveit_chomp_optimizer_adapter:/home/kevo/ws_moveit2/install/chomp_motion_planner:/home/kevo/ws_moveit2/install/moveit_core:/home/kevo/ws_moveit2/install/srdfdom:/home/kevo/ws_moveit2/install/rviz_marker_tools:/home/kevo/ws_moveit2/install/rosparam_shortcuts:/home/kevo/ws_moveit2/install/moveit_task_constructor_msgs:/home/kevo/ws_moveit2/install/moveit_resources_prbt_support:/home/kevo/ws_moveit2/install/moveit_resources:/home/kevo/ws_moveit2/install/moveit_resources_pr2_description:/home/kevo/ws_moveit2/install/moveit_resources_panda_moveit_config:/home/kevo/ws_moveit2/install/moveit_resources_panda_description:/home/kevo/ws_moveit2/install/moveit_resources_fanuc_moveit_config:/home/kevo/ws_moveit2/install/moveit_resources_fanuc_description:/home/kevo/ws_moveit2/install/moveit_common:/home/kevo/ws_moveit2/install/moveit_configs_utils:/home/kevo/ws_moveit2/install/launch_param_builder:/opt/ros/humble /usr/bin/cmake --build /home/kevo/robotics_inc/xarm_1s/build/xarm_1s_kinematics -- -j8 -l8
[18.547s] DEBUG:colcon.colcon_core.event_handler.log_command:Invoking command in '/home/kevo/robotics_inc/xarm_1s/build/xarm_1s_kinematics': CMAKE_PREFIX_PATH=/home/kevo/robotics_inc/xarm_1s/install/xarm_1s_description:/home/kevo/robotics_inc/xarm_1s/install/xarm_1s_kinematics:/home/kevo/robotics_inc/xarm_1s/install/xarm_1s_messages:/home/kevo/robotics_inc/xarm_1s/install/xarm_1s_joy:/home/kevo/robotics_inc/xarm_1s/install/xarm_1s_hardware_interface:/home/kevo/ws_moveit2/install/pilz_industrial_motion_planner_testutils:/home/kevo/ws_moveit2/install/panda_moveit_config:/home/kevo/ws_moveit2/install/moveit_runtime:/home/kevo/ws_moveit2/install/moveit2_tutorials:/home/kevo/ws_moveit2/install/moveit:/home/kevo/ws_moveit2/install/moveit_planners:/home/kevo/ws_moveit2/install/pilz_industrial_motion_planner:/home/kevo/ws_moveit2/install/mtc_tutorial:/home/kevo/ws_moveit2/install/moveit_visual_tools:/home/kevo/ws_moveit2/install/moveit_task_constructor_visualization:/home/kevo/ws_moveit2/install/moveit_task_constructor_demo:/home/kevo/ws_moveit2/install/moveit_task_constructor_capabilities:/home/kevo/ws_moveit2/install/moveit_task_constructor_core:/home/kevo/ws_moveit2/install/moveit_ros_control_interface:/home/kevo/ws_moveit2/install/moveit_plugins:/home/kevo/ws_moveit2/install/moveit_simple_controller_manager:/home/kevo/ws_moveit2/install/moveit_setup_assistant:/home/kevo/ws_moveit2/install/moveit_setup_srdf_plugins:/home/kevo/ws_moveit2/install/moveit_setup_core_plugins:/home/kevo/ws_moveit2/install/moveit_setup_controllers:/home/kevo/ws_moveit2/install/moveit_setup_app_plugins:/home/kevo/ws_moveit2/install/moveit_setup_framework:/home/kevo/ws_moveit2/install/moveit_servo:/home/kevo/ws_moveit2/install/moveit_ros:/home/kevo/ws_moveit2/install/moveit_ros_visualization:/home/kevo/ws_moveit2/install/moveit_hybrid_planning:/home/kevo/ws_moveit2/install/moveit_ros_planning_interface:/home/kevo/ws_moveit2/install/moveit_ros_benchmarks:/home/kevo/ws_moveit2/install/moveit_ros_warehouse:/home/kevo/ws_moveit2/install/moveit_ros_robot_interaction:/home/kevo/ws_moveit2/install/moveit_ros_perception:/home/kevo/ws_moveit2/install/moveit_resources_prbt_pg70_support:/home/kevo/ws_moveit2/install/moveit_resources_prbt_moveit_config:/home/kevo/ws_moveit2/install/moveit_ros_move_group:/home/kevo/ws_moveit2/install/moveit_planners_ompl:/home/kevo/ws_moveit2/install/moveit_ros_planning:/home/kevo/ws_moveit2/install/moveit_ros_occupancy_map_monitor:/home/kevo/ws_moveit2/install/moveit_resources_prbt_ikfast_manipulator_plugin:/home/kevo/ws_moveit2/install/moveit_planners_chomp:/home/kevo/ws_moveit2/install/moveit_kinematics:/home/kevo/ws_moveit2/install/moveit_chomp_optimizer_adapter:/home/kevo/ws_moveit2/install/chomp_motion_planner:/home/kevo/ws_moveit2/install/moveit_core:/home/kevo/ws_moveit2/install/srdfdom:/home/kevo/ws_moveit2/install/rviz_marker_tools:/home/kevo/ws_moveit2/install/rosparam_shortcuts:/home/kevo/ws_moveit2/install/moveit_task_constructor_msgs:/home/kevo/ws_moveit2/install/moveit_resources_prbt_support:/home/kevo/ws_moveit2/install/moveit_resources:/home/kevo/ws_moveit2/install/moveit_resources_pr2_description:/home/kevo/ws_moveit2/install/moveit_resources_panda_moveit_config:/home/kevo/ws_moveit2/install/moveit_resources_panda_description:/home/kevo/ws_moveit2/install/moveit_resources_fanuc_moveit_config:/home/kevo/ws_moveit2/install/moveit_resources_fanuc_description:/home/kevo/ws_moveit2/install/moveit_common:/home/kevo/ws_moveit2/install/moveit_configs_utils:/home/kevo/ws_moveit2/install/launch_param_builder:/opt/ros/humble /usr/bin/cmake --install /home/kevo/robotics_inc/xarm_1s/build/xarm_1s_kinematics
[18.573s] Level 1:colcon.colcon_core.environment:create_environment_scripts_only(xarm_1s_kinematics)
[18.574s] Level 1:colcon.colcon_core.environment:checking '/home/kevo/robotics_inc/xarm_1s/install/xarm_1s_kinematics' for CMake module files
[18.575s] DEBUG:colcon.colcon_core.event_handler.log_command:Invoked command in '/home/kevo/robotics_inc/xarm_1s/build/xarm_1s_kinematics' returned '0': CMAKE_PREFIX_PATH=/home/kevo/robotics_inc/xarm_1s/install/xarm_1s_description:/home/kevo/robotics_inc/xarm_1s/install/xarm_1s_kinematics:/home/kevo/robotics_inc/xarm_1s/install/xarm_1s_messages:/home/kevo/robotics_inc/xarm_1s/install/xarm_1s_joy:/home/kevo/robotics_inc/xarm_1s/install/xarm_1s_hardware_interface:/home/kevo/ws_moveit2/install/pilz_industrial_motion_planner_testutils:/home/kevo/ws_moveit2/install/panda_moveit_config:/home/kevo/ws_moveit2/install/moveit_runtime:/home/kevo/ws_moveit2/install/moveit2_tutorials:/home/kevo/ws_moveit2/install/moveit:/home/kevo/ws_moveit2/install/moveit_planners:/home/kevo/ws_moveit2/install/pilz_industrial_motion_planner:/home/kevo/ws_moveit2/install/mtc_tutorial:/home/kevo/ws_moveit2/install/moveit_visual_tools:/home/kevo/ws_moveit2/install/moveit_task_constructor_visualization:/home/kevo/ws_moveit2/install/moveit_task_constructor_demo:/home/kevo/ws_moveit2/install/moveit_task_constructor_capabilities:/home/kevo/ws_moveit2/install/moveit_task_constructor_core:/home/kevo/ws_moveit2/install/moveit_ros_control_interface:/home/kevo/ws_moveit2/install/moveit_plugins:/home/kevo/ws_moveit2/install/moveit_simple_controller_manager:/home/kevo/ws_moveit2/install/moveit_setup_assistant:/home/kevo/ws_moveit2/install/moveit_setup_srdf_plugins:/home/kevo/ws_moveit2/install/moveit_setup_core_plugins:/home/kevo/ws_moveit2/install/moveit_setup_controllers:/home/kevo/ws_moveit2/install/moveit_setup_app_plugins:/home/kevo/ws_moveit2/install/moveit_setup_framework:/home/kevo/ws_moveit2/install/moveit_servo:/home/kevo/ws_moveit2/install/moveit_ros:/home/kevo/ws_moveit2/install/moveit_ros_visualization:/home/kevo/ws_moveit2/install/moveit_hybrid_planning:/home/kevo/ws_moveit2/install/moveit_ros_planning_interface:/home/kevo/ws_moveit2/install/moveit_ros_benchmarks:/home/kevo/ws_moveit2/install/moveit_ros_warehouse:/home/kevo/ws_moveit2/install/moveit_ros_robot_interaction:/home/kevo/ws_moveit2/install/moveit_ros_perception:/home/kevo/ws_moveit2/install/moveit_resources_prbt_pg70_support:/home/kevo/ws_moveit2/install/moveit_resources_prbt_moveit_config:/home/kevo/ws_moveit2/install/moveit_ros_move_group:/home/kevo/ws_moveit2/install/moveit_planners_ompl:/home/kevo/ws_moveit2/install/moveit_ros_planning:/home/kevo/ws_moveit2/install/moveit_ros_occupancy_map_monitor:/home/kevo/ws_moveit2/install/moveit_resources_prbt_ikfast_manipulator_plugin:/home/kevo/ws_moveit2/install/moveit_planners_chomp:/home/kevo/ws_moveit2/install/moveit_kinematics:/home/kevo/ws_moveit2/install/moveit_chomp_optimizer_adapter:/home/kevo/ws_moveit2/install/chomp_motion_planner:/home/kevo/ws_moveit2/install/moveit_core:/home/kevo/ws_moveit2/install/srdfdom:/home/kevo/ws_moveit2/install/rviz_marker_tools:/home/kevo/ws_moveit2/install/rosparam_shortcuts:/home/kevo/ws_moveit2/install/moveit_task_constructor_msgs:/home/kevo/ws_moveit2/install/moveit_resources_prbt_support:/home/kevo/ws_moveit2/install/moveit_resources:/home/kevo/ws_moveit2/install/moveit_resources_pr2_description:/home/kevo/ws_moveit2/install/moveit_resources_panda_moveit_config:/home/kevo/ws_moveit2/install/moveit_resources_panda_description:/home/kevo/ws_moveit2/install/moveit_resources_fanuc_moveit_config:/home/kevo/ws_moveit2/install/moveit_resources_fanuc_description:/home/kevo/ws_moveit2/install/moveit_common:/home/kevo/ws_moveit2/install/moveit_configs_utils:/home/kevo/ws_moveit2/install/launch_param_builder:/opt/ros/humble /usr/bin/cmake --install /home/kevo/robotics_inc/xarm_1s/build/xarm_1s_kinematics
[18.575s] Level 1:colcon.colcon_core.environment:checking '/home/kevo/robotics_inc/xarm_1s/install/xarm_1s_kinematics' for CMake config files
[18.576s] Level 1:colcon.colcon_core.shell:create_environment_hook('xarm_1s_kinematics', 'cmake_prefix_path')
[18.576s] INFO:colcon.colcon_core.shell:Creating environment hook '/home/kevo/robotics_inc/xarm_1s/install/xarm_1s_kinematics/share/xarm_1s_kinematics/hook/cmake_prefix_path.ps1'
[18.577s] INFO:colcon.colcon_core.shell:Creating environment descriptor '/home/kevo/robotics_inc/xarm_1s/install/xarm_1s_kinematics/share/xarm_1s_kinematics/hook/cmake_prefix_path.dsv'
[18.578s] INFO:colcon.colcon_core.shell:Creating environment hook '/home/kevo/robotics_inc/xarm_1s/install/xarm_1s_kinematics/share/xarm_1s_kinematics/hook/cmake_prefix_path.sh'
[18.578s] Level 1:colcon.colcon_core.environment:checking '/home/kevo/robotics_inc/xarm_1s/install/xarm_1s_kinematics/lib'
[18.579s] Level 1:colcon.colcon_core.environment:checking '/home/kevo/robotics_inc/xarm_1s/install/xarm_1s_kinematics/bin'
[18.579s] Level 1:colcon.colcon_core.environment:checking '/home/kevo/robotics_inc/xarm_1s/install/xarm_1s_kinematics/lib/pkgconfig/xarm_1s_kinematics.pc'
[18.579s] Level 1:colcon.colcon_core.environment:checking '/home/kevo/robotics_inc/xarm_1s/install/xarm_1s_kinematics/lib/python3.10/site-packages'
[18.579s] Level 1:colcon.colcon_core.environment:checking '/home/kevo/robotics_inc/xarm_1s/install/xarm_1s_kinematics/bin'
[18.580s] INFO:colcon.colcon_core.shell:Creating package script '/home/kevo/robotics_inc/xarm_1s/install/xarm_1s_kinematics/share/xarm_1s_kinematics/package.ps1'
[18.580s] INFO:colcon.colcon_core.shell:Creating package descriptor '/home/kevo/robotics_inc/xarm_1s/install/xarm_1s_kinematics/share/xarm_1s_kinematics/package.dsv'
[18.581s] INFO:colcon.colcon_core.shell:Creating package script '/home/kevo/robotics_inc/xarm_1s/install/xarm_1s_kinematics/share/xarm_1s_kinematics/package.sh'
[18.581s] INFO:colcon.colcon_core.shell:Creating package script '/home/kevo/robotics_inc/xarm_1s/install/xarm_1s_kinematics/share/xarm_1s_kinematics/package.bash'
[18.582s] INFO:colcon.colcon_core.shell:Creating package script '/home/kevo/robotics_inc/xarm_1s/install/xarm_1s_kinematics/share/xarm_1s_kinematics/package.zsh'
[18.582s] Level 1:colcon.colcon_core.environment:create_file_with_runtime_dependencies(/home/kevo/robotics_inc/xarm_1s/install/xarm_1s_kinematics/share/colcon-core/packages/xarm_1s_kinematics)
[18.637s] Level 1:colcon.colcon_core.environment:create_environment_scripts_only(xarm_1s_kinematics)
[18.637s] Level 1:colcon.colcon_core.environment:checking '/home/kevo/robotics_inc/xarm_1s/install/xarm_1s_kinematics' for CMake module files
[18.638s] Level 1:colcon.colcon_core.environment:checking '/home/kevo/robotics_inc/xarm_1s/install/xarm_1s_kinematics' for CMake config files
[18.638s] Level 1:colcon.colcon_core.shell:create_environment_hook('xarm_1s_kinematics', 'cmake_prefix_path')
[18.638s] INFO:colcon.colcon_core.shell:Creating environment hook '/home/kevo/robotics_inc/xarm_1s/install/xarm_1s_kinematics/share/xarm_1s_kinematics/hook/cmake_prefix_path.ps1'
[18.639s] INFO:colcon.colcon_core.shell:Creating environment descriptor '/home/kevo/robotics_inc/xarm_1s/install/xarm_1s_kinematics/share/xarm_1s_kinematics/hook/cmake_prefix_path.dsv'
[18.639s] INFO:colcon.colcon_core.shell:Creating environment hook '/home/kevo/robotics_inc/xarm_1s/install/xarm_1s_kinematics/share/xarm_1s_kinematics/hook/cmake_prefix_path.sh'
[18.640s] Level 1:colcon.colcon_core.environment:checking '/home/kevo/robotics_inc/xarm_1s/install/xarm_1s_kinematics/lib'
[18.640s] Level 1:colcon.colcon_core.environment:checking '/home/kevo/robotics_inc/xarm_1s/install/xarm_1s_kinematics/bin'
[18.640s] Level 1:colcon.colcon_core.environment:checking '/home/kevo/robotics_inc/xarm_1s/install/xarm_1s_kinematics/lib/pkgconfig/xarm_1s_kinematics.pc'
[18.641s] Level 1:colcon.colcon_core.environment:checking '/home/kevo/robotics_inc/xarm_1s/install/xarm_1s_kinematics/lib/python3.10/site-packages'
[18.641s] Level 1:colcon.colcon_core.environment:checking '/home/kevo/robotics_inc/xarm_1s/install/xarm_1s_kinematics/bin'
[18.641s] INFO:colcon.colcon_core.shell:Creating package script '/home/kevo/robotics_inc/xarm_1s/install/xarm_1s_kinematics/share/xarm_1s_kinematics/package.ps1'
[18.642s] INFO:colcon.colcon_core.shell:Creating package descriptor '/home/kevo/robotics_inc/xarm_1s/install/xarm_1s_kinematics/share/xarm_1s_kinematics/package.dsv'
[18.642s] INFO:colcon.colcon_core.shell:Creating package script '/home/kevo/robotics_inc/xarm_1s/install/xarm_1s_kinematics/share/xarm_1s_kinematics/package.sh'
[18.643s] INFO:colcon.colcon_core.shell:Creating package script '/home/kevo/robotics_inc/xarm_1s/install/xarm_1s_kinematics/share/xarm_1s_kinematics/package.bash'
[18.643s] INFO:colcon.colcon_core.shell:Creating package script '/home/kevo/robotics_inc/xarm_1s/install/xarm_1s_kinematics/share/xarm_1s_kinematics/package.zsh'
[18.644s] Level 1:colcon.colcon_core.environment:create_file_with_runtime_dependencies(/home/kevo/robotics_inc/xarm_1s/install/xarm_1s_kinematics/share/colcon-core/packages/xarm_1s_kinematics)
[18.645s] DEBUG:colcon.colcon_parallel_executor.executor.parallel:closing loop
[18.645s] DEBUG:colcon.colcon_parallel_executor.executor.parallel:loop closed
[18.645s] DEBUG:colcon.colcon_parallel_executor.executor.parallel:run_until_complete finished with '0'
[18.645s] DEBUG:colcon.colcon_core.event_reactor:joining thread
[18.719s] INFO:colcon.colcon_core.plugin_system:Skipping extension 'colcon_notification.desktop_notification.notify_send': Could not find 'notify-send'
[18.719s] INFO:colcon.colcon_core.plugin_system:Skipping extension 'colcon_notification.desktop_notification.terminal_notifier': Not used on non-Darwin systems
[18.719s] INFO:colcon.colcon_core.plugin_system:Skipping extension 'colcon_notification.desktop_notification.win32': Not used on non-Windows systems
[18.719s] INFO:colcon.colcon_notification.desktop_notification:Sending desktop notification using 'notify2'
[18.720s] DEBUG:colcon.colcon_notification.desktop_notification.notify2:Failed to initialize notify2: org.freedesktop.DBus.Error.ServiceUnknown: The name org.freedesktop.Notifications was not provided by any .service files
[18.721s] DEBUG:colcon.colcon_core.event_reactor:joined thread
[18.721s] INFO:colcon.colcon_core.shell:Creating prefix script '/home/kevo/robotics_inc/xarm_1s/install/local_setup.ps1'
[18.723s] INFO:colcon.colcon_core.shell:Creating prefix util module '/home/kevo/robotics_inc/xarm_1s/install/_local_setup_util_ps1.py'
[18.726s] INFO:colcon.colcon_core.shell:Creating prefix chain script '/home/kevo/robotics_inc/xarm_1s/install/setup.ps1'
[18.732s] INFO:colcon.colcon_core.shell:Creating prefix script '/home/kevo/robotics_inc/xarm_1s/install/local_setup.sh'
[18.733s] INFO:colcon.colcon_core.shell:Creating prefix util module '/home/kevo/robotics_inc/xarm_1s/install/_local_setup_util_sh.py'
[18.735s] INFO:colcon.colcon_core.shell:Creating prefix chain script '/home/kevo/robotics_inc/xarm_1s/install/setup.sh'
[18.739s] INFO:colcon.colcon_core.shell:Creating prefix script '/home/kevo/robotics_inc/xarm_1s/install/local_setup.bash'
[18.739s] INFO:colcon.colcon_core.shell:Creating prefix chain script '/home/kevo/robotics_inc/xarm_1s/install/setup.bash'
[18.745s] INFO:colcon.colcon_core.shell:Creating prefix script '/home/kevo/robotics_inc/xarm_1s/install/local_setup.zsh'
[18.746s] INFO:colcon.colcon_core.shell:Creating prefix chain script '/home/kevo/robotics_inc/xarm_1s/install/setup.zsh'
