[6.962s] DEBUG:colcon:Command line arguments: ['/usr/bin/colcon', 'build']
[6.963s] DEBUG:colcon:Parsed command line arguments: Namespace(log_base=None, log_level=None, verb_name='build', build_base='build', install_base='install', merge_install=False, symlink_install=False, test_result_base=None, continue_on_error=False, executor='parallel', parallel_workers=8, event_handlers=None, ignore_user_meta=False, metas=['./colcon.meta'], base_paths=['.'], packages_ignore=None, packages_ignore_regex=None, paths=None, packages_up_to=None, packages_up_to_regex=None, packages_above=None, packages_above_and_dependencies=None, packages_above_depth=None, packages_select_by_dep=None, packages_skip_by_dep=None, packages_skip_up_to=None, packages_select_build_failed=False, packages_skip_build_finished=False, packages_select_test_failures=False, packages_skip_test_passed=False, packages_select=None, packages_skip=None, packages_select_regex=None, packages_skip_regex=None, packages_start=None, packages_end=None, allow_overriding=[], cmake_args=None, cmake_target=None, cmake_target_skip_unavailable=False, cmake_clean_cache=False, cmake_clean_first=False, cmake_force_configure=False, ament_cmake_args=None, catkin_cmake_args=None, catkin_skip_building_tests=False, mixin_files=None, mixin=None, verb_parser=<colcon_mixin.mixin.mixin_argument.MixinArgumentDecorator object at 0x7f69ac2e52a0>, verb_extension=<colcon_core.verb.build.BuildVerb object at 0x7f69ac77b280>, main=<bound method BuildVerb.main of <colcon_core.verb.build.BuildVerb object at 0x7f69ac77b280>>, mixin_verb=('build',))
[7.146s] Level 1:colcon.colcon_core.package_discovery:discover_packages(colcon_meta) check parameters
[7.146s] Level 1:colcon.colcon_core.package_discovery:discover_packages(recursive) check parameters
[7.146s] Level 1:colcon.colcon_core.package_discovery:discover_packages(ignore) check parameters
[7.146s] Level 1:colcon.colcon_core.package_discovery:discover_packages(path) check parameters
[7.147s] Level 1:colcon.colcon_core.package_discovery:discover_packages(colcon_meta) discover
[7.147s] Level 1:colcon.colcon_core.package_discovery:discover_packages(recursive) discover
[7.147s] INFO:colcon.colcon_core.package_discovery:Crawling recursively for packages in '/home/kevo/robotics_inc/xarm_1s'
[7.147s] Level 1:colcon.colcon_core.package_identification:_identify(.) by extensions ['ignore', 'ignore_ament_install']
[7.147s] Level 1:colcon.colcon_core.package_identification:_identify(.) by extension 'ignore'
[7.147s] Level 1:colcon.colcon_core.package_identification:_identify(.) by extension 'ignore_ament_install'
[7.147s] Level 1:colcon.colcon_core.package_identification:_identify(.) by extensions ['colcon_pkg']
[7.148s] Level 1:colcon.colcon_core.package_identification:_identify(.) by extension 'colcon_pkg'
[7.148s] Level 1:colcon.colcon_core.package_identification:_identify(.) by extensions ['colcon_meta']
[7.148s] Level 1:colcon.colcon_core.package_identification:_identify(.) by extension 'colcon_meta'
[7.148s] Level 1:colcon.colcon_core.package_identification:_identify(.) by extensions ['ros']
[7.148s] Level 1:colcon.colcon_core.package_identification:_identify(.) by extension 'ros'
[7.189s] Level 1:colcon.colcon_core.package_identification:_identify(.) by extensions ['cmake', 'python']
[7.189s] Level 1:colcon.colcon_core.package_identification:_identify(.) by extension 'cmake'
[7.190s] Level 1:colcon.colcon_core.package_identification:_identify(.) by extension 'python'
[7.190s] Level 1:colcon.colcon_core.package_identification:_identify(.) by extensions ['python_setup_py']
[7.190s] Level 1:colcon.colcon_core.package_identification:_identify(.) by extension 'python_setup_py'
[7.190s] Level 1:colcon.colcon_core.package_identification:_identify(build) by extensions ['ignore', 'ignore_ament_install']
[7.190s] Level 1:colcon.colcon_core.package_identification:_identify(build) by extension 'ignore'
[7.190s] Level 1:colcon.colcon_core.package_identification:_identify(build) ignored
[7.191s] Level 1:colcon.colcon_core.package_identification:_identify(install) by extensions ['ignore', 'ignore_ament_install']
[7.191s] Level 1:colcon.colcon_core.package_identification:_identify(install) by extension 'ignore'
[7.191s] Level 1:colcon.colcon_core.package_identification:_identify(install) ignored
[7.191s] Level 1:colcon.colcon_core.package_identification:_identify(log) by extensions ['ignore', 'ignore_ament_install']
[7.192s] Level 1:colcon.colcon_core.package_identification:_identify(log) by extension 'ignore'
[7.192s] Level 1:colcon.colcon_core.package_identification:_identify(log) ignored
[7.192s] Level 1:colcon.colcon_core.package_identification:_identify(src) by extensions ['ignore', 'ignore_ament_install']
[7.192s] Level 1:colcon.colcon_core.package_identification:_identify(src) by extension 'ignore'
[7.192s] Level 1:colcon.colcon_core.package_identification:_identify(src) by extension 'ignore_ament_install'
[7.192s] Level 1:colcon.colcon_core.package_identification:_identify(src) by extensions ['colcon_pkg']
[7.193s] Level 1:colcon.colcon_core.package_identification:_identify(src) by extension 'colcon_pkg'
[7.193s] Level 1:colcon.colcon_core.package_identification:_identify(src) by extensions ['colcon_meta']
[7.193s] Level 1:colcon.colcon_core.package_identification:_identify(src) by extension 'colcon_meta'
[7.193s] Level 1:colcon.colcon_core.package_identification:_identify(src) by extensions ['ros']
[7.193s] Level 1:colcon.colcon_core.package_identification:_identify(src) by extension 'ros'
[7.193s] Level 1:colcon.colcon_core.package_identification:_identify(src) by extensions ['cmake', 'python']
[7.193s] Level 1:colcon.colcon_core.package_identification:_identify(src) by extension 'cmake'
[7.193s] Level 1:colcon.colcon_core.package_identification:_identify(src) by extension 'python'
[7.193s] Level 1:colcon.colcon_core.package_identification:_identify(src) by extensions ['python_setup_py']
[7.193s] Level 1:colcon.colcon_core.package_identification:_identify(src) by extension 'python_setup_py'
[7.194s] Level 1:colcon.colcon_core.package_identification:_identify(src/xarm_1s_description) by extensions ['ignore', 'ignore_ament_install']
[7.194s] Level 1:colcon.colcon_core.package_identification:_identify(src/xarm_1s_description) by extension 'ignore'
[7.194s] Level 1:colcon.colcon_core.package_identification:_identify(src/xarm_1s_description) by extension 'ignore_ament_install'
[7.194s] Level 1:colcon.colcon_core.package_identification:_identify(src/xarm_1s_description) by extensions ['colcon_pkg']
[7.194s] Level 1:colcon.colcon_core.package_identification:_identify(src/xarm_1s_description) by extension 'colcon_pkg'
[7.195s] Level 1:colcon.colcon_core.package_identification:_identify(src/xarm_1s_description) by extensions ['colcon_meta']
[7.195s] Level 1:colcon.colcon_core.package_identification:_identify(src/xarm_1s_description) by extension 'colcon_meta'
[7.195s] Level 1:colcon.colcon_core.package_identification:_identify(src/xarm_1s_description) by extensions ['ros']
[7.195s] Level 1:colcon.colcon_core.package_identification:_identify(src/xarm_1s_description) by extension 'ros'
[7.200s] DEBUG:colcon.colcon_core.package_identification:Package 'src/xarm_1s_description' with type 'ros.ament_cmake' and name 'xarm_1s_description'
[7.201s] Level 1:colcon.colcon_core.package_identification:_identify(src/xarm_hardware_interface) by extensions ['ignore', 'ignore_ament_install']
[7.201s] Level 1:colcon.colcon_core.package_identification:_identify(src/xarm_hardware_interface) by extension 'ignore'
[7.201s] Level 1:colcon.colcon_core.package_identification:_identify(src/xarm_hardware_interface) by extension 'ignore_ament_install'
[7.201s] Level 1:colcon.colcon_core.package_identification:_identify(src/xarm_hardware_interface) by extensions ['colcon_pkg']
[7.201s] Level 1:colcon.colcon_core.package_identification:_identify(src/xarm_hardware_interface) by extension 'colcon_pkg'
[7.201s] Level 1:colcon.colcon_core.package_identification:_identify(src/xarm_hardware_interface) by extensions ['colcon_meta']
[7.201s] Level 1:colcon.colcon_core.package_identification:_identify(src/xarm_hardware_interface) by extension 'colcon_meta'
[7.201s] Level 1:colcon.colcon_core.package_identification:_identify(src/xarm_hardware_interface) by extensions ['ros']
[7.202s] Level 1:colcon.colcon_core.package_identification:_identify(src/xarm_hardware_interface) by extension 'ros'
[7.202s] DEBUG:colcon.colcon_core.package_identification:Package 'src/xarm_hardware_interface' with type 'ros.ament_python' and name 'xarm_hardware_interface'
[7.202s] Level 1:colcon.colcon_core.package_discovery:discover_packages(recursive) using defaults
[7.203s] Level 1:colcon.colcon_core.package_discovery:discover_packages(ignore) discover
[7.203s] Level 1:colcon.colcon_core.package_discovery:discover_packages(ignore) using defaults
[7.203s] Level 1:colcon.colcon_core.package_discovery:discover_packages(path) discover
[7.203s] Level 1:colcon.colcon_core.package_discovery:discover_packages(path) using defaults
[7.501s] Level 1:colcon.colcon_core.package_discovery:discover_packages(prefix_path) check parameters
[7.501s] Level 1:colcon.colcon_core.package_discovery:discover_packages(prefix_path) discover
[7.597s] DEBUG:colcon.colcon_installed_package_information.package_discovery:Found 57 installed packages in /home/kevo/ws_moveit2/install
[7.649s] DEBUG:colcon.colcon_installed_package_information.package_discovery:Found 378 installed packages in /opt/ros/humble
[7.653s] Level 1:colcon.colcon_core.package_discovery:discover_packages(prefix_path) using defaults
[8.031s] Level 5:colcon.colcon_core.verb:set package 'xarm_1s_description' build argument 'cmake_args' from command line to 'None'
[8.031s] Level 5:colcon.colcon_core.verb:set package 'xarm_1s_description' build argument 'cmake_target' from command line to 'None'
[8.031s] Level 5:colcon.colcon_core.verb:set package 'xarm_1s_description' build argument 'cmake_target_skip_unavailable' from command line to 'False'
[8.031s] Level 5:colcon.colcon_core.verb:set package 'xarm_1s_description' build argument 'cmake_clean_cache' from command line to 'False'
[8.031s] Level 5:colcon.colcon_core.verb:set package 'xarm_1s_description' build argument 'cmake_clean_first' from command line to 'False'
[8.031s] Level 5:colcon.colcon_core.verb:set package 'xarm_1s_description' build argument 'cmake_force_configure' from command line to 'False'
[8.031s] Level 5:colcon.colcon_core.verb:set package 'xarm_1s_description' build argument 'ament_cmake_args' from command line to 'None'
[8.031s] Level 5:colcon.colcon_core.verb:set package 'xarm_1s_description' build argument 'catkin_cmake_args' from command line to 'None'
[8.031s] Level 5:colcon.colcon_core.verb:set package 'xarm_1s_description' build argument 'catkin_skip_building_tests' from command line to 'False'
[8.031s] DEBUG:colcon.colcon_core.verb:Building package 'xarm_1s_description' with the following arguments: {'ament_cmake_args': None, 'build_base': '/home/kevo/robotics_inc/xarm_1s/build/xarm_1s_description', 'catkin_cmake_args': None, 'catkin_skip_building_tests': False, 'cmake_args': None, 'cmake_clean_cache': False, 'cmake_clean_first': False, 'cmake_force_configure': False, 'cmake_target': None, 'cmake_target_skip_unavailable': False, 'install_base': '/home/kevo/robotics_inc/xarm_1s/install/xarm_1s_description', 'merge_install': False, 'path': '/home/kevo/robotics_inc/xarm_1s/src/xarm_1s_description', 'symlink_install': False, 'test_result_base': None}
[8.063s] Level 5:colcon.colcon_core.verb:set package 'xarm_hardware_interface' build argument 'cmake_args' from command line to 'None'
[8.063s] Level 5:colcon.colcon_core.verb:set package 'xarm_hardware_interface' build argument 'cmake_target' from command line to 'None'
[8.063s] Level 5:colcon.colcon_core.verb:set package 'xarm_hardware_interface' build argument 'cmake_target_skip_unavailable' from command line to 'False'
[8.063s] Level 5:colcon.colcon_core.verb:set package 'xarm_hardware_interface' build argument 'cmake_clean_cache' from command line to 'False'
[8.063s] Level 5:colcon.colcon_core.verb:set package 'xarm_hardware_interface' build argument 'cmake_clean_first' from command line to 'False'
[8.063s] Level 5:colcon.colcon_core.verb:set package 'xarm_hardware_interface' build argument 'cmake_force_configure' from command line to 'False'
[8.063s] Level 5:colcon.colcon_core.verb:set package 'xarm_hardware_interface' build argument 'ament_cmake_args' from command line to 'None'
[8.064s] Level 5:colcon.colcon_core.verb:set package 'xarm_hardware_interface' build argument 'catkin_cmake_args' from command line to 'None'
[8.064s] Level 5:colcon.colcon_core.verb:set package 'xarm_hardware_interface' build argument 'catkin_skip_building_tests' from command line to 'False'
[8.064s] DEBUG:colcon.colcon_core.verb:Building package 'xarm_hardware_interface' with the following arguments: {'ament_cmake_args': None, 'build_base': '/home/kevo/robotics_inc/xarm_1s/build/xarm_hardware_interface', 'catkin_cmake_args': None, 'catkin_skip_building_tests': False, 'cmake_args': None, 'cmake_clean_cache': False, 'cmake_clean_first': False, 'cmake_force_configure': False, 'cmake_target': None, 'cmake_target_skip_unavailable': False, 'install_base': '/home/kevo/robotics_inc/xarm_1s/install/xarm_hardware_interface', 'merge_install': False, 'path': '/home/kevo/robotics_inc/xarm_1s/src/xarm_hardware_interface', 'symlink_install': False, 'test_result_base': None}
[8.094s] INFO:colcon.colcon_core.executor:Executing jobs using 'parallel' executor
[8.131s] DEBUG:colcon.colcon_parallel_executor.executor.parallel:run_until_complete
[8.131s] INFO:colcon.colcon_ros.task.ament_cmake.build:Building ROS package in '/home/kevo/robotics_inc/xarm_1s/src/xarm_1s_description' with build type 'ament_cmake'
[8.131s] INFO:colcon.colcon_cmake.task.cmake.build:Building CMake package in '/home/kevo/robotics_inc/xarm_1s/src/xarm_1s_description'
[8.207s] INFO:colcon.colcon_core.plugin_system:Skipping extension 'colcon_core.shell.bat': Not used on non-Windows systems
[8.208s] INFO:colcon.colcon_core.shell:Skip shell extension 'powershell' for command environment: Not usable outside of PowerShell
[8.208s] DEBUG:colcon.colcon_core.shell:Skip shell extension 'dsv' for command environment
[8.386s] INFO:colcon.colcon_ros.task.ament_python.build:Building ROS package in '/home/kevo/robotics_inc/xarm_1s/src/xarm_hardware_interface' with build type 'ament_python'
[8.387s] Level 1:colcon.colcon_core.shell:create_environment_hook('xarm_hardware_interface', 'ament_prefix_path')
[8.447s] INFO:colcon.colcon_core.shell:Creating environment hook '/home/kevo/robotics_inc/xarm_1s/install/xarm_hardware_interface/share/xarm_hardware_interface/hook/ament_prefix_path.ps1'
[8.461s] INFO:colcon.colcon_core.shell:Creating environment descriptor '/home/kevo/robotics_inc/xarm_1s/install/xarm_hardware_interface/share/xarm_hardware_interface/hook/ament_prefix_path.dsv'
[8.466s] INFO:colcon.colcon_core.shell:Creating environment hook '/home/kevo/robotics_inc/xarm_1s/install/xarm_hardware_interface/share/xarm_hardware_interface/hook/ament_prefix_path.sh'
[8.514s] INFO:colcon.colcon_core.shell:Skip shell extension 'powershell' for command environment: Not usable outside of PowerShell
[8.514s] DEBUG:colcon.colcon_core.shell:Skip shell extension 'dsv' for command environment
[8.700s] DEBUG:colcon.colcon_core.event_handler.log_command:Invoking command in '/home/kevo/robotics_inc/xarm_1s/build/xarm_1s_description': CMAKE_PREFIX_PATH=${CMAKE_PREFIX_PATH}:/home/kevo/ws_moveit2/install/moveit_configs_utils:/home/kevo/ws_moveit2/install/launch_param_builder:/opt/ros/humble /usr/bin/cmake /home/kevo/robotics_inc/xarm_1s/src/xarm_1s_description -DCMAKE_INSTALL_PREFIX=/home/kevo/robotics_inc/xarm_1s/install/xarm_1s_description
[9.899s] INFO:colcon.colcon_core.task.python.build:Building Python package in '/home/kevo/robotics_inc/xarm_1s/src/xarm_hardware_interface'
[9.953s] INFO:colcon.colcon_core.shell:Skip shell extension 'powershell' for command environment: Not usable outside of PowerShell
[9.953s] DEBUG:colcon.colcon_core.shell:Skip shell extension 'dsv' for command environment
[11.763s] DEBUG:colcon.colcon_core.event_handler.log_command:Invoking command in '/home/kevo/robotics_inc/xarm_1s/src/xarm_hardware_interface': PYTHONPATH=/home/kevo/robotics_inc/xarm_1s/build/xarm_hardware_interface/prefix_override:/home/kevo/robotics_inc/xarm_1s/install/xarm_hardware_interface/lib/python3.10/site-packages:${PYTHONPATH} /usr/bin/python3 setup.py egg_info --egg-base ../../build/xarm_hardware_interface build --build-base /home/kevo/robotics_inc/xarm_1s/build/xarm_hardware_interface/build install --record /home/kevo/robotics_inc/xarm_1s/build/xarm_hardware_interface/install.log --single-version-externally-managed
[12.945s] DEBUG:colcon.colcon_core.event_handler.log_command:Invoked command in '/home/kevo/robotics_inc/xarm_1s/src/xarm_hardware_interface' returned '0': PYTHONPATH=/home/kevo/robotics_inc/xarm_1s/build/xarm_hardware_interface/prefix_override:/home/kevo/robotics_inc/xarm_1s/install/xarm_hardware_interface/lib/python3.10/site-packages:${PYTHONPATH} /usr/bin/python3 setup.py egg_info --egg-base ../../build/xarm_hardware_interface build --build-base /home/kevo/robotics_inc/xarm_1s/build/xarm_hardware_interface/build install --record /home/kevo/robotics_inc/xarm_1s/build/xarm_hardware_interface/install.log --single-version-externally-managed
[13.028s] Level 1:colcon.colcon_core.environment:checking '/home/kevo/robotics_inc/xarm_1s/install/xarm_hardware_interface' for CMake module files
[13.029s] Level 1:colcon.colcon_core.environment:checking '/home/kevo/robotics_inc/xarm_1s/install/xarm_hardware_interface' for CMake config files
[13.030s] Level 1:colcon.colcon_core.environment:checking '/home/kevo/robotics_inc/xarm_1s/install/xarm_hardware_interface/lib'
[13.030s] Level 1:colcon.colcon_core.environment:checking '/home/kevo/robotics_inc/xarm_1s/install/xarm_hardware_interface/bin'
[13.031s] Level 1:colcon.colcon_core.environment:checking '/home/kevo/robotics_inc/xarm_1s/install/xarm_hardware_interface/lib/pkgconfig/xarm_hardware_interface.pc'
[13.031s] Level 1:colcon.colcon_core.environment:checking '/home/kevo/robotics_inc/xarm_1s/install/xarm_hardware_interface/lib/python3.10/site-packages'
[13.031s] Level 1:colcon.colcon_core.shell:create_environment_hook('xarm_hardware_interface', 'pythonpath')
[13.089s] INFO:colcon.colcon_core.shell:Creating environment hook '/home/kevo/robotics_inc/xarm_1s/install/xarm_hardware_interface/share/xarm_hardware_interface/hook/pythonpath.ps1'
[13.090s] INFO:colcon.colcon_core.shell:Creating environment descriptor '/home/kevo/robotics_inc/xarm_1s/install/xarm_hardware_interface/share/xarm_hardware_interface/hook/pythonpath.dsv'
[13.090s] INFO:colcon.colcon_core.shell:Creating environment hook '/home/kevo/robotics_inc/xarm_1s/install/xarm_hardware_interface/share/xarm_hardware_interface/hook/pythonpath.sh'
[13.091s] Level 1:colcon.colcon_core.environment:checking '/home/kevo/robotics_inc/xarm_1s/install/xarm_hardware_interface/bin'
[13.091s] Level 1:colcon.colcon_core.environment:create_environment_scripts_only(xarm_hardware_interface)
[13.159s] INFO:colcon.colcon_core.shell:Creating package script '/home/kevo/robotics_inc/xarm_1s/install/xarm_hardware_interface/share/xarm_hardware_interface/package.ps1'
[13.161s] INFO:colcon.colcon_core.shell:Creating package descriptor '/home/kevo/robotics_inc/xarm_1s/install/xarm_hardware_interface/share/xarm_hardware_interface/package.dsv'
[13.162s] INFO:colcon.colcon_core.shell:Creating package script '/home/kevo/robotics_inc/xarm_1s/install/xarm_hardware_interface/share/xarm_hardware_interface/package.sh'
[13.164s] INFO:colcon.colcon_core.shell:Creating package script '/home/kevo/robotics_inc/xarm_1s/install/xarm_hardware_interface/share/xarm_hardware_interface/package.bash'
[13.167s] INFO:colcon.colcon_core.shell:Creating package script '/home/kevo/robotics_inc/xarm_1s/install/xarm_hardware_interface/share/xarm_hardware_interface/package.zsh'
[13.177s] Level 1:colcon.colcon_core.environment:create_file_with_runtime_dependencies(/home/kevo/robotics_inc/xarm_1s/install/xarm_hardware_interface/share/colcon-core/packages/xarm_hardware_interface)
[14.089s] DEBUG:colcon.colcon_core.event_handler.log_command:Invoked command in '/home/kevo/robotics_inc/xarm_1s/build/xarm_1s_description' returned '0': CMAKE_PREFIX_PATH=${CMAKE_PREFIX_PATH}:/home/kevo/ws_moveit2/install/moveit_configs_utils:/home/kevo/ws_moveit2/install/launch_param_builder:/opt/ros/humble /usr/bin/cmake /home/kevo/robotics_inc/xarm_1s/src/xarm_1s_description -DCMAKE_INSTALL_PREFIX=/home/kevo/robotics_inc/xarm_1s/install/xarm_1s_description
[14.105s] DEBUG:colcon.colcon_core.event_handler.log_command:Invoking command in '/home/kevo/robotics_inc/xarm_1s/build/xarm_1s_description': CMAKE_PREFIX_PATH=${CMAKE_PREFIX_PATH}:/home/kevo/ws_moveit2/install/moveit_configs_utils:/home/kevo/ws_moveit2/install/launch_param_builder:/opt/ros/humble /usr/bin/cmake --build /home/kevo/robotics_inc/xarm_1s/build/xarm_1s_description -- -j8 -l8
[14.246s] DEBUG:colcon.colcon_core.event_handler.log_command:Invoked command in '/home/kevo/robotics_inc/xarm_1s/build/xarm_1s_description' returned '0': CMAKE_PREFIX_PATH=${CMAKE_PREFIX_PATH}:/home/kevo/ws_moveit2/install/moveit_configs_utils:/home/kevo/ws_moveit2/install/launch_param_builder:/opt/ros/humble /usr/bin/cmake --build /home/kevo/robotics_inc/xarm_1s/build/xarm_1s_description -- -j8 -l8
[14.344s] DEBUG:colcon.colcon_core.event_handler.log_command:Invoking command in '/home/kevo/robotics_inc/xarm_1s/build/xarm_1s_description': CMAKE_PREFIX_PATH=${CMAKE_PREFIX_PATH}:/home/kevo/ws_moveit2/install/moveit_configs_utils:/home/kevo/ws_moveit2/install/launch_param_builder:/opt/ros/humble /usr/bin/cmake --install /home/kevo/robotics_inc/xarm_1s/build/xarm_1s_description
[14.444s] Level 1:colcon.colcon_core.environment:create_environment_scripts_only(xarm_1s_description)
[14.445s] DEBUG:colcon.colcon_core.event_handler.log_command:Invoked command in '/home/kevo/robotics_inc/xarm_1s/build/xarm_1s_description' returned '0': CMAKE_PREFIX_PATH=${CMAKE_PREFIX_PATH}:/home/kevo/ws_moveit2/install/moveit_configs_utils:/home/kevo/ws_moveit2/install/launch_param_builder:/opt/ros/humble /usr/bin/cmake --install /home/kevo/robotics_inc/xarm_1s/build/xarm_1s_description
[14.484s] Level 1:colcon.colcon_core.environment:checking '/home/kevo/robotics_inc/xarm_1s/install/xarm_1s_description' for CMake module files
[14.485s] Level 1:colcon.colcon_core.environment:checking '/home/kevo/robotics_inc/xarm_1s/install/xarm_1s_description' for CMake config files
[14.486s] Level 1:colcon.colcon_core.shell:create_environment_hook('xarm_1s_description', 'cmake_prefix_path')
[14.529s] INFO:colcon.colcon_core.shell:Creating environment hook '/home/kevo/robotics_inc/xarm_1s/install/xarm_1s_description/share/xarm_1s_description/hook/cmake_prefix_path.ps1'
[14.530s] INFO:colcon.colcon_core.shell:Creating environment descriptor '/home/kevo/robotics_inc/xarm_1s/install/xarm_1s_description/share/xarm_1s_description/hook/cmake_prefix_path.dsv'
[14.530s] INFO:colcon.colcon_core.shell:Creating environment hook '/home/kevo/robotics_inc/xarm_1s/install/xarm_1s_description/share/xarm_1s_description/hook/cmake_prefix_path.sh'
[14.531s] Level 1:colcon.colcon_core.environment:checking '/home/kevo/robotics_inc/xarm_1s/install/xarm_1s_description/bin'
[14.531s] Level 1:colcon.colcon_core.environment:checking '/home/kevo/robotics_inc/xarm_1s/install/xarm_1s_description/lib/pkgconfig/xarm_1s_description.pc'
[14.531s] Level 1:colcon.colcon_core.environment:checking '/home/kevo/robotics_inc/xarm_1s/install/xarm_1s_description/lib/python3.10/site-packages'
[14.531s] Level 1:colcon.colcon_core.environment:checking '/home/kevo/robotics_inc/xarm_1s/install/xarm_1s_description/bin'
[14.577s] INFO:colcon.colcon_core.shell:Creating package script '/home/kevo/robotics_inc/xarm_1s/install/xarm_1s_description/share/xarm_1s_description/package.ps1'
[14.578s] INFO:colcon.colcon_core.shell:Creating package descriptor '/home/kevo/robotics_inc/xarm_1s/install/xarm_1s_description/share/xarm_1s_description/package.dsv'
[14.579s] INFO:colcon.colcon_core.shell:Creating package script '/home/kevo/robotics_inc/xarm_1s/install/xarm_1s_description/share/xarm_1s_description/package.sh'
[14.579s] INFO:colcon.colcon_core.shell:Creating package script '/home/kevo/robotics_inc/xarm_1s/install/xarm_1s_description/share/xarm_1s_description/package.bash'
[14.580s] INFO:colcon.colcon_core.shell:Creating package script '/home/kevo/robotics_inc/xarm_1s/install/xarm_1s_description/share/xarm_1s_description/package.zsh'
[14.580s] Level 1:colcon.colcon_core.environment:create_file_with_runtime_dependencies(/home/kevo/robotics_inc/xarm_1s/install/xarm_1s_description/share/colcon-core/packages/xarm_1s_description)
[14.695s] Level 1:colcon.colcon_core.environment:create_environment_scripts_only(xarm_1s_description)
[14.745s] Level 1:colcon.colcon_core.environment:checking '/home/kevo/robotics_inc/xarm_1s/install/xarm_1s_description' for CMake module files
[14.746s] Level 1:colcon.colcon_core.environment:checking '/home/kevo/robotics_inc/xarm_1s/install/xarm_1s_description' for CMake config files
[14.747s] Level 1:colcon.colcon_core.shell:create_environment_hook('xarm_1s_description', 'cmake_prefix_path')
[14.794s] INFO:colcon.colcon_core.shell:Creating environment hook '/home/kevo/robotics_inc/xarm_1s/install/xarm_1s_description/share/xarm_1s_description/hook/cmake_prefix_path.ps1'
[14.795s] INFO:colcon.colcon_core.shell:Creating environment descriptor '/home/kevo/robotics_inc/xarm_1s/install/xarm_1s_description/share/xarm_1s_description/hook/cmake_prefix_path.dsv'
[14.796s] INFO:colcon.colcon_core.shell:Creating environment hook '/home/kevo/robotics_inc/xarm_1s/install/xarm_1s_description/share/xarm_1s_description/hook/cmake_prefix_path.sh'
[14.797s] Level 1:colcon.colcon_core.environment:checking '/home/kevo/robotics_inc/xarm_1s/install/xarm_1s_description/bin'
[14.797s] Level 1:colcon.colcon_core.environment:checking '/home/kevo/robotics_inc/xarm_1s/install/xarm_1s_description/lib/pkgconfig/xarm_1s_description.pc'
[14.798s] Level 1:colcon.colcon_core.environment:checking '/home/kevo/robotics_inc/xarm_1s/install/xarm_1s_description/lib/python3.10/site-packages'
[14.798s] Level 1:colcon.colcon_core.environment:checking '/home/kevo/robotics_inc/xarm_1s/install/xarm_1s_description/bin'
[14.884s] INFO:colcon.colcon_core.shell:Creating package script '/home/kevo/robotics_inc/xarm_1s/install/xarm_1s_description/share/xarm_1s_description/package.ps1'
[14.886s] INFO:colcon.colcon_core.shell:Creating package descriptor '/home/kevo/robotics_inc/xarm_1s/install/xarm_1s_description/share/xarm_1s_description/package.dsv'
[14.887s] INFO:colcon.colcon_core.shell:Creating package script '/home/kevo/robotics_inc/xarm_1s/install/xarm_1s_description/share/xarm_1s_description/package.sh'
[14.889s] INFO:colcon.colcon_core.shell:Creating package script '/home/kevo/robotics_inc/xarm_1s/install/xarm_1s_description/share/xarm_1s_description/package.bash'
[14.892s] INFO:colcon.colcon_core.shell:Creating package script '/home/kevo/robotics_inc/xarm_1s/install/xarm_1s_description/share/xarm_1s_description/package.zsh'
[14.894s] Level 1:colcon.colcon_core.environment:create_file_with_runtime_dependencies(/home/kevo/robotics_inc/xarm_1s/install/xarm_1s_description/share/colcon-core/packages/xarm_1s_description)
[14.895s] DEBUG:colcon.colcon_parallel_executor.executor.parallel:closing loop
[14.895s] DEBUG:colcon.colcon_parallel_executor.executor.parallel:loop closed
[14.896s] DEBUG:colcon.colcon_parallel_executor.executor.parallel:run_until_complete finished with '0'
[14.896s] DEBUG:colcon.colcon_core.event_reactor:joining thread
[15.044s] INFO:colcon.colcon_core.plugin_system:Skipping extension 'colcon_notification.desktop_notification.notify_send': Could not find 'notify-send'
[15.044s] INFO:colcon.colcon_core.plugin_system:Skipping extension 'colcon_notification.desktop_notification.terminal_notifier': Not used on non-Darwin systems
[15.044s] INFO:colcon.colcon_core.plugin_system:Skipping extension 'colcon_notification.desktop_notification.win32': Not used on non-Windows systems
[15.044s] INFO:colcon.colcon_notification.desktop_notification:Sending desktop notification using 'notify2'
[15.046s] DEBUG:colcon.colcon_notification.desktop_notification.notify2:Failed to initialize notify2: org.freedesktop.DBus.Error.ServiceUnknown: The name org.freedesktop.Notifications was not provided by any .service files
[15.046s] DEBUG:colcon.colcon_core.event_reactor:joined thread
[15.084s] INFO:colcon.colcon_core.shell:Creating prefix script '/home/kevo/robotics_inc/xarm_1s/install/local_setup.ps1'
[15.088s] INFO:colcon.colcon_core.shell:Creating prefix util module '/home/kevo/robotics_inc/xarm_1s/install/_local_setup_util_ps1.py'
[15.093s] INFO:colcon.colcon_core.shell:Creating prefix chain script '/home/kevo/robotics_inc/xarm_1s/install/setup.ps1'
[15.140s] INFO:colcon.colcon_core.shell:Creating prefix script '/home/kevo/robotics_inc/xarm_1s/install/local_setup.sh'
[15.141s] INFO:colcon.colcon_core.shell:Creating prefix util module '/home/kevo/robotics_inc/xarm_1s/install/_local_setup_util_sh.py'
[15.142s] INFO:colcon.colcon_core.shell:Creating prefix chain script '/home/kevo/robotics_inc/xarm_1s/install/setup.sh'
[15.193s] INFO:colcon.colcon_core.shell:Creating prefix script '/home/kevo/robotics_inc/xarm_1s/install/local_setup.bash'
[15.194s] INFO:colcon.colcon_core.shell:Creating prefix chain script '/home/kevo/robotics_inc/xarm_1s/install/setup.bash'
[15.243s] INFO:colcon.colcon_core.shell:Creating prefix script '/home/kevo/robotics_inc/xarm_1s/install/local_setup.zsh'
[15.245s] INFO:colcon.colcon_core.shell:Creating prefix chain script '/home/kevo/robotics_inc/xarm_1s/install/setup.zsh'
