[0.072s] Invoking command in '/home/kevo/robotics_inc/xarm_1s/build/xarm_1s_kinematics': CMAKE_PREFIX_PATH=${CMAKE_PREFIX_PATH}:/home/kevo/ws_moveit2/install/moveit_configs_utils:/home/kevo/ws_moveit2/install/launch_param_builder:/opt/ros/humble /usr/bin/cmake /home/kevo/robotics_inc/xarm_1s/src/xarm_1s_kinematics -DCMAKE_INSTALL_PREFIX=/home/kevo/robotics_inc/xarm_1s/install/xarm_1s_kinematics
[0.547s] -- The C compiler identification is GNU 11.4.0
[1.402s] -- The CXX compiler identification is GNU 11.4.0
[1.923s] -- Detecting C compiler ABI info
[2.158s] -- Detecting C compiler ABI info - done
[2.170s] -- Check for working C compiler: /usr/bin/cc - skipped
[2.171s] -- Detecting C compile features
[2.172s] -- Detecting C compile features - done
[2.177s] -- Detecting CXX compiler ABI info
[2.386s] -- Detecting CXX compiler ABI info - done
[2.395s] -- Check for working CXX compiler: /usr/bin/c++ - skipped
[2.395s] -- Detecting CXX compile features
[2.396s] -- Detecting CXX compile features - done
[2.412s] -- Found ament_cmake: 1.3.10 (/opt/ros/humble/share/ament_cmake/cmake)
[2.635s] -- Found Python3: /usr/bin/python3 (found version "3.10.12") found components: Interpreter 
[2.850s] -- Found rclcpp: 16.0.10 (/opt/ros/humble/share/rclcpp/cmake)
[3.120s] -- Found rosidl_generator_c: 3.1.5 (/opt/ros/humble/share/rosidl_generator_c/cmake)
[3.136s] -- Found rosidl_adapter: 3.1.5 (/opt/ros/humble/share/rosidl_adapter/cmake)
[3.156s] -- Found rosidl_generator_cpp: 3.1.5 (/opt/ros/humble/share/rosidl_generator_cpp/cmake)
[3.188s] -- Using all available rosidl_typesupport_c: rosidl_typesupport_fastrtps_c;rosidl_typesupport_introspection_c
[3.227s] -- Using all available rosidl_typesupport_cpp: rosidl_typesupport_fastrtps_cpp;rosidl_typesupport_introspection_cpp
[3.348s] -- Found rmw_implementation_cmake: 6.1.2 (/opt/ros/humble/share/rmw_implementation_cmake/cmake)
[3.363s] -- Found rmw_cyclonedds_cpp: 1.3.4 (/opt/ros/humble/share/rmw_cyclonedds_cpp/cmake)
[3.427s] -- Using RMW implementation 'rmw_cyclonedds_cpp' as default
[3.467s] -- Looking for pthread.h
[3.657s] -- Looking for pthread.h - found
[3.657s] -- Performing Test CMAKE_HAVE_LIBC_PTHREAD
[3.843s] -- Performing Test CMAKE_HAVE_LIBC_PTHREAD - Success
[3.844s] -- Found Threads: TRUE  
[3.946s] -- Found kdl_parser: 2.6.4 (/opt/ros/humble/share/kdl_parser/cmake)
[4.037s] -- Found eigen3_cmake_module: 0.1.1 (/opt/ros/humble/share/eigen3_cmake_module/cmake)
[4.039s] -- Found Eigen3: TRUE (found version "3.4.0") 
[4.039s] -- Ensuring Eigen3 include directory is part of orocos-kdl CMake target
[4.066s] -- Found urdf: 2.6.1 (/opt/ros/humble/share/urdf/cmake)
[7.039s] [31mCMake Error at CMakeLists.txt:20 (find_package):
[7.040s]   By not providing "Findros_arm_description.cmake" in CMAKE_MODULE_PATH this
[7.040s]   project has asked CMake to find a package configuration file provided by
[7.040s]   "ros_arm_description", but CMake did not find one.
[7.040s] 
[7.040s]   Could not find a package configuration file provided by
[7.040s]   "ros_arm_description" with any of the following names:
[7.040s] 
[7.040s]     ros_arm_descriptionConfig.cmake
[7.040s]     ros_arm_description-config.cmake
[7.040s] 
[7.040s]   Add the installation prefix of "ros_arm_description" to CMAKE_PREFIX_PATH
[7.040s]   or set "ros_arm_description_DIR" to a directory containing one of the above
[7.040s]   files.  If "ros_arm_description" provides a separate development package or
[7.040s]   SDK, be sure it has been installed.
[7.041s] 
[7.041s] [0m
[7.041s] -- Configuring incomplete, errors occurred!
[7.041s] See also "/home/kevo/robotics_inc/xarm_1s/build/xarm_1s_kinematics/CMakeFiles/CMakeOutput.log".
[7.053s] Invoked command in '/home/kevo/robotics_inc/xarm_1s/build/xarm_1s_kinematics' returned '1': CMAKE_PREFIX_PATH=${CMAKE_PREFIX_PATH}:/home/kevo/ws_moveit2/install/moveit_configs_utils:/home/kevo/ws_moveit2/install/launch_param_builder:/opt/ros/humble /usr/bin/cmake /home/kevo/robotics_inc/xarm_1s/src/xarm_1s_kinematics -DCMAKE_INSTALL_PREFIX=/home/kevo/robotics_inc/xarm_1s/install/xarm_1s_kinematics
