[0.335s] DEBUG:colcon:Command line arguments: ['/usr/bin/colcon', 'build']
[0.336s] DEBUG:colcon:Parsed command line arguments: Namespace(log_base=None, log_level=None, verb_name='build', build_base='build', install_base='install', merge_install=False, symlink_install=False, test_result_base=None, continue_on_error=False, executor='parallel', parallel_workers=8, event_handlers=None, ignore_user_meta=False, metas=['./colcon.meta'], base_paths=['.'], packages_ignore=None, packages_ignore_regex=None, paths=None, packages_up_to=None, packages_up_to_regex=None, packages_above=None, packages_above_and_dependencies=None, packages_above_depth=None, packages_select_by_dep=None, packages_skip_by_dep=None, packages_skip_up_to=None, packages_select_build_failed=False, packages_skip_build_finished=False, packages_select_test_failures=False, packages_skip_test_passed=False, packages_select=None, packages_skip=None, packages_select_regex=None, packages_skip_regex=None, packages_start=None, packages_end=None, allow_overriding=[], cmake_args=None, cmake_target=None, cmake_target_skip_unavailable=False, cmake_clean_cache=False, cmake_clean_first=False, cmake_force_configure=False, ament_cmake_args=None, catkin_cmake_args=None, catkin_skip_building_tests=False, mixin_files=None, mixin=None, verb_parser=<colcon_mixin.mixin.mixin_argument.MixinArgumentDecorator object at 0x7f1f69568280>, verb_extension=<colcon_core.verb.build.BuildVerb object at 0x7f1f6952f9d0>, main=<bound method BuildVerb.main of <colcon_core.verb.build.BuildVerb object at 0x7f1f6952f9d0>>, mixin_verb=('build',))
[0.673s] Level 1:colcon.colcon_core.package_discovery:discover_packages(colcon_meta) check parameters
[0.673s] Level 1:colcon.colcon_core.package_discovery:discover_packages(recursive) check parameters
[0.673s] Level 1:colcon.colcon_core.package_discovery:discover_packages(ignore) check parameters
[0.673s] Level 1:colcon.colcon_core.package_discovery:discover_packages(path) check parameters
[0.673s] Level 1:colcon.colcon_core.package_discovery:discover_packages(colcon_meta) discover
[0.673s] Level 1:colcon.colcon_core.package_discovery:discover_packages(recursive) discover
[0.673s] INFO:colcon.colcon_core.package_discovery:Crawling recursively for packages in '/home/kevo/robotics_inc/xarm_1s'
[0.673s] Level 1:colcon.colcon_core.package_identification:_identify(.) by extensions ['ignore', 'ignore_ament_install']
[0.673s] Level 1:colcon.colcon_core.package_identification:_identify(.) by extension 'ignore'
[0.673s] Level 1:colcon.colcon_core.package_identification:_identify(.) by extension 'ignore_ament_install'
[0.673s] Level 1:colcon.colcon_core.package_identification:_identify(.) by extensions ['colcon_pkg']
[0.674s] Level 1:colcon.colcon_core.package_identification:_identify(.) by extension 'colcon_pkg'
[0.674s] Level 1:colcon.colcon_core.package_identification:_identify(.) by extensions ['colcon_meta']
[0.674s] Level 1:colcon.colcon_core.package_identification:_identify(.) by extension 'colcon_meta'
[0.674s] Level 1:colcon.colcon_core.package_identification:_identify(.) by extensions ['ros']
[0.674s] Level 1:colcon.colcon_core.package_identification:_identify(.) by extension 'ros'
[0.696s] Level 1:colcon.colcon_core.package_identification:_identify(.) by extensions ['cmake', 'python']
[0.696s] Level 1:colcon.colcon_core.package_identification:_identify(.) by extension 'cmake'
[0.696s] Level 1:colcon.colcon_core.package_identification:_identify(.) by extension 'python'
[0.696s] Level 1:colcon.colcon_core.package_identification:_identify(.) by extensions ['python_setup_py']
[0.696s] Level 1:colcon.colcon_core.package_identification:_identify(.) by extension 'python_setup_py'
[0.696s] Level 1:colcon.colcon_core.package_identification:_identify(build) by extensions ['ignore', 'ignore_ament_install']
[0.697s] Level 1:colcon.colcon_core.package_identification:_identify(build) by extension 'ignore'
[0.697s] Level 1:colcon.colcon_core.package_identification:_identify(build) ignored
[0.697s] Level 1:colcon.colcon_core.package_identification:_identify(install) by extensions ['ignore', 'ignore_ament_install']
[0.697s] Level 1:colcon.colcon_core.package_identification:_identify(install) by extension 'ignore'
[0.697s] Level 1:colcon.colcon_core.package_identification:_identify(install) ignored
[0.697s] Level 1:colcon.colcon_core.package_identification:_identify(log) by extensions ['ignore', 'ignore_ament_install']
[0.697s] Level 1:colcon.colcon_core.package_identification:_identify(log) by extension 'ignore'
[0.697s] Level 1:colcon.colcon_core.package_identification:_identify(log) ignored
[0.697s] Level 1:colcon.colcon_core.package_identification:_identify(src) by extensions ['ignore', 'ignore_ament_install']
[0.697s] Level 1:colcon.colcon_core.package_identification:_identify(src) by extension 'ignore'
[0.697s] Level 1:colcon.colcon_core.package_identification:_identify(src) by extension 'ignore_ament_install'
[0.698s] Level 1:colcon.colcon_core.package_identification:_identify(src) by extensions ['colcon_pkg']
[0.698s] Level 1:colcon.colcon_core.package_identification:_identify(src) by extension 'colcon_pkg'
[0.698s] Level 1:colcon.colcon_core.package_identification:_identify(src) by extensions ['colcon_meta']
[0.698s] Level 1:colcon.colcon_core.package_identification:_identify(src) by extension 'colcon_meta'
[0.698s] Level 1:colcon.colcon_core.package_identification:_identify(src) by extensions ['ros']
[0.698s] Level 1:colcon.colcon_core.package_identification:_identify(src) by extension 'ros'
[0.698s] Level 1:colcon.colcon_core.package_identification:_identify(src) by extensions ['cmake', 'python']
[0.698s] Level 1:colcon.colcon_core.package_identification:_identify(src) by extension 'cmake'
[0.698s] Level 1:colcon.colcon_core.package_identification:_identify(src) by extension 'python'
[0.698s] Level 1:colcon.colcon_core.package_identification:_identify(src) by extensions ['python_setup_py']
[0.698s] Level 1:colcon.colcon_core.package_identification:_identify(src) by extension 'python_setup_py'
[0.698s] Level 1:colcon.colcon_core.package_identification:_identify(src/xarm_1s_description) by extensions ['ignore', 'ignore_ament_install']
[0.698s] Level 1:colcon.colcon_core.package_identification:_identify(src/xarm_1s_description) by extension 'ignore'
[0.698s] Level 1:colcon.colcon_core.package_identification:_identify(src/xarm_1s_description) by extension 'ignore_ament_install'
[0.698s] Level 1:colcon.colcon_core.package_identification:_identify(src/xarm_1s_description) by extensions ['colcon_pkg']
[0.698s] Level 1:colcon.colcon_core.package_identification:_identify(src/xarm_1s_description) by extension 'colcon_pkg'
[0.698s] Level 1:colcon.colcon_core.package_identification:_identify(src/xarm_1s_description) by extensions ['colcon_meta']
[0.698s] Level 1:colcon.colcon_core.package_identification:_identify(src/xarm_1s_description) by extension 'colcon_meta'
[0.698s] Level 1:colcon.colcon_core.package_identification:_identify(src/xarm_1s_description) by extensions ['ros']
[0.698s] Level 1:colcon.colcon_core.package_identification:_identify(src/xarm_1s_description) by extension 'ros'
[0.723s] DEBUG:colcon.colcon_core.package_identification:Package 'src/xarm_1s_description' with type 'ros.ament_cmake' and name 'xarm_1s_description'
[0.724s] Level 1:colcon.colcon_core.package_identification:_identify(src/xarm_1s_hardware_interface) by extensions ['ignore', 'ignore_ament_install']
[0.724s] Level 1:colcon.colcon_core.package_identification:_identify(src/xarm_1s_hardware_interface) by extension 'ignore'
[0.724s] Level 1:colcon.colcon_core.package_identification:_identify(src/xarm_1s_hardware_interface) by extension 'ignore_ament_install'
[0.724s] Level 1:colcon.colcon_core.package_identification:_identify(src/xarm_1s_hardware_interface) by extensions ['colcon_pkg']
[0.724s] Level 1:colcon.colcon_core.package_identification:_identify(src/xarm_1s_hardware_interface) by extension 'colcon_pkg'
[0.724s] Level 1:colcon.colcon_core.package_identification:_identify(src/xarm_1s_hardware_interface) by extensions ['colcon_meta']
[0.724s] Level 1:colcon.colcon_core.package_identification:_identify(src/xarm_1s_hardware_interface) by extension 'colcon_meta'
[0.724s] Level 1:colcon.colcon_core.package_identification:_identify(src/xarm_1s_hardware_interface) by extensions ['ros']
[0.724s] Level 1:colcon.colcon_core.package_identification:_identify(src/xarm_1s_hardware_interface) by extension 'ros'
[0.725s] DEBUG:colcon.colcon_core.package_identification:Package 'src/xarm_1s_hardware_interface' with type 'ros.ament_cmake' and name 'xarm_1s_hardware_interface'
[0.726s] Level 1:colcon.colcon_core.package_discovery:discover_packages(recursive) using defaults
[0.726s] Level 1:colcon.colcon_core.package_discovery:discover_packages(ignore) discover
[0.726s] Level 1:colcon.colcon_core.package_discovery:discover_packages(ignore) using defaults
[0.726s] Level 1:colcon.colcon_core.package_discovery:discover_packages(path) discover
[0.726s] Level 1:colcon.colcon_core.package_discovery:discover_packages(path) using defaults
[0.764s] Level 1:colcon.colcon_core.package_discovery:discover_packages(prefix_path) check parameters
[0.764s] Level 1:colcon.colcon_core.package_discovery:discover_packages(prefix_path) discover
[0.777s] DEBUG:colcon.colcon_installed_package_information.package_discovery:Found 2 installed packages in /home/kevo/robotics_inc/xarm_1s/install
[0.780s] DEBUG:colcon.colcon_installed_package_information.package_discovery:Found 57 installed packages in /home/kevo/ws_moveit2/install
[0.783s] DEBUG:colcon.colcon_installed_package_information.package_discovery:Found 377 installed packages in /opt/ros/humble
[0.786s] Level 1:colcon.colcon_core.package_discovery:discover_packages(prefix_path) using defaults
[0.892s] Level 5:colcon.colcon_core.verb:set package 'xarm_1s_description' build argument 'cmake_args' from command line to 'None'
[0.892s] Level 5:colcon.colcon_core.verb:set package 'xarm_1s_description' build argument 'cmake_target' from command line to 'None'
[0.892s] Level 5:colcon.colcon_core.verb:set package 'xarm_1s_description' build argument 'cmake_target_skip_unavailable' from command line to 'False'
[0.892s] Level 5:colcon.colcon_core.verb:set package 'xarm_1s_description' build argument 'cmake_clean_cache' from command line to 'False'
[0.892s] Level 5:colcon.colcon_core.verb:set package 'xarm_1s_description' build argument 'cmake_clean_first' from command line to 'False'
[0.892s] Level 5:colcon.colcon_core.verb:set package 'xarm_1s_description' build argument 'cmake_force_configure' from command line to 'False'
[0.892s] Level 5:colcon.colcon_core.verb:set package 'xarm_1s_description' build argument 'ament_cmake_args' from command line to 'None'
[0.892s] Level 5:colcon.colcon_core.verb:set package 'xarm_1s_description' build argument 'catkin_cmake_args' from command line to 'None'
[0.893s] Level 5:colcon.colcon_core.verb:set package 'xarm_1s_description' build argument 'catkin_skip_building_tests' from command line to 'False'
[0.893s] DEBUG:colcon.colcon_core.verb:Building package 'xarm_1s_description' with the following arguments: {'ament_cmake_args': None, 'build_base': '/home/kevo/robotics_inc/xarm_1s/build/xarm_1s_description', 'catkin_cmake_args': None, 'catkin_skip_building_tests': False, 'cmake_args': None, 'cmake_clean_cache': False, 'cmake_clean_first': False, 'cmake_force_configure': False, 'cmake_target': None, 'cmake_target_skip_unavailable': False, 'install_base': '/home/kevo/robotics_inc/xarm_1s/install/xarm_1s_description', 'merge_install': False, 'path': '/home/kevo/robotics_inc/xarm_1s/src/xarm_1s_description', 'symlink_install': False, 'test_result_base': None}
[0.893s] Level 5:colcon.colcon_core.verb:set package 'xarm_1s_hardware_interface' build argument 'cmake_args' from command line to 'None'
[0.893s] Level 5:colcon.colcon_core.verb:set package 'xarm_1s_hardware_interface' build argument 'cmake_target' from command line to 'None'
[0.893s] Level 5:colcon.colcon_core.verb:set package 'xarm_1s_hardware_interface' build argument 'cmake_target_skip_unavailable' from command line to 'False'
[0.893s] Level 5:colcon.colcon_core.verb:set package 'xarm_1s_hardware_interface' build argument 'cmake_clean_cache' from command line to 'False'
[0.893s] Level 5:colcon.colcon_core.verb:set package 'xarm_1s_hardware_interface' build argument 'cmake_clean_first' from command line to 'False'
[0.893s] Level 5:colcon.colcon_core.verb:set package 'xarm_1s_hardware_interface' build argument 'cmake_force_configure' from command line to 'False'
[0.893s] Level 5:colcon.colcon_core.verb:set package 'xarm_1s_hardware_interface' build argument 'ament_cmake_args' from command line to 'None'
[0.893s] Level 5:colcon.colcon_core.verb:set package 'xarm_1s_hardware_interface' build argument 'catkin_cmake_args' from command line to 'None'
[0.893s] Level 5:colcon.colcon_core.verb:set package 'xarm_1s_hardware_interface' build argument 'catkin_skip_building_tests' from command line to 'False'
[0.893s] DEBUG:colcon.colcon_core.verb:Building package 'xarm_1s_hardware_interface' with the following arguments: {'ament_cmake_args': None, 'build_base': '/home/kevo/robotics_inc/xarm_1s/build/xarm_1s_hardware_interface', 'catkin_cmake_args': None, 'catkin_skip_building_tests': False, 'cmake_args': None, 'cmake_clean_cache': False, 'cmake_clean_first': False, 'cmake_force_configure': False, 'cmake_target': None, 'cmake_target_skip_unavailable': False, 'install_base': '/home/kevo/robotics_inc/xarm_1s/install/xarm_1s_hardware_interface', 'merge_install': False, 'path': '/home/kevo/robotics_inc/xarm_1s/src/xarm_1s_hardware_interface', 'symlink_install': False, 'test_result_base': None}
[0.893s] INFO:colcon.colcon_core.executor:Executing jobs using 'parallel' executor
[0.895s] DEBUG:colcon.colcon_parallel_executor.executor.parallel:run_until_complete
[0.896s] INFO:colcon.colcon_ros.task.ament_cmake.build:Building ROS package in '/home/kevo/robotics_inc/xarm_1s/src/xarm_1s_description' with build type 'ament_cmake'
[0.896s] INFO:colcon.colcon_cmake.task.cmake.build:Building CMake package in '/home/kevo/robotics_inc/xarm_1s/src/xarm_1s_description'
[0.899s] INFO:colcon.colcon_core.plugin_system:Skipping extension 'colcon_core.shell.bat': Not used on non-Windows systems
[0.900s] INFO:colcon.colcon_core.shell:Skip shell extension 'powershell' for command environment: Not usable outside of PowerShell
[0.900s] DEBUG:colcon.colcon_core.shell:Skip shell extension 'dsv' for command environment
[0.910s] INFO:colcon.colcon_ros.task.ament_cmake.build:Building ROS package in '/home/kevo/robotics_inc/xarm_1s/src/xarm_1s_hardware_interface' with build type 'ament_cmake'
[0.910s] INFO:colcon.colcon_cmake.task.cmake.build:Building CMake package in '/home/kevo/robotics_inc/xarm_1s/src/xarm_1s_hardware_interface'
[0.911s] INFO:colcon.colcon_core.shell:Skip shell extension 'powershell' for command environment: Not usable outside of PowerShell
[0.911s] DEBUG:colcon.colcon_core.shell:Skip shell extension 'dsv' for command environment
[0.927s] DEBUG:colcon.colcon_core.event_handler.log_command:Invoking command in '/home/kevo/robotics_inc/xarm_1s/build/xarm_1s_description': CMAKE_PREFIX_PATH=${CMAKE_PREFIX_PATH}:/home/kevo/ws_moveit2/install/moveit_configs_utils:/home/kevo/ws_moveit2/install/launch_param_builder:/opt/ros/humble /usr/bin/cmake --build /home/kevo/robotics_inc/xarm_1s/build/xarm_1s_description -- -j8 -l8
[0.941s] DEBUG:colcon.colcon_core.event_handler.log_command:Invoking command in '/home/kevo/robotics_inc/xarm_1s/build/xarm_1s_hardware_interface': CMAKE_PREFIX_PATH=${CMAKE_PREFIX_PATH}:/home/kevo/ws_moveit2/install/moveit_configs_utils:/home/kevo/ws_moveit2/install/launch_param_builder:/opt/ros/humble /usr/bin/cmake --build /home/kevo/robotics_inc/xarm_1s/build/xarm_1s_hardware_interface -- -j8 -l8
[1.057s] DEBUG:colcon.colcon_core.event_handler.log_command:Invoked command in '/home/kevo/robotics_inc/xarm_1s/build/xarm_1s_description' returned '0': CMAKE_PREFIX_PATH=${CMAKE_PREFIX_PATH}:/home/kevo/ws_moveit2/install/moveit_configs_utils:/home/kevo/ws_moveit2/install/launch_param_builder:/opt/ros/humble /usr/bin/cmake --build /home/kevo/robotics_inc/xarm_1s/build/xarm_1s_description -- -j8 -l8
[1.116s] DEBUG:colcon.colcon_core.event_handler.log_command:Invoking command in '/home/kevo/robotics_inc/xarm_1s/build/xarm_1s_description': CMAKE_PREFIX_PATH=${CMAKE_PREFIX_PATH}:/home/kevo/ws_moveit2/install/moveit_configs_utils:/home/kevo/ws_moveit2/install/launch_param_builder:/opt/ros/humble /usr/bin/cmake --install /home/kevo/robotics_inc/xarm_1s/build/xarm_1s_description
[1.147s] Level 1:colcon.colcon_core.environment:create_environment_scripts_only(xarm_1s_description)
[1.148s] DEBUG:colcon.colcon_core.event_handler.log_command:Invoked command in '/home/kevo/robotics_inc/xarm_1s/build/xarm_1s_description' returned '0': CMAKE_PREFIX_PATH=${CMAKE_PREFIX_PATH}:/home/kevo/ws_moveit2/install/moveit_configs_utils:/home/kevo/ws_moveit2/install/launch_param_builder:/opt/ros/humble /usr/bin/cmake --install /home/kevo/robotics_inc/xarm_1s/build/xarm_1s_description
[1.154s] Level 1:colcon.colcon_core.environment:checking '/home/kevo/robotics_inc/xarm_1s/install/xarm_1s_description' for CMake module files
[1.155s] Level 1:colcon.colcon_core.environment:checking '/home/kevo/robotics_inc/xarm_1s/install/xarm_1s_description' for CMake config files
[1.155s] Level 1:colcon.colcon_core.shell:create_environment_hook('xarm_1s_description', 'cmake_prefix_path')
[1.156s] INFO:colcon.colcon_core.shell:Creating environment hook '/home/kevo/robotics_inc/xarm_1s/install/xarm_1s_description/share/xarm_1s_description/hook/cmake_prefix_path.ps1'
[1.157s] INFO:colcon.colcon_core.shell:Creating environment descriptor '/home/kevo/robotics_inc/xarm_1s/install/xarm_1s_description/share/xarm_1s_description/hook/cmake_prefix_path.dsv'
[1.157s] INFO:colcon.colcon_core.shell:Creating environment hook '/home/kevo/robotics_inc/xarm_1s/install/xarm_1s_description/share/xarm_1s_description/hook/cmake_prefix_path.sh'
[1.159s] Level 1:colcon.colcon_core.environment:checking '/home/kevo/robotics_inc/xarm_1s/install/xarm_1s_description/bin'
[1.159s] Level 1:colcon.colcon_core.environment:checking '/home/kevo/robotics_inc/xarm_1s/install/xarm_1s_description/lib/pkgconfig/xarm_1s_description.pc'
[1.159s] Level 1:colcon.colcon_core.environment:checking '/home/kevo/robotics_inc/xarm_1s/install/xarm_1s_description/lib/python3.10/site-packages'
[1.159s] Level 1:colcon.colcon_core.environment:checking '/home/kevo/robotics_inc/xarm_1s/install/xarm_1s_description/bin'
[1.160s] INFO:colcon.colcon_core.shell:Creating package script '/home/kevo/robotics_inc/xarm_1s/install/xarm_1s_description/share/xarm_1s_description/package.ps1'
[1.162s] INFO:colcon.colcon_core.shell:Creating package descriptor '/home/kevo/robotics_inc/xarm_1s/install/xarm_1s_description/share/xarm_1s_description/package.dsv'
[1.164s] INFO:colcon.colcon_core.shell:Creating package script '/home/kevo/robotics_inc/xarm_1s/install/xarm_1s_description/share/xarm_1s_description/package.sh'
[1.164s] INFO:colcon.colcon_core.shell:Creating package script '/home/kevo/robotics_inc/xarm_1s/install/xarm_1s_description/share/xarm_1s_description/package.bash'
[1.166s] INFO:colcon.colcon_core.shell:Creating package script '/home/kevo/robotics_inc/xarm_1s/install/xarm_1s_description/share/xarm_1s_description/package.zsh'
[1.167s] Level 1:colcon.colcon_core.environment:create_file_with_runtime_dependencies(/home/kevo/robotics_inc/xarm_1s/install/xarm_1s_description/share/colcon-core/packages/xarm_1s_description)
[1.217s] Level 1:colcon.colcon_core.environment:create_environment_scripts_only(xarm_1s_description)
[1.218s] Level 1:colcon.colcon_core.environment:checking '/home/kevo/robotics_inc/xarm_1s/install/xarm_1s_description' for CMake module files
[1.218s] Level 1:colcon.colcon_core.environment:checking '/home/kevo/robotics_inc/xarm_1s/install/xarm_1s_description' for CMake config files
[1.219s] Level 1:colcon.colcon_core.shell:create_environment_hook('xarm_1s_description', 'cmake_prefix_path')
[1.219s] INFO:colcon.colcon_core.shell:Creating environment hook '/home/kevo/robotics_inc/xarm_1s/install/xarm_1s_description/share/xarm_1s_description/hook/cmake_prefix_path.ps1'
[1.220s] INFO:colcon.colcon_core.shell:Creating environment descriptor '/home/kevo/robotics_inc/xarm_1s/install/xarm_1s_description/share/xarm_1s_description/hook/cmake_prefix_path.dsv'
[1.221s] INFO:colcon.colcon_core.shell:Creating environment hook '/home/kevo/robotics_inc/xarm_1s/install/xarm_1s_description/share/xarm_1s_description/hook/cmake_prefix_path.sh'
[1.223s] Level 1:colcon.colcon_core.environment:checking '/home/kevo/robotics_inc/xarm_1s/install/xarm_1s_description/bin'
[1.223s] Level 1:colcon.colcon_core.environment:checking '/home/kevo/robotics_inc/xarm_1s/install/xarm_1s_description/lib/pkgconfig/xarm_1s_description.pc'
[1.224s] Level 1:colcon.colcon_core.environment:checking '/home/kevo/robotics_inc/xarm_1s/install/xarm_1s_description/lib/python3.10/site-packages'
[1.225s] Level 1:colcon.colcon_core.environment:checking '/home/kevo/robotics_inc/xarm_1s/install/xarm_1s_description/bin'
[1.226s] INFO:colcon.colcon_core.shell:Creating package script '/home/kevo/robotics_inc/xarm_1s/install/xarm_1s_description/share/xarm_1s_description/package.ps1'
[1.227s] INFO:colcon.colcon_core.shell:Creating package descriptor '/home/kevo/robotics_inc/xarm_1s/install/xarm_1s_description/share/xarm_1s_description/package.dsv'
[1.227s] INFO:colcon.colcon_core.shell:Creating package script '/home/kevo/robotics_inc/xarm_1s/install/xarm_1s_description/share/xarm_1s_description/package.sh'
[1.228s] INFO:colcon.colcon_core.shell:Creating package script '/home/kevo/robotics_inc/xarm_1s/install/xarm_1s_description/share/xarm_1s_description/package.bash'
[1.229s] INFO:colcon.colcon_core.shell:Creating package script '/home/kevo/robotics_inc/xarm_1s/install/xarm_1s_description/share/xarm_1s_description/package.zsh'
[1.229s] Level 1:colcon.colcon_core.environment:create_file_with_runtime_dependencies(/home/kevo/robotics_inc/xarm_1s/install/xarm_1s_description/share/colcon-core/packages/xarm_1s_description)
[8.267s] DEBUG:colcon.colcon_core.event_handler.log_command:Invoked command in '/home/kevo/robotics_inc/xarm_1s/build/xarm_1s_hardware_interface' returned '0': CMAKE_PREFIX_PATH=${CMAKE_PREFIX_PATH}:/home/kevo/ws_moveit2/install/moveit_configs_utils:/home/kevo/ws_moveit2/install/launch_param_builder:/opt/ros/humble /usr/bin/cmake --build /home/kevo/robotics_inc/xarm_1s/build/xarm_1s_hardware_interface -- -j8 -l8
[8.329s] DEBUG:colcon.colcon_core.event_handler.log_command:Invoking command in '/home/kevo/robotics_inc/xarm_1s/build/xarm_1s_hardware_interface': CMAKE_PREFIX_PATH=${CMAKE_PREFIX_PATH}:/home/kevo/ws_moveit2/install/moveit_configs_utils:/home/kevo/ws_moveit2/install/launch_param_builder:/opt/ros/humble /usr/bin/cmake --install /home/kevo/robotics_inc/xarm_1s/build/xarm_1s_hardware_interface
[8.439s] Level 1:colcon.colcon_core.environment:create_environment_scripts_only(xarm_1s_hardware_interface)
[8.440s] Level 1:colcon.colcon_core.environment:checking '/home/kevo/robotics_inc/xarm_1s/install/xarm_1s_hardware_interface' for CMake module files
[8.442s] DEBUG:colcon.colcon_core.event_handler.log_command:Invoked command in '/home/kevo/robotics_inc/xarm_1s/build/xarm_1s_hardware_interface' returned '0': CMAKE_PREFIX_PATH=${CMAKE_PREFIX_PATH}:/home/kevo/ws_moveit2/install/moveit_configs_utils:/home/kevo/ws_moveit2/install/launch_param_builder:/opt/ros/humble /usr/bin/cmake --install /home/kevo/robotics_inc/xarm_1s/build/xarm_1s_hardware_interface
[8.443s] Level 1:colcon.colcon_core.environment:checking '/home/kevo/robotics_inc/xarm_1s/install/xarm_1s_hardware_interface' for CMake config files
[8.444s] Level 1:colcon.colcon_core.shell:create_environment_hook('xarm_1s_hardware_interface', 'cmake_prefix_path')
[8.444s] INFO:colcon.colcon_core.shell:Creating environment hook '/home/kevo/robotics_inc/xarm_1s/install/xarm_1s_hardware_interface/share/xarm_1s_hardware_interface/hook/cmake_prefix_path.ps1'
[8.445s] INFO:colcon.colcon_core.shell:Creating environment descriptor '/home/kevo/robotics_inc/xarm_1s/install/xarm_1s_hardware_interface/share/xarm_1s_hardware_interface/hook/cmake_prefix_path.dsv'
[8.445s] INFO:colcon.colcon_core.shell:Creating environment hook '/home/kevo/robotics_inc/xarm_1s/install/xarm_1s_hardware_interface/share/xarm_1s_hardware_interface/hook/cmake_prefix_path.sh'
[8.446s] Level 1:colcon.colcon_core.environment:checking '/home/kevo/robotics_inc/xarm_1s/install/xarm_1s_hardware_interface/lib'
[8.446s] Level 1:colcon.colcon_core.shell:create_environment_hook('xarm_1s_hardware_interface', 'ld_library_path_lib')
[8.446s] INFO:colcon.colcon_core.shell:Creating environment hook '/home/kevo/robotics_inc/xarm_1s/install/xarm_1s_hardware_interface/share/xarm_1s_hardware_interface/hook/ld_library_path_lib.ps1'
[8.447s] INFO:colcon.colcon_core.shell:Creating environment descriptor '/home/kevo/robotics_inc/xarm_1s/install/xarm_1s_hardware_interface/share/xarm_1s_hardware_interface/hook/ld_library_path_lib.dsv'
[8.447s] INFO:colcon.colcon_core.shell:Creating environment hook '/home/kevo/robotics_inc/xarm_1s/install/xarm_1s_hardware_interface/share/xarm_1s_hardware_interface/hook/ld_library_path_lib.sh'
[8.448s] Level 1:colcon.colcon_core.environment:checking '/home/kevo/robotics_inc/xarm_1s/install/xarm_1s_hardware_interface/bin'
[8.448s] Level 1:colcon.colcon_core.environment:checking '/home/kevo/robotics_inc/xarm_1s/install/xarm_1s_hardware_interface/lib/pkgconfig/xarm_1s_hardware_interface.pc'
[8.448s] Level 1:colcon.colcon_core.environment:checking '/home/kevo/robotics_inc/xarm_1s/install/xarm_1s_hardware_interface/lib/python3.10/site-packages'
[8.448s] Level 1:colcon.colcon_core.environment:checking '/home/kevo/robotics_inc/xarm_1s/install/xarm_1s_hardware_interface/bin'
[8.449s] INFO:colcon.colcon_core.shell:Creating package script '/home/kevo/robotics_inc/xarm_1s/install/xarm_1s_hardware_interface/share/xarm_1s_hardware_interface/package.ps1'
[8.449s] INFO:colcon.colcon_core.shell:Creating package descriptor '/home/kevo/robotics_inc/xarm_1s/install/xarm_1s_hardware_interface/share/xarm_1s_hardware_interface/package.dsv'
[8.450s] INFO:colcon.colcon_core.shell:Creating package script '/home/kevo/robotics_inc/xarm_1s/install/xarm_1s_hardware_interface/share/xarm_1s_hardware_interface/package.sh'
[8.450s] INFO:colcon.colcon_core.shell:Creating package script '/home/kevo/robotics_inc/xarm_1s/install/xarm_1s_hardware_interface/share/xarm_1s_hardware_interface/package.bash'
[8.451s] INFO:colcon.colcon_core.shell:Creating package script '/home/kevo/robotics_inc/xarm_1s/install/xarm_1s_hardware_interface/share/xarm_1s_hardware_interface/package.zsh'
[8.451s] Level 1:colcon.colcon_core.environment:create_file_with_runtime_dependencies(/home/kevo/robotics_inc/xarm_1s/install/xarm_1s_hardware_interface/share/colcon-core/packages/xarm_1s_hardware_interface)
[8.509s] Level 1:colcon.colcon_core.environment:create_environment_scripts_only(xarm_1s_hardware_interface)
[8.509s] Level 1:colcon.colcon_core.environment:checking '/home/kevo/robotics_inc/xarm_1s/install/xarm_1s_hardware_interface' for CMake module files
[8.510s] Level 1:colcon.colcon_core.environment:checking '/home/kevo/robotics_inc/xarm_1s/install/xarm_1s_hardware_interface' for CMake config files
[8.510s] Level 1:colcon.colcon_core.shell:create_environment_hook('xarm_1s_hardware_interface', 'cmake_prefix_path')
[8.510s] INFO:colcon.colcon_core.shell:Creating environment hook '/home/kevo/robotics_inc/xarm_1s/install/xarm_1s_hardware_interface/share/xarm_1s_hardware_interface/hook/cmake_prefix_path.ps1'
[8.511s] INFO:colcon.colcon_core.shell:Creating environment descriptor '/home/kevo/robotics_inc/xarm_1s/install/xarm_1s_hardware_interface/share/xarm_1s_hardware_interface/hook/cmake_prefix_path.dsv'
[8.511s] INFO:colcon.colcon_core.shell:Creating environment hook '/home/kevo/robotics_inc/xarm_1s/install/xarm_1s_hardware_interface/share/xarm_1s_hardware_interface/hook/cmake_prefix_path.sh'
[8.512s] Level 1:colcon.colcon_core.environment:checking '/home/kevo/robotics_inc/xarm_1s/install/xarm_1s_hardware_interface/lib'
[8.512s] Level 1:colcon.colcon_core.shell:create_environment_hook('xarm_1s_hardware_interface', 'ld_library_path_lib')
[8.512s] INFO:colcon.colcon_core.shell:Creating environment hook '/home/kevo/robotics_inc/xarm_1s/install/xarm_1s_hardware_interface/share/xarm_1s_hardware_interface/hook/ld_library_path_lib.ps1'
[8.512s] INFO:colcon.colcon_core.shell:Creating environment descriptor '/home/kevo/robotics_inc/xarm_1s/install/xarm_1s_hardware_interface/share/xarm_1s_hardware_interface/hook/ld_library_path_lib.dsv'
[8.513s] INFO:colcon.colcon_core.shell:Creating environment hook '/home/kevo/robotics_inc/xarm_1s/install/xarm_1s_hardware_interface/share/xarm_1s_hardware_interface/hook/ld_library_path_lib.sh'
[8.513s] Level 1:colcon.colcon_core.environment:checking '/home/kevo/robotics_inc/xarm_1s/install/xarm_1s_hardware_interface/bin'
[8.513s] Level 1:colcon.colcon_core.environment:checking '/home/kevo/robotics_inc/xarm_1s/install/xarm_1s_hardware_interface/lib/pkgconfig/xarm_1s_hardware_interface.pc'
[8.513s] Level 1:colcon.colcon_core.environment:checking '/home/kevo/robotics_inc/xarm_1s/install/xarm_1s_hardware_interface/lib/python3.10/site-packages'
[8.513s] Level 1:colcon.colcon_core.environment:checking '/home/kevo/robotics_inc/xarm_1s/install/xarm_1s_hardware_interface/bin'
[8.514s] INFO:colcon.colcon_core.shell:Creating package script '/home/kevo/robotics_inc/xarm_1s/install/xarm_1s_hardware_interface/share/xarm_1s_hardware_interface/package.ps1'
[8.514s] INFO:colcon.colcon_core.shell:Creating package descriptor '/home/kevo/robotics_inc/xarm_1s/install/xarm_1s_hardware_interface/share/xarm_1s_hardware_interface/package.dsv'
[8.515s] INFO:colcon.colcon_core.shell:Creating package script '/home/kevo/robotics_inc/xarm_1s/install/xarm_1s_hardware_interface/share/xarm_1s_hardware_interface/package.sh'
[8.515s] INFO:colcon.colcon_core.shell:Creating package script '/home/kevo/robotics_inc/xarm_1s/install/xarm_1s_hardware_interface/share/xarm_1s_hardware_interface/package.bash'
[8.516s] INFO:colcon.colcon_core.shell:Creating package script '/home/kevo/robotics_inc/xarm_1s/install/xarm_1s_hardware_interface/share/xarm_1s_hardware_interface/package.zsh'
[8.516s] Level 1:colcon.colcon_core.environment:create_file_with_runtime_dependencies(/home/kevo/robotics_inc/xarm_1s/install/xarm_1s_hardware_interface/share/colcon-core/packages/xarm_1s_hardware_interface)
[8.516s] DEBUG:colcon.colcon_parallel_executor.executor.parallel:closing loop
[8.517s] DEBUG:colcon.colcon_parallel_executor.executor.parallel:loop closed
[8.517s] DEBUG:colcon.colcon_parallel_executor.executor.parallel:run_until_complete finished with '0'
[8.517s] DEBUG:colcon.colcon_core.event_reactor:joining thread
[8.591s] INFO:colcon.colcon_core.plugin_system:Skipping extension 'colcon_notification.desktop_notification.notify_send': Could not find 'notify-send'
[8.591s] INFO:colcon.colcon_core.plugin_system:Skipping extension 'colcon_notification.desktop_notification.terminal_notifier': Not used on non-Darwin systems
[8.591s] INFO:colcon.colcon_core.plugin_system:Skipping extension 'colcon_notification.desktop_notification.win32': Not used on non-Windows systems
[8.591s] INFO:colcon.colcon_notification.desktop_notification:Sending desktop notification using 'notify2'
[8.598s] DEBUG:colcon.colcon_notification.desktop_notification.notify2:Failed to initialize notify2: org.freedesktop.DBus.Error.ServiceUnknown: The name org.freedesktop.Notifications was not provided by any .service files
[8.599s] DEBUG:colcon.colcon_core.event_reactor:joined thread
[8.600s] INFO:colcon.colcon_core.shell:Creating prefix script '/home/kevo/robotics_inc/xarm_1s/install/local_setup.ps1'
[8.603s] INFO:colcon.colcon_core.shell:Creating prefix util module '/home/kevo/robotics_inc/xarm_1s/install/_local_setup_util_ps1.py'
[8.606s] INFO:colcon.colcon_core.shell:Creating prefix chain script '/home/kevo/robotics_inc/xarm_1s/install/setup.ps1'
[8.613s] INFO:colcon.colcon_core.shell:Creating prefix script '/home/kevo/robotics_inc/xarm_1s/install/local_setup.sh'
[8.614s] INFO:colcon.colcon_core.shell:Creating prefix util module '/home/kevo/robotics_inc/xarm_1s/install/_local_setup_util_sh.py'
[8.614s] INFO:colcon.colcon_core.shell:Creating prefix chain script '/home/kevo/robotics_inc/xarm_1s/install/setup.sh'
[8.617s] INFO:colcon.colcon_core.shell:Creating prefix script '/home/kevo/robotics_inc/xarm_1s/install/local_setup.bash'
[8.618s] INFO:colcon.colcon_core.shell:Creating prefix chain script '/home/kevo/robotics_inc/xarm_1s/install/setup.bash'
[8.622s] INFO:colcon.colcon_core.shell:Creating prefix script '/home/kevo/robotics_inc/xarm_1s/install/local_setup.zsh'
[8.623s] INFO:colcon.colcon_core.shell:Creating prefix chain script '/home/kevo/robotics_inc/xarm_1s/install/setup.zsh'
