[0.087s] Invoking command in '/home/kevo/robotics_inc/xarm_1s/build/xarm_1s_joy': CMAKE_PREFIX_PATH=${CMAKE_PREFIX_PATH}:/home/kevo/ws_moveit2/install/moveit_configs_utils:/home/kevo/ws_moveit2/install/launch_param_builder:/opt/ros/humble /usr/bin/cmake --build /home/kevo/robotics_inc/xarm_1s/build/xarm_1s_joy -- -j8 -l8
[0.269s] [100%] Built target game_pad
[0.342s] Invoked command in '/home/kevo/robotics_inc/xarm_1s/build/xarm_1s_joy' returned '0': CMAKE_PREFIX_PATH=${CMAKE_PREFIX_PATH}:/home/kevo/ws_moveit2/install/moveit_configs_utils:/home/kevo/ws_moveit2/install/launch_param_builder:/opt/ros/humble /usr/bin/cmake --build /home/kevo/robotics_inc/xarm_1s/build/xarm_1s_joy -- -j8 -l8
[0.435s] Invoking command in '/home/kevo/robotics_inc/xarm_1s/build/xarm_1s_joy': CMAKE_PREFIX_PATH=${CMAKE_PREFIX_PATH}:/home/kevo/ws_moveit2/install/moveit_configs_utils:/home/kevo/ws_moveit2/install/launch_param_builder:/opt/ros/humble /usr/bin/cmake --install /home/kevo/robotics_inc/xarm_1s/build/xarm_1s_joy
[0.458s] -- Install configuration: ""
[0.460s] -- Up-to-date: /home/kevo/robotics_inc/xarm_1s/install/xarm_1s_joy/lib/xarm_1s_joy/game_pad
[0.461s] -- Up-to-date: /home/kevo/robotics_inc/xarm_1s/install/xarm_1s_joy/share/ament_index/resource_index/package_run_dependencies/xarm_1s_joy
[0.461s] -- Up-to-date: /home/kevo/robotics_inc/xarm_1s/install/xarm_1s_joy/share/ament_index/resource_index/parent_prefix_path/xarm_1s_joy
[0.462s] -- Up-to-date: /home/kevo/robotics_inc/xarm_1s/install/xarm_1s_joy/share/xarm_1s_joy/environment/ament_prefix_path.sh
[0.463s] -- Up-to-date: /home/kevo/robotics_inc/xarm_1s/install/xarm_1s_joy/share/xarm_1s_joy/environment/ament_prefix_path.dsv
[0.463s] -- Up-to-date: /home/kevo/robotics_inc/xarm_1s/install/xarm_1s_joy/share/xarm_1s_joy/environment/path.sh
[0.464s] -- Up-to-date: /home/kevo/robotics_inc/xarm_1s/install/xarm_1s_joy/share/xarm_1s_joy/environment/path.dsv
[0.464s] -- Up-to-date: /home/kevo/robotics_inc/xarm_1s/install/xarm_1s_joy/share/xarm_1s_joy/local_setup.bash
[0.464s] -- Up-to-date: /home/kevo/robotics_inc/xarm_1s/install/xarm_1s_joy/share/xarm_1s_joy/local_setup.sh
[0.465s] -- Up-to-date: /home/kevo/robotics_inc/xarm_1s/install/xarm_1s_joy/share/xarm_1s_joy/local_setup.zsh
[0.466s] -- Up-to-date: /home/kevo/robotics_inc/xarm_1s/install/xarm_1s_joy/share/xarm_1s_joy/local_setup.dsv
[0.466s] -- Installing: /home/kevo/robotics_inc/xarm_1s/install/xarm_1s_joy/share/xarm_1s_joy/package.dsv
[0.466s] -- Up-to-date: /home/kevo/robotics_inc/xarm_1s/install/xarm_1s_joy/share/ament_index/resource_index/packages/xarm_1s_joy
[0.467s] -- Up-to-date: /home/kevo/robotics_inc/xarm_1s/install/xarm_1s_joy/share/xarm_1s_joy/cmake/xarm_1s_joyConfig.cmake
[0.468s] -- Up-to-date: /home/kevo/robotics_inc/xarm_1s/install/xarm_1s_joy/share/xarm_1s_joy/cmake/xarm_1s_joyConfig-version.cmake
[0.468s] -- Up-to-date: /home/kevo/robotics_inc/xarm_1s/install/xarm_1s_joy/share/xarm_1s_joy/package.xml
[0.504s] Invoked command in '/home/kevo/robotics_inc/xarm_1s/build/xarm_1s_joy' returned '0': CMAKE_PREFIX_PATH=${CMAKE_PREFIX_PATH}:/home/kevo/ws_moveit2/install/moveit_configs_utils:/home/kevo/ws_moveit2/install/launch_param_builder:/opt/ros/humble /usr/bin/cmake --install /home/kevo/robotics_inc/xarm_1s/build/xarm_1s_joy
