[0.354s] DEBUG:colcon:Command line arguments: ['/usr/bin/colcon', 'build']
[0.355s] DEBUG:colcon:Parsed command line arguments: Namespace(log_base=None, log_level=None, verb_name='build', build_base='build', install_base='install', merge_install=False, symlink_install=False, test_result_base=None, continue_on_error=False, executor='parallel', parallel_workers=8, event_handlers=None, ignore_user_meta=False, metas=['./colcon.meta'], base_paths=['.'], packages_ignore=None, packages_ignore_regex=None, paths=None, packages_up_to=None, packages_up_to_regex=None, packages_above=None, packages_above_and_dependencies=None, packages_above_depth=None, packages_select_by_dep=None, packages_skip_by_dep=None, packages_skip_up_to=None, packages_select_build_failed=False, packages_skip_build_finished=False, packages_select_test_failures=False, packages_skip_test_passed=False, packages_select=None, packages_skip=None, packages_select_regex=None, packages_skip_regex=None, packages_start=None, packages_end=None, allow_overriding=[], cmake_args=None, cmake_target=None, cmake_target_skip_unavailable=False, cmake_clean_cache=False, cmake_clean_first=False, cmake_force_configure=False, ament_cmake_args=None, catkin_cmake_args=None, catkin_skip_building_tests=False, mixin_files=None, mixin=None, verb_parser=<colcon_mixin.mixin.mixin_argument.MixinArgumentDecorator object at 0x7f9f8cca88b0>, verb_extension=<colcon_core.verb.build.BuildVerb object at 0x7f9f8cca8160>, main=<bound method BuildVerb.main of <colcon_core.verb.build.BuildVerb object at 0x7f9f8cca8160>>, mixin_verb=('build',))
[0.748s] Level 1:colcon.colcon_core.package_discovery:discover_packages(colcon_meta) check parameters
[0.748s] Level 1:colcon.colcon_core.package_discovery:discover_packages(recursive) check parameters
[0.748s] Level 1:colcon.colcon_core.package_discovery:discover_packages(ignore) check parameters
[0.748s] Level 1:colcon.colcon_core.package_discovery:discover_packages(path) check parameters
[0.748s] Level 1:colcon.colcon_core.package_discovery:discover_packages(colcon_meta) discover
[0.748s] Level 1:colcon.colcon_core.package_discovery:discover_packages(recursive) discover
[0.749s] INFO:colcon.colcon_core.package_discovery:Crawling recursively for packages in '/home/kevo/robotics_inc/xarm_1s'
[0.749s] Level 1:colcon.colcon_core.package_identification:_identify(.) by extensions ['ignore', 'ignore_ament_install']
[0.749s] Level 1:colcon.colcon_core.package_identification:_identify(.) by extension 'ignore'
[0.749s] Level 1:colcon.colcon_core.package_identification:_identify(.) by extension 'ignore_ament_install'
[0.749s] Level 1:colcon.colcon_core.package_identification:_identify(.) by extensions ['colcon_pkg']
[0.749s] Level 1:colcon.colcon_core.package_identification:_identify(.) by extension 'colcon_pkg'
[0.749s] Level 1:colcon.colcon_core.package_identification:_identify(.) by extensions ['colcon_meta']
[0.749s] Level 1:colcon.colcon_core.package_identification:_identify(.) by extension 'colcon_meta'
[0.749s] Level 1:colcon.colcon_core.package_identification:_identify(.) by extensions ['ros']
[0.749s] Level 1:colcon.colcon_core.package_identification:_identify(.) by extension 'ros'
[0.796s] Level 1:colcon.colcon_core.package_identification:_identify(.) by extensions ['cmake', 'python']
[0.796s] Level 1:colcon.colcon_core.package_identification:_identify(.) by extension 'cmake'
[0.797s] Level 1:colcon.colcon_core.package_identification:_identify(.) by extension 'python'
[0.797s] Level 1:colcon.colcon_core.package_identification:_identify(.) by extensions ['python_setup_py']
[0.797s] Level 1:colcon.colcon_core.package_identification:_identify(.) by extension 'python_setup_py'
[0.797s] Level 1:colcon.colcon_core.package_identification:_identify(build) by extensions ['ignore', 'ignore_ament_install']
[0.797s] Level 1:colcon.colcon_core.package_identification:_identify(build) by extension 'ignore'
[0.797s] Level 1:colcon.colcon_core.package_identification:_identify(build) ignored
[0.797s] Level 1:colcon.colcon_core.package_identification:_identify(install) by extensions ['ignore', 'ignore_ament_install']
[0.797s] Level 1:colcon.colcon_core.package_identification:_identify(install) by extension 'ignore'
[0.797s] Level 1:colcon.colcon_core.package_identification:_identify(install) ignored
[0.798s] Level 1:colcon.colcon_core.package_identification:_identify(log) by extensions ['ignore', 'ignore_ament_install']
[0.798s] Level 1:colcon.colcon_core.package_identification:_identify(log) by extension 'ignore'
[0.798s] Level 1:colcon.colcon_core.package_identification:_identify(log) ignored
[0.798s] Level 1:colcon.colcon_core.package_identification:_identify(src) by extensions ['ignore', 'ignore_ament_install']
[0.798s] Level 1:colcon.colcon_core.package_identification:_identify(src) by extension 'ignore'
[0.798s] Level 1:colcon.colcon_core.package_identification:_identify(src) by extension 'ignore_ament_install'
[0.798s] Level 1:colcon.colcon_core.package_identification:_identify(src) by extensions ['colcon_pkg']
[0.798s] Level 1:colcon.colcon_core.package_identification:_identify(src) by extension 'colcon_pkg'
[0.799s] Level 1:colcon.colcon_core.package_identification:_identify(src) by extensions ['colcon_meta']
[0.799s] Level 1:colcon.colcon_core.package_identification:_identify(src) by extension 'colcon_meta'
[0.799s] Level 1:colcon.colcon_core.package_identification:_identify(src) by extensions ['ros']
[0.799s] Level 1:colcon.colcon_core.package_identification:_identify(src) by extension 'ros'
[0.799s] Level 1:colcon.colcon_core.package_identification:_identify(src) by extensions ['cmake', 'python']
[0.799s] Level 1:colcon.colcon_core.package_identification:_identify(src) by extension 'cmake'
[0.799s] Level 1:colcon.colcon_core.package_identification:_identify(src) by extension 'python'
[0.799s] Level 1:colcon.colcon_core.package_identification:_identify(src) by extensions ['python_setup_py']
[0.799s] Level 1:colcon.colcon_core.package_identification:_identify(src) by extension 'python_setup_py'
[0.799s] Level 1:colcon.colcon_core.package_identification:_identify(src/xarm_1s_description) by extensions ['ignore', 'ignore_ament_install']
[0.799s] Level 1:colcon.colcon_core.package_identification:_identify(src/xarm_1s_description) by extension 'ignore'
[0.799s] Level 1:colcon.colcon_core.package_identification:_identify(src/xarm_1s_description) by extension 'ignore_ament_install'
[0.799s] Level 1:colcon.colcon_core.package_identification:_identify(src/xarm_1s_description) by extensions ['colcon_pkg']
[0.800s] Level 1:colcon.colcon_core.package_identification:_identify(src/xarm_1s_description) by extension 'colcon_pkg'
[0.800s] Level 1:colcon.colcon_core.package_identification:_identify(src/xarm_1s_description) by extensions ['colcon_meta']
[0.800s] Level 1:colcon.colcon_core.package_identification:_identify(src/xarm_1s_description) by extension 'colcon_meta'
[0.800s] Level 1:colcon.colcon_core.package_identification:_identify(src/xarm_1s_description) by extensions ['ros']
[0.800s] Level 1:colcon.colcon_core.package_identification:_identify(src/xarm_1s_description) by extension 'ros'
[0.804s] DEBUG:colcon.colcon_core.package_identification:Package 'src/xarm_1s_description' with type 'ros.ament_cmake' and name 'xarm_1s_description'
[0.805s] Level 1:colcon.colcon_core.package_identification:_identify(src/xarm_1s_hardware_interface) by extensions ['ignore', 'ignore_ament_install']
[0.805s] Level 1:colcon.colcon_core.package_identification:_identify(src/xarm_1s_hardware_interface) by extension 'ignore'
[0.805s] Level 1:colcon.colcon_core.package_identification:_identify(src/xarm_1s_hardware_interface) by extension 'ignore_ament_install'
[0.805s] Level 1:colcon.colcon_core.package_identification:_identify(src/xarm_1s_hardware_interface) by extensions ['colcon_pkg']
[0.805s] Level 1:colcon.colcon_core.package_identification:_identify(src/xarm_1s_hardware_interface) by extension 'colcon_pkg'
[0.805s] Level 1:colcon.colcon_core.package_identification:_identify(src/xarm_1s_hardware_interface) by extensions ['colcon_meta']
[0.805s] Level 1:colcon.colcon_core.package_identification:_identify(src/xarm_1s_hardware_interface) by extension 'colcon_meta'
[0.805s] Level 1:colcon.colcon_core.package_identification:_identify(src/xarm_1s_hardware_interface) by extensions ['ros']
[0.805s] Level 1:colcon.colcon_core.package_identification:_identify(src/xarm_1s_hardware_interface) by extension 'ros'
[0.807s] DEBUG:colcon.colcon_core.package_identification:Package 'src/xarm_1s_hardware_interface' with type 'ros.ament_cmake' and name 'xarm_1s_hardware_interface'
[0.807s] Level 1:colcon.colcon_core.package_identification:_identify(src/xarm_1s_joy) by extensions ['ignore', 'ignore_ament_install']
[0.807s] Level 1:colcon.colcon_core.package_identification:_identify(src/xarm_1s_joy) by extension 'ignore'
[0.808s] Level 1:colcon.colcon_core.package_identification:_identify(src/xarm_1s_joy) by extension 'ignore_ament_install'
[0.808s] Level 1:colcon.colcon_core.package_identification:_identify(src/xarm_1s_joy) by extensions ['colcon_pkg']
[0.808s] Level 1:colcon.colcon_core.package_identification:_identify(src/xarm_1s_joy) by extension 'colcon_pkg'
[0.808s] Level 1:colcon.colcon_core.package_identification:_identify(src/xarm_1s_joy) by extensions ['colcon_meta']
[0.808s] Level 1:colcon.colcon_core.package_identification:_identify(src/xarm_1s_joy) by extension 'colcon_meta'
[0.808s] Level 1:colcon.colcon_core.package_identification:_identify(src/xarm_1s_joy) by extensions ['ros']
[0.808s] Level 1:colcon.colcon_core.package_identification:_identify(src/xarm_1s_joy) by extension 'ros'
[0.809s] DEBUG:colcon.colcon_core.package_identification:Package 'src/xarm_1s_joy' with type 'ros.ament_cmake' and name 'xarm_1s_joy'
[0.810s] Level 1:colcon.colcon_core.package_identification:_identify(src/xarm_1s_kinematics) by extensions ['ignore', 'ignore_ament_install']
[0.810s] Level 1:colcon.colcon_core.package_identification:_identify(src/xarm_1s_kinematics) by extension 'ignore'
[0.810s] Level 1:colcon.colcon_core.package_identification:_identify(src/xarm_1s_kinematics) by extension 'ignore_ament_install'
[0.810s] Level 1:colcon.colcon_core.package_identification:_identify(src/xarm_1s_kinematics) by extensions ['colcon_pkg']
[0.810s] Level 1:colcon.colcon_core.package_identification:_identify(src/xarm_1s_kinematics) by extension 'colcon_pkg'
[0.810s] Level 1:colcon.colcon_core.package_identification:_identify(src/xarm_1s_kinematics) by extensions ['colcon_meta']
[0.810s] Level 1:colcon.colcon_core.package_identification:_identify(src/xarm_1s_kinematics) by extension 'colcon_meta'
[0.811s] Level 1:colcon.colcon_core.package_identification:_identify(src/xarm_1s_kinematics) by extensions ['ros']
[0.811s] Level 1:colcon.colcon_core.package_identification:_identify(src/xarm_1s_kinematics) by extension 'ros'
[0.814s] DEBUG:colcon.colcon_core.package_identification:Package 'src/xarm_1s_kinematics' with type 'ros.ament_cmake' and name 'xarm_1s_kinematics'
[0.814s] Level 1:colcon.colcon_core.package_identification:_identify(src/xarm_1s_messages) by extensions ['ignore', 'ignore_ament_install']
[0.814s] Level 1:colcon.colcon_core.package_identification:_identify(src/xarm_1s_messages) by extension 'ignore'
[0.814s] Level 1:colcon.colcon_core.package_identification:_identify(src/xarm_1s_messages) by extension 'ignore_ament_install'
[0.814s] Level 1:colcon.colcon_core.package_identification:_identify(src/xarm_1s_messages) by extensions ['colcon_pkg']
[0.814s] Level 1:colcon.colcon_core.package_identification:_identify(src/xarm_1s_messages) by extension 'colcon_pkg'
[0.814s] Level 1:colcon.colcon_core.package_identification:_identify(src/xarm_1s_messages) by extensions ['colcon_meta']
[0.815s] Level 1:colcon.colcon_core.package_identification:_identify(src/xarm_1s_messages) by extension 'colcon_meta'
[0.815s] Level 1:colcon.colcon_core.package_identification:_identify(src/xarm_1s_messages) by extensions ['ros']
[0.815s] Level 1:colcon.colcon_core.package_identification:_identify(src/xarm_1s_messages) by extension 'ros'
[0.816s] DEBUG:colcon.colcon_core.package_identification:Package 'src/xarm_1s_messages' with type 'ros.ament_cmake' and name 'xarm_1s_messages'
[0.816s] Level 1:colcon.colcon_core.package_discovery:discover_packages(recursive) using defaults
[0.817s] Level 1:colcon.colcon_core.package_discovery:discover_packages(ignore) discover
[0.817s] Level 1:colcon.colcon_core.package_discovery:discover_packages(ignore) using defaults
[0.817s] Level 1:colcon.colcon_core.package_discovery:discover_packages(path) discover
[0.817s] Level 1:colcon.colcon_core.package_discovery:discover_packages(path) using defaults
[0.855s] Level 1:colcon.colcon_core.package_discovery:discover_packages(prefix_path) check parameters
[0.855s] Level 1:colcon.colcon_core.package_discovery:discover_packages(prefix_path) discover
[0.861s] DEBUG:colcon.colcon_installed_package_information.package_discovery:Found 5 installed packages in /home/kevo/robotics_inc/xarm_1s/install
[0.864s] DEBUG:colcon.colcon_installed_package_information.package_discovery:Found 57 installed packages in /home/kevo/ws_moveit2/install
[0.866s] DEBUG:colcon.colcon_installed_package_information.package_discovery:Found 377 installed packages in /opt/ros/humble
[0.872s] Level 1:colcon.colcon_core.package_discovery:discover_packages(prefix_path) using defaults
[0.959s] Level 5:colcon.colcon_core.verb:set package 'xarm_1s_description' build argument 'cmake_args' from command line to 'None'
[0.959s] Level 5:colcon.colcon_core.verb:set package 'xarm_1s_description' build argument 'cmake_target' from command line to 'None'
[0.959s] Level 5:colcon.colcon_core.verb:set package 'xarm_1s_description' build argument 'cmake_target_skip_unavailable' from command line to 'False'
[0.959s] Level 5:colcon.colcon_core.verb:set package 'xarm_1s_description' build argument 'cmake_clean_cache' from command line to 'False'
[0.959s] Level 5:colcon.colcon_core.verb:set package 'xarm_1s_description' build argument 'cmake_clean_first' from command line to 'False'
[0.959s] Level 5:colcon.colcon_core.verb:set package 'xarm_1s_description' build argument 'cmake_force_configure' from command line to 'False'
[0.959s] Level 5:colcon.colcon_core.verb:set package 'xarm_1s_description' build argument 'ament_cmake_args' from command line to 'None'
[0.959s] Level 5:colcon.colcon_core.verb:set package 'xarm_1s_description' build argument 'catkin_cmake_args' from command line to 'None'
[0.959s] Level 5:colcon.colcon_core.verb:set package 'xarm_1s_description' build argument 'catkin_skip_building_tests' from command line to 'False'
[0.959s] DEBUG:colcon.colcon_core.verb:Building package 'xarm_1s_description' with the following arguments: {'ament_cmake_args': None, 'build_base': '/home/kevo/robotics_inc/xarm_1s/build/xarm_1s_description', 'catkin_cmake_args': None, 'catkin_skip_building_tests': False, 'cmake_args': None, 'cmake_clean_cache': False, 'cmake_clean_first': False, 'cmake_force_configure': False, 'cmake_target': None, 'cmake_target_skip_unavailable': False, 'install_base': '/home/kevo/robotics_inc/xarm_1s/install/xarm_1s_description', 'merge_install': False, 'path': '/home/kevo/robotics_inc/xarm_1s/src/xarm_1s_description', 'symlink_install': False, 'test_result_base': None}
[0.960s] Level 5:colcon.colcon_core.verb:set package 'xarm_1s_hardware_interface' build argument 'cmake_args' from command line to 'None'
[0.960s] Level 5:colcon.colcon_core.verb:set package 'xarm_1s_hardware_interface' build argument 'cmake_target' from command line to 'None'
[0.960s] Level 5:colcon.colcon_core.verb:set package 'xarm_1s_hardware_interface' build argument 'cmake_target_skip_unavailable' from command line to 'False'
[0.960s] Level 5:colcon.colcon_core.verb:set package 'xarm_1s_hardware_interface' build argument 'cmake_clean_cache' from command line to 'False'
[0.960s] Level 5:colcon.colcon_core.verb:set package 'xarm_1s_hardware_interface' build argument 'cmake_clean_first' from command line to 'False'
[0.960s] Level 5:colcon.colcon_core.verb:set package 'xarm_1s_hardware_interface' build argument 'cmake_force_configure' from command line to 'False'
[0.960s] Level 5:colcon.colcon_core.verb:set package 'xarm_1s_hardware_interface' build argument 'ament_cmake_args' from command line to 'None'
[0.960s] Level 5:colcon.colcon_core.verb:set package 'xarm_1s_hardware_interface' build argument 'catkin_cmake_args' from command line to 'None'
[0.960s] Level 5:colcon.colcon_core.verb:set package 'xarm_1s_hardware_interface' build argument 'catkin_skip_building_tests' from command line to 'False'
[0.960s] DEBUG:colcon.colcon_core.verb:Building package 'xarm_1s_hardware_interface' with the following arguments: {'ament_cmake_args': None, 'build_base': '/home/kevo/robotics_inc/xarm_1s/build/xarm_1s_hardware_interface', 'catkin_cmake_args': None, 'catkin_skip_building_tests': False, 'cmake_args': None, 'cmake_clean_cache': False, 'cmake_clean_first': False, 'cmake_force_configure': False, 'cmake_target': None, 'cmake_target_skip_unavailable': False, 'install_base': '/home/kevo/robotics_inc/xarm_1s/install/xarm_1s_hardware_interface', 'merge_install': False, 'path': '/home/kevo/robotics_inc/xarm_1s/src/xarm_1s_hardware_interface', 'symlink_install': False, 'test_result_base': None}
[0.961s] Level 5:colcon.colcon_core.verb:set package 'xarm_1s_joy' build argument 'cmake_args' from command line to 'None'
[0.961s] Level 5:colcon.colcon_core.verb:set package 'xarm_1s_joy' build argument 'cmake_target' from command line to 'None'
[0.961s] Level 5:colcon.colcon_core.verb:set package 'xarm_1s_joy' build argument 'cmake_target_skip_unavailable' from command line to 'False'
[0.961s] Level 5:colcon.colcon_core.verb:set package 'xarm_1s_joy' build argument 'cmake_clean_cache' from command line to 'False'
[0.961s] Level 5:colcon.colcon_core.verb:set package 'xarm_1s_joy' build argument 'cmake_clean_first' from command line to 'False'
[0.961s] Level 5:colcon.colcon_core.verb:set package 'xarm_1s_joy' build argument 'cmake_force_configure' from command line to 'False'
[0.961s] Level 5:colcon.colcon_core.verb:set package 'xarm_1s_joy' build argument 'ament_cmake_args' from command line to 'None'
[0.961s] Level 5:colcon.colcon_core.verb:set package 'xarm_1s_joy' build argument 'catkin_cmake_args' from command line to 'None'
[0.961s] Level 5:colcon.colcon_core.verb:set package 'xarm_1s_joy' build argument 'catkin_skip_building_tests' from command line to 'False'
[0.962s] DEBUG:colcon.colcon_core.verb:Building package 'xarm_1s_joy' with the following arguments: {'ament_cmake_args': None, 'build_base': '/home/kevo/robotics_inc/xarm_1s/build/xarm_1s_joy', 'catkin_cmake_args': None, 'catkin_skip_building_tests': False, 'cmake_args': None, 'cmake_clean_cache': False, 'cmake_clean_first': False, 'cmake_force_configure': False, 'cmake_target': None, 'cmake_target_skip_unavailable': False, 'install_base': '/home/kevo/robotics_inc/xarm_1s/install/xarm_1s_joy', 'merge_install': False, 'path': '/home/kevo/robotics_inc/xarm_1s/src/xarm_1s_joy', 'symlink_install': False, 'test_result_base': None}
[0.962s] Level 5:colcon.colcon_core.verb:set package 'xarm_1s_messages' build argument 'cmake_args' from command line to 'None'
[0.962s] Level 5:colcon.colcon_core.verb:set package 'xarm_1s_messages' build argument 'cmake_target' from command line to 'None'
[0.962s] Level 5:colcon.colcon_core.verb:set package 'xarm_1s_messages' build argument 'cmake_target_skip_unavailable' from command line to 'False'
[0.962s] Level 5:colcon.colcon_core.verb:set package 'xarm_1s_messages' build argument 'cmake_clean_cache' from command line to 'False'
[0.962s] Level 5:colcon.colcon_core.verb:set package 'xarm_1s_messages' build argument 'cmake_clean_first' from command line to 'False'
[0.962s] Level 5:colcon.colcon_core.verb:set package 'xarm_1s_messages' build argument 'cmake_force_configure' from command line to 'False'
[0.962s] Level 5:colcon.colcon_core.verb:set package 'xarm_1s_messages' build argument 'ament_cmake_args' from command line to 'None'
[0.962s] Level 5:colcon.colcon_core.verb:set package 'xarm_1s_messages' build argument 'catkin_cmake_args' from command line to 'None'
[0.963s] Level 5:colcon.colcon_core.verb:set package 'xarm_1s_messages' build argument 'catkin_skip_building_tests' from command line to 'False'
[0.963s] DEBUG:colcon.colcon_core.verb:Building package 'xarm_1s_messages' with the following arguments: {'ament_cmake_args': None, 'build_base': '/home/kevo/robotics_inc/xarm_1s/build/xarm_1s_messages', 'catkin_cmake_args': None, 'catkin_skip_building_tests': False, 'cmake_args': None, 'cmake_clean_cache': False, 'cmake_clean_first': False, 'cmake_force_configure': False, 'cmake_target': None, 'cmake_target_skip_unavailable': False, 'install_base': '/home/kevo/robotics_inc/xarm_1s/install/xarm_1s_messages', 'merge_install': False, 'path': '/home/kevo/robotics_inc/xarm_1s/src/xarm_1s_messages', 'symlink_install': False, 'test_result_base': None}
[0.963s] Level 5:colcon.colcon_core.verb:set package 'xarm_1s_kinematics' build argument 'cmake_args' from command line to 'None'
[0.963s] Level 5:colcon.colcon_core.verb:set package 'xarm_1s_kinematics' build argument 'cmake_target' from command line to 'None'
[0.963s] Level 5:colcon.colcon_core.verb:set package 'xarm_1s_kinematics' build argument 'cmake_target_skip_unavailable' from command line to 'False'
[0.963s] Level 5:colcon.colcon_core.verb:set package 'xarm_1s_kinematics' build argument 'cmake_clean_cache' from command line to 'False'
[0.963s] Level 5:colcon.colcon_core.verb:set package 'xarm_1s_kinematics' build argument 'cmake_clean_first' from command line to 'False'
[0.963s] Level 5:colcon.colcon_core.verb:set package 'xarm_1s_kinematics' build argument 'cmake_force_configure' from command line to 'False'
[0.963s] Level 5:colcon.colcon_core.verb:set package 'xarm_1s_kinematics' build argument 'ament_cmake_args' from command line to 'None'
[0.963s] Level 5:colcon.colcon_core.verb:set package 'xarm_1s_kinematics' build argument 'catkin_cmake_args' from command line to 'None'
[0.964s] Level 5:colcon.colcon_core.verb:set package 'xarm_1s_kinematics' build argument 'catkin_skip_building_tests' from command line to 'False'
[0.964s] DEBUG:colcon.colcon_core.verb:Building package 'xarm_1s_kinematics' with the following arguments: {'ament_cmake_args': None, 'build_base': '/home/kevo/robotics_inc/xarm_1s/build/xarm_1s_kinematics', 'catkin_cmake_args': None, 'catkin_skip_building_tests': False, 'cmake_args': None, 'cmake_clean_cache': False, 'cmake_clean_first': False, 'cmake_force_configure': False, 'cmake_target': None, 'cmake_target_skip_unavailable': False, 'install_base': '/home/kevo/robotics_inc/xarm_1s/install/xarm_1s_kinematics', 'merge_install': False, 'path': '/home/kevo/robotics_inc/xarm_1s/src/xarm_1s_kinematics', 'symlink_install': False, 'test_result_base': None}
[0.964s] INFO:colcon.colcon_core.executor:Executing jobs using 'parallel' executor
[0.966s] DEBUG:colcon.colcon_parallel_executor.executor.parallel:run_until_complete
[0.966s] INFO:colcon.colcon_ros.task.ament_cmake.build:Building ROS package in '/home/kevo/robotics_inc/xarm_1s/src/xarm_1s_description' with build type 'ament_cmake'
[0.966s] INFO:colcon.colcon_cmake.task.cmake.build:Building CMake package in '/home/kevo/robotics_inc/xarm_1s/src/xarm_1s_description'
[0.972s] INFO:colcon.colcon_core.plugin_system:Skipping extension 'colcon_core.shell.bat': Not used on non-Windows systems
[0.972s] INFO:colcon.colcon_core.shell:Skip shell extension 'powershell' for command environment: Not usable outside of PowerShell
[0.972s] DEBUG:colcon.colcon_core.shell:Skip shell extension 'dsv' for command environment
[0.987s] INFO:colcon.colcon_ros.task.ament_cmake.build:Building ROS package in '/home/kevo/robotics_inc/xarm_1s/src/xarm_1s_hardware_interface' with build type 'ament_cmake'
[0.987s] INFO:colcon.colcon_cmake.task.cmake.build:Building CMake package in '/home/kevo/robotics_inc/xarm_1s/src/xarm_1s_hardware_interface'
[0.987s] INFO:colcon.colcon_core.shell:Skip shell extension 'powershell' for command environment: Not usable outside of PowerShell
[0.988s] DEBUG:colcon.colcon_core.shell:Skip shell extension 'dsv' for command environment
[1.004s] INFO:colcon.colcon_ros.task.ament_cmake.build:Building ROS package in '/home/kevo/robotics_inc/xarm_1s/src/xarm_1s_joy' with build type 'ament_cmake'
[1.004s] INFO:colcon.colcon_cmake.task.cmake.build:Building CMake package in '/home/kevo/robotics_inc/xarm_1s/src/xarm_1s_joy'
[1.005s] INFO:colcon.colcon_core.shell:Skip shell extension 'powershell' for command environment: Not usable outside of PowerShell
[1.006s] DEBUG:colcon.colcon_core.shell:Skip shell extension 'dsv' for command environment
[1.025s] INFO:colcon.colcon_ros.task.ament_cmake.build:Building ROS package in '/home/kevo/robotics_inc/xarm_1s/src/xarm_1s_messages' with build type 'ament_cmake'
[1.025s] INFO:colcon.colcon_cmake.task.cmake.build:Building CMake package in '/home/kevo/robotics_inc/xarm_1s/src/xarm_1s_messages'
[1.026s] INFO:colcon.colcon_core.shell:Skip shell extension 'powershell' for command environment: Not usable outside of PowerShell
[1.026s] DEBUG:colcon.colcon_core.shell:Skip shell extension 'dsv' for command environment
[1.062s] DEBUG:colcon.colcon_core.event_handler.log_command:Invoking command in '/home/kevo/robotics_inc/xarm_1s/build/xarm_1s_description': CMAKE_PREFIX_PATH=${CMAKE_PREFIX_PATH}:/home/kevo/ws_moveit2/install/moveit_configs_utils:/home/kevo/ws_moveit2/install/launch_param_builder:/opt/ros/humble /usr/bin/cmake --build /home/kevo/robotics_inc/xarm_1s/build/xarm_1s_description -- -j8 -l8
[1.072s] DEBUG:colcon.colcon_core.event_handler.log_command:Invoking command in '/home/kevo/robotics_inc/xarm_1s/build/xarm_1s_hardware_interface': CMAKE_PREFIX_PATH=${CMAKE_PREFIX_PATH}:/home/kevo/ws_moveit2/install/moveit_configs_utils:/home/kevo/ws_moveit2/install/launch_param_builder:/opt/ros/humble /usr/bin/cmake --build /home/kevo/robotics_inc/xarm_1s/build/xarm_1s_hardware_interface -- -j8 -l8
[1.091s] DEBUG:colcon.colcon_core.event_handler.log_command:Invoking command in '/home/kevo/robotics_inc/xarm_1s/build/xarm_1s_joy': CMAKE_PREFIX_PATH=${CMAKE_PREFIX_PATH}:/home/kevo/ws_moveit2/install/moveit_configs_utils:/home/kevo/ws_moveit2/install/launch_param_builder:/opt/ros/humble /usr/bin/cmake --build /home/kevo/robotics_inc/xarm_1s/build/xarm_1s_joy -- -j8 -l8
[1.107s] DEBUG:colcon.colcon_core.event_handler.log_command:Invoking command in '/home/kevo/robotics_inc/xarm_1s/build/xarm_1s_messages': CMAKE_PREFIX_PATH=${CMAKE_PREFIX_PATH}:/home/kevo/ws_moveit2/install/moveit_configs_utils:/home/kevo/ws_moveit2/install/launch_param_builder:/opt/ros/humble /usr/bin/cmake --build /home/kevo/robotics_inc/xarm_1s/build/xarm_1s_messages -- -j8 -l8
[1.197s] DEBUG:colcon.colcon_core.event_handler.log_command:Invoked command in '/home/kevo/robotics_inc/xarm_1s/build/xarm_1s_description' returned '0': CMAKE_PREFIX_PATH=${CMAKE_PREFIX_PATH}:/home/kevo/ws_moveit2/install/moveit_configs_utils:/home/kevo/ws_moveit2/install/launch_param_builder:/opt/ros/humble /usr/bin/cmake --build /home/kevo/robotics_inc/xarm_1s/build/xarm_1s_description -- -j8 -l8
[1.297s] DEBUG:colcon.colcon_core.event_handler.log_command:Invoking command in '/home/kevo/robotics_inc/xarm_1s/build/xarm_1s_description': CMAKE_PREFIX_PATH=${CMAKE_PREFIX_PATH}:/home/kevo/ws_moveit2/install/moveit_configs_utils:/home/kevo/ws_moveit2/install/launch_param_builder:/opt/ros/humble /usr/bin/cmake --install /home/kevo/robotics_inc/xarm_1s/build/xarm_1s_description
[1.347s] DEBUG:colcon.colcon_core.event_handler.log_command:Invoked command in '/home/kevo/robotics_inc/xarm_1s/build/xarm_1s_joy' returned '0': CMAKE_PREFIX_PATH=${CMAKE_PREFIX_PATH}:/home/kevo/ws_moveit2/install/moveit_configs_utils:/home/kevo/ws_moveit2/install/launch_param_builder:/opt/ros/humble /usr/bin/cmake --build /home/kevo/robotics_inc/xarm_1s/build/xarm_1s_joy -- -j8 -l8
[1.352s] Level 1:colcon.colcon_core.environment:create_environment_scripts_only(xarm_1s_description)
[1.357s] Level 1:colcon.colcon_core.environment:checking '/home/kevo/robotics_inc/xarm_1s/install/xarm_1s_description' for CMake module files
[1.358s] Level 1:colcon.colcon_core.environment:checking '/home/kevo/robotics_inc/xarm_1s/install/xarm_1s_description' for CMake config files
[1.359s] Level 1:colcon.colcon_core.shell:create_environment_hook('xarm_1s_description', 'cmake_prefix_path')
[1.360s] INFO:colcon.colcon_core.shell:Creating environment hook '/home/kevo/robotics_inc/xarm_1s/install/xarm_1s_description/share/xarm_1s_description/hook/cmake_prefix_path.ps1'
[1.361s] INFO:colcon.colcon_core.shell:Creating environment descriptor '/home/kevo/robotics_inc/xarm_1s/install/xarm_1s_description/share/xarm_1s_description/hook/cmake_prefix_path.dsv'
[1.363s] INFO:colcon.colcon_core.shell:Creating environment hook '/home/kevo/robotics_inc/xarm_1s/install/xarm_1s_description/share/xarm_1s_description/hook/cmake_prefix_path.sh'
[1.365s] Level 1:colcon.colcon_core.environment:checking '/home/kevo/robotics_inc/xarm_1s/install/xarm_1s_description/bin'
[1.366s] Level 1:colcon.colcon_core.environment:checking '/home/kevo/robotics_inc/xarm_1s/install/xarm_1s_description/lib/pkgconfig/xarm_1s_description.pc'
[1.366s] Level 1:colcon.colcon_core.environment:checking '/home/kevo/robotics_inc/xarm_1s/install/xarm_1s_description/lib/python3.10/site-packages'
[1.367s] Level 1:colcon.colcon_core.environment:checking '/home/kevo/robotics_inc/xarm_1s/install/xarm_1s_description/bin'
[1.368s] INFO:colcon.colcon_core.shell:Creating package script '/home/kevo/robotics_inc/xarm_1s/install/xarm_1s_description/share/xarm_1s_description/package.ps1'
[1.372s] DEBUG:colcon.colcon_core.event_handler.log_command:Invoked command in '/home/kevo/robotics_inc/xarm_1s/build/xarm_1s_description' returned '0': CMAKE_PREFIX_PATH=${CMAKE_PREFIX_PATH}:/home/kevo/ws_moveit2/install/moveit_configs_utils:/home/kevo/ws_moveit2/install/launch_param_builder:/opt/ros/humble /usr/bin/cmake --install /home/kevo/robotics_inc/xarm_1s/build/xarm_1s_description
[1.374s] INFO:colcon.colcon_core.shell:Creating package descriptor '/home/kevo/robotics_inc/xarm_1s/install/xarm_1s_description/share/xarm_1s_description/package.dsv'
[1.376s] INFO:colcon.colcon_core.shell:Creating package script '/home/kevo/robotics_inc/xarm_1s/install/xarm_1s_description/share/xarm_1s_description/package.sh'
[1.378s] INFO:colcon.colcon_core.shell:Creating package script '/home/kevo/robotics_inc/xarm_1s/install/xarm_1s_description/share/xarm_1s_description/package.bash'
[1.381s] INFO:colcon.colcon_core.shell:Creating package script '/home/kevo/robotics_inc/xarm_1s/install/xarm_1s_description/share/xarm_1s_description/package.zsh'
[1.383s] Level 1:colcon.colcon_core.environment:create_file_with_runtime_dependencies(/home/kevo/robotics_inc/xarm_1s/install/xarm_1s_description/share/colcon-core/packages/xarm_1s_description)
[1.439s] DEBUG:colcon.colcon_core.event_handler.log_command:Invoking command in '/home/kevo/robotics_inc/xarm_1s/build/xarm_1s_joy': CMAKE_PREFIX_PATH=${CMAKE_PREFIX_PATH}:/home/kevo/ws_moveit2/install/moveit_configs_utils:/home/kevo/ws_moveit2/install/launch_param_builder:/opt/ros/humble /usr/bin/cmake --install /home/kevo/robotics_inc/xarm_1s/build/xarm_1s_joy
[1.457s] Level 1:colcon.colcon_core.environment:create_environment_scripts_only(xarm_1s_description)
[1.458s] Level 1:colcon.colcon_core.environment:checking '/home/kevo/robotics_inc/xarm_1s/install/xarm_1s_description' for CMake module files
[1.459s] Level 1:colcon.colcon_core.environment:checking '/home/kevo/robotics_inc/xarm_1s/install/xarm_1s_description' for CMake config files
[1.460s] Level 1:colcon.colcon_core.shell:create_environment_hook('xarm_1s_description', 'cmake_prefix_path')
[1.460s] INFO:colcon.colcon_core.shell:Creating environment hook '/home/kevo/robotics_inc/xarm_1s/install/xarm_1s_description/share/xarm_1s_description/hook/cmake_prefix_path.ps1'
[1.464s] INFO:colcon.colcon_core.shell:Creating environment descriptor '/home/kevo/robotics_inc/xarm_1s/install/xarm_1s_description/share/xarm_1s_description/hook/cmake_prefix_path.dsv'
[1.471s] INFO:colcon.colcon_core.shell:Creating environment hook '/home/kevo/robotics_inc/xarm_1s/install/xarm_1s_description/share/xarm_1s_description/hook/cmake_prefix_path.sh'
[1.474s] Level 1:colcon.colcon_core.environment:checking '/home/kevo/robotics_inc/xarm_1s/install/xarm_1s_description/bin'
[1.474s] Level 1:colcon.colcon_core.environment:checking '/home/kevo/robotics_inc/xarm_1s/install/xarm_1s_description/lib/pkgconfig/xarm_1s_description.pc'
[1.475s] Level 1:colcon.colcon_core.environment:checking '/home/kevo/robotics_inc/xarm_1s/install/xarm_1s_description/lib/python3.10/site-packages'
[1.475s] Level 1:colcon.colcon_core.environment:checking '/home/kevo/robotics_inc/xarm_1s/install/xarm_1s_description/bin'
[1.476s] INFO:colcon.colcon_core.shell:Creating package script '/home/kevo/robotics_inc/xarm_1s/install/xarm_1s_description/share/xarm_1s_description/package.ps1'
[1.477s] INFO:colcon.colcon_core.shell:Creating package descriptor '/home/kevo/robotics_inc/xarm_1s/install/xarm_1s_description/share/xarm_1s_description/package.dsv'
[1.477s] INFO:colcon.colcon_core.shell:Creating package script '/home/kevo/robotics_inc/xarm_1s/install/xarm_1s_description/share/xarm_1s_description/package.sh'
[1.478s] INFO:colcon.colcon_core.shell:Creating package script '/home/kevo/robotics_inc/xarm_1s/install/xarm_1s_description/share/xarm_1s_description/package.bash'
[1.479s] INFO:colcon.colcon_core.shell:Creating package script '/home/kevo/robotics_inc/xarm_1s/install/xarm_1s_description/share/xarm_1s_description/package.zsh'
[1.479s] Level 1:colcon.colcon_core.environment:create_file_with_runtime_dependencies(/home/kevo/robotics_inc/xarm_1s/install/xarm_1s_description/share/colcon-core/packages/xarm_1s_description)
[1.480s] INFO:colcon.colcon_ros.task.ament_cmake.build:Building ROS package in '/home/kevo/robotics_inc/xarm_1s/src/xarm_1s_kinematics' with build type 'ament_cmake'
[1.481s] INFO:colcon.colcon_cmake.task.cmake.build:Building CMake package in '/home/kevo/robotics_inc/xarm_1s/src/xarm_1s_kinematics'
[1.481s] INFO:colcon.colcon_core.shell:Skip shell extension 'powershell' for command environment: Not usable outside of PowerShell
[1.482s] DEBUG:colcon.colcon_core.shell:Skip shell extension 'dsv' for command environment
[1.506s] Level 1:colcon.colcon_core.environment:create_environment_scripts_only(xarm_1s_joy)
[1.507s] Level 1:colcon.colcon_core.environment:checking '/home/kevo/robotics_inc/xarm_1s/install/xarm_1s_joy' for CMake module files
[1.509s] DEBUG:colcon.colcon_core.event_handler.log_command:Invoked command in '/home/kevo/robotics_inc/xarm_1s/build/xarm_1s_joy' returned '0': CMAKE_PREFIX_PATH=${CMAKE_PREFIX_PATH}:/home/kevo/ws_moveit2/install/moveit_configs_utils:/home/kevo/ws_moveit2/install/launch_param_builder:/opt/ros/humble /usr/bin/cmake --install /home/kevo/robotics_inc/xarm_1s/build/xarm_1s_joy
[1.509s] Level 1:colcon.colcon_core.environment:checking '/home/kevo/robotics_inc/xarm_1s/install/xarm_1s_joy' for CMake config files
[1.510s] Level 1:colcon.colcon_core.shell:create_environment_hook('xarm_1s_joy', 'cmake_prefix_path')
[1.511s] INFO:colcon.colcon_core.shell:Creating environment hook '/home/kevo/robotics_inc/xarm_1s/install/xarm_1s_joy/share/xarm_1s_joy/hook/cmake_prefix_path.ps1'
[1.512s] INFO:colcon.colcon_core.shell:Creating environment descriptor '/home/kevo/robotics_inc/xarm_1s/install/xarm_1s_joy/share/xarm_1s_joy/hook/cmake_prefix_path.dsv'
[1.513s] INFO:colcon.colcon_core.shell:Creating environment hook '/home/kevo/robotics_inc/xarm_1s/install/xarm_1s_joy/share/xarm_1s_joy/hook/cmake_prefix_path.sh'
[1.514s] Level 1:colcon.colcon_core.environment:checking '/home/kevo/robotics_inc/xarm_1s/install/xarm_1s_joy/lib'
[1.515s] Level 1:colcon.colcon_core.environment:checking '/home/kevo/robotics_inc/xarm_1s/install/xarm_1s_joy/bin'
[1.515s] Level 1:colcon.colcon_core.environment:checking '/home/kevo/robotics_inc/xarm_1s/install/xarm_1s_joy/lib/pkgconfig/xarm_1s_joy.pc'
[1.516s] Level 1:colcon.colcon_core.environment:checking '/home/kevo/robotics_inc/xarm_1s/install/xarm_1s_joy/lib/python3.10/site-packages'
[1.516s] Level 1:colcon.colcon_core.environment:checking '/home/kevo/robotics_inc/xarm_1s/install/xarm_1s_joy/bin'
[1.517s] INFO:colcon.colcon_core.shell:Creating package script '/home/kevo/robotics_inc/xarm_1s/install/xarm_1s_joy/share/xarm_1s_joy/package.ps1'
[1.518s] INFO:colcon.colcon_core.shell:Creating package descriptor '/home/kevo/robotics_inc/xarm_1s/install/xarm_1s_joy/share/xarm_1s_joy/package.dsv'
[1.519s] INFO:colcon.colcon_core.shell:Creating package script '/home/kevo/robotics_inc/xarm_1s/install/xarm_1s_joy/share/xarm_1s_joy/package.sh'
[1.520s] INFO:colcon.colcon_core.shell:Creating package script '/home/kevo/robotics_inc/xarm_1s/install/xarm_1s_joy/share/xarm_1s_joy/package.bash'
[1.522s] INFO:colcon.colcon_core.shell:Creating package script '/home/kevo/robotics_inc/xarm_1s/install/xarm_1s_joy/share/xarm_1s_joy/package.zsh'
[1.524s] Level 1:colcon.colcon_core.environment:create_file_with_runtime_dependencies(/home/kevo/robotics_inc/xarm_1s/install/xarm_1s_joy/share/colcon-core/packages/xarm_1s_joy)
[1.594s] DEBUG:colcon.colcon_core.event_handler.log_command:Invoking command in '/home/kevo/robotics_inc/xarm_1s/build/xarm_1s_kinematics': CMAKE_PREFIX_PATH=/home/kevo/robotics_inc/xarm_1s/install/xarm_1s_description:/home/kevo/robotics_inc/xarm_1s/install/xarm_1s_kinematics:/home/kevo/robotics_inc/xarm_1s/install/xarm_1s_messages:/home/kevo/robotics_inc/xarm_1s/install/xarm_1s_joy:/home/kevo/robotics_inc/xarm_1s/install/xarm_1s_hardware_interface:/home/kevo/ws_moveit2/install/pilz_industrial_motion_planner_testutils:/home/kevo/ws_moveit2/install/panda_moveit_config:/home/kevo/ws_moveit2/install/moveit_runtime:/home/kevo/ws_moveit2/install/moveit2_tutorials:/home/kevo/ws_moveit2/install/moveit:/home/kevo/ws_moveit2/install/moveit_planners:/home/kevo/ws_moveit2/install/pilz_industrial_motion_planner:/home/kevo/ws_moveit2/install/mtc_tutorial:/home/kevo/ws_moveit2/install/moveit_visual_tools:/home/kevo/ws_moveit2/install/moveit_task_constructor_visualization:/home/kevo/ws_moveit2/install/moveit_task_constructor_demo:/home/kevo/ws_moveit2/install/moveit_task_constructor_capabilities:/home/kevo/ws_moveit2/install/moveit_task_constructor_core:/home/kevo/ws_moveit2/install/moveit_ros_control_interface:/home/kevo/ws_moveit2/install/moveit_plugins:/home/kevo/ws_moveit2/install/moveit_simple_controller_manager:/home/kevo/ws_moveit2/install/moveit_setup_assistant:/home/kevo/ws_moveit2/install/moveit_setup_srdf_plugins:/home/kevo/ws_moveit2/install/moveit_setup_core_plugins:/home/kevo/ws_moveit2/install/moveit_setup_controllers:/home/kevo/ws_moveit2/install/moveit_setup_app_plugins:/home/kevo/ws_moveit2/install/moveit_setup_framework:/home/kevo/ws_moveit2/install/moveit_servo:/home/kevo/ws_moveit2/install/moveit_ros:/home/kevo/ws_moveit2/install/moveit_ros_visualization:/home/kevo/ws_moveit2/install/moveit_hybrid_planning:/home/kevo/ws_moveit2/install/moveit_ros_planning_interface:/home/kevo/ws_moveit2/install/moveit_ros_benchmarks:/home/kevo/ws_moveit2/install/moveit_ros_warehouse:/home/kevo/ws_moveit2/install/moveit_ros_robot_interaction:/home/kevo/ws_moveit2/install/moveit_ros_perception:/home/kevo/ws_moveit2/install/moveit_resources_prbt_pg70_support:/home/kevo/ws_moveit2/install/moveit_resources_prbt_moveit_config:/home/kevo/ws_moveit2/install/moveit_ros_move_group:/home/kevo/ws_moveit2/install/moveit_planners_ompl:/home/kevo/ws_moveit2/install/moveit_ros_planning:/home/kevo/ws_moveit2/install/moveit_ros_occupancy_map_monitor:/home/kevo/ws_moveit2/install/moveit_resources_prbt_ikfast_manipulator_plugin:/home/kevo/ws_moveit2/install/moveit_planners_chomp:/home/kevo/ws_moveit2/install/moveit_kinematics:/home/kevo/ws_moveit2/install/moveit_chomp_optimizer_adapter:/home/kevo/ws_moveit2/install/chomp_motion_planner:/home/kevo/ws_moveit2/install/moveit_core:/home/kevo/ws_moveit2/install/srdfdom:/home/kevo/ws_moveit2/install/rviz_marker_tools:/home/kevo/ws_moveit2/install/rosparam_shortcuts:/home/kevo/ws_moveit2/install/moveit_task_constructor_msgs:/home/kevo/ws_moveit2/install/moveit_resources_prbt_support:/home/kevo/ws_moveit2/install/moveit_resources:/home/kevo/ws_moveit2/install/moveit_resources_pr2_description:/home/kevo/ws_moveit2/install/moveit_resources_panda_moveit_config:/home/kevo/ws_moveit2/install/moveit_resources_panda_description:/home/kevo/ws_moveit2/install/moveit_resources_fanuc_moveit_config:/home/kevo/ws_moveit2/install/moveit_resources_fanuc_description:/home/kevo/ws_moveit2/install/moveit_common:/home/kevo/ws_moveit2/install/moveit_configs_utils:/home/kevo/ws_moveit2/install/launch_param_builder:/opt/ros/humble /usr/bin/cmake --build /home/kevo/robotics_inc/xarm_1s/build/xarm_1s_kinematics -- -j8 -l8
[1.615s] Level 1:colcon.colcon_core.environment:create_environment_scripts_only(xarm_1s_joy)
[1.616s] Level 1:colcon.colcon_core.environment:checking '/home/kevo/robotics_inc/xarm_1s/install/xarm_1s_joy' for CMake module files
[1.620s] Level 1:colcon.colcon_core.environment:checking '/home/kevo/robotics_inc/xarm_1s/install/xarm_1s_joy' for CMake config files
[1.620s] Level 1:colcon.colcon_core.shell:create_environment_hook('xarm_1s_joy', 'cmake_prefix_path')
[1.621s] INFO:colcon.colcon_core.shell:Creating environment hook '/home/kevo/robotics_inc/xarm_1s/install/xarm_1s_joy/share/xarm_1s_joy/hook/cmake_prefix_path.ps1'
[1.622s] INFO:colcon.colcon_core.shell:Creating environment descriptor '/home/kevo/robotics_inc/xarm_1s/install/xarm_1s_joy/share/xarm_1s_joy/hook/cmake_prefix_path.dsv'
[1.623s] INFO:colcon.colcon_core.shell:Creating environment hook '/home/kevo/robotics_inc/xarm_1s/install/xarm_1s_joy/share/xarm_1s_joy/hook/cmake_prefix_path.sh'
[1.625s] Level 1:colcon.colcon_core.environment:checking '/home/kevo/robotics_inc/xarm_1s/install/xarm_1s_joy/lib'
[1.625s] Level 1:colcon.colcon_core.environment:checking '/home/kevo/robotics_inc/xarm_1s/install/xarm_1s_joy/bin'
[1.626s] Level 1:colcon.colcon_core.environment:checking '/home/kevo/robotics_inc/xarm_1s/install/xarm_1s_joy/lib/pkgconfig/xarm_1s_joy.pc'
[1.626s] Level 1:colcon.colcon_core.environment:checking '/home/kevo/robotics_inc/xarm_1s/install/xarm_1s_joy/lib/python3.10/site-packages'
[1.630s] Level 1:colcon.colcon_core.environment:checking '/home/kevo/robotics_inc/xarm_1s/install/xarm_1s_joy/bin'
[1.631s] INFO:colcon.colcon_core.shell:Creating package script '/home/kevo/robotics_inc/xarm_1s/install/xarm_1s_joy/share/xarm_1s_joy/package.ps1'
[1.632s] INFO:colcon.colcon_core.shell:Creating package descriptor '/home/kevo/robotics_inc/xarm_1s/install/xarm_1s_joy/share/xarm_1s_joy/package.dsv'
[1.637s] INFO:colcon.colcon_core.shell:Creating package script '/home/kevo/robotics_inc/xarm_1s/install/xarm_1s_joy/share/xarm_1s_joy/package.sh'
[1.638s] INFO:colcon.colcon_core.shell:Creating package script '/home/kevo/robotics_inc/xarm_1s/install/xarm_1s_joy/share/xarm_1s_joy/package.bash'
[1.639s] INFO:colcon.colcon_core.shell:Creating package script '/home/kevo/robotics_inc/xarm_1s/install/xarm_1s_joy/share/xarm_1s_joy/package.zsh'
[1.640s] Level 1:colcon.colcon_core.environment:create_file_with_runtime_dependencies(/home/kevo/robotics_inc/xarm_1s/install/xarm_1s_joy/share/colcon-core/packages/xarm_1s_joy)
[2.209s] DEBUG:colcon.colcon_core.event_handler.log_command:Invoked command in '/home/kevo/robotics_inc/xarm_1s/build/xarm_1s_hardware_interface' returned '0': CMAKE_PREFIX_PATH=${CMAKE_PREFIX_PATH}:/home/kevo/ws_moveit2/install/moveit_configs_utils:/home/kevo/ws_moveit2/install/launch_param_builder:/opt/ros/humble /usr/bin/cmake --build /home/kevo/robotics_inc/xarm_1s/build/xarm_1s_hardware_interface -- -j8 -l8
[2.251s] DEBUG:colcon.colcon_core.event_handler.log_command:Invoked command in '/home/kevo/robotics_inc/xarm_1s/build/xarm_1s_messages' returned '0': CMAKE_PREFIX_PATH=${CMAKE_PREFIX_PATH}:/home/kevo/ws_moveit2/install/moveit_configs_utils:/home/kevo/ws_moveit2/install/launch_param_builder:/opt/ros/humble /usr/bin/cmake --build /home/kevo/robotics_inc/xarm_1s/build/xarm_1s_messages -- -j8 -l8
[2.330s] DEBUG:colcon.colcon_core.event_handler.log_command:Invoking command in '/home/kevo/robotics_inc/xarm_1s/build/xarm_1s_hardware_interface': CMAKE_PREFIX_PATH=${CMAKE_PREFIX_PATH}:/home/kevo/ws_moveit2/install/moveit_configs_utils:/home/kevo/ws_moveit2/install/launch_param_builder:/opt/ros/humble /usr/bin/cmake --install /home/kevo/robotics_inc/xarm_1s/build/xarm_1s_hardware_interface
[2.473s] Level 1:colcon.colcon_core.environment:create_environment_scripts_only(xarm_1s_hardware_interface)
[2.474s] Level 1:colcon.colcon_core.environment:checking '/home/kevo/robotics_inc/xarm_1s/install/xarm_1s_hardware_interface' for CMake module files
[2.476s] DEBUG:colcon.colcon_core.event_handler.log_command:Invoked command in '/home/kevo/robotics_inc/xarm_1s/build/xarm_1s_hardware_interface' returned '0': CMAKE_PREFIX_PATH=${CMAKE_PREFIX_PATH}:/home/kevo/ws_moveit2/install/moveit_configs_utils:/home/kevo/ws_moveit2/install/launch_param_builder:/opt/ros/humble /usr/bin/cmake --install /home/kevo/robotics_inc/xarm_1s/build/xarm_1s_hardware_interface
[2.480s] Level 1:colcon.colcon_core.environment:checking '/home/kevo/robotics_inc/xarm_1s/install/xarm_1s_hardware_interface' for CMake config files
[2.481s] Level 1:colcon.colcon_core.shell:create_environment_hook('xarm_1s_hardware_interface', 'cmake_prefix_path')
[2.482s] INFO:colcon.colcon_core.shell:Creating environment hook '/home/kevo/robotics_inc/xarm_1s/install/xarm_1s_hardware_interface/share/xarm_1s_hardware_interface/hook/cmake_prefix_path.ps1'
[2.483s] INFO:colcon.colcon_core.shell:Creating environment descriptor '/home/kevo/robotics_inc/xarm_1s/install/xarm_1s_hardware_interface/share/xarm_1s_hardware_interface/hook/cmake_prefix_path.dsv'
[2.485s] INFO:colcon.colcon_core.shell:Creating environment hook '/home/kevo/robotics_inc/xarm_1s/install/xarm_1s_hardware_interface/share/xarm_1s_hardware_interface/hook/cmake_prefix_path.sh'
[2.486s] Level 1:colcon.colcon_core.environment:checking '/home/kevo/robotics_inc/xarm_1s/install/xarm_1s_hardware_interface/lib'
[2.486s] Level 1:colcon.colcon_core.shell:create_environment_hook('xarm_1s_hardware_interface', 'ld_library_path_lib')
[2.487s] INFO:colcon.colcon_core.shell:Creating environment hook '/home/kevo/robotics_inc/xarm_1s/install/xarm_1s_hardware_interface/share/xarm_1s_hardware_interface/hook/ld_library_path_lib.ps1'
[2.488s] INFO:colcon.colcon_core.shell:Creating environment descriptor '/home/kevo/robotics_inc/xarm_1s/install/xarm_1s_hardware_interface/share/xarm_1s_hardware_interface/hook/ld_library_path_lib.dsv'
[2.488s] INFO:colcon.colcon_core.shell:Creating environment hook '/home/kevo/robotics_inc/xarm_1s/install/xarm_1s_hardware_interface/share/xarm_1s_hardware_interface/hook/ld_library_path_lib.sh'
[2.489s] Level 1:colcon.colcon_core.environment:checking '/home/kevo/robotics_inc/xarm_1s/install/xarm_1s_hardware_interface/bin'
[2.489s] Level 1:colcon.colcon_core.environment:checking '/home/kevo/robotics_inc/xarm_1s/install/xarm_1s_hardware_interface/lib/pkgconfig/xarm_1s_hardware_interface.pc'
[2.490s] Level 1:colcon.colcon_core.environment:checking '/home/kevo/robotics_inc/xarm_1s/install/xarm_1s_hardware_interface/lib/python3.10/site-packages'
[2.490s] Level 1:colcon.colcon_core.environment:checking '/home/kevo/robotics_inc/xarm_1s/install/xarm_1s_hardware_interface/bin'
[2.491s] INFO:colcon.colcon_core.shell:Creating package script '/home/kevo/robotics_inc/xarm_1s/install/xarm_1s_hardware_interface/share/xarm_1s_hardware_interface/package.ps1'
[2.492s] INFO:colcon.colcon_core.shell:Creating package descriptor '/home/kevo/robotics_inc/xarm_1s/install/xarm_1s_hardware_interface/share/xarm_1s_hardware_interface/package.dsv'
[2.493s] INFO:colcon.colcon_core.shell:Creating package script '/home/kevo/robotics_inc/xarm_1s/install/xarm_1s_hardware_interface/share/xarm_1s_hardware_interface/package.sh'
[2.494s] INFO:colcon.colcon_core.shell:Creating package script '/home/kevo/robotics_inc/xarm_1s/install/xarm_1s_hardware_interface/share/xarm_1s_hardware_interface/package.bash'
[2.494s] INFO:colcon.colcon_core.shell:Creating package script '/home/kevo/robotics_inc/xarm_1s/install/xarm_1s_hardware_interface/share/xarm_1s_hardware_interface/package.zsh'
[2.495s] Level 1:colcon.colcon_core.environment:create_file_with_runtime_dependencies(/home/kevo/robotics_inc/xarm_1s/install/xarm_1s_hardware_interface/share/colcon-core/packages/xarm_1s_hardware_interface)
[2.505s] DEBUG:colcon.colcon_core.event_handler.log_command:Invoking command in '/home/kevo/robotics_inc/xarm_1s/build/xarm_1s_messages': CMAKE_PREFIX_PATH=${CMAKE_PREFIX_PATH}:/home/kevo/ws_moveit2/install/moveit_configs_utils:/home/kevo/ws_moveit2/install/launch_param_builder:/opt/ros/humble /usr/bin/cmake --install /home/kevo/robotics_inc/xarm_1s/build/xarm_1s_messages
[2.619s] Level 1:colcon.colcon_core.environment:create_environment_scripts_only(xarm_1s_hardware_interface)
[2.620s] Level 1:colcon.colcon_core.environment:checking '/home/kevo/robotics_inc/xarm_1s/install/xarm_1s_hardware_interface' for CMake module files
[2.622s] Level 1:colcon.colcon_core.environment:checking '/home/kevo/robotics_inc/xarm_1s/install/xarm_1s_hardware_interface' for CMake config files
[2.622s] Level 1:colcon.colcon_core.shell:create_environment_hook('xarm_1s_hardware_interface', 'cmake_prefix_path')
[2.623s] INFO:colcon.colcon_core.shell:Creating environment hook '/home/kevo/robotics_inc/xarm_1s/install/xarm_1s_hardware_interface/share/xarm_1s_hardware_interface/hook/cmake_prefix_path.ps1'
[2.624s] INFO:colcon.colcon_core.shell:Creating environment descriptor '/home/kevo/robotics_inc/xarm_1s/install/xarm_1s_hardware_interface/share/xarm_1s_hardware_interface/hook/cmake_prefix_path.dsv'
[2.625s] INFO:colcon.colcon_core.shell:Creating environment hook '/home/kevo/robotics_inc/xarm_1s/install/xarm_1s_hardware_interface/share/xarm_1s_hardware_interface/hook/cmake_prefix_path.sh'
[2.627s] Level 1:colcon.colcon_core.environment:checking '/home/kevo/robotics_inc/xarm_1s/install/xarm_1s_hardware_interface/lib'
[2.627s] Level 1:colcon.colcon_core.shell:create_environment_hook('xarm_1s_hardware_interface', 'ld_library_path_lib')
[2.628s] INFO:colcon.colcon_core.shell:Creating environment hook '/home/kevo/robotics_inc/xarm_1s/install/xarm_1s_hardware_interface/share/xarm_1s_hardware_interface/hook/ld_library_path_lib.ps1'
[2.629s] INFO:colcon.colcon_core.shell:Creating environment descriptor '/home/kevo/robotics_inc/xarm_1s/install/xarm_1s_hardware_interface/share/xarm_1s_hardware_interface/hook/ld_library_path_lib.dsv'
[2.630s] INFO:colcon.colcon_core.shell:Creating environment hook '/home/kevo/robotics_inc/xarm_1s/install/xarm_1s_hardware_interface/share/xarm_1s_hardware_interface/hook/ld_library_path_lib.sh'
[2.631s] Level 1:colcon.colcon_core.environment:checking '/home/kevo/robotics_inc/xarm_1s/install/xarm_1s_hardware_interface/bin'
[2.631s] Level 1:colcon.colcon_core.environment:checking '/home/kevo/robotics_inc/xarm_1s/install/xarm_1s_hardware_interface/lib/pkgconfig/xarm_1s_hardware_interface.pc'
[2.632s] Level 1:colcon.colcon_core.environment:checking '/home/kevo/robotics_inc/xarm_1s/install/xarm_1s_hardware_interface/lib/python3.10/site-packages'
[2.633s] Level 1:colcon.colcon_core.environment:checking '/home/kevo/robotics_inc/xarm_1s/install/xarm_1s_hardware_interface/bin'
[2.634s] INFO:colcon.colcon_core.shell:Creating package script '/home/kevo/robotics_inc/xarm_1s/install/xarm_1s_hardware_interface/share/xarm_1s_hardware_interface/package.ps1'
[2.636s] INFO:colcon.colcon_core.shell:Creating package descriptor '/home/kevo/robotics_inc/xarm_1s/install/xarm_1s_hardware_interface/share/xarm_1s_hardware_interface/package.dsv'
[2.638s] INFO:colcon.colcon_core.shell:Creating package script '/home/kevo/robotics_inc/xarm_1s/install/xarm_1s_hardware_interface/share/xarm_1s_hardware_interface/package.sh'
[2.639s] INFO:colcon.colcon_core.shell:Creating package script '/home/kevo/robotics_inc/xarm_1s/install/xarm_1s_hardware_interface/share/xarm_1s_hardware_interface/package.bash'
[2.640s] INFO:colcon.colcon_core.shell:Creating package script '/home/kevo/robotics_inc/xarm_1s/install/xarm_1s_hardware_interface/share/xarm_1s_hardware_interface/package.zsh'
[2.641s] Level 1:colcon.colcon_core.environment:create_file_with_runtime_dependencies(/home/kevo/robotics_inc/xarm_1s/install/xarm_1s_hardware_interface/share/colcon-core/packages/xarm_1s_hardware_interface)
[2.694s] Level 1:colcon.colcon_core.environment:create_environment_scripts_only(xarm_1s_messages)
[2.695s] Level 1:colcon.colcon_core.environment:checking '/home/kevo/robotics_inc/xarm_1s/install/xarm_1s_messages' for CMake module files
[2.701s] DEBUG:colcon.colcon_core.event_handler.log_command:Invoked command in '/home/kevo/robotics_inc/xarm_1s/build/xarm_1s_messages' returned '0': CMAKE_PREFIX_PATH=${CMAKE_PREFIX_PATH}:/home/kevo/ws_moveit2/install/moveit_configs_utils:/home/kevo/ws_moveit2/install/launch_param_builder:/opt/ros/humble /usr/bin/cmake --install /home/kevo/robotics_inc/xarm_1s/build/xarm_1s_messages
[2.703s] Level 1:colcon.colcon_core.environment:checking '/home/kevo/robotics_inc/xarm_1s/install/xarm_1s_messages' for CMake config files
[2.704s] Level 1:colcon.colcon_core.shell:create_environment_hook('xarm_1s_messages', 'cmake_prefix_path')
[2.705s] INFO:colcon.colcon_core.shell:Creating environment hook '/home/kevo/robotics_inc/xarm_1s/install/xarm_1s_messages/share/xarm_1s_messages/hook/cmake_prefix_path.ps1'
[2.706s] INFO:colcon.colcon_core.shell:Creating environment descriptor '/home/kevo/robotics_inc/xarm_1s/install/xarm_1s_messages/share/xarm_1s_messages/hook/cmake_prefix_path.dsv'
[2.707s] INFO:colcon.colcon_core.shell:Creating environment hook '/home/kevo/robotics_inc/xarm_1s/install/xarm_1s_messages/share/xarm_1s_messages/hook/cmake_prefix_path.sh'
[2.709s] Level 1:colcon.colcon_core.environment:checking '/home/kevo/robotics_inc/xarm_1s/install/xarm_1s_messages/lib'
[2.710s] Level 1:colcon.colcon_core.shell:create_environment_hook('xarm_1s_messages', 'ld_library_path_lib')
[2.710s] INFO:colcon.colcon_core.shell:Creating environment hook '/home/kevo/robotics_inc/xarm_1s/install/xarm_1s_messages/share/xarm_1s_messages/hook/ld_library_path_lib.ps1'
[2.712s] INFO:colcon.colcon_core.shell:Creating environment descriptor '/home/kevo/robotics_inc/xarm_1s/install/xarm_1s_messages/share/xarm_1s_messages/hook/ld_library_path_lib.dsv'
[2.713s] INFO:colcon.colcon_core.shell:Creating environment hook '/home/kevo/robotics_inc/xarm_1s/install/xarm_1s_messages/share/xarm_1s_messages/hook/ld_library_path_lib.sh'
[2.715s] Level 1:colcon.colcon_core.environment:checking '/home/kevo/robotics_inc/xarm_1s/install/xarm_1s_messages/bin'
[2.715s] Level 1:colcon.colcon_core.environment:checking '/home/kevo/robotics_inc/xarm_1s/install/xarm_1s_messages/lib/pkgconfig/xarm_1s_messages.pc'
[2.717s] Level 1:colcon.colcon_core.environment:checking '/home/kevo/robotics_inc/xarm_1s/install/xarm_1s_messages/lib/python3.10/site-packages'
[2.719s] Level 1:colcon.colcon_core.environment:checking '/home/kevo/robotics_inc/xarm_1s/install/xarm_1s_messages/bin'
[2.720s] INFO:colcon.colcon_core.shell:Creating package script '/home/kevo/robotics_inc/xarm_1s/install/xarm_1s_messages/share/xarm_1s_messages/package.ps1'
[2.722s] INFO:colcon.colcon_core.shell:Creating package descriptor '/home/kevo/robotics_inc/xarm_1s/install/xarm_1s_messages/share/xarm_1s_messages/package.dsv'
[2.725s] INFO:colcon.colcon_core.shell:Creating package script '/home/kevo/robotics_inc/xarm_1s/install/xarm_1s_messages/share/xarm_1s_messages/package.sh'
[2.727s] INFO:colcon.colcon_core.shell:Creating package script '/home/kevo/robotics_inc/xarm_1s/install/xarm_1s_messages/share/xarm_1s_messages/package.bash'
[2.729s] INFO:colcon.colcon_core.shell:Creating package script '/home/kevo/robotics_inc/xarm_1s/install/xarm_1s_messages/share/xarm_1s_messages/package.zsh'
[2.732s] Level 1:colcon.colcon_core.environment:create_file_with_runtime_dependencies(/home/kevo/robotics_inc/xarm_1s/install/xarm_1s_messages/share/colcon-core/packages/xarm_1s_messages)
[2.948s] Level 1:colcon.colcon_core.environment:create_environment_scripts_only(xarm_1s_messages)
[2.949s] Level 1:colcon.colcon_core.environment:checking '/home/kevo/robotics_inc/xarm_1s/install/xarm_1s_messages' for CMake module files
[2.950s] Level 1:colcon.colcon_core.environment:checking '/home/kevo/robotics_inc/xarm_1s/install/xarm_1s_messages' for CMake config files
[2.950s] Level 1:colcon.colcon_core.shell:create_environment_hook('xarm_1s_messages', 'cmake_prefix_path')
[2.951s] INFO:colcon.colcon_core.shell:Creating environment hook '/home/kevo/robotics_inc/xarm_1s/install/xarm_1s_messages/share/xarm_1s_messages/hook/cmake_prefix_path.ps1'
[2.952s] INFO:colcon.colcon_core.shell:Creating environment descriptor '/home/kevo/robotics_inc/xarm_1s/install/xarm_1s_messages/share/xarm_1s_messages/hook/cmake_prefix_path.dsv'
[2.952s] INFO:colcon.colcon_core.shell:Creating environment hook '/home/kevo/robotics_inc/xarm_1s/install/xarm_1s_messages/share/xarm_1s_messages/hook/cmake_prefix_path.sh'
[2.953s] Level 1:colcon.colcon_core.environment:checking '/home/kevo/robotics_inc/xarm_1s/install/xarm_1s_messages/lib'
[2.953s] Level 1:colcon.colcon_core.shell:create_environment_hook('xarm_1s_messages', 'ld_library_path_lib')
[2.954s] INFO:colcon.colcon_core.shell:Creating environment hook '/home/kevo/robotics_inc/xarm_1s/install/xarm_1s_messages/share/xarm_1s_messages/hook/ld_library_path_lib.ps1'
[2.954s] INFO:colcon.colcon_core.shell:Creating environment descriptor '/home/kevo/robotics_inc/xarm_1s/install/xarm_1s_messages/share/xarm_1s_messages/hook/ld_library_path_lib.dsv'
[2.955s] INFO:colcon.colcon_core.shell:Creating environment hook '/home/kevo/robotics_inc/xarm_1s/install/xarm_1s_messages/share/xarm_1s_messages/hook/ld_library_path_lib.sh'
[2.956s] Level 1:colcon.colcon_core.environment:checking '/home/kevo/robotics_inc/xarm_1s/install/xarm_1s_messages/bin'
[2.956s] Level 1:colcon.colcon_core.environment:checking '/home/kevo/robotics_inc/xarm_1s/install/xarm_1s_messages/lib/pkgconfig/xarm_1s_messages.pc'
[2.956s] Level 1:colcon.colcon_core.environment:checking '/home/kevo/robotics_inc/xarm_1s/install/xarm_1s_messages/lib/python3.10/site-packages'
[2.957s] Level 1:colcon.colcon_core.environment:checking '/home/kevo/robotics_inc/xarm_1s/install/xarm_1s_messages/bin'
[2.957s] INFO:colcon.colcon_core.shell:Creating package script '/home/kevo/robotics_inc/xarm_1s/install/xarm_1s_messages/share/xarm_1s_messages/package.ps1'
[2.958s] INFO:colcon.colcon_core.shell:Creating package descriptor '/home/kevo/robotics_inc/xarm_1s/install/xarm_1s_messages/share/xarm_1s_messages/package.dsv'
[2.959s] INFO:colcon.colcon_core.shell:Creating package script '/home/kevo/robotics_inc/xarm_1s/install/xarm_1s_messages/share/xarm_1s_messages/package.sh'
[2.960s] INFO:colcon.colcon_core.shell:Creating package script '/home/kevo/robotics_inc/xarm_1s/install/xarm_1s_messages/share/xarm_1s_messages/package.bash'
[2.960s] INFO:colcon.colcon_core.shell:Creating package script '/home/kevo/robotics_inc/xarm_1s/install/xarm_1s_messages/share/xarm_1s_messages/package.zsh'
[2.961s] Level 1:colcon.colcon_core.environment:create_file_with_runtime_dependencies(/home/kevo/robotics_inc/xarm_1s/install/xarm_1s_messages/share/colcon-core/packages/xarm_1s_messages)
[8.750s] DEBUG:colcon.colcon_core.event_handler.log_command:Invoked command in '/home/kevo/robotics_inc/xarm_1s/build/xarm_1s_kinematics' returned '0': CMAKE_PREFIX_PATH=/home/kevo/robotics_inc/xarm_1s/install/xarm_1s_description:/home/kevo/robotics_inc/xarm_1s/install/xarm_1s_kinematics:/home/kevo/robotics_inc/xarm_1s/install/xarm_1s_messages:/home/kevo/robotics_inc/xarm_1s/install/xarm_1s_joy:/home/kevo/robotics_inc/xarm_1s/install/xarm_1s_hardware_interface:/home/kevo/ws_moveit2/install/pilz_industrial_motion_planner_testutils:/home/kevo/ws_moveit2/install/panda_moveit_config:/home/kevo/ws_moveit2/install/moveit_runtime:/home/kevo/ws_moveit2/install/moveit2_tutorials:/home/kevo/ws_moveit2/install/moveit:/home/kevo/ws_moveit2/install/moveit_planners:/home/kevo/ws_moveit2/install/pilz_industrial_motion_planner:/home/kevo/ws_moveit2/install/mtc_tutorial:/home/kevo/ws_moveit2/install/moveit_visual_tools:/home/kevo/ws_moveit2/install/moveit_task_constructor_visualization:/home/kevo/ws_moveit2/install/moveit_task_constructor_demo:/home/kevo/ws_moveit2/install/moveit_task_constructor_capabilities:/home/kevo/ws_moveit2/install/moveit_task_constructor_core:/home/kevo/ws_moveit2/install/moveit_ros_control_interface:/home/kevo/ws_moveit2/install/moveit_plugins:/home/kevo/ws_moveit2/install/moveit_simple_controller_manager:/home/kevo/ws_moveit2/install/moveit_setup_assistant:/home/kevo/ws_moveit2/install/moveit_setup_srdf_plugins:/home/kevo/ws_moveit2/install/moveit_setup_core_plugins:/home/kevo/ws_moveit2/install/moveit_setup_controllers:/home/kevo/ws_moveit2/install/moveit_setup_app_plugins:/home/kevo/ws_moveit2/install/moveit_setup_framework:/home/kevo/ws_moveit2/install/moveit_servo:/home/kevo/ws_moveit2/install/moveit_ros:/home/kevo/ws_moveit2/install/moveit_ros_visualization:/home/kevo/ws_moveit2/install/moveit_hybrid_planning:/home/kevo/ws_moveit2/install/moveit_ros_planning_interface:/home/kevo/ws_moveit2/install/moveit_ros_benchmarks:/home/kevo/ws_moveit2/install/moveit_ros_warehouse:/home/kevo/ws_moveit2/install/moveit_ros_robot_interaction:/home/kevo/ws_moveit2/install/moveit_ros_perception:/home/kevo/ws_moveit2/install/moveit_resources_prbt_pg70_support:/home/kevo/ws_moveit2/install/moveit_resources_prbt_moveit_config:/home/kevo/ws_moveit2/install/moveit_ros_move_group:/home/kevo/ws_moveit2/install/moveit_planners_ompl:/home/kevo/ws_moveit2/install/moveit_ros_planning:/home/kevo/ws_moveit2/install/moveit_ros_occupancy_map_monitor:/home/kevo/ws_moveit2/install/moveit_resources_prbt_ikfast_manipulator_plugin:/home/kevo/ws_moveit2/install/moveit_planners_chomp:/home/kevo/ws_moveit2/install/moveit_kinematics:/home/kevo/ws_moveit2/install/moveit_chomp_optimizer_adapter:/home/kevo/ws_moveit2/install/chomp_motion_planner:/home/kevo/ws_moveit2/install/moveit_core:/home/kevo/ws_moveit2/install/srdfdom:/home/kevo/ws_moveit2/install/rviz_marker_tools:/home/kevo/ws_moveit2/install/rosparam_shortcuts:/home/kevo/ws_moveit2/install/moveit_task_constructor_msgs:/home/kevo/ws_moveit2/install/moveit_resources_prbt_support:/home/kevo/ws_moveit2/install/moveit_resources:/home/kevo/ws_moveit2/install/moveit_resources_pr2_description:/home/kevo/ws_moveit2/install/moveit_resources_panda_moveit_config:/home/kevo/ws_moveit2/install/moveit_resources_panda_description:/home/kevo/ws_moveit2/install/moveit_resources_fanuc_moveit_config:/home/kevo/ws_moveit2/install/moveit_resources_fanuc_description:/home/kevo/ws_moveit2/install/moveit_common:/home/kevo/ws_moveit2/install/moveit_configs_utils:/home/kevo/ws_moveit2/install/launch_param_builder:/opt/ros/humble /usr/bin/cmake --build /home/kevo/robotics_inc/xarm_1s/build/xarm_1s_kinematics -- -j8 -l8
[8.801s] DEBUG:colcon.colcon_core.event_handler.log_command:Invoking command in '/home/kevo/robotics_inc/xarm_1s/build/xarm_1s_kinematics': CMAKE_PREFIX_PATH=/home/kevo/robotics_inc/xarm_1s/install/xarm_1s_description:/home/kevo/robotics_inc/xarm_1s/install/xarm_1s_kinematics:/home/kevo/robotics_inc/xarm_1s/install/xarm_1s_messages:/home/kevo/robotics_inc/xarm_1s/install/xarm_1s_joy:/home/kevo/robotics_inc/xarm_1s/install/xarm_1s_hardware_interface:/home/kevo/ws_moveit2/install/pilz_industrial_motion_planner_testutils:/home/kevo/ws_moveit2/install/panda_moveit_config:/home/kevo/ws_moveit2/install/moveit_runtime:/home/kevo/ws_moveit2/install/moveit2_tutorials:/home/kevo/ws_moveit2/install/moveit:/home/kevo/ws_moveit2/install/moveit_planners:/home/kevo/ws_moveit2/install/pilz_industrial_motion_planner:/home/kevo/ws_moveit2/install/mtc_tutorial:/home/kevo/ws_moveit2/install/moveit_visual_tools:/home/kevo/ws_moveit2/install/moveit_task_constructor_visualization:/home/kevo/ws_moveit2/install/moveit_task_constructor_demo:/home/kevo/ws_moveit2/install/moveit_task_constructor_capabilities:/home/kevo/ws_moveit2/install/moveit_task_constructor_core:/home/kevo/ws_moveit2/install/moveit_ros_control_interface:/home/kevo/ws_moveit2/install/moveit_plugins:/home/kevo/ws_moveit2/install/moveit_simple_controller_manager:/home/kevo/ws_moveit2/install/moveit_setup_assistant:/home/kevo/ws_moveit2/install/moveit_setup_srdf_plugins:/home/kevo/ws_moveit2/install/moveit_setup_core_plugins:/home/kevo/ws_moveit2/install/moveit_setup_controllers:/home/kevo/ws_moveit2/install/moveit_setup_app_plugins:/home/kevo/ws_moveit2/install/moveit_setup_framework:/home/kevo/ws_moveit2/install/moveit_servo:/home/kevo/ws_moveit2/install/moveit_ros:/home/kevo/ws_moveit2/install/moveit_ros_visualization:/home/kevo/ws_moveit2/install/moveit_hybrid_planning:/home/kevo/ws_moveit2/install/moveit_ros_planning_interface:/home/kevo/ws_moveit2/install/moveit_ros_benchmarks:/home/kevo/ws_moveit2/install/moveit_ros_warehouse:/home/kevo/ws_moveit2/install/moveit_ros_robot_interaction:/home/kevo/ws_moveit2/install/moveit_ros_perception:/home/kevo/ws_moveit2/install/moveit_resources_prbt_pg70_support:/home/kevo/ws_moveit2/install/moveit_resources_prbt_moveit_config:/home/kevo/ws_moveit2/install/moveit_ros_move_group:/home/kevo/ws_moveit2/install/moveit_planners_ompl:/home/kevo/ws_moveit2/install/moveit_ros_planning:/home/kevo/ws_moveit2/install/moveit_ros_occupancy_map_monitor:/home/kevo/ws_moveit2/install/moveit_resources_prbt_ikfast_manipulator_plugin:/home/kevo/ws_moveit2/install/moveit_planners_chomp:/home/kevo/ws_moveit2/install/moveit_kinematics:/home/kevo/ws_moveit2/install/moveit_chomp_optimizer_adapter:/home/kevo/ws_moveit2/install/chomp_motion_planner:/home/kevo/ws_moveit2/install/moveit_core:/home/kevo/ws_moveit2/install/srdfdom:/home/kevo/ws_moveit2/install/rviz_marker_tools:/home/kevo/ws_moveit2/install/rosparam_shortcuts:/home/kevo/ws_moveit2/install/moveit_task_constructor_msgs:/home/kevo/ws_moveit2/install/moveit_resources_prbt_support:/home/kevo/ws_moveit2/install/moveit_resources:/home/kevo/ws_moveit2/install/moveit_resources_pr2_description:/home/kevo/ws_moveit2/install/moveit_resources_panda_moveit_config:/home/kevo/ws_moveit2/install/moveit_resources_panda_description:/home/kevo/ws_moveit2/install/moveit_resources_fanuc_moveit_config:/home/kevo/ws_moveit2/install/moveit_resources_fanuc_description:/home/kevo/ws_moveit2/install/moveit_common:/home/kevo/ws_moveit2/install/moveit_configs_utils:/home/kevo/ws_moveit2/install/launch_param_builder:/opt/ros/humble /usr/bin/cmake --install /home/kevo/robotics_inc/xarm_1s/build/xarm_1s_kinematics
[8.822s] Level 1:colcon.colcon_core.environment:create_environment_scripts_only(xarm_1s_kinematics)
[8.823s] Level 1:colcon.colcon_core.environment:checking '/home/kevo/robotics_inc/xarm_1s/install/xarm_1s_kinematics' for CMake module files
[8.823s] DEBUG:colcon.colcon_core.event_handler.log_command:Invoked command in '/home/kevo/robotics_inc/xarm_1s/build/xarm_1s_kinematics' returned '0': CMAKE_PREFIX_PATH=/home/kevo/robotics_inc/xarm_1s/install/xarm_1s_description:/home/kevo/robotics_inc/xarm_1s/install/xarm_1s_kinematics:/home/kevo/robotics_inc/xarm_1s/install/xarm_1s_messages:/home/kevo/robotics_inc/xarm_1s/install/xarm_1s_joy:/home/kevo/robotics_inc/xarm_1s/install/xarm_1s_hardware_interface:/home/kevo/ws_moveit2/install/pilz_industrial_motion_planner_testutils:/home/kevo/ws_moveit2/install/panda_moveit_config:/home/kevo/ws_moveit2/install/moveit_runtime:/home/kevo/ws_moveit2/install/moveit2_tutorials:/home/kevo/ws_moveit2/install/moveit:/home/kevo/ws_moveit2/install/moveit_planners:/home/kevo/ws_moveit2/install/pilz_industrial_motion_planner:/home/kevo/ws_moveit2/install/mtc_tutorial:/home/kevo/ws_moveit2/install/moveit_visual_tools:/home/kevo/ws_moveit2/install/moveit_task_constructor_visualization:/home/kevo/ws_moveit2/install/moveit_task_constructor_demo:/home/kevo/ws_moveit2/install/moveit_task_constructor_capabilities:/home/kevo/ws_moveit2/install/moveit_task_constructor_core:/home/kevo/ws_moveit2/install/moveit_ros_control_interface:/home/kevo/ws_moveit2/install/moveit_plugins:/home/kevo/ws_moveit2/install/moveit_simple_controller_manager:/home/kevo/ws_moveit2/install/moveit_setup_assistant:/home/kevo/ws_moveit2/install/moveit_setup_srdf_plugins:/home/kevo/ws_moveit2/install/moveit_setup_core_plugins:/home/kevo/ws_moveit2/install/moveit_setup_controllers:/home/kevo/ws_moveit2/install/moveit_setup_app_plugins:/home/kevo/ws_moveit2/install/moveit_setup_framework:/home/kevo/ws_moveit2/install/moveit_servo:/home/kevo/ws_moveit2/install/moveit_ros:/home/kevo/ws_moveit2/install/moveit_ros_visualization:/home/kevo/ws_moveit2/install/moveit_hybrid_planning:/home/kevo/ws_moveit2/install/moveit_ros_planning_interface:/home/kevo/ws_moveit2/install/moveit_ros_benchmarks:/home/kevo/ws_moveit2/install/moveit_ros_warehouse:/home/kevo/ws_moveit2/install/moveit_ros_robot_interaction:/home/kevo/ws_moveit2/install/moveit_ros_perception:/home/kevo/ws_moveit2/install/moveit_resources_prbt_pg70_support:/home/kevo/ws_moveit2/install/moveit_resources_prbt_moveit_config:/home/kevo/ws_moveit2/install/moveit_ros_move_group:/home/kevo/ws_moveit2/install/moveit_planners_ompl:/home/kevo/ws_moveit2/install/moveit_ros_planning:/home/kevo/ws_moveit2/install/moveit_ros_occupancy_map_monitor:/home/kevo/ws_moveit2/install/moveit_resources_prbt_ikfast_manipulator_plugin:/home/kevo/ws_moveit2/install/moveit_planners_chomp:/home/kevo/ws_moveit2/install/moveit_kinematics:/home/kevo/ws_moveit2/install/moveit_chomp_optimizer_adapter:/home/kevo/ws_moveit2/install/chomp_motion_planner:/home/kevo/ws_moveit2/install/moveit_core:/home/kevo/ws_moveit2/install/srdfdom:/home/kevo/ws_moveit2/install/rviz_marker_tools:/home/kevo/ws_moveit2/install/rosparam_shortcuts:/home/kevo/ws_moveit2/install/moveit_task_constructor_msgs:/home/kevo/ws_moveit2/install/moveit_resources_prbt_support:/home/kevo/ws_moveit2/install/moveit_resources:/home/kevo/ws_moveit2/install/moveit_resources_pr2_description:/home/kevo/ws_moveit2/install/moveit_resources_panda_moveit_config:/home/kevo/ws_moveit2/install/moveit_resources_panda_description:/home/kevo/ws_moveit2/install/moveit_resources_fanuc_moveit_config:/home/kevo/ws_moveit2/install/moveit_resources_fanuc_description:/home/kevo/ws_moveit2/install/moveit_common:/home/kevo/ws_moveit2/install/moveit_configs_utils:/home/kevo/ws_moveit2/install/launch_param_builder:/opt/ros/humble /usr/bin/cmake --install /home/kevo/robotics_inc/xarm_1s/build/xarm_1s_kinematics
[8.823s] Level 1:colcon.colcon_core.environment:checking '/home/kevo/robotics_inc/xarm_1s/install/xarm_1s_kinematics' for CMake config files
[8.824s] Level 1:colcon.colcon_core.shell:create_environment_hook('xarm_1s_kinematics', 'cmake_prefix_path')
[8.824s] INFO:colcon.colcon_core.shell:Creating environment hook '/home/kevo/robotics_inc/xarm_1s/install/xarm_1s_kinematics/share/xarm_1s_kinematics/hook/cmake_prefix_path.ps1'
[8.824s] INFO:colcon.colcon_core.shell:Creating environment descriptor '/home/kevo/robotics_inc/xarm_1s/install/xarm_1s_kinematics/share/xarm_1s_kinematics/hook/cmake_prefix_path.dsv'
[8.825s] INFO:colcon.colcon_core.shell:Creating environment hook '/home/kevo/robotics_inc/xarm_1s/install/xarm_1s_kinematics/share/xarm_1s_kinematics/hook/cmake_prefix_path.sh'
[8.825s] Level 1:colcon.colcon_core.environment:checking '/home/kevo/robotics_inc/xarm_1s/install/xarm_1s_kinematics/lib'
[8.825s] Level 1:colcon.colcon_core.environment:checking '/home/kevo/robotics_inc/xarm_1s/install/xarm_1s_kinematics/bin'
[8.826s] Level 1:colcon.colcon_core.environment:checking '/home/kevo/robotics_inc/xarm_1s/install/xarm_1s_kinematics/lib/pkgconfig/xarm_1s_kinematics.pc'
[8.826s] Level 1:colcon.colcon_core.environment:checking '/home/kevo/robotics_inc/xarm_1s/install/xarm_1s_kinematics/lib/python3.10/site-packages'
[8.826s] Level 1:colcon.colcon_core.environment:checking '/home/kevo/robotics_inc/xarm_1s/install/xarm_1s_kinematics/bin'
[8.827s] INFO:colcon.colcon_core.shell:Creating package script '/home/kevo/robotics_inc/xarm_1s/install/xarm_1s_kinematics/share/xarm_1s_kinematics/package.ps1'
[8.827s] INFO:colcon.colcon_core.shell:Creating package descriptor '/home/kevo/robotics_inc/xarm_1s/install/xarm_1s_kinematics/share/xarm_1s_kinematics/package.dsv'
[8.827s] INFO:colcon.colcon_core.shell:Creating package script '/home/kevo/robotics_inc/xarm_1s/install/xarm_1s_kinematics/share/xarm_1s_kinematics/package.sh'
[8.828s] INFO:colcon.colcon_core.shell:Creating package script '/home/kevo/robotics_inc/xarm_1s/install/xarm_1s_kinematics/share/xarm_1s_kinematics/package.bash'
[8.828s] INFO:colcon.colcon_core.shell:Creating package script '/home/kevo/robotics_inc/xarm_1s/install/xarm_1s_kinematics/share/xarm_1s_kinematics/package.zsh'
[8.829s] Level 1:colcon.colcon_core.environment:create_file_with_runtime_dependencies(/home/kevo/robotics_inc/xarm_1s/install/xarm_1s_kinematics/share/colcon-core/packages/xarm_1s_kinematics)
[8.881s] Level 1:colcon.colcon_core.environment:create_environment_scripts_only(xarm_1s_kinematics)
[8.882s] Level 1:colcon.colcon_core.environment:checking '/home/kevo/robotics_inc/xarm_1s/install/xarm_1s_kinematics' for CMake module files
[8.882s] Level 1:colcon.colcon_core.environment:checking '/home/kevo/robotics_inc/xarm_1s/install/xarm_1s_kinematics' for CMake config files
[8.883s] Level 1:colcon.colcon_core.shell:create_environment_hook('xarm_1s_kinematics', 'cmake_prefix_path')
[8.883s] INFO:colcon.colcon_core.shell:Creating environment hook '/home/kevo/robotics_inc/xarm_1s/install/xarm_1s_kinematics/share/xarm_1s_kinematics/hook/cmake_prefix_path.ps1'
[8.883s] INFO:colcon.colcon_core.shell:Creating environment descriptor '/home/kevo/robotics_inc/xarm_1s/install/xarm_1s_kinematics/share/xarm_1s_kinematics/hook/cmake_prefix_path.dsv'
[8.884s] INFO:colcon.colcon_core.shell:Creating environment hook '/home/kevo/robotics_inc/xarm_1s/install/xarm_1s_kinematics/share/xarm_1s_kinematics/hook/cmake_prefix_path.sh'
[8.884s] Level 1:colcon.colcon_core.environment:checking '/home/kevo/robotics_inc/xarm_1s/install/xarm_1s_kinematics/lib'
[8.885s] Level 1:colcon.colcon_core.environment:checking '/home/kevo/robotics_inc/xarm_1s/install/xarm_1s_kinematics/bin'
[8.885s] Level 1:colcon.colcon_core.environment:checking '/home/kevo/robotics_inc/xarm_1s/install/xarm_1s_kinematics/lib/pkgconfig/xarm_1s_kinematics.pc'
[8.885s] Level 1:colcon.colcon_core.environment:checking '/home/kevo/robotics_inc/xarm_1s/install/xarm_1s_kinematics/lib/python3.10/site-packages'
[8.885s] Level 1:colcon.colcon_core.environment:checking '/home/kevo/robotics_inc/xarm_1s/install/xarm_1s_kinematics/bin'
[8.886s] INFO:colcon.colcon_core.shell:Creating package script '/home/kevo/robotics_inc/xarm_1s/install/xarm_1s_kinematics/share/xarm_1s_kinematics/package.ps1'
[8.886s] INFO:colcon.colcon_core.shell:Creating package descriptor '/home/kevo/robotics_inc/xarm_1s/install/xarm_1s_kinematics/share/xarm_1s_kinematics/package.dsv'
[8.887s] INFO:colcon.colcon_core.shell:Creating package script '/home/kevo/robotics_inc/xarm_1s/install/xarm_1s_kinematics/share/xarm_1s_kinematics/package.sh'
[8.887s] INFO:colcon.colcon_core.shell:Creating package script '/home/kevo/robotics_inc/xarm_1s/install/xarm_1s_kinematics/share/xarm_1s_kinematics/package.bash'
[8.887s] INFO:colcon.colcon_core.shell:Creating package script '/home/kevo/robotics_inc/xarm_1s/install/xarm_1s_kinematics/share/xarm_1s_kinematics/package.zsh'
[8.888s] Level 1:colcon.colcon_core.environment:create_file_with_runtime_dependencies(/home/kevo/robotics_inc/xarm_1s/install/xarm_1s_kinematics/share/colcon-core/packages/xarm_1s_kinematics)
[8.888s] DEBUG:colcon.colcon_parallel_executor.executor.parallel:closing loop
[8.888s] DEBUG:colcon.colcon_parallel_executor.executor.parallel:loop closed
[8.889s] DEBUG:colcon.colcon_parallel_executor.executor.parallel:run_until_complete finished with '0'
[8.889s] DEBUG:colcon.colcon_core.event_reactor:joining thread
[8.945s] INFO:colcon.colcon_core.plugin_system:Skipping extension 'colcon_notification.desktop_notification.notify_send': Could not find 'notify-send'
[8.945s] INFO:colcon.colcon_core.plugin_system:Skipping extension 'colcon_notification.desktop_notification.terminal_notifier': Not used on non-Darwin systems
[8.945s] INFO:colcon.colcon_core.plugin_system:Skipping extension 'colcon_notification.desktop_notification.win32': Not used on non-Windows systems
[8.945s] INFO:colcon.colcon_notification.desktop_notification:Sending desktop notification using 'notify2'
[8.947s] DEBUG:colcon.colcon_notification.desktop_notification.notify2:Failed to initialize notify2: org.freedesktop.DBus.Error.ServiceUnknown: The name org.freedesktop.Notifications was not provided by any .service files
[8.947s] DEBUG:colcon.colcon_core.event_reactor:joined thread
[8.947s] INFO:colcon.colcon_core.shell:Creating prefix script '/home/kevo/robotics_inc/xarm_1s/install/local_setup.ps1'
[8.949s] INFO:colcon.colcon_core.shell:Creating prefix util module '/home/kevo/robotics_inc/xarm_1s/install/_local_setup_util_ps1.py'
[8.951s] INFO:colcon.colcon_core.shell:Creating prefix chain script '/home/kevo/robotics_inc/xarm_1s/install/setup.ps1'
[8.954s] INFO:colcon.colcon_core.shell:Creating prefix script '/home/kevo/robotics_inc/xarm_1s/install/local_setup.sh'
[8.955s] INFO:colcon.colcon_core.shell:Creating prefix util module '/home/kevo/robotics_inc/xarm_1s/install/_local_setup_util_sh.py'
[8.956s] INFO:colcon.colcon_core.shell:Creating prefix chain script '/home/kevo/robotics_inc/xarm_1s/install/setup.sh'
[8.961s] INFO:colcon.colcon_core.shell:Creating prefix script '/home/kevo/robotics_inc/xarm_1s/install/local_setup.bash'
[8.962s] INFO:colcon.colcon_core.shell:Creating prefix chain script '/home/kevo/robotics_inc/xarm_1s/install/setup.bash'
[8.967s] INFO:colcon.colcon_core.shell:Creating prefix script '/home/kevo/robotics_inc/xarm_1s/install/local_setup.zsh'
[8.968s] INFO:colcon.colcon_core.shell:Creating prefix chain script '/home/kevo/robotics_inc/xarm_1s/install/setup.zsh'
