[0.046s] Invoking command in '/home/kevo/robotics_inc/xarm_1s/build/xarm_1s_messages': CMAKE_PREFIX_PATH=${CMAKE_PREFIX_PATH}:/home/kevo/ws_moveit2/install/moveit_configs_utils:/home/kevo/ws_moveit2/install/launch_param_builder:/opt/ros/humble /usr/bin/cmake /home/kevo/robotics_inc/xarm_1s/src/xarm_1s_messages -DCMAKE_INSTALL_PREFIX=/home/kevo/robotics_inc/xarm_1s/install/xarm_1s_messages
[0.073s] -- Found ament_cmake: 1.3.10 (/opt/ros/humble/share/ament_cmake/cmake)
[0.410s] -- Found rosidl_default_generators: 1.2.0 (/opt/ros/humble/share/rosidl_default_generators/cmake)
[0.431s] -- Using all available rosidl_typesupport_c: rosidl_typesupport_fastrtps_c;rosidl_typesupport_introspection_c
[0.437s] -- Found rosidl_adapter: 3.1.5 (/opt/ros/humble/share/rosidl_adapter/cmake)
[0.646s] -- Using all available rosidl_typesupport_cpp: rosidl_typesupport_fastrtps_cpp;rosidl_typesupport_introspection_cpp
[1.195s] -- Found ament_cmake_ros: 0.10.0 (/opt/ros/humble/share/ament_cmake_ros/cmake)
[1.526s] -- Using all available rosidl_typesupport_c: rosidl_typesupport_fastrtps_c;rosidl_typesupport_introspection_c
[1.871s] -- Using all available rosidl_typesupport_cpp: rosidl_typesupport_fastrtps_cpp;rosidl_typesupport_introspection_cpp
[2.008s] -- Found PythonInterp: /usr/bin/python3 (found suitable version "3.10.12", minimum required is "3.6") 
[2.016s] -- Found python_cmake_module: 0.10.0 (/opt/ros/humble/share/python_cmake_module/cmake)
[2.570s] -- Found PythonLibs: /usr/lib/x86_64-linux-gnu/libpython3.10.so (found suitable version "3.10.12", minimum required is "3.5") 
[2.570s] -- Using PYTHON_EXECUTABLE: /usr/bin/python3
[2.570s] -- Using PYTHON_INCLUDE_DIRS: /usr/include/python3.10
[2.570s] -- Using PYTHON_LIBRARIES: /usr/lib/x86_64-linux-gnu/libpython3.10.so
[2.613s] -- Found PythonExtra: .so  
[2.781s] -- Found ament_lint_auto: 0.12.11 (/opt/ros/humble/share/ament_lint_auto/cmake)
[2.884s] -- Added test 'lint_cmake' to check CMake code style
[2.888s] -- Added test 'xmllint' to check XML markup files
[2.895s] -- Configuring done
[2.967s] -- Generating done
[2.972s] -- Build files have been written to: /home/kevo/robotics_inc/xarm_1s/build/xarm_1s_messages
[2.989s] Invoked command in '/home/kevo/robotics_inc/xarm_1s/build/xarm_1s_messages' returned '0': CMAKE_PREFIX_PATH=${CMAKE_PREFIX_PATH}:/home/kevo/ws_moveit2/install/moveit_configs_utils:/home/kevo/ws_moveit2/install/launch_param_builder:/opt/ros/humble /usr/bin/cmake /home/kevo/robotics_inc/xarm_1s/src/xarm_1s_messages -DCMAKE_INSTALL_PREFIX=/home/kevo/robotics_inc/xarm_1s/install/xarm_1s_messages
[2.993s] Invoking command in '/home/kevo/robotics_inc/xarm_1s/build/xarm_1s_messages': CMAKE_PREFIX_PATH=${CMAKE_PREFIX_PATH}:/home/kevo/ws_moveit2/install/moveit_configs_utils:/home/kevo/ws_moveit2/install/launch_param_builder:/opt/ros/humble /usr/bin/cmake --build /home/kevo/robotics_inc/xarm_1s/build/xarm_1s_messages -- -j8 -l8
[3.113s] [  3%] [34m[1mGenerating C code for ROS interfaces[0m
[3.147s] [  6%] [34m[1mGenerating C++ code for ROS interfaces[0m
[3.170s] [  6%] Built target ament_cmake_python_copy_xarm_1s_messages
[3.658s] [  9%] [32mBuilding C object CMakeFiles/xarm_1s_messages__rosidl_generator_c.dir/rosidl_generator_c/xarm_1s_messages/msg/detail/joy_msg__functions.c.o[0m
[3.683s] [  9%] Built target xarm_1s_messages__cpp
[3.708s] [ 19%] [34m[1mGenerating C++ introspection for ROS interfaces[0m
[3.708s] [ 19%] [34m[1mGenerating C++ type support dispatch for ROS interfaces[0m
[3.708s] [ 19%] [34m[1mGenerating C++ type support for eProsima Fast-RTPS[0m
[3.743s] running egg_info
[3.745s] creating xarm_1s_messages.egg-info
[3.746s] writing xarm_1s_messages.egg-info/PKG-INFO
[3.746s] writing dependency_links to xarm_1s_messages.egg-info/dependency_links.txt
[3.747s] writing top-level names to xarm_1s_messages.egg-info/top_level.txt
[3.748s] writing manifest file 'xarm_1s_messages.egg-info/SOURCES.txt'
[3.757s] reading manifest file 'xarm_1s_messages.egg-info/SOURCES.txt'
[3.758s] writing manifest file 'xarm_1s_messages.egg-info/SOURCES.txt'
[3.873s] [ 19%] Built target ament_cmake_python_build_xarm_1s_messages_egg
[3.916s] [ 22%] [32m[1mLinking C shared library libxarm_1s_messages__rosidl_generator_c.so[0m
[4.153s] [ 22%] Built target xarm_1s_messages__rosidl_generator_c
[4.187s] [ 25%] [34m[1mGenerating C type support dispatch for ROS interfaces[0m
[4.187s] [ 29%] [34m[1mGenerating C introspection for ROS interfaces[0m
[4.191s] [ 32%] [34m[1mGenerating C type support for eProsima Fast-RTPS[0m
[4.341s] [ 35%] [32mBuilding CXX object CMakeFiles/xarm_1s_messages__rosidl_typesupport_cpp.dir/rosidl_typesupport_cpp/xarm_1s_messages/msg/joy_msg__type_support.cpp.o[0m
[4.439s] [ 38%] [32mBuilding CXX object CMakeFiles/xarm_1s_messages__rosidl_typesupport_introspection_cpp.dir/rosidl_typesupport_introspection_cpp/xarm_1s_messages/msg/detail/joy_msg__type_support.cpp.o[0m
[4.451s] [ 41%] [32mBuilding CXX object CMakeFiles/xarm_1s_messages__rosidl_typesupport_fastrtps_cpp.dir/rosidl_typesupport_fastrtps_cpp/xarm_1s_messages/msg/detail/dds_fastrtps/joy_msg__type_support.cpp.o[0m
[4.970s] [ 45%] [32mBuilding CXX object CMakeFiles/xarm_1s_messages__rosidl_typesupport_c.dir/rosidl_typesupport_c/xarm_1s_messages/msg/joy_msg__type_support.cpp.o[0m
[5.051s] [ 48%] [32mBuilding C object CMakeFiles/xarm_1s_messages__rosidl_typesupport_introspection_c.dir/rosidl_typesupport_introspection_c/xarm_1s_messages/msg/detail/joy_msg__type_support.c.o[0m
[5.059s] [ 51%] [32mBuilding CXX object CMakeFiles/xarm_1s_messages__rosidl_typesupport_fastrtps_c.dir/rosidl_typesupport_fastrtps_c/xarm_1s_messages/msg/detail/joy_msg__type_support_c.cpp.o[0m
[5.073s] [ 54%] [32m[1mLinking CXX shared library libxarm_1s_messages__rosidl_typesupport_c.so[0m
[5.153s] [ 58%] [32m[1mLinking C shared library libxarm_1s_messages__rosidl_typesupport_introspection_c.so[0m
[5.268s] [ 61%] [32m[1mLinking CXX shared library libxarm_1s_messages__rosidl_typesupport_cpp.so[0m
[5.356s] [ 61%] Built target xarm_1s_messages__rosidl_typesupport_c
[5.400s] [ 61%] Built target xarm_1s_messages__rosidl_typesupport_introspection_c
[5.533s] [ 61%] Built target xarm_1s_messages__rosidl_typesupport_cpp
[5.596s] [ 64%] [32m[1mLinking CXX shared library libxarm_1s_messages__rosidl_typesupport_fastrtps_cpp.so[0m
[5.613s] [ 67%] [32m[1mLinking CXX shared library libxarm_1s_messages__rosidl_typesupport_introspection_cpp.so[0m
[5.838s] [ 67%] Built target xarm_1s_messages__rosidl_typesupport_introspection_cpp
[5.874s] [ 70%] [32m[1mLinking CXX shared library libxarm_1s_messages__rosidl_typesupport_fastrtps_c.so[0m
[5.904s] [ 70%] Built target xarm_1s_messages__rosidl_typesupport_fastrtps_cpp
[6.112s] [ 70%] Built target xarm_1s_messages__rosidl_typesupport_fastrtps_c
[6.151s] [ 70%] Built target xarm_1s_messages
[6.189s] [ 74%] [34m[1mGenerating Python code for ROS interfaces[0m
[6.668s] [ 74%] Built target xarm_1s_messages__py
[6.704s] [ 77%] [32mBuilding C object CMakeFiles/xarm_1s_messages__rosidl_generator_py.dir/rosidl_generator_py/xarm_1s_messages/msg/_joy_msg_s.c.o[0m
[6.912s] [ 80%] [32m[1mLinking C shared library rosidl_generator_py/xarm_1s_messages/libxarm_1s_messages__rosidl_generator_py.so[0m
[7.070s] [ 80%] Built target xarm_1s_messages__rosidl_generator_py
[7.110s] [ 83%] [32mBuilding C object CMakeFiles/xarm_1s_messages__rosidl_typesupport_c__pyext.dir/rosidl_generator_py/xarm_1s_messages/_xarm_1s_messages_s.ep.rosidl_typesupport_c.c.o[0m
[7.110s] [ 87%] [32mBuilding C object CMakeFiles/xarm_1s_messages__rosidl_typesupport_introspection_c__pyext.dir/rosidl_generator_py/xarm_1s_messages/_xarm_1s_messages_s.ep.rosidl_typesupport_introspection_c.c.o[0m
[7.111s] [ 90%] [32mBuilding C object CMakeFiles/xarm_1s_messages__rosidl_typesupport_fastrtps_c__pyext.dir/rosidl_generator_py/xarm_1s_messages/_xarm_1s_messages_s.ep.rosidl_typesupport_fastrtps_c.c.o[0m
[7.298s] [ 93%] [32m[1mLinking C shared library rosidl_generator_py/xarm_1s_messages/xarm_1s_messages_s__rosidl_typesupport_introspection_c.cpython-310-x86_64-linux-gnu.so[0m
[7.310s] [ 96%] [32m[1mLinking C shared library rosidl_generator_py/xarm_1s_messages/xarm_1s_messages_s__rosidl_typesupport_fastrtps_c.cpython-310-x86_64-linux-gnu.so[0m
[7.314s] [100%] [32m[1mLinking C shared library rosidl_generator_py/xarm_1s_messages/xarm_1s_messages_s__rosidl_typesupport_c.cpython-310-x86_64-linux-gnu.so[0m
[7.472s] [100%] Built target xarm_1s_messages__rosidl_typesupport_c__pyext
[7.472s] [100%] Built target xarm_1s_messages__rosidl_typesupport_introspection_c__pyext
[7.472s] [100%] Built target xarm_1s_messages__rosidl_typesupport_fastrtps_c__pyext
[7.497s] Invoked command in '/home/kevo/robotics_inc/xarm_1s/build/xarm_1s_messages' returned '0': CMAKE_PREFIX_PATH=${CMAKE_PREFIX_PATH}:/home/kevo/ws_moveit2/install/moveit_configs_utils:/home/kevo/ws_moveit2/install/launch_param_builder:/opt/ros/humble /usr/bin/cmake --build /home/kevo/robotics_inc/xarm_1s/build/xarm_1s_messages -- -j8 -l8
[7.645s] Invoking command in '/home/kevo/robotics_inc/xarm_1s/build/xarm_1s_messages': CMAKE_PREFIX_PATH=${CMAKE_PREFIX_PATH}:/home/kevo/ws_moveit2/install/moveit_configs_utils:/home/kevo/ws_moveit2/install/launch_param_builder:/opt/ros/humble /usr/bin/cmake --install /home/kevo/robotics_inc/xarm_1s/build/xarm_1s_messages
[7.665s] -- Install configuration: ""
[7.665s] -- Installing: /home/kevo/robotics_inc/xarm_1s/install/xarm_1s_messages/share/ament_index/resource_index/rosidl_interfaces/xarm_1s_messages
[7.666s] -- Installing: /home/kevo/robotics_inc/xarm_1s/install/xarm_1s_messages/include/xarm_1s_messages/xarm_1s_messages
[7.666s] -- Installing: /home/kevo/robotics_inc/xarm_1s/install/xarm_1s_messages/include/xarm_1s_messages/xarm_1s_messages/msg
[7.666s] -- Installing: /home/kevo/robotics_inc/xarm_1s/install/xarm_1s_messages/include/xarm_1s_messages/xarm_1s_messages/msg/joy_msg.h
[7.667s] -- Installing: /home/kevo/robotics_inc/xarm_1s/install/xarm_1s_messages/include/xarm_1s_messages/xarm_1s_messages/msg/rosidl_generator_c__visibility_control.h
[7.667s] -- Installing: /home/kevo/robotics_inc/xarm_1s/install/xarm_1s_messages/include/xarm_1s_messages/xarm_1s_messages/msg/detail
[7.667s] -- Installing: /home/kevo/robotics_inc/xarm_1s/install/xarm_1s_messages/include/xarm_1s_messages/xarm_1s_messages/msg/detail/joy_msg__type_support.h
[7.667s] -- Installing: /home/kevo/robotics_inc/xarm_1s/install/xarm_1s_messages/include/xarm_1s_messages/xarm_1s_messages/msg/detail/joy_msg__functions.c
[7.667s] -- Installing: /home/kevo/robotics_inc/xarm_1s/install/xarm_1s_messages/include/xarm_1s_messages/xarm_1s_messages/msg/detail/joy_msg__functions.h
[7.668s] -- Installing: /home/kevo/robotics_inc/xarm_1s/install/xarm_1s_messages/include/xarm_1s_messages/xarm_1s_messages/msg/detail/joy_msg__struct.h
[7.668s] -- Installing: /home/kevo/robotics_inc/xarm_1s/install/xarm_1s_messages/share/xarm_1s_messages/environment/library_path.sh
[7.668s] -- Installing: /home/kevo/robotics_inc/xarm_1s/install/xarm_1s_messages/share/xarm_1s_messages/environment/library_path.dsv
[7.668s] -- Installing: /home/kevo/robotics_inc/xarm_1s/install/xarm_1s_messages/lib/libxarm_1s_messages__rosidl_generator_c.so
[7.668s] -- Set runtime path of "/home/kevo/robotics_inc/xarm_1s/install/xarm_1s_messages/lib/libxarm_1s_messages__rosidl_generator_c.so" to ""
[7.669s] -- Up-to-date: /home/kevo/robotics_inc/xarm_1s/install/xarm_1s_messages/include/xarm_1s_messages/xarm_1s_messages
[7.669s] -- Up-to-date: /home/kevo/robotics_inc/xarm_1s/install/xarm_1s_messages/include/xarm_1s_messages/xarm_1s_messages/msg
[7.670s] -- Installing: /home/kevo/robotics_inc/xarm_1s/install/xarm_1s_messages/include/xarm_1s_messages/xarm_1s_messages/msg/rosidl_typesupport_fastrtps_c__visibility_control.h
[7.670s] -- Up-to-date: /home/kevo/robotics_inc/xarm_1s/install/xarm_1s_messages/include/xarm_1s_messages/xarm_1s_messages/msg/detail
[7.670s] -- Installing: /home/kevo/robotics_inc/xarm_1s/install/xarm_1s_messages/include/xarm_1s_messages/xarm_1s_messages/msg/detail/joy_msg__rosidl_typesupport_fastrtps_c.h
[7.671s] -- Installing: /home/kevo/robotics_inc/xarm_1s/install/xarm_1s_messages/lib/libxarm_1s_messages__rosidl_typesupport_fastrtps_c.so
[7.671s] -- Set runtime path of "/home/kevo/robotics_inc/xarm_1s/install/xarm_1s_messages/lib/libxarm_1s_messages__rosidl_typesupport_fastrtps_c.so" to ""
[7.672s] -- Up-to-date: /home/kevo/robotics_inc/xarm_1s/install/xarm_1s_messages/include/xarm_1s_messages/xarm_1s_messages
[7.672s] -- Up-to-date: /home/kevo/robotics_inc/xarm_1s/install/xarm_1s_messages/include/xarm_1s_messages/xarm_1s_messages/msg
[7.672s] -- Installing: /home/kevo/robotics_inc/xarm_1s/install/xarm_1s_messages/include/xarm_1s_messages/xarm_1s_messages/msg/rosidl_typesupport_introspection_c__visibility_control.h
[7.672s] -- Up-to-date: /home/kevo/robotics_inc/xarm_1s/install/xarm_1s_messages/include/xarm_1s_messages/xarm_1s_messages/msg/detail
[7.673s] -- Installing: /home/kevo/robotics_inc/xarm_1s/install/xarm_1s_messages/include/xarm_1s_messages/xarm_1s_messages/msg/detail/joy_msg__type_support.c
[7.673s] -- Installing: /home/kevo/robotics_inc/xarm_1s/install/xarm_1s_messages/include/xarm_1s_messages/xarm_1s_messages/msg/detail/joy_msg__rosidl_typesupport_introspection_c.h
[7.673s] -- Installing: /home/kevo/robotics_inc/xarm_1s/install/xarm_1s_messages/lib/libxarm_1s_messages__rosidl_typesupport_introspection_c.so
[7.673s] -- Set runtime path of "/home/kevo/robotics_inc/xarm_1s/install/xarm_1s_messages/lib/libxarm_1s_messages__rosidl_typesupport_introspection_c.so" to ""
[7.673s] -- Installing: /home/kevo/robotics_inc/xarm_1s/install/xarm_1s_messages/lib/libxarm_1s_messages__rosidl_typesupport_c.so
[7.673s] -- Set runtime path of "/home/kevo/robotics_inc/xarm_1s/install/xarm_1s_messages/lib/libxarm_1s_messages__rosidl_typesupport_c.so" to ""
[7.674s] -- Up-to-date: /home/kevo/robotics_inc/xarm_1s/install/xarm_1s_messages/include/xarm_1s_messages/xarm_1s_messages
[7.675s] -- Up-to-date: /home/kevo/robotics_inc/xarm_1s/install/xarm_1s_messages/include/xarm_1s_messages/xarm_1s_messages/msg
[7.675s] -- Installing: /home/kevo/robotics_inc/xarm_1s/install/xarm_1s_messages/include/xarm_1s_messages/xarm_1s_messages/msg/joy_msg.hpp
[7.675s] -- Up-to-date: /home/kevo/robotics_inc/xarm_1s/install/xarm_1s_messages/include/xarm_1s_messages/xarm_1s_messages/msg/detail
[7.675s] -- Installing: /home/kevo/robotics_inc/xarm_1s/install/xarm_1s_messages/include/xarm_1s_messages/xarm_1s_messages/msg/detail/joy_msg__builder.hpp
[7.675s] -- Installing: /home/kevo/robotics_inc/xarm_1s/install/xarm_1s_messages/include/xarm_1s_messages/xarm_1s_messages/msg/detail/joy_msg__traits.hpp
[7.676s] -- Installing: /home/kevo/robotics_inc/xarm_1s/install/xarm_1s_messages/include/xarm_1s_messages/xarm_1s_messages/msg/detail/joy_msg__struct.hpp
[7.676s] -- Up-to-date: /home/kevo/robotics_inc/xarm_1s/install/xarm_1s_messages/include/xarm_1s_messages/xarm_1s_messages
[7.676s] -- Up-to-date: /home/kevo/robotics_inc/xarm_1s/install/xarm_1s_messages/include/xarm_1s_messages/xarm_1s_messages/msg
[7.676s] -- Installing: /home/kevo/robotics_inc/xarm_1s/install/xarm_1s_messages/include/xarm_1s_messages/xarm_1s_messages/msg/rosidl_typesupport_fastrtps_cpp__visibility_control.h
[7.676s] -- Up-to-date: /home/kevo/robotics_inc/xarm_1s/install/xarm_1s_messages/include/xarm_1s_messages/xarm_1s_messages/msg/detail
[7.676s] -- Installing: /home/kevo/robotics_inc/xarm_1s/install/xarm_1s_messages/include/xarm_1s_messages/xarm_1s_messages/msg/detail/dds_fastrtps
[7.676s] -- Installing: /home/kevo/robotics_inc/xarm_1s/install/xarm_1s_messages/include/xarm_1s_messages/xarm_1s_messages/msg/detail/joy_msg__rosidl_typesupport_fastrtps_cpp.hpp
[7.676s] -- Installing: /home/kevo/robotics_inc/xarm_1s/install/xarm_1s_messages/lib/libxarm_1s_messages__rosidl_typesupport_fastrtps_cpp.so
[7.677s] -- Set runtime path of "/home/kevo/robotics_inc/xarm_1s/install/xarm_1s_messages/lib/libxarm_1s_messages__rosidl_typesupport_fastrtps_cpp.so" to ""
[7.677s] -- Up-to-date: /home/kevo/robotics_inc/xarm_1s/install/xarm_1s_messages/include/xarm_1s_messages/xarm_1s_messages
[7.677s] -- Up-to-date: /home/kevo/robotics_inc/xarm_1s/install/xarm_1s_messages/include/xarm_1s_messages/xarm_1s_messages/msg
[7.677s] -- Up-to-date: /home/kevo/robotics_inc/xarm_1s/install/xarm_1s_messages/include/xarm_1s_messages/xarm_1s_messages/msg/detail
[7.677s] -- Installing: /home/kevo/robotics_inc/xarm_1s/install/xarm_1s_messages/include/xarm_1s_messages/xarm_1s_messages/msg/detail/joy_msg__rosidl_typesupport_introspection_cpp.hpp
[7.678s] -- Installing: /home/kevo/robotics_inc/xarm_1s/install/xarm_1s_messages/include/xarm_1s_messages/xarm_1s_messages/msg/detail/joy_msg__type_support.cpp
[7.678s] -- Installing: /home/kevo/robotics_inc/xarm_1s/install/xarm_1s_messages/lib/libxarm_1s_messages__rosidl_typesupport_introspection_cpp.so
[7.678s] -- Set runtime path of "/home/kevo/robotics_inc/xarm_1s/install/xarm_1s_messages/lib/libxarm_1s_messages__rosidl_typesupport_introspection_cpp.so" to ""
[7.678s] -- Installing: /home/kevo/robotics_inc/xarm_1s/install/xarm_1s_messages/lib/libxarm_1s_messages__rosidl_typesupport_cpp.so
[7.679s] -- Set runtime path of "/home/kevo/robotics_inc/xarm_1s/install/xarm_1s_messages/lib/libxarm_1s_messages__rosidl_typesupport_cpp.so" to ""
[7.679s] -- Installing: /home/kevo/robotics_inc/xarm_1s/install/xarm_1s_messages/share/xarm_1s_messages/environment/pythonpath.sh
[7.679s] -- Installing: /home/kevo/robotics_inc/xarm_1s/install/xarm_1s_messages/share/xarm_1s_messages/environment/pythonpath.dsv
[7.679s] -- Installing: /home/kevo/robotics_inc/xarm_1s/install/xarm_1s_messages/local/lib/python3.10/dist-packages/xarm_1s_messages-0.0.0-py3.10.egg-info
[7.680s] -- Installing: /home/kevo/robotics_inc/xarm_1s/install/xarm_1s_messages/local/lib/python3.10/dist-packages/xarm_1s_messages-0.0.0-py3.10.egg-info/top_level.txt
[7.680s] -- Installing: /home/kevo/robotics_inc/xarm_1s/install/xarm_1s_messages/local/lib/python3.10/dist-packages/xarm_1s_messages-0.0.0-py3.10.egg-info/dependency_links.txt
[7.680s] -- Installing: /home/kevo/robotics_inc/xarm_1s/install/xarm_1s_messages/local/lib/python3.10/dist-packages/xarm_1s_messages-0.0.0-py3.10.egg-info/SOURCES.txt
[7.681s] -- Installing: /home/kevo/robotics_inc/xarm_1s/install/xarm_1s_messages/local/lib/python3.10/dist-packages/xarm_1s_messages-0.0.0-py3.10.egg-info/PKG-INFO
[7.681s] -- Installing: /home/kevo/robotics_inc/xarm_1s/install/xarm_1s_messages/local/lib/python3.10/dist-packages/xarm_1s_messages
[7.681s] -- Installing: /home/kevo/robotics_inc/xarm_1s/install/xarm_1s_messages/local/lib/python3.10/dist-packages/xarm_1s_messages/libxarm_1s_messages__rosidl_generator_py.so
[7.682s] -- Installing: /home/kevo/robotics_inc/xarm_1s/install/xarm_1s_messages/local/lib/python3.10/dist-packages/xarm_1s_messages/xarm_1s_messages_s__rosidl_typesupport_introspection_c.cpython-310-x86_64-linux-gnu.so
[7.682s] -- Installing: /home/kevo/robotics_inc/xarm_1s/install/xarm_1s_messages/local/lib/python3.10/dist-packages/xarm_1s_messages/xarm_1s_messages_s__rosidl_typesupport_fastrtps_c.cpython-310-x86_64-linux-gnu.so
[7.682s] -- Installing: /home/kevo/robotics_inc/xarm_1s/install/xarm_1s_messages/local/lib/python3.10/dist-packages/xarm_1s_messages/xarm_1s_messages_s__rosidl_typesupport_c.cpython-310-x86_64-linux-gnu.so
[7.683s] -- Installing: /home/kevo/robotics_inc/xarm_1s/install/xarm_1s_messages/local/lib/python3.10/dist-packages/xarm_1s_messages/_xarm_1s_messages_s.ep.rosidl_typesupport_c.c
[7.683s] -- Installing: /home/kevo/robotics_inc/xarm_1s/install/xarm_1s_messages/local/lib/python3.10/dist-packages/xarm_1s_messages/msg
[7.683s] -- Installing: /home/kevo/robotics_inc/xarm_1s/install/xarm_1s_messages/local/lib/python3.10/dist-packages/xarm_1s_messages/msg/_joy_msg_s.c
[7.683s] -- Installing: /home/kevo/robotics_inc/xarm_1s/install/xarm_1s_messages/local/lib/python3.10/dist-packages/xarm_1s_messages/msg/_joy_msg.py
[7.683s] -- Installing: /home/kevo/robotics_inc/xarm_1s/install/xarm_1s_messages/local/lib/python3.10/dist-packages/xarm_1s_messages/msg/__init__.py
[7.683s] -- Installing: /home/kevo/robotics_inc/xarm_1s/install/xarm_1s_messages/local/lib/python3.10/dist-packages/xarm_1s_messages/_xarm_1s_messages_s.ep.rosidl_typesupport_introspection_c.c
[7.683s] -- Installing: /home/kevo/robotics_inc/xarm_1s/install/xarm_1s_messages/local/lib/python3.10/dist-packages/xarm_1s_messages/_xarm_1s_messages_s.ep.rosidl_typesupport_fastrtps_c.c
[7.684s] -- Installing: /home/kevo/robotics_inc/xarm_1s/install/xarm_1s_messages/local/lib/python3.10/dist-packages/xarm_1s_messages/__init__.py
[7.737s] Listing '/home/kevo/robotics_inc/xarm_1s/install/xarm_1s_messages/local/lib/python3.10/dist-packages/xarm_1s_messages'...
[7.738s] Compiling '/home/kevo/robotics_inc/xarm_1s/install/xarm_1s_messages/local/lib/python3.10/dist-packages/xarm_1s_messages/__init__.py'...
[7.738s] Listing '/home/kevo/robotics_inc/xarm_1s/install/xarm_1s_messages/local/lib/python3.10/dist-packages/xarm_1s_messages/msg'...
[7.738s] Compiling '/home/kevo/robotics_inc/xarm_1s/install/xarm_1s_messages/local/lib/python3.10/dist-packages/xarm_1s_messages/msg/__init__.py'...
[7.738s] Compiling '/home/kevo/robotics_inc/xarm_1s/install/xarm_1s_messages/local/lib/python3.10/dist-packages/xarm_1s_messages/msg/_joy_msg.py'...
[7.747s] -- Installing: /home/kevo/robotics_inc/xarm_1s/install/xarm_1s_messages/local/lib/python3.10/dist-packages/xarm_1s_messages/xarm_1s_messages_s__rosidl_typesupport_fastrtps_c.cpython-310-x86_64-linux-gnu.so
[7.748s] -- Set runtime path of "/home/kevo/robotics_inc/xarm_1s/install/xarm_1s_messages/local/lib/python3.10/dist-packages/xarm_1s_messages/xarm_1s_messages_s__rosidl_typesupport_fastrtps_c.cpython-310-x86_64-linux-gnu.so" to ""
[7.748s] -- Installing: /home/kevo/robotics_inc/xarm_1s/install/xarm_1s_messages/local/lib/python3.10/dist-packages/xarm_1s_messages/xarm_1s_messages_s__rosidl_typesupport_introspection_c.cpython-310-x86_64-linux-gnu.so
[7.748s] -- Set runtime path of "/home/kevo/robotics_inc/xarm_1s/install/xarm_1s_messages/local/lib/python3.10/dist-packages/xarm_1s_messages/xarm_1s_messages_s__rosidl_typesupport_introspection_c.cpython-310-x86_64-linux-gnu.so" to ""
[7.749s] -- Installing: /home/kevo/robotics_inc/xarm_1s/install/xarm_1s_messages/local/lib/python3.10/dist-packages/xarm_1s_messages/xarm_1s_messages_s__rosidl_typesupport_c.cpython-310-x86_64-linux-gnu.so
[7.749s] -- Set runtime path of "/home/kevo/robotics_inc/xarm_1s/install/xarm_1s_messages/local/lib/python3.10/dist-packages/xarm_1s_messages/xarm_1s_messages_s__rosidl_typesupport_c.cpython-310-x86_64-linux-gnu.so" to ""
[7.749s] -- Installing: /home/kevo/robotics_inc/xarm_1s/install/xarm_1s_messages/lib/libxarm_1s_messages__rosidl_generator_py.so
[7.749s] -- Set runtime path of "/home/kevo/robotics_inc/xarm_1s/install/xarm_1s_messages/lib/libxarm_1s_messages__rosidl_generator_py.so" to ""
[7.750s] -- Installing: /home/kevo/robotics_inc/xarm_1s/install/xarm_1s_messages/share/xarm_1s_messages/msg/JoyMsg.idl
[7.750s] -- Installing: /home/kevo/robotics_inc/xarm_1s/install/xarm_1s_messages/share/xarm_1s_messages/msg/JoyMsg.msg
[7.751s] -- Installing: /home/kevo/robotics_inc/xarm_1s/install/xarm_1s_messages/share/ament_index/resource_index/package_run_dependencies/xarm_1s_messages
[7.751s] -- Installing: /home/kevo/robotics_inc/xarm_1s/install/xarm_1s_messages/share/ament_index/resource_index/parent_prefix_path/xarm_1s_messages
[7.752s] -- Installing: /home/kevo/robotics_inc/xarm_1s/install/xarm_1s_messages/share/xarm_1s_messages/environment/ament_prefix_path.sh
[7.752s] -- Installing: /home/kevo/robotics_inc/xarm_1s/install/xarm_1s_messages/share/xarm_1s_messages/environment/ament_prefix_path.dsv
[7.752s] -- Installing: /home/kevo/robotics_inc/xarm_1s/install/xarm_1s_messages/share/xarm_1s_messages/environment/path.sh
[7.752s] -- Installing: /home/kevo/robotics_inc/xarm_1s/install/xarm_1s_messages/share/xarm_1s_messages/environment/path.dsv
[7.753s] -- Installing: /home/kevo/robotics_inc/xarm_1s/install/xarm_1s_messages/share/xarm_1s_messages/local_setup.bash
[7.753s] -- Installing: /home/kevo/robotics_inc/xarm_1s/install/xarm_1s_messages/share/xarm_1s_messages/local_setup.sh
[7.753s] -- Installing: /home/kevo/robotics_inc/xarm_1s/install/xarm_1s_messages/share/xarm_1s_messages/local_setup.zsh
[7.753s] -- Installing: /home/kevo/robotics_inc/xarm_1s/install/xarm_1s_messages/share/xarm_1s_messages/local_setup.dsv
[7.754s] -- Installing: /home/kevo/robotics_inc/xarm_1s/install/xarm_1s_messages/share/xarm_1s_messages/package.dsv
[7.754s] -- Installing: /home/kevo/robotics_inc/xarm_1s/install/xarm_1s_messages/share/ament_index/resource_index/packages/xarm_1s_messages
[7.754s] -- Installing: /home/kevo/robotics_inc/xarm_1s/install/xarm_1s_messages/share/xarm_1s_messages/cmake/export_xarm_1s_messages__rosidl_generator_cExport.cmake
[7.754s] -- Installing: /home/kevo/robotics_inc/xarm_1s/install/xarm_1s_messages/share/xarm_1s_messages/cmake/export_xarm_1s_messages__rosidl_generator_cExport-noconfig.cmake
[7.755s] -- Installing: /home/kevo/robotics_inc/xarm_1s/install/xarm_1s_messages/share/xarm_1s_messages/cmake/export_xarm_1s_messages__rosidl_typesupport_fastrtps_cExport.cmake
[7.755s] -- Installing: /home/kevo/robotics_inc/xarm_1s/install/xarm_1s_messages/share/xarm_1s_messages/cmake/export_xarm_1s_messages__rosidl_typesupport_fastrtps_cExport-noconfig.cmake
[7.755s] -- Installing: /home/kevo/robotics_inc/xarm_1s/install/xarm_1s_messages/share/xarm_1s_messages/cmake/xarm_1s_messages__rosidl_typesupport_introspection_cExport.cmake
[7.755s] -- Installing: /home/kevo/robotics_inc/xarm_1s/install/xarm_1s_messages/share/xarm_1s_messages/cmake/xarm_1s_messages__rosidl_typesupport_introspection_cExport-noconfig.cmake
[7.756s] -- Installing: /home/kevo/robotics_inc/xarm_1s/install/xarm_1s_messages/share/xarm_1s_messages/cmake/xarm_1s_messages__rosidl_typesupport_cExport.cmake
[7.756s] -- Installing: /home/kevo/robotics_inc/xarm_1s/install/xarm_1s_messages/share/xarm_1s_messages/cmake/xarm_1s_messages__rosidl_typesupport_cExport-noconfig.cmake
[7.756s] -- Installing: /home/kevo/robotics_inc/xarm_1s/install/xarm_1s_messages/share/xarm_1s_messages/cmake/export_xarm_1s_messages__rosidl_generator_cppExport.cmake
[7.756s] -- Installing: /home/kevo/robotics_inc/xarm_1s/install/xarm_1s_messages/share/xarm_1s_messages/cmake/export_xarm_1s_messages__rosidl_typesupport_fastrtps_cppExport.cmake
[7.756s] -- Installing: /home/kevo/robotics_inc/xarm_1s/install/xarm_1s_messages/share/xarm_1s_messages/cmake/export_xarm_1s_messages__rosidl_typesupport_fastrtps_cppExport-noconfig.cmake
[7.757s] -- Installing: /home/kevo/robotics_inc/xarm_1s/install/xarm_1s_messages/share/xarm_1s_messages/cmake/xarm_1s_messages__rosidl_typesupport_introspection_cppExport.cmake
[7.757s] -- Installing: /home/kevo/robotics_inc/xarm_1s/install/xarm_1s_messages/share/xarm_1s_messages/cmake/xarm_1s_messages__rosidl_typesupport_introspection_cppExport-noconfig.cmake
[7.757s] -- Installing: /home/kevo/robotics_inc/xarm_1s/install/xarm_1s_messages/share/xarm_1s_messages/cmake/xarm_1s_messages__rosidl_typesupport_cppExport.cmake
[7.757s] -- Installing: /home/kevo/robotics_inc/xarm_1s/install/xarm_1s_messages/share/xarm_1s_messages/cmake/xarm_1s_messages__rosidl_typesupport_cppExport-noconfig.cmake
[7.758s] -- Installing: /home/kevo/robotics_inc/xarm_1s/install/xarm_1s_messages/share/xarm_1s_messages/cmake/export_xarm_1s_messages__rosidl_generator_pyExport.cmake
[7.758s] -- Installing: /home/kevo/robotics_inc/xarm_1s/install/xarm_1s_messages/share/xarm_1s_messages/cmake/export_xarm_1s_messages__rosidl_generator_pyExport-noconfig.cmake
[7.758s] -- Installing: /home/kevo/robotics_inc/xarm_1s/install/xarm_1s_messages/share/xarm_1s_messages/cmake/rosidl_cmake-extras.cmake
[7.758s] -- Installing: /home/kevo/robotics_inc/xarm_1s/install/xarm_1s_messages/share/xarm_1s_messages/cmake/ament_cmake_export_include_directories-extras.cmake
[7.758s] -- Installing: /home/kevo/robotics_inc/xarm_1s/install/xarm_1s_messages/share/xarm_1s_messages/cmake/ament_cmake_export_libraries-extras.cmake
[7.759s] -- Installing: /home/kevo/robotics_inc/xarm_1s/install/xarm_1s_messages/share/xarm_1s_messages/cmake/ament_cmake_export_targets-extras.cmake
[7.759s] -- Installing: /home/kevo/robotics_inc/xarm_1s/install/xarm_1s_messages/share/xarm_1s_messages/cmake/rosidl_cmake_export_typesupport_targets-extras.cmake
[7.759s] -- Installing: /home/kevo/robotics_inc/xarm_1s/install/xarm_1s_messages/share/xarm_1s_messages/cmake/ament_cmake_export_dependencies-extras.cmake
[7.759s] -- Installing: /home/kevo/robotics_inc/xarm_1s/install/xarm_1s_messages/share/xarm_1s_messages/cmake/rosidl_cmake_export_typesupport_libraries-extras.cmake
[7.759s] -- Installing: /home/kevo/robotics_inc/xarm_1s/install/xarm_1s_messages/share/xarm_1s_messages/cmake/xarm_1s_messagesConfig.cmake
[7.760s] -- Installing: /home/kevo/robotics_inc/xarm_1s/install/xarm_1s_messages/share/xarm_1s_messages/cmake/xarm_1s_messagesConfig-version.cmake
[7.760s] -- Installing: /home/kevo/robotics_inc/xarm_1s/install/xarm_1s_messages/share/xarm_1s_messages/package.xml
[7.763s] Invoked command in '/home/kevo/robotics_inc/xarm_1s/build/xarm_1s_messages' returned '0': CMAKE_PREFIX_PATH=${CMAKE_PREFIX_PATH}:/home/kevo/ws_moveit2/install/moveit_configs_utils:/home/kevo/ws_moveit2/install/launch_param_builder:/opt/ros/humble /usr/bin/cmake --install /home/kevo/robotics_inc/xarm_1s/build/xarm_1s_messages
