[0.042s] Invoking command in '/home/kevo/robotics_inc/xarm_1s/build/xarm_1s_messages': CMAKE_PREFIX_PATH=${CMAKE_PREFIX_PATH}:/home/kevo/ws_moveit2/install/moveit_configs_utils:/home/kevo/ws_moveit2/install/launch_param_builder:/opt/ros/humble /usr/bin/cmake --build /home/kevo/robotics_inc/xarm_1s/build/xarm_1s_messages -- -j8 -l8
[0.153s] [  3%] Built target xarm_1s_messages__cpp
[0.160s] [ 12%] Built target xarm_1s_messages__rosidl_generator_c
[0.176s] [ 12%] Built target ament_cmake_python_copy_xarm_1s_messages
[0.216s] [ 22%] Built target xarm_1s_messages__rosidl_typesupport_fastrtps_cpp
[0.230s] [ 32%] Built target xarm_1s_messages__rosidl_typesupport_cpp
[0.239s] [ 41%] Built target xarm_1s_messages__rosidl_typesupport_c
[0.243s] [ 51%] Built target xarm_1s_messages__rosidl_typesupport_introspection_c
[0.253s] [ 61%] Built target xarm_1s_messages__rosidl_typesupport_fastrtps_c
[0.255s] [ 70%] Built target xarm_1s_messages__rosidl_typesupport_introspection_cpp
[0.303s] [ 70%] Built target xarm_1s_messages
[0.356s] [ 74%] Built target xarm_1s_messages__py
[0.423s] [ 80%] Built target xarm_1s_messages__rosidl_generator_py
[0.482s] [ 90%] Built target xarm_1s_messages__rosidl_typesupport_c__pyext
[0.483s] [ 93%] Built target xarm_1s_messages__rosidl_typesupport_introspection_c__pyext
[0.495s] [100%] Built target xarm_1s_messages__rosidl_typesupport_fastrtps_c__pyext
[0.810s] running egg_info
[0.812s] writing xarm_1s_messages.egg-info/PKG-INFO
[0.812s] writing dependency_links to xarm_1s_messages.egg-info/dependency_links.txt
[0.812s] writing top-level names to xarm_1s_messages.egg-info/top_level.txt
[0.818s] reading manifest file 'xarm_1s_messages.egg-info/SOURCES.txt'
[0.819s] writing manifest file 'xarm_1s_messages.egg-info/SOURCES.txt'
[0.882s] [100%] Built target ament_cmake_python_build_xarm_1s_messages_egg
[0.904s] Invoked command in '/home/kevo/robotics_inc/xarm_1s/build/xarm_1s_messages' returned '0': CMAKE_PREFIX_PATH=${CMAKE_PREFIX_PATH}:/home/kevo/ws_moveit2/install/moveit_configs_utils:/home/kevo/ws_moveit2/install/launch_param_builder:/opt/ros/humble /usr/bin/cmake --build /home/kevo/robotics_inc/xarm_1s/build/xarm_1s_messages -- -j8 -l8
[1.059s] Invoking command in '/home/kevo/robotics_inc/xarm_1s/build/xarm_1s_messages': CMAKE_PREFIX_PATH=${CMAKE_PREFIX_PATH}:/home/kevo/ws_moveit2/install/moveit_configs_utils:/home/kevo/ws_moveit2/install/launch_param_builder:/opt/ros/humble /usr/bin/cmake --install /home/kevo/robotics_inc/xarm_1s/build/xarm_1s_messages
[1.080s] -- Install configuration: ""
[1.080s] -- Up-to-date: /home/kevo/robotics_inc/xarm_1s/install/xarm_1s_messages/share/ament_index/resource_index/rosidl_interfaces/xarm_1s_messages
[1.081s] -- Up-to-date: /home/kevo/robotics_inc/xarm_1s/install/xarm_1s_messages/include/xarm_1s_messages/xarm_1s_messages
[1.081s] -- Up-to-date: /home/kevo/robotics_inc/xarm_1s/install/xarm_1s_messages/include/xarm_1s_messages/xarm_1s_messages/msg
[1.081s] -- Up-to-date: /home/kevo/robotics_inc/xarm_1s/install/xarm_1s_messages/include/xarm_1s_messages/xarm_1s_messages/msg/joy_msg.h
[1.082s] -- Up-to-date: /home/kevo/robotics_inc/xarm_1s/install/xarm_1s_messages/include/xarm_1s_messages/xarm_1s_messages/msg/rosidl_generator_c__visibility_control.h
[1.082s] -- Up-to-date: /home/kevo/robotics_inc/xarm_1s/install/xarm_1s_messages/include/xarm_1s_messages/xarm_1s_messages/msg/detail
[1.083s] -- Up-to-date: /home/kevo/robotics_inc/xarm_1s/install/xarm_1s_messages/include/xarm_1s_messages/xarm_1s_messages/msg/detail/joy_msg__type_support.h
[1.083s] -- Up-to-date: /home/kevo/robotics_inc/xarm_1s/install/xarm_1s_messages/include/xarm_1s_messages/xarm_1s_messages/msg/detail/joy_msg__functions.c
[1.083s] -- Up-to-date: /home/kevo/robotics_inc/xarm_1s/install/xarm_1s_messages/include/xarm_1s_messages/xarm_1s_messages/msg/detail/joy_msg__functions.h
[1.084s] -- Up-to-date: /home/kevo/robotics_inc/xarm_1s/install/xarm_1s_messages/include/xarm_1s_messages/xarm_1s_messages/msg/detail/joy_msg__struct.h
[1.084s] -- Up-to-date: /home/kevo/robotics_inc/xarm_1s/install/xarm_1s_messages/share/xarm_1s_messages/environment/library_path.sh
[1.086s] -- Up-to-date: /home/kevo/robotics_inc/xarm_1s/install/xarm_1s_messages/share/xarm_1s_messages/environment/library_path.dsv
[1.087s] -- Up-to-date: /home/kevo/robotics_inc/xarm_1s/install/xarm_1s_messages/lib/libxarm_1s_messages__rosidl_generator_c.so
[1.088s] -- Up-to-date: /home/kevo/robotics_inc/xarm_1s/install/xarm_1s_messages/include/xarm_1s_messages/xarm_1s_messages
[1.089s] -- Up-to-date: /home/kevo/robotics_inc/xarm_1s/install/xarm_1s_messages/include/xarm_1s_messages/xarm_1s_messages/msg
[1.089s] -- Up-to-date: /home/kevo/robotics_inc/xarm_1s/install/xarm_1s_messages/include/xarm_1s_messages/xarm_1s_messages/msg/rosidl_typesupport_fastrtps_c__visibility_control.h
[1.090s] -- Up-to-date: /home/kevo/robotics_inc/xarm_1s/install/xarm_1s_messages/include/xarm_1s_messages/xarm_1s_messages/msg/detail
[1.090s] -- Up-to-date: /home/kevo/robotics_inc/xarm_1s/install/xarm_1s_messages/include/xarm_1s_messages/xarm_1s_messages/msg/detail/joy_msg__rosidl_typesupport_fastrtps_c.h
[1.090s] -- Up-to-date: /home/kevo/robotics_inc/xarm_1s/install/xarm_1s_messages/lib/libxarm_1s_messages__rosidl_typesupport_fastrtps_c.so
[1.091s] -- Up-to-date: /home/kevo/robotics_inc/xarm_1s/install/xarm_1s_messages/include/xarm_1s_messages/xarm_1s_messages
[1.091s] -- Up-to-date: /home/kevo/robotics_inc/xarm_1s/install/xarm_1s_messages/include/xarm_1s_messages/xarm_1s_messages/msg
[1.091s] -- Up-to-date: /home/kevo/robotics_inc/xarm_1s/install/xarm_1s_messages/include/xarm_1s_messages/xarm_1s_messages/msg/rosidl_typesupport_introspection_c__visibility_control.h
[1.092s] -- Up-to-date: /home/kevo/robotics_inc/xarm_1s/install/xarm_1s_messages/include/xarm_1s_messages/xarm_1s_messages/msg/detail
[1.092s] -- Up-to-date: /home/kevo/robotics_inc/xarm_1s/install/xarm_1s_messages/include/xarm_1s_messages/xarm_1s_messages/msg/detail/joy_msg__type_support.c
[1.092s] -- Up-to-date: /home/kevo/robotics_inc/xarm_1s/install/xarm_1s_messages/include/xarm_1s_messages/xarm_1s_messages/msg/detail/joy_msg__rosidl_typesupport_introspection_c.h
[1.093s] -- Up-to-date: /home/kevo/robotics_inc/xarm_1s/install/xarm_1s_messages/lib/libxarm_1s_messages__rosidl_typesupport_introspection_c.so
[1.094s] -- Up-to-date: /home/kevo/robotics_inc/xarm_1s/install/xarm_1s_messages/lib/libxarm_1s_messages__rosidl_typesupport_c.so
[1.094s] -- Up-to-date: /home/kevo/robotics_inc/xarm_1s/install/xarm_1s_messages/include/xarm_1s_messages/xarm_1s_messages
[1.094s] -- Up-to-date: /home/kevo/robotics_inc/xarm_1s/install/xarm_1s_messages/include/xarm_1s_messages/xarm_1s_messages/msg
[1.094s] -- Up-to-date: /home/kevo/robotics_inc/xarm_1s/install/xarm_1s_messages/include/xarm_1s_messages/xarm_1s_messages/msg/joy_msg.hpp
[1.095s] -- Up-to-date: /home/kevo/robotics_inc/xarm_1s/install/xarm_1s_messages/include/xarm_1s_messages/xarm_1s_messages/msg/detail
[1.095s] -- Up-to-date: /home/kevo/robotics_inc/xarm_1s/install/xarm_1s_messages/include/xarm_1s_messages/xarm_1s_messages/msg/detail/joy_msg__builder.hpp
[1.095s] -- Up-to-date: /home/kevo/robotics_inc/xarm_1s/install/xarm_1s_messages/include/xarm_1s_messages/xarm_1s_messages/msg/detail/joy_msg__traits.hpp
[1.095s] -- Up-to-date: /home/kevo/robotics_inc/xarm_1s/install/xarm_1s_messages/include/xarm_1s_messages/xarm_1s_messages/msg/detail/joy_msg__struct.hpp
[1.096s] -- Up-to-date: /home/kevo/robotics_inc/xarm_1s/install/xarm_1s_messages/include/xarm_1s_messages/xarm_1s_messages
[1.096s] -- Up-to-date: /home/kevo/robotics_inc/xarm_1s/install/xarm_1s_messages/include/xarm_1s_messages/xarm_1s_messages/msg
[1.097s] -- Up-to-date: /home/kevo/robotics_inc/xarm_1s/install/xarm_1s_messages/include/xarm_1s_messages/xarm_1s_messages/msg/rosidl_typesupport_fastrtps_cpp__visibility_control.h
[1.097s] -- Up-to-date: /home/kevo/robotics_inc/xarm_1s/install/xarm_1s_messages/include/xarm_1s_messages/xarm_1s_messages/msg/detail
[1.097s] -- Up-to-date: /home/kevo/robotics_inc/xarm_1s/install/xarm_1s_messages/include/xarm_1s_messages/xarm_1s_messages/msg/detail/dds_fastrtps
[1.098s] -- Up-to-date: /home/kevo/robotics_inc/xarm_1s/install/xarm_1s_messages/include/xarm_1s_messages/xarm_1s_messages/msg/detail/joy_msg__rosidl_typesupport_fastrtps_cpp.hpp
[1.098s] -- Up-to-date: /home/kevo/robotics_inc/xarm_1s/install/xarm_1s_messages/lib/libxarm_1s_messages__rosidl_typesupport_fastrtps_cpp.so
[1.098s] -- Up-to-date: /home/kevo/robotics_inc/xarm_1s/install/xarm_1s_messages/include/xarm_1s_messages/xarm_1s_messages
[1.099s] -- Up-to-date: /home/kevo/robotics_inc/xarm_1s/install/xarm_1s_messages/include/xarm_1s_messages/xarm_1s_messages/msg
[1.099s] -- Up-to-date: /home/kevo/robotics_inc/xarm_1s/install/xarm_1s_messages/include/xarm_1s_messages/xarm_1s_messages/msg/detail
[1.099s] -- Up-to-date: /home/kevo/robotics_inc/xarm_1s/install/xarm_1s_messages/include/xarm_1s_messages/xarm_1s_messages/msg/detail/joy_msg__rosidl_typesupport_introspection_cpp.hpp
[1.099s] -- Up-to-date: /home/kevo/robotics_inc/xarm_1s/install/xarm_1s_messages/include/xarm_1s_messages/xarm_1s_messages/msg/detail/joy_msg__type_support.cpp
[1.100s] -- Up-to-date: /home/kevo/robotics_inc/xarm_1s/install/xarm_1s_messages/lib/libxarm_1s_messages__rosidl_typesupport_introspection_cpp.so
[1.100s] -- Up-to-date: /home/kevo/robotics_inc/xarm_1s/install/xarm_1s_messages/lib/libxarm_1s_messages__rosidl_typesupport_cpp.so
[1.100s] -- Up-to-date: /home/kevo/robotics_inc/xarm_1s/install/xarm_1s_messages/share/xarm_1s_messages/environment/pythonpath.sh
[1.100s] -- Up-to-date: /home/kevo/robotics_inc/xarm_1s/install/xarm_1s_messages/share/xarm_1s_messages/environment/pythonpath.dsv
[1.102s] -- Up-to-date: /home/kevo/robotics_inc/xarm_1s/install/xarm_1s_messages/local/lib/python3.10/dist-packages/xarm_1s_messages-0.0.0-py3.10.egg-info
[1.103s] -- Installing: /home/kevo/robotics_inc/xarm_1s/install/xarm_1s_messages/local/lib/python3.10/dist-packages/xarm_1s_messages-0.0.0-py3.10.egg-info/top_level.txt
[1.103s] -- Installing: /home/kevo/robotics_inc/xarm_1s/install/xarm_1s_messages/local/lib/python3.10/dist-packages/xarm_1s_messages-0.0.0-py3.10.egg-info/dependency_links.txt
[1.103s] -- Installing: /home/kevo/robotics_inc/xarm_1s/install/xarm_1s_messages/local/lib/python3.10/dist-packages/xarm_1s_messages-0.0.0-py3.10.egg-info/SOURCES.txt
[1.103s] -- Installing: /home/kevo/robotics_inc/xarm_1s/install/xarm_1s_messages/local/lib/python3.10/dist-packages/xarm_1s_messages-0.0.0-py3.10.egg-info/PKG-INFO
[1.104s] -- Up-to-date: /home/kevo/robotics_inc/xarm_1s/install/xarm_1s_messages/local/lib/python3.10/dist-packages/xarm_1s_messages
[1.104s] -- Up-to-date: /home/kevo/robotics_inc/xarm_1s/install/xarm_1s_messages/local/lib/python3.10/dist-packages/xarm_1s_messages/libxarm_1s_messages__rosidl_generator_py.so
[1.104s] -- Up-to-date: /home/kevo/robotics_inc/xarm_1s/install/xarm_1s_messages/local/lib/python3.10/dist-packages/xarm_1s_messages/xarm_1s_messages_s__rosidl_typesupport_introspection_c.cpython-310-x86_64-linux-gnu.so
[1.104s] -- Up-to-date: /home/kevo/robotics_inc/xarm_1s/install/xarm_1s_messages/local/lib/python3.10/dist-packages/xarm_1s_messages/xarm_1s_messages_s__rosidl_typesupport_fastrtps_c.cpython-310-x86_64-linux-gnu.so
[1.105s] -- Up-to-date: /home/kevo/robotics_inc/xarm_1s/install/xarm_1s_messages/local/lib/python3.10/dist-packages/xarm_1s_messages/xarm_1s_messages_s__rosidl_typesupport_c.cpython-310-x86_64-linux-gnu.so
[1.105s] -- Up-to-date: /home/kevo/robotics_inc/xarm_1s/install/xarm_1s_messages/local/lib/python3.10/dist-packages/xarm_1s_messages/_xarm_1s_messages_s.ep.rosidl_typesupport_c.c
[1.105s] -- Up-to-date: /home/kevo/robotics_inc/xarm_1s/install/xarm_1s_messages/local/lib/python3.10/dist-packages/xarm_1s_messages/msg
[1.105s] -- Up-to-date: /home/kevo/robotics_inc/xarm_1s/install/xarm_1s_messages/local/lib/python3.10/dist-packages/xarm_1s_messages/msg/_joy_msg_s.c
[1.105s] -- Up-to-date: /home/kevo/robotics_inc/xarm_1s/install/xarm_1s_messages/local/lib/python3.10/dist-packages/xarm_1s_messages/msg/_joy_msg.py
[1.106s] -- Up-to-date: /home/kevo/robotics_inc/xarm_1s/install/xarm_1s_messages/local/lib/python3.10/dist-packages/xarm_1s_messages/msg/__init__.py
[1.106s] -- Up-to-date: /home/kevo/robotics_inc/xarm_1s/install/xarm_1s_messages/local/lib/python3.10/dist-packages/xarm_1s_messages/_xarm_1s_messages_s.ep.rosidl_typesupport_introspection_c.c
[1.107s] -- Up-to-date: /home/kevo/robotics_inc/xarm_1s/install/xarm_1s_messages/local/lib/python3.10/dist-packages/xarm_1s_messages/_xarm_1s_messages_s.ep.rosidl_typesupport_fastrtps_c.c
[1.108s] -- Up-to-date: /home/kevo/robotics_inc/xarm_1s/install/xarm_1s_messages/local/lib/python3.10/dist-packages/xarm_1s_messages/__init__.py
[1.142s] Listing '/home/kevo/robotics_inc/xarm_1s/install/xarm_1s_messages/local/lib/python3.10/dist-packages/xarm_1s_messages'...
[1.143s] Listing '/home/kevo/robotics_inc/xarm_1s/install/xarm_1s_messages/local/lib/python3.10/dist-packages/xarm_1s_messages/msg'...
[1.156s] -- Up-to-date: /home/kevo/robotics_inc/xarm_1s/install/xarm_1s_messages/local/lib/python3.10/dist-packages/xarm_1s_messages/xarm_1s_messages_s__rosidl_typesupport_fastrtps_c.cpython-310-x86_64-linux-gnu.so
[1.156s] -- Up-to-date: /home/kevo/robotics_inc/xarm_1s/install/xarm_1s_messages/local/lib/python3.10/dist-packages/xarm_1s_messages/xarm_1s_messages_s__rosidl_typesupport_introspection_c.cpython-310-x86_64-linux-gnu.so
[1.156s] -- Up-to-date: /home/kevo/robotics_inc/xarm_1s/install/xarm_1s_messages/local/lib/python3.10/dist-packages/xarm_1s_messages/xarm_1s_messages_s__rosidl_typesupport_c.cpython-310-x86_64-linux-gnu.so
[1.157s] -- Up-to-date: /home/kevo/robotics_inc/xarm_1s/install/xarm_1s_messages/lib/libxarm_1s_messages__rosidl_generator_py.so
[1.158s] -- Up-to-date: /home/kevo/robotics_inc/xarm_1s/install/xarm_1s_messages/share/xarm_1s_messages/msg/JoyMsg.idl
[1.158s] -- Up-to-date: /home/kevo/robotics_inc/xarm_1s/install/xarm_1s_messages/share/xarm_1s_messages/msg/JoyMsg.msg
[1.158s] -- Up-to-date: /home/kevo/robotics_inc/xarm_1s/install/xarm_1s_messages/share/ament_index/resource_index/package_run_dependencies/xarm_1s_messages
[1.159s] -- Up-to-date: /home/kevo/robotics_inc/xarm_1s/install/xarm_1s_messages/share/ament_index/resource_index/parent_prefix_path/xarm_1s_messages
[1.159s] -- Up-to-date: /home/kevo/robotics_inc/xarm_1s/install/xarm_1s_messages/share/xarm_1s_messages/environment/ament_prefix_path.sh
[1.159s] -- Up-to-date: /home/kevo/robotics_inc/xarm_1s/install/xarm_1s_messages/share/xarm_1s_messages/environment/ament_prefix_path.dsv
[1.160s] -- Up-to-date: /home/kevo/robotics_inc/xarm_1s/install/xarm_1s_messages/share/xarm_1s_messages/environment/path.sh
[1.160s] -- Up-to-date: /home/kevo/robotics_inc/xarm_1s/install/xarm_1s_messages/share/xarm_1s_messages/environment/path.dsv
[1.161s] -- Up-to-date: /home/kevo/robotics_inc/xarm_1s/install/xarm_1s_messages/share/xarm_1s_messages/local_setup.bash
[1.161s] -- Up-to-date: /home/kevo/robotics_inc/xarm_1s/install/xarm_1s_messages/share/xarm_1s_messages/local_setup.sh
[1.161s] -- Up-to-date: /home/kevo/robotics_inc/xarm_1s/install/xarm_1s_messages/share/xarm_1s_messages/local_setup.zsh
[1.162s] -- Up-to-date: /home/kevo/robotics_inc/xarm_1s/install/xarm_1s_messages/share/xarm_1s_messages/local_setup.dsv
[1.162s] -- Installing: /home/kevo/robotics_inc/xarm_1s/install/xarm_1s_messages/share/xarm_1s_messages/package.dsv
[1.162s] -- Up-to-date: /home/kevo/robotics_inc/xarm_1s/install/xarm_1s_messages/share/ament_index/resource_index/packages/xarm_1s_messages
[1.162s] -- Up-to-date: /home/kevo/robotics_inc/xarm_1s/install/xarm_1s_messages/share/xarm_1s_messages/cmake/export_xarm_1s_messages__rosidl_generator_cExport.cmake
[1.163s] -- Up-to-date: /home/kevo/robotics_inc/xarm_1s/install/xarm_1s_messages/share/xarm_1s_messages/cmake/export_xarm_1s_messages__rosidl_generator_cExport-noconfig.cmake
[1.163s] -- Up-to-date: /home/kevo/robotics_inc/xarm_1s/install/xarm_1s_messages/share/xarm_1s_messages/cmake/export_xarm_1s_messages__rosidl_typesupport_fastrtps_cExport.cmake
[1.163s] -- Up-to-date: /home/kevo/robotics_inc/xarm_1s/install/xarm_1s_messages/share/xarm_1s_messages/cmake/export_xarm_1s_messages__rosidl_typesupport_fastrtps_cExport-noconfig.cmake
[1.164s] -- Up-to-date: /home/kevo/robotics_inc/xarm_1s/install/xarm_1s_messages/share/xarm_1s_messages/cmake/xarm_1s_messages__rosidl_typesupport_introspection_cExport.cmake
[1.164s] -- Up-to-date: /home/kevo/robotics_inc/xarm_1s/install/xarm_1s_messages/share/xarm_1s_messages/cmake/xarm_1s_messages__rosidl_typesupport_introspection_cExport-noconfig.cmake
[1.165s] -- Up-to-date: /home/kevo/robotics_inc/xarm_1s/install/xarm_1s_messages/share/xarm_1s_messages/cmake/xarm_1s_messages__rosidl_typesupport_cExport.cmake
[1.165s] -- Up-to-date: /home/kevo/robotics_inc/xarm_1s/install/xarm_1s_messages/share/xarm_1s_messages/cmake/xarm_1s_messages__rosidl_typesupport_cExport-noconfig.cmake
[1.166s] -- Up-to-date: /home/kevo/robotics_inc/xarm_1s/install/xarm_1s_messages/share/xarm_1s_messages/cmake/export_xarm_1s_messages__rosidl_generator_cppExport.cmake
[1.166s] -- Up-to-date: /home/kevo/robotics_inc/xarm_1s/install/xarm_1s_messages/share/xarm_1s_messages/cmake/export_xarm_1s_messages__rosidl_typesupport_fastrtps_cppExport.cmake
[1.167s] -- Up-to-date: /home/kevo/robotics_inc/xarm_1s/install/xarm_1s_messages/share/xarm_1s_messages/cmake/export_xarm_1s_messages__rosidl_typesupport_fastrtps_cppExport-noconfig.cmake
[1.167s] -- Up-to-date: /home/kevo/robotics_inc/xarm_1s/install/xarm_1s_messages/share/xarm_1s_messages/cmake/xarm_1s_messages__rosidl_typesupport_introspection_cppExport.cmake
[1.168s] -- Up-to-date: /home/kevo/robotics_inc/xarm_1s/install/xarm_1s_messages/share/xarm_1s_messages/cmake/xarm_1s_messages__rosidl_typesupport_introspection_cppExport-noconfig.cmake
[1.168s] -- Up-to-date: /home/kevo/robotics_inc/xarm_1s/install/xarm_1s_messages/share/xarm_1s_messages/cmake/xarm_1s_messages__rosidl_typesupport_cppExport.cmake
[1.168s] -- Up-to-date: /home/kevo/robotics_inc/xarm_1s/install/xarm_1s_messages/share/xarm_1s_messages/cmake/xarm_1s_messages__rosidl_typesupport_cppExport-noconfig.cmake
[1.168s] -- Up-to-date: /home/kevo/robotics_inc/xarm_1s/install/xarm_1s_messages/share/xarm_1s_messages/cmake/export_xarm_1s_messages__rosidl_generator_pyExport.cmake
[1.169s] -- Up-to-date: /home/kevo/robotics_inc/xarm_1s/install/xarm_1s_messages/share/xarm_1s_messages/cmake/export_xarm_1s_messages__rosidl_generator_pyExport-noconfig.cmake
[1.169s] -- Up-to-date: /home/kevo/robotics_inc/xarm_1s/install/xarm_1s_messages/share/xarm_1s_messages/cmake/rosidl_cmake-extras.cmake
[1.170s] -- Up-to-date: /home/kevo/robotics_inc/xarm_1s/install/xarm_1s_messages/share/xarm_1s_messages/cmake/ament_cmake_export_include_directories-extras.cmake
[1.171s] -- Up-to-date: /home/kevo/robotics_inc/xarm_1s/install/xarm_1s_messages/share/xarm_1s_messages/cmake/ament_cmake_export_libraries-extras.cmake
[1.171s] -- Up-to-date: /home/kevo/robotics_inc/xarm_1s/install/xarm_1s_messages/share/xarm_1s_messages/cmake/ament_cmake_export_targets-extras.cmake
[1.171s] -- Up-to-date: /home/kevo/robotics_inc/xarm_1s/install/xarm_1s_messages/share/xarm_1s_messages/cmake/rosidl_cmake_export_typesupport_targets-extras.cmake
[1.172s] -- Up-to-date: /home/kevo/robotics_inc/xarm_1s/install/xarm_1s_messages/share/xarm_1s_messages/cmake/ament_cmake_export_dependencies-extras.cmake
[1.172s] -- Up-to-date: /home/kevo/robotics_inc/xarm_1s/install/xarm_1s_messages/share/xarm_1s_messages/cmake/rosidl_cmake_export_typesupport_libraries-extras.cmake
[1.172s] -- Up-to-date: /home/kevo/robotics_inc/xarm_1s/install/xarm_1s_messages/share/xarm_1s_messages/cmake/xarm_1s_messagesConfig.cmake
[1.173s] -- Up-to-date: /home/kevo/robotics_inc/xarm_1s/install/xarm_1s_messages/share/xarm_1s_messages/cmake/xarm_1s_messagesConfig-version.cmake
[1.173s] -- Up-to-date: /home/kevo/robotics_inc/xarm_1s/install/xarm_1s_messages/share/xarm_1s_messages/package.xml
[1.175s] Invoked command in '/home/kevo/robotics_inc/xarm_1s/build/xarm_1s_messages' returned '0': CMAKE_PREFIX_PATH=${CMAKE_PREFIX_PATH}:/home/kevo/ws_moveit2/install/moveit_configs_utils:/home/kevo/ws_moveit2/install/launch_param_builder:/opt/ros/humble /usr/bin/cmake --install /home/kevo/robotics_inc/xarm_1s/build/xarm_1s_messages
