[0.063s] Invoking command in '/home/kevo/robotics_inc/xarm_1s/build/xarm_1s_joy': CMAKE_PREFIX_PATH=${CMAKE_PREFIX_PATH}:/home/kevo/ws_moveit2/install/moveit_configs_utils:/home/kevo/ws_moveit2/install/launch_param_builder:/opt/ros/humble /usr/bin/cmake --build /home/kevo/robotics_inc/xarm_1s/build/xarm_1s_joy -- -j8 -l8
[0.184s] [35m[1mConsolidate compiler generated dependencies of target game_pad[0m
[0.238s] [ 50%] [32mBuilding CXX object CMakeFiles/game_pad.dir/src/game_pad.cpp.o[0m
[4.454s] [01m[K/home/kevo/robotics_inc/xarm_1s/src/xarm_1s_joy/src/game_pad.cpp:[m[K In member function ‘[01m[Kvoid MinimalPublisher::timer_callback()[m[K’:
[4.454s] [01m[K/home/kevo/robotics_inc/xarm_1s/src/xarm_1s_joy/src/game_pad.cpp:78:38:[m[K [01;35m[Kwarning: [m[Kcomparison of integer expressions of different signedness: ‘[01m[Kint[m[K’ and ‘[01m[Klong unsigned int[m[K’ [[01;35m[K]8;;https://gcc.gnu.org/onlinedocs/gcc/Warning-Options.html#index-Wsign-compare-Wsign-compare]8;;[m[K]
[4.454s]    78 |                     for(int i = 0; [01;35m[Ki < sizeof(buf)[m[K; i++)
[4.454s]       |                                    [01;35m[K~~^~~~~~~~~~~~~[m[K
[6.357s] [100%] [32m[1mLinking CXX executable game_pad[0m
[7.042s] [100%] Built target game_pad
[7.058s] Invoked command in '/home/kevo/robotics_inc/xarm_1s/build/xarm_1s_joy' returned '0': CMAKE_PREFIX_PATH=${CMAKE_PREFIX_PATH}:/home/kevo/ws_moveit2/install/moveit_configs_utils:/home/kevo/ws_moveit2/install/launch_param_builder:/opt/ros/humble /usr/bin/cmake --build /home/kevo/robotics_inc/xarm_1s/build/xarm_1s_joy -- -j8 -l8
[7.100s] Invoking command in '/home/kevo/robotics_inc/xarm_1s/build/xarm_1s_joy': CMAKE_PREFIX_PATH=${CMAKE_PREFIX_PATH}:/home/kevo/ws_moveit2/install/moveit_configs_utils:/home/kevo/ws_moveit2/install/launch_param_builder:/opt/ros/humble /usr/bin/cmake --install /home/kevo/robotics_inc/xarm_1s/build/xarm_1s_joy
[7.110s] -- Install configuration: ""
[7.111s] -- Installing: /home/kevo/robotics_inc/xarm_1s/install/xarm_1s_joy/lib/xarm_1s_joy/game_pad
[7.112s] -- Set runtime path of "/home/kevo/robotics_inc/xarm_1s/install/xarm_1s_joy/lib/xarm_1s_joy/game_pad" to ""
[7.112s] -- Up-to-date: /home/kevo/robotics_inc/xarm_1s/install/xarm_1s_joy/share/ament_index/resource_index/package_run_dependencies/xarm_1s_joy
[7.113s] -- Up-to-date: /home/kevo/robotics_inc/xarm_1s/install/xarm_1s_joy/share/ament_index/resource_index/parent_prefix_path/xarm_1s_joy
[7.113s] -- Up-to-date: /home/kevo/robotics_inc/xarm_1s/install/xarm_1s_joy/share/xarm_1s_joy/environment/ament_prefix_path.sh
[7.113s] -- Up-to-date: /home/kevo/robotics_inc/xarm_1s/install/xarm_1s_joy/share/xarm_1s_joy/environment/ament_prefix_path.dsv
[7.113s] -- Up-to-date: /home/kevo/robotics_inc/xarm_1s/install/xarm_1s_joy/share/xarm_1s_joy/environment/path.sh
[7.113s] -- Up-to-date: /home/kevo/robotics_inc/xarm_1s/install/xarm_1s_joy/share/xarm_1s_joy/environment/path.dsv
[7.113s] -- Up-to-date: /home/kevo/robotics_inc/xarm_1s/install/xarm_1s_joy/share/xarm_1s_joy/local_setup.bash
[7.113s] -- Up-to-date: /home/kevo/robotics_inc/xarm_1s/install/xarm_1s_joy/share/xarm_1s_joy/local_setup.sh
[7.114s] -- Up-to-date: /home/kevo/robotics_inc/xarm_1s/install/xarm_1s_joy/share/xarm_1s_joy/local_setup.zsh
[7.114s] -- Up-to-date: /home/kevo/robotics_inc/xarm_1s/install/xarm_1s_joy/share/xarm_1s_joy/local_setup.dsv
[7.114s] -- Installing: /home/kevo/robotics_inc/xarm_1s/install/xarm_1s_joy/share/xarm_1s_joy/package.dsv
[7.114s] -- Up-to-date: /home/kevo/robotics_inc/xarm_1s/install/xarm_1s_joy/share/ament_index/resource_index/packages/xarm_1s_joy
[7.114s] -- Up-to-date: /home/kevo/robotics_inc/xarm_1s/install/xarm_1s_joy/share/xarm_1s_joy/cmake/xarm_1s_joyConfig.cmake
[7.114s] -- Up-to-date: /home/kevo/robotics_inc/xarm_1s/install/xarm_1s_joy/share/xarm_1s_joy/cmake/xarm_1s_joyConfig-version.cmake
[7.114s] -- Up-to-date: /home/kevo/robotics_inc/xarm_1s/install/xarm_1s_joy/share/xarm_1s_joy/package.xml
[7.116s] Invoked command in '/home/kevo/robotics_inc/xarm_1s/build/xarm_1s_joy' returned '0': CMAKE_PREFIX_PATH=${CMAKE_PREFIX_PATH}:/home/kevo/ws_moveit2/install/moveit_configs_utils:/home/kevo/ws_moveit2/install/launch_param_builder:/opt/ros/humble /usr/bin/cmake --install /home/kevo/robotics_inc/xarm_1s/build/xarm_1s_joy
